Step 06: Compute Cohen's f² Effect Sizes
Loading step03 model results...
step03_model_results.csv (9 rows, 10 cols)
Found 3 models with R² values:
  - accuracy_model: R² = 0.0510
  - calibration_model: R² = 0.0173
  - confidence_model: R² = 0.0306
Computing Cohen's f² effect sizes...
accuracy_model: f² = 0.0537 (Small), Power = 0.172
calibration_model: f² = 0.0176 (Negligible), Power = 0.036
confidence_model: f² = 0.0315 (Small), Power = 0.077
Computing bootstrap confidence intervals...
accuracy_model: 95% CI = [0.0336, 0.0754]
calibration_model: 95% CI = [0.0000, 0.0378]
confidence_model: 95% CI = [0.0123, 0.0523]
Computing minimum detectable effect sizes...
Minimum detectable f² (80% power): 0.1817
Saving effect size results...
step06_effect_sizes.csv (3 rows, 8 cols)
Effect size summary:
  - Mean f²: 0.0343
  - Range f²: [0.0176, 0.0537]
  - Effect interpretations: {'Small': np.int64(2), 'Negligible': np.int64(1)}
Running validate_effect_sizes...
valid: True
message: All effect sizes valid (n=3, range=[0.018, 0.054]).
warnings: []
Step 06 complete
Step 06: Compute Cohen's f² Effect Sizes
Loading step03 model results...
step03_model_results.csv (9 rows, 10 cols)
Found 3 models with R² values:
  - accuracy_model: R² = 0.0510
  - calibration_model: R² = 0.0346
  - confidence_model: R² = 0.0388
Computing Cohen's f² effect sizes...
accuracy_model: f² = 0.0537 (Small), Power = 0.172
calibration_model: f² = 0.0359 (Small), Power = 0.093
confidence_model: f² = 0.0404 (Small), Power = 0.111
Computing bootstrap confidence intervals...
accuracy_model: 95% CI = [0.0336, 0.0754]
calibration_model: 95% CI = [0.0165, 0.0568]
confidence_model: 95% CI = [0.0208, 0.0615]
Computing minimum detectable effect sizes...
Minimum detectable f² (80% power): 0.1817
Saving effect size results...
step06_effect_sizes.csv (3 rows, 8 cols)
Effect size summary:
  - Mean f²: 0.0433
  - Range f²: [0.0359, 0.0537]
  - Effect interpretations: {'Small': np.int64(3)}
Running validate_effect_sizes...
valid: True
message: All effect sizes valid (n=3, range=[0.036, 0.054]).
warnings: []
Step 06 complete
