Step 0: Load Data Sources
Verifying RQ 5.1 completion status...
RQ 5.1 status.yaml missing step03_theta_scores. RQ 5.1 must complete Step 3 before RQ 5.12 can proceed.
Full error details:
Traceback (most recent call last):
  File "/home/etai/projects/REMEMVR/results/ch5/rq12/code/step00_load_data.py", line 197, in <module>
    raise ValueError(
ValueError: RQ 5.1 status.yaml missing step03_theta_scores. RQ 5.1 must complete Step 3 before RQ 5.12 can proceed.
Step 0: Load Data Sources
Verifying RQ 5.1 completion status...
RQ 5.1 Step 3 completed successfully (status = success)
Loading RQ 5.1 outputs...
Reading /home/etai/projects/REMEMVR/results/ch5/rq1/data/step02_purified_items.csv...
Purified items: 69 items, 4 columns
Columns: ['item_name', 'factor', 'a', 'b']
Reading /home/etai/projects/REMEMVR/results/ch5/rq1/data/step03_theta_scores.csv...
Theta scores: 400 rows, 4 columns
Columns: ['composite_ID', 'theta_what', 'theta_where', 'theta_when']
Reading /home/etai/projects/REMEMVR/results/ch5/rq1/data/step00_tsvr_mapping.csv...
TSVR mapping: 400 rows, 4 columns
Columns: ['composite_ID', 'UID', 'test', 'TSVR_hours']
Loading raw dichotomized scores from dfData.csv...
Reading /home/etai/projects/REMEMVR/data/cache/dfData.csv...
Raw scores: 400 rows, 214 columns
Found 105 TQ_* item columns
Required columns present: ['UID', 'TEST']
Creating composite_ID in raw data...
Format: UID + '_' + TEST.astype(str) (e.g., A010_1)
composite_ID for 400 rows
Example composite_IDs: ['A010_1', 'A010_2', 'A010_3']
Verifying expected columns...
Purified items columns: ['item_name', 'factor', 'a', 'b']
Theta scores columns: ['composite_ID', 'theta_what', 'theta_where', 'theta_when']
TSVR mapping columns: ['composite_ID', 'UID', 'test', 'TSVR_hours']
Raw scores columns include: composite_ID, UID, TEST, + 105 TQ_* items
Copying files to local data/ folder...
Writing /home/etai/projects/REMEMVR/results/ch5/rq12/data/step00_irt_purified_items.csv...
step00_irt_purified_items.csv (69 rows)
Writing /home/etai/projects/REMEMVR/results/ch5/rq12/data/step00_theta_scores.csv...
step00_theta_scores.csv (400 rows)
Writing /home/etai/projects/REMEMVR/results/ch5/rq12/data/step00_tsvr_mapping.csv...
step00_tsvr_mapping.csv (400 rows)
Writing /home/etai/projects/REMEMVR/results/ch5/rq12/data/step00_raw_scores.csv...
step00_raw_scores.csv (400 rows)
Running check_file_exists for all 4 output files...
step00_irt_purified_items.csv: PASS (size = 3913 bytes)
step00_theta_scores.csv: PASS (size = 16072 bytes)
step00_tsvr_mapping.csv: PASS (size = 7914 bytes)
step00_raw_scores.csv: PASS (size = 349658 bytes)
All 4 output files validated successfully
Step 0 complete
Loaded 4 data sources from RQ 5.1 + dfData.csv
Created composite_ID in raw scores (UID_TEST format)
Saved 4 local copies to data/ folder
Files ready for CTT computation (Steps 1-3)
Step 0: Load Data Sources
Verifying RQ 5.1 completion status...
RQ 5.1 Step 3 completed successfully (status = success)
Loading RQ 5.1 outputs...
Reading /home/etai/projects/REMEMVR/results/ch5/5.2.1/data/step02_purified_items.csv...
Purified items (raw): 69 items, 4 columns
Columns: ['item_name', 'factor', 'a', 'b']
Excluded When domain: 69 -> 64 items (5 removed)
Reading /home/etai/projects/REMEMVR/results/ch5/5.2.1/data/step03_theta_scores.csv...
Theta scores (raw): 400 rows, 4 columns
Columns: ['composite_ID', 'theta_what', 'theta_where', 'theta_when']
Dropped theta_when column (When domain excluded)
Theta columns after filter: ['composite_ID', 'theta_what', 'theta_where']
Reading /home/etai/projects/REMEMVR/results/ch5/5.2.1/data/step00_tsvr_mapping.csv...
TSVR mapping: 400 rows, 4 columns
Columns: ['composite_ID', 'UID', 'test', 'TSVR_hours']
Loading raw dichotomized scores from dfData.csv...
Reading /home/etai/projects/REMEMVR/data/cache/dfData.csv...
Raw scores: 400 rows, 214 columns
Found 105 TQ_* item columns
Required columns present: ['UID', 'TEST']
Creating composite_ID in raw data...
Format: UID + '_' + TEST.astype(str) (e.g., A010_1)
composite_ID for 400 rows
Example composite_IDs: ['A010_1', 'A010_2', 'A010_3']
Verifying expected columns...
Purified items columns: ['item_name', 'factor', 'a', 'b']
Theta scores columns: ['composite_ID', 'theta_what', 'theta_where']
TSVR mapping columns: ['composite_ID', 'UID', 'test', 'TSVR_hours']
Raw scores columns include: composite_ID, UID, TEST, + 105 TQ_* items
Copying files to local data/ folder...
Writing /home/etai/projects/REMEMVR/results/ch5/5.2.5/data/step00_irt_purified_items.csv...
step00_irt_purified_items.csv (64 rows)
Writing /home/etai/projects/REMEMVR/results/ch5/5.2.5/data/step00_theta_scores.csv...
step00_theta_scores.csv (400 rows)
Writing /home/etai/projects/REMEMVR/results/ch5/5.2.5/data/step00_tsvr_mapping.csv...
step00_tsvr_mapping.csv (400 rows)
Writing /home/etai/projects/REMEMVR/results/ch5/5.2.5/data/step00_raw_scores.csv...
step00_raw_scores.csv (400 rows)
Running check_file_exists for all 4 output files...
step00_irt_purified_items.csv: PASS (size = 3639 bytes)
step00_theta_scores.csv: PASS (size = 11587 bytes)
step00_tsvr_mapping.csv: PASS (size = 7914 bytes)
step00_raw_scores.csv: PASS (size = 349658 bytes)
All 4 output files validated successfully
Step 0 complete
Loaded 4 data sources from RQ 5.1 + dfData.csv
Created composite_ID in raw scores (UID_TEST format)
Saved 4 local copies to data/ folder
Files ready for CTT computation (Steps 1-3)
