============================================================
RQ 5.2.7 Step 06: Prepare Scatter Plot Matrix Data
============================================================

Loading: /home/etai/projects/REMEMVR/results/ch5/5.2.7/data/step01_standardized_features.csv
Loaded 100 participants

Loading: /home/etai/projects/REMEMVR/results/ch5/5.2.7/data/step03_cluster_assignments.csv

Loading: /home/etai/projects/REMEMVR/results/ch5/5.2.7/data/step03_cluster_centers.csv
Loaded 5 cluster centers

Parsing cluster labels from: /home/etai/projects/REMEMVR/results/ch5/5.2.7/data/step05_cluster_characterization.txt
Found 5 labels

Participant data: 100 rows
Centroid data: 5 rows

Combined plot data: 105 rows

Validation:
  - Participants: 100
  - Centroids: 5
  - Total: 105
  - Clusters represented: [np.int64(0), np.int64(1), np.int64(2), np.int64(3), np.int64(4)]
  - No missing values in plot data

Cluster distribution:
  Cluster 0: 22 participants, 1 centroid - Average Baseline, Slow Decline
  Cluster 1: 26 participants, 1 centroid - Average Baseline, Improving
  Cluster 2: 17 participants, 1 centroid - Low Baseline, Stable What / Improving Wh
  Cluster 3: 21 participants, 1 centroid - High Baseline, Stable
  Cluster 4: 14 participants, 1 centroid - Average What / High Where, Fast Decline

Saved: /home/etai/projects/REMEMVR/results/ch5/5.2.7/data/step06_scatter_plot_matrix_data.csv
  - Rows: 105
  - Columns: ['UID', 'cluster', 'cluster_label', 'point_type', 'Total_Intercept_What_z', 'Total_Intercept_Where_z', 'Total_Slope_What_z', 'Total_Slope_Where_z']

Plot data preparation complete: 105 rows created
All 5 clusters represented with participants and centroids

============================================================
Step 06 COMPLETE: Scatter plot data prepared successfully
============================================================
