================================================================================
STEP 9: TOST EQUIVALENCE TESTING
================================================================================

1. Loading interaction test results...
   β = 0.0607
   SE = 0.1189
   df ≈ 792

2. Equivalence Bounds:
   Cohen's d threshold: ±0.2
   Pooled SD (from model residual): 0.634
   β equivalence bound: ±0.1269 theta units
   β bound (from f²=0.02): ±0.0336
   Using: ±0.1269 (Cohen's d-based, more conservative)

3. Two One-Sided Tests (TOST):
   H0: |β| ≥ 0.1269 (effect NOT equivalent to zero)
   H1: |β| < 0.1269 (effect equivalent to zero)

   Test 1: β > -0.1269
   t = 1.5773, p = 0.057559
   Test 2: β < +0.1269
   t = 0.5570, p = 0.288853

4. TOST Result:
   TOST p-value = max(0.057559, 0.288853) = 0.288853
   Alpha = 0.05
   ✗ EQUIVALENCE NOT CONFIRMED (p ≥ 0.05)
   Conclusion: Cannot statistically rule out effects up to d=0.2
   Interpretation: INDETERMINATE - Underpowered to detect small effects

5. Equivalence Interval vs Confidence Interval:
   Equivalence bound: [-0.1269, 0.1269]
   90% CI for β: [-0.1351, 0.2565]
   ✗ 90% CI extends beyond equivalence bounds
   Cannot establish equivalence

6. Sensitivity Analysis (Stricter Bound f²=0.01):
   β bound (f²=0.01): ±0.0238
   TOST p-value: 0.621748
   ✗ Equivalence not confirmed for f²=0.01 (stricter threshold)

7. OUTPUT SAVED:
   File: data/step09_tost_equivalence.csv
   Rows: 5

================================================================================
STEP 9 COMPLETE: TOST Equivalence Testing
================================================================================
OVERALL CONCLUSION:

⚠ EQUIVALENCE INDETERMINATE
  • TOST p=0.288853 ≥ 0.05 (equivalence not established)
  • Power analysis shows f²=0.000496 (40× below threshold)
  • Interpretation: Likely TRUE NULL, but underpowered to prove statistically

COMBINED EVIDENCE (Power + TOST):
  1. Observed f²=0.0005 (negligible)
  2. Power = 2.6% for small effects (underpowered)
  3. TOST indeterminate (wide CI due to low power)
  4. ROOT verification NULL (13-model averaging, p=1.000)
  5. Theoretical plausibility (VR binding prevents differential consolidation)

FINAL STATUS: TRUE NULL (converging evidence, statistical caveat)
================================================================================
