[2025-12-09 19:09:02] ================================================================================
[2025-12-09 19:09:02] LMM Model Selection: Kitchen Sink Suite
[2025-12-09 19:09:02] ================================================================================
[2025-12-09 19:09:02] Checking inputs...
[2025-12-09 19:09:02]   TSVR variable: TSVR_hours
[2025-12-09 19:09:02]   TSVR range: [1.00, 246.24] hours
[2025-12-09 19:09:02]   TSVR unique values: 295
[2025-12-09 19:09:02]   Outcome: theta
[2025-12-09 19:09:02]   Groups: UID (N=100)
[2025-12-09 19:09:02]   N observations: 1200
[2025-12-09 19:09:02]   Factor 1: Congruence (categorical, ref=Common)
[2025-12-09 19:09:02]   Interaction: 1-way (time × factor1)
[2025-12-09 19:09:02]   Random effects: ~1
[2025-12-09 19:09:02]   REML: False
[2025-12-09 19:09:02] Creating time transformations...
[2025-12-09 19:09:02]   Polynomial family...
[2025-12-09 19:09:02]   Logarithmic family...
[2025-12-09 19:09:02]   Power law family...
[2025-12-09 19:09:02]   Root family...
[2025-12-09 19:09:02]   Reciprocal family...
[2025-12-09 19:09:02]   Exponential family...
[2025-12-09 19:09:02]   Trigonometric family...
[2025-12-09 19:09:02]   Hyperbolic family...
[2025-12-09 19:09:02]   Total transformations created: 32
[2025-12-09 19:09:02] Defining model suite...
[2025-12-09 19:09:02]   Total models defined: 66
[2025-12-09 19:09:02] Building model formulas...
[2025-12-09 19:09:02]   Example formula (Linear): theta ~ TSVR * C(Congruence, Treatment('Common'))
[2025-12-09 19:09:02]   Example formula (Log): theta ~ log_TSVR * C(Congruence, Treatment('Common'))
[2025-12-09 19:09:02] Fitting all models...
[2025-12-09 19:09:02]   This may take 5-10 minutes for 66 models...
[2025-12-09 19:09:02]   [1/66] Fitting Linear...
[2025-12-09 19:09:02]     ✓ AIC=2618.59, converged=True
[2025-12-09 19:09:02]   [2/66] Fitting Quadratic...
[2025-12-09 19:09:02]     ✓ AIC=2598.08, converged=True
[2025-12-09 19:09:02]   [3/66] Fitting Cubic...
[2025-12-09 19:09:02]     ✓ AIC=2598.42, converged=True
[2025-12-09 19:09:02]   [4/66] Fitting Quartic...
[2025-12-09 19:09:03]     ✓ AIC=2599.13, converged=True
[2025-12-09 19:09:03]   [5/66] Fitting Quadratic_pure...
[2025-12-09 19:09:03]     ✓ AIC=2680.01, converged=True
[2025-12-09 19:09:03]   [6/66] Fitting Cubic_pure...
[2025-12-09 19:09:03]     ✓ AIC=2726.89, converged=True
[2025-12-09 19:09:03]   [7/66] Fitting Log...
[2025-12-09 19:09:03]     ✓ AIC=2593.51, converged=True
[2025-12-09 19:09:03]   [8/66] Fitting Log2...
[2025-12-09 19:09:03]     ✓ AIC=2593.51, converged=True
[2025-12-09 19:09:03]   [9/66] Fitting Log10...
[2025-12-09 19:09:03]     ✓ AIC=2593.51, converged=True
[2025-12-09 19:09:03]   [10/66] Fitting LogLog...
[2025-12-09 19:09:03]     ✓ AIC=2598.25, converged=True
[2025-12-09 19:09:03]   [11/66] Fitting Lin+Log...
[2025-12-09 19:09:04]     ✓ AIC=2595.37, converged=True
[2025-12-09 19:09:04]   [12/66] Fitting Quad+Log...
[2025-12-09 19:09:04]     ✓ AIC=2597.20, converged=True
[2025-12-09 19:09:04]   [13/66] Fitting Log+LogLog...
[2025-12-09 19:09:04]     ✓ AIC=2595.22, converged=True
[2025-12-09 19:09:04]   [14/66] Fitting Lin+Quad+Log...
[2025-12-09 19:09:04]     ✓ AIC=2597.20, converged=True
[2025-12-09 19:09:04]   [15/66] Fitting PowerLaw_01...
[2025-12-09 19:09:04]     ✓ AIC=2593.41, converged=True
[2025-12-09 19:09:04]   [16/66] Fitting PowerLaw_02...
[2025-12-09 19:09:05]     ✓ AIC=2593.78, converged=True
[2025-12-09 19:09:05]   [17/66] Fitting PowerLaw_03...
[2025-12-09 19:09:05]     ✓ AIC=2594.60, converged=True
[2025-12-09 19:09:05]   [18/66] Fitting PowerLaw_04...
[2025-12-09 19:09:05]     ✓ AIC=2595.85, converged=True
[2025-12-09 19:09:05]   [19/66] Fitting PowerLaw_05...
[2025-12-09 19:09:05]     ✓ AIC=2597.49, converged=True
[2025-12-09 19:09:05]   [20/66] Fitting PowerLaw_06...
[2025-12-09 19:09:05]     ✓ AIC=2599.48, converged=True
[2025-12-09 19:09:05]   [21/66] Fitting PowerLaw_07...
[2025-12-09 19:09:05]     ✓ AIC=2601.77, converged=True
[2025-12-09 19:09:05]   [22/66] Fitting PowerLaw_08...
[2025-12-09 19:09:06]     ✓ AIC=2604.32, converged=True
[2025-12-09 19:09:06]   [23/66] Fitting PowerLaw_09...
[2025-12-09 19:09:06]     ✓ AIC=2607.08, converged=True
[2025-12-09 19:09:06]   [24/66] Fitting PowerLaw_10...
[2025-12-09 19:09:06]     ✓ AIC=2610.00, converged=True
[2025-12-09 19:09:06]   [25/66] Fitting PowerLaw_Log...
[2025-12-09 19:09:06]     ✓ AIC=2595.43, converged=True
[2025-12-09 19:09:06]   [26/66] Fitting PowerLaw_Lin...
[2025-12-09 19:09:06]     ✓ AIC=2596.10, converged=True
[2025-12-09 19:09:06]   [27/66] Fitting SquareRoot...
[2025-12-09 19:09:06]     ✓ AIC=2594.29, converged=True
[2025-12-09 19:09:06]   [28/66] Fitting CubeRoot...
[2025-12-09 19:09:06]     ✓ AIC=2595.63, converged=True
[2025-12-09 19:09:06]   [29/66] Fitting FourthRoot...
[2025-12-09 19:09:07]     ✓ AIC=2598.96, converged=True
[2025-12-09 19:09:07]   [30/66] Fitting Root_033...
[2025-12-09 19:09:07]     ✓ AIC=2595.64, converged=True
[2025-12-09 19:09:07]   [31/66] Fitting Root_067...
[2025-12-09 19:09:07]     ✓ AIC=2599.09, converged=True
[2025-12-09 19:09:07]   [32/66] Fitting SquareRoot+Log...
[2025-12-09 19:09:07]     ✓ AIC=2595.44, converged=True
[2025-12-09 19:09:07]   [33/66] Fitting CubeRoot+Log...
[2025-12-09 19:09:07]     ✓ AIC=2595.46, converged=True
[2025-12-09 19:09:07]   [34/66] Fitting SquareRoot+Lin...
[2025-12-09 19:09:07]     ✓ AIC=2596.14, converged=True
[2025-12-09 19:09:07]   [35/66] Fitting Root_Multi...
[2025-12-09 19:09:07]     ✓ AIC=2595.89, converged=True
[2025-12-09 19:09:07]   [36/66] Fitting Reciprocal...
[2025-12-09 19:09:08]     ✓ AIC=2610.00, converged=True
[2025-12-09 19:09:08]   [37/66] Fitting Recip+Log...
[2025-12-09 19:09:08]     ✓ AIC=2595.44, converged=True
[2025-12-09 19:09:08]   [38/66] Fitting Recip+Lin...
[2025-12-09 19:09:08]     ✓ AIC=2596.71, converged=True
[2025-12-09 19:09:08]   [39/66] Fitting Recip+Quad...
[2025-12-09 19:09:08]     ✓ AIC=2597.54, converged=True
[2025-12-09 19:09:08]   [40/66] Fitting Recip_sq...
[2025-12-09 19:09:08]     ✓ AIC=2640.52, converged=True
[2025-12-09 19:09:08]   [41/66] Fitting Recip+PowerLaw...
[2025-12-09 19:09:08]     ✓ AIC=2595.19, converged=True
[2025-12-09 19:09:08]   [42/66] Fitting Exponential_proxy...
[2025-12-09 19:09:08]     ✓ AIC=2618.59, converged=True
[2025-12-09 19:09:08]   [43/66] Fitting Exp+Log...
[2025-12-09 19:09:09]     ✓ AIC=2595.37, converged=True
[2025-12-09 19:09:09]   [44/66] Fitting Exp+Lin...
[2025-12-09 19:09:09]     ✗ FAILED: Singular matrix
[2025-12-09 19:09:09]   [45/66] Fitting Exp_fast...
[2025-12-09 19:09:09]     ✓ AIC=2680.01, converged=True
[2025-12-09 19:09:09]   [46/66] Fitting Exp_slow...
[2025-12-09 19:09:09]     ✓ AIC=2594.29, converged=True
[2025-12-09 19:09:09]   [47/66] Fitting Exp+PowerLaw...
[2025-12-09 19:09:09]     ✓ AIC=2595.60, converged=True
[2025-12-09 19:09:09]   [48/66] Fitting Exp+Recip...
[2025-12-09 19:09:09]     ✓ AIC=2596.04, converged=True
[2025-12-09 19:09:09]   [49/66] Fitting Sin...
[2025-12-09 19:09:10]     ✓ AIC=2837.16, converged=True
[2025-12-09 19:09:10]   [50/66] Fitting Cos...
[2025-12-09 19:09:10]     ✓ AIC=2625.20, converged=True
[2025-12-09 19:09:10]   [51/66] Fitting Sin+Cos...
[2025-12-09 19:09:10]     ✓ AIC=2627.17, converged=True
[2025-12-09 19:09:10]   [52/66] Fitting Sin+Log...
[2025-12-09 19:09:10]     ✓ AIC=2595.46, converged=True
[2025-12-09 19:09:10]   [53/66] Fitting Tanh...
[2025-12-09 19:09:10]     ✓ AIC=2610.36, converged=True
[2025-12-09 19:09:10]   [54/66] Fitting Tanh+Log...
[2025-12-09 19:09:10]     ✓ AIC=2595.42, converged=True
[2025-12-09 19:09:10]   [55/66] Fitting Arctanh...
[2025-12-09 19:09:11]     ✓ AIC=2662.98, converged=True
[2025-12-09 19:09:11]   [56/66] Fitting Sinh...
[2025-12-09 19:09:11]     ✓ AIC=2624.02, converged=True
[2025-12-09 19:09:11]   [57/66] Fitting Log+PowerLaw05...
[2025-12-09 19:09:11]     ✓ AIC=2595.23, converged=True
[2025-12-09 19:09:11]   [58/66] Fitting Log+SquareRoot...
[2025-12-09 19:09:11]     ✓ AIC=2595.45, converged=True
[2025-12-09 19:09:11]   [59/66] Fitting Log+Recip...
[2025-12-09 19:09:11]     ✓ AIC=2595.06, converged=True
[2025-12-09 19:09:11]   [60/66] Fitting SquareRoot+PowerLaw...
[2025-12-09 19:09:11]     ✓ AIC=2595.62, converged=True
[2025-12-09 19:09:11]   [61/66] Fitting SquareRoot+Recip...
[2025-12-09 19:09:11]     ✓ AIC=2595.59, converged=True
[2025-12-09 19:09:11]   [62/66] Fitting Recip+PowerLaw05...
[2025-12-09 19:09:11]     ✓ AIC=2595.19, converged=True
[2025-12-09 19:09:11]   [63/66] Fitting Lin+Log+PowerLaw...
[2025-12-09 19:09:12]     ✓ AIC=2597.10, converged=True
[2025-12-09 19:09:12]   [64/66] Fitting Quad+Log+SquareRoot...
[2025-12-09 19:09:12]     ✓ AIC=2599.00, converged=True
[2025-12-09 19:09:12]   [65/66] Fitting PowerLaw+Recip+Log...
[2025-12-09 19:09:12]     ✓ AIC=2597.38, converged=True
[2025-12-09 19:09:12]   [66/66] Fitting Ultimate...
[2025-12-09 19:09:12]     ✓ AIC=2600.67, converged=True
[2025-12-09 19:09:12]   Successful fits: 65/66
[2025-12-09 19:09:12]   Failed fits: 1
[2025-12-09 19:09:12] Computing AIC comparison metrics...
[2025-12-09 19:09:12]   Minimum AIC: 2593.41
[2025-12-09 19:09:12]   delta_AIC range: [0.00, 243.75]
[2025-12-09 19:09:12]   Akaike weight sum: 1.000000 (should be 1.0)
[2025-12-09 19:09:12] Identifying best model...
[2025-12-09 19:09:12]   Best model: PowerLaw_01
[2025-12-09 19:09:12]   AIC: 2593.41
[2025-12-09 19:09:12]   Akaike weight: 0.0604 (6.0%)
[2025-12-09 19:09:12]   Uncertainty: High (<30% probability - weak support, consider model averaging)
[2025-12-09 19:09:12]   Log model (benchmark): Rank #2, AIC=2593.51, Δ=0.10, weight=0.0574
[2025-12-09 19:09:12] Validating AIC comparison metrics...
[2025-12-09 19:09:12]   ✓ Akaike weights sum to 1.0 (1.000000)
[2025-12-09 19:09:12]   ✓ All Akaike weights in (0, 1)
[2025-12-09 19:09:12]   ✓ Best model has delta_AIC = 0
[2025-12-09 19:09:12]   ✓ cumulative_weight monotonic increasing
[2025-12-09 19:09:12]   ✓ cumulative_weight ends at 1.0 (1.000000)
[2025-12-09 19:09:12] Preparing output dictionary...
[2025-12-09 19:09:12]   Competitive models (ΔAIC < 2): 15
[2025-12-09 19:09:12] Saving outputs to /home/etai/projects/REMEMVR/results/ch5/5.4.2/data...
[2025-12-09 19:09:12]   ✓ model_comparison.csv
[2025-12-09 19:09:12]   ✓ best_model_summary.txtKitchen sink comparison complete

Model comparison summary:
================================================================================
TOP 10 MODELS (out of 65):
--------------------------------------------------------------------------------
   1. PowerLaw_01               AIC=2593.41  ΔAIC=  0.00  weight= 6.04%
   2. Log                       AIC=2593.51  ΔAIC=  0.10  weight= 5.74%
   3. Log2                      AIC=2593.51  ΔAIC=  0.10  weight= 5.74%
   4. Log10                     AIC=2593.51  ΔAIC=  0.10  weight= 5.74%
   5. PowerLaw_02               AIC=2593.78  ΔAIC=  0.37  weight= 5.02%
   6. SquareRoot                AIC=2594.29  ΔAIC=  0.88  weight= 3.90%
   7. Exp_slow                  AIC=2594.29  ΔAIC=  0.88  weight= 3.90%
   8. PowerLaw_03               AIC=2594.60  ΔAIC=  1.19  weight= 3.33%
   9. Log+Recip                 AIC=2595.06  ΔAIC=  1.65  weight= 2.65%
  10. Recip+PowerLaw05          AIC=2595.19  ΔAIC=  1.78  weight= 2.48%
================================================================================
BEST MODEL: PowerLaw_01
  AIC: 2593.41
  Weight: 6.04%
================================================================================

COMPARISON WITH PIECEWISE BASELINE:
  Piecewise (step02): AIC = 2581.55
  Best continuous:    AIC = 2593.41
  ΔAIC = 11.86
  ✗ Piecewise still better (positive ΔAIC)


⚠️  WARNING: Best model weight < 30%
   Model uncertainty present (weight=6.0%)
   RECOMMENDATION: Run step02c_model_averaging.py
   See: Burnham & Anderson (2002) Model Selection section

Model comparison saved: step02b_model_comparison.csv
Summary written to: step02b_best_model_summary.txt
================================================================================
Step 02b complete
================================================================================
