Step 05: Prepare Age Tertile Plot Data
Loading prepared LMM input data...
step01_lmm_input_prepared.csv (400 rows, 10 cols)
All required columns present: ['UID', 'age', 'TSVR_hours', 'theta']
Loading fitted LMM model...
step02_lmm_model.pkl (fitted LMM model)
Running prepare_age_effects_plot_data...
"['Age'] not in index"
Full error details:
Traceback (most recent call last):
  File "/home/etai/projects/REMEMVR/results/ch5/rq9/code/step05_prepare_plot_data.py", line 177, in <module>
    plot_data = prepare_age_effects_plot_data(
                ^^^^^^^^^^^^^^^^^^^^^^^^^^^^^^
  File "/home/etai/projects/REMEMVR/tools/analysis_lmm.py", line 1481, in prepare_age_effects_plot_data
    subject_ages = df[['UID', 'Age']].drop_duplicates()
                   ~~^^^^^^^^^^^^^^^^
  File "/home/etai/projects/REMEMVR/.venv/lib/python3.12/site-packages/pandas/core/frame.py", line 4119, in __getitem__
    indexer = self.columns._get_indexer_strict(key, "columns")[1]
              ^^^^^^^^^^^^^^^^^^^^^^^^^^^^^^^^^^^^^^^^^^^^^^^^
  File "/home/etai/projects/REMEMVR/.venv/lib/python3.12/site-packages/pandas/core/indexes/base.py", line 6212, in _get_indexer_strict
    self._raise_if_missing(keyarr, indexer, axis_name)
  File "/home/etai/projects/REMEMVR/.venv/lib/python3.12/site-packages/pandas/core/indexes/base.py", line 6264, in _raise_if_missing
    raise KeyError(f"{not_found} not in index")
KeyError: "['Age'] not in index"
Step 05: Prepare Age Tertile Plot Data
Loading prepared LMM input data...
step01_lmm_input_prepared.csv (400 rows, 10 cols)
All required columns present: ['UID', 'age', 'TSVR_hours', 'theta']
Loading fitted LMM model...
step02_lmm_model.pkl (fitted LMM model)
Running prepare_age_effects_plot_data...
"['Age'] not in index"
Full error details:
Traceback (most recent call last):
  File "/home/etai/projects/REMEMVR/results/ch5/rq9/code/step05_prepare_plot_data.py", line 177, in <module>
    plot_data = prepare_age_effects_plot_data(
                ^^^^^^^^^^^^^^^^^^^^^^^^^^^^^^
  File "/home/etai/projects/REMEMVR/tools/analysis_lmm.py", line 1481, in prepare_age_effects_plot_data
    subject_ages = df[['UID', 'Age']].drop_duplicates()
                   ~~^^^^^^^^^^^^^^^^
  File "/home/etai/projects/REMEMVR/.venv/lib/python3.12/site-packages/pandas/core/frame.py", line 4119, in __getitem__
    indexer = self.columns._get_indexer_strict(key, "columns")[1]
              ^^^^^^^^^^^^^^^^^^^^^^^^^^^^^^^^^^^^^^^^^^^^^^^^
  File "/home/etai/projects/REMEMVR/.venv/lib/python3.12/site-packages/pandas/core/indexes/base.py", line 6212, in _get_indexer_strict
    self._raise_if_missing(keyarr, indexer, axis_name)
  File "/home/etai/projects/REMEMVR/.venv/lib/python3.12/site-packages/pandas/core/indexes/base.py", line 6264, in _raise_if_missing
    raise KeyError(f"{not_found} not in index")
KeyError: "['Age'] not in index"
Step 05: Prepare Age Tertile Plot Data
Loading prepared LMM input data...
step01_lmm_input_prepared.csv (400 rows, 10 cols)
All required columns present: ['UID', 'age', 'TSVR_hours', 'theta']
Loading fitted LMM model...
step02_lmm_model.pkl (fitted LMM model)
Running prepare_age_effects_plot_data...
'domain_name'
Full error details:
Traceback (most recent call last):
  File "/home/etai/projects/REMEMVR/results/ch5/rq9/code/step05_prepare_plot_data.py", line 177, in <module>
    plot_data = prepare_age_effects_plot_data(
                ^^^^^^^^^^^^^^^^^^^^^^^^^^^^^^
  File "/home/etai/projects/REMEMVR/tools/analysis_lmm.py", line 1498, in prepare_age_effects_plot_data
    grouped = df.groupby(['domain_name', 'age_tertile', 'TSVR_hours'])['theta'].agg([
              ^^^^^^^^^^^^^^^^^^^^^^^^^^^^^^^^^^^^^^^^^^^^^^^^^^^^^^^^
  File "/home/etai/projects/REMEMVR/.venv/lib/python3.12/site-packages/pandas/core/frame.py", line 9210, in groupby
    return DataFrameGroupBy(
           ^^^^^^^^^^^^^^^^^
  File "/home/etai/projects/REMEMVR/.venv/lib/python3.12/site-packages/pandas/core/groupby/groupby.py", line 1331, in __init__
    grouper, exclusions, obj = get_grouper(
                               ^^^^^^^^^^^^
  File "/home/etai/projects/REMEMVR/.venv/lib/python3.12/site-packages/pandas/core/groupby/grouper.py", line 1043, in get_grouper
    raise KeyError(gpr)
KeyError: 'domain_name'
Step 05: Prepare Age Tertile Plot Data
Loading prepared LMM input data...
step01_lmm_input_prepared.csv (400 rows, 10 cols)
All required columns present: ['UID', 'age', 'TSVR_hours', 'theta']
Loading fitted LMM model...
step02_lmm_model.pkl (fitted LMM model)
Running prepare_age_effects_plot_data...
'domain_name'
Full error details:
Traceback (most recent call last):
  File "/home/etai/projects/REMEMVR/results/ch5/rq9/code/step05_prepare_plot_data.py", line 177, in <module>
    plot_data = prepare_age_effects_plot_data(
                ^^^^^^^^^^^^^^^^^^^^^^^^^^^^^^
  File "/home/etai/projects/REMEMVR/tools/analysis_lmm.py", line 1498, in prepare_age_effects_plot_data
    grouped = df.groupby(['domain_name', 'age_tertile', 'TSVR_hours'])['theta'].agg([
              ^^^^^^^^^^^^^^^^^^^^^^^^^^^^^^^^^^^^^^^^^^^^^^^^^^^^^^^^
  File "/home/etai/projects/REMEMVR/.venv/lib/python3.12/site-packages/pandas/core/frame.py", line 9210, in groupby
    return DataFrameGroupBy(
           ^^^^^^^^^^^^^^^^^
  File "/home/etai/projects/REMEMVR/.venv/lib/python3.12/site-packages/pandas/core/groupby/groupby.py", line 1331, in __init__
    grouper, exclusions, obj = get_grouper(
                               ^^^^^^^^^^^^
  File "/home/etai/projects/REMEMVR/.venv/lib/python3.12/site-packages/pandas/core/groupby/grouper.py", line 1043, in get_grouper
    raise KeyError(gpr)
KeyError: 'domain_name'
Step 05: Prepare Age Tertile Plot Data
Loading prepared LMM input data...
step01_lmm_input_prepared.csv (400 rows, 10 cols)
All required columns present: ['UID', 'age', 'TSVR_hours', 'theta']
Loading fitted LMM model...
step02_lmm_model.pkl (fitted LMM model)
Running prepare_age_effects_plot_data...
"['domain_name'] not in index"
Full error details:
Traceback (most recent call last):
  File "/home/etai/projects/REMEMVR/results/ch5/rq9/code/step05_prepare_plot_data.py", line 177, in <module>
    plot_data = prepare_age_effects_plot_data(
                ^^^^^^^^^^^^^^^^^^^^^^^^^^^^^^
  File "/home/etai/projects/REMEMVR/tools/analysis_lmm.py", line 1544, in prepare_age_effects_plot_data
    result = result[['domain_name', 'age_tertile', 'TSVR_hours', 'theta_observed',
             ^^^^^^^^^^^^^^^^^^^^^^^^^^^^^^^^^^^^^^^^^^^^^^^^^^^^^^^^^^^^^^^^^^^^^
  File "/home/etai/projects/REMEMVR/.venv/lib/python3.12/site-packages/pandas/core/frame.py", line 4119, in __getitem__
    indexer = self.columns._get_indexer_strict(key, "columns")[1]
              ^^^^^^^^^^^^^^^^^^^^^^^^^^^^^^^^^^^^^^^^^^^^^^^^
  File "/home/etai/projects/REMEMVR/.venv/lib/python3.12/site-packages/pandas/core/indexes/base.py", line 6212, in _get_indexer_strict
    self._raise_if_missing(keyarr, indexer, axis_name)
  File "/home/etai/projects/REMEMVR/.venv/lib/python3.12/site-packages/pandas/core/indexes/base.py", line 6264, in _raise_if_missing
    raise KeyError(f"{not_found} not in index")
KeyError: "['domain_name'] not in index"
Step 05: Prepare Age Tertile Plot Data
Loading prepared LMM input data...
step01_lmm_input_prepared.csv (400 rows, 10 cols)
All required columns present: ['UID', 'age', 'TSVR_hours', 'theta']
Loading fitted LMM model...
step02_lmm_model.pkl (fitted LMM model)
Running prepare_age_effects_plot_data...
"['domain_name'] not in index"
Full error details:
Traceback (most recent call last):
  File "/home/etai/projects/REMEMVR/results/ch5/rq9/code/step05_prepare_plot_data.py", line 177, in <module>
    plot_data = prepare_age_effects_plot_data(
                ^^^^^^^^^^^^^^^^^^^^^^^^^^^^^^
  File "/home/etai/projects/REMEMVR/tools/analysis_lmm.py", line 1544, in prepare_age_effects_plot_data
    result = result[['domain_name', 'age_tertile', 'TSVR_hours', 'theta_observed',
             ^^^^^^^^^^^^^^^^^^^^^^^^^^^^^^^^^^^^^^^^^^^^^^^^^^^^^^^^^^^^^^^^^^^^^
  File "/home/etai/projects/REMEMVR/.venv/lib/python3.12/site-packages/pandas/core/frame.py", line 4119, in __getitem__
    indexer = self.columns._get_indexer_strict(key, "columns")[1]
              ^^^^^^^^^^^^^^^^^^^^^^^^^^^^^^^^^^^^^^^^^^^^^^^^
  File "/home/etai/projects/REMEMVR/.venv/lib/python3.12/site-packages/pandas/core/indexes/base.py", line 6212, in _get_indexer_strict
    self._raise_if_missing(keyarr, indexer, axis_name)
  File "/home/etai/projects/REMEMVR/.venv/lib/python3.12/site-packages/pandas/core/indexes/base.py", line 6264, in _raise_if_missing
    raise KeyError(f"{not_found} not in index")
KeyError: "['domain_name'] not in index"
Step 05: Prepare Age Tertile Plot Data
Loading prepared LMM input data...
step01_lmm_input_prepared.csv (400 rows, 10 cols)
All required columns present: ['UID', 'age', 'TSVR_hours', 'theta']
Loading fitted LMM model...
step02_lmm_model.pkl (fitted LMM model)
Running prepare_age_effects_plot_data...
Analysis complete
step05_age_tertile_plot_data.csv (885 rows, 7 cols)
Age tertiles: ['Middle', 'Older', 'Young']
Timepoints: [np.float64(1.0), np.float64(16.9), np.float64(17.16), np.float64(20.61), np.float64(21.63), np.float64(21.9), np.float64(21.98), np.float64(22.09), np.float64(22.2), np.float64(22.6), np.float64(22.64), np.float64(22.77), np.float64(22.82), np.float64(22.83), np.float64(22.96), np.float64(22.98), np.float64(23.24), np.float64(23.33), np.float64(23.35), np.float64(23.46), np.float64(23.47), np.float64(23.54), np.float64(23.69), np.float64(23.7), np.float64(23.91), np.float64(24.15), np.float64(24.25), np.float64(24.32), np.float64(24.37), np.float64(24.49), np.float64(24.51), np.float64(24.57), np.float64(24.65), np.float64(24.66), np.float64(24.73), np.float64(24.77), np.float64(24.78), np.float64(24.87), np.float64(24.96), np.float64(25.15), np.float64(25.6), np.float64(25.62), np.float64(25.63), np.float64(25.66), np.float64(25.77), np.float64(26.08), np.float64(26.11), np.float64(26.17), np.float64(26.22), np.float64(26.26), np.float64(26.48), np.float64(26.85), np.float64(27.12), np.float64(27.25), np.float64(27.26), np.float64(27.3), np.float64(27.61), np.float64(27.97), np.float64(28.26), np.float64(28.43), np.float64(28.65), np.float64(28.68), np.float64(28.69), np.float64(28.75), np.float64(28.93), np.float64(29.03), np.float64(29.12), np.float64(29.13), np.float64(29.16), np.float64(29.33), np.float64(29.57), np.float64(29.71), np.float64(29.91), np.float64(30.21), np.float64(30.4), np.float64(30.49), np.float64(30.92), np.float64(31.07), np.float64(31.14), np.float64(31.39), np.float64(31.76), np.float64(31.78), np.float64(32.14), np.float64(32.31), np.float64(32.41), np.float64(32.71), np.float64(32.85), np.float64(32.95), np.float64(33.61), np.float64(33.76), np.float64(34.03), np.float64(35.16), np.float64(37.65), np.float64(44.69), np.float64(44.76), np.float64(47.66), np.float64(53.88), np.float64(57.18), np.float64(61.28), np.float64(64.94), np.float64(65.63), np.float64(66.08), np.float64(66.28), np.float64(66.66), np.float64(66.9), np.float64(68.96), np.float64(69.46), np.float64(69.99), np.float64(70.22), np.float64(70.56), np.float64(70.59), np.float64(70.83), np.float64(71.17), np.float64(71.19), np.float64(71.28), np.float64(71.31), np.float64(71.37), np.float64(71.4), np.float64(71.45), np.float64(71.46), np.float64(71.47), np.float64(71.56), np.float64(71.85), np.float64(71.93), np.float64(72.08), np.float64(72.17), np.float64(72.2), np.float64(72.23), np.float64(72.26), np.float64(72.3), np.float64(72.55), np.float64(72.6), np.float64(72.62), np.float64(72.8), np.float64(72.83), np.float64(72.86), np.float64(72.87), np.float64(72.94), np.float64(73.02), np.float64(73.05), np.float64(73.19), np.float64(73.64), np.float64(73.79), np.float64(73.83), np.float64(74.0), np.float64(74.19), np.float64(74.28), np.float64(74.3), np.float64(74.46), np.float64(74.48), np.float64(74.58), np.float64(74.88), np.float64(74.91), np.float64(75.21), np.float64(75.27), np.float64(75.34), np.float64(75.46), np.float64(75.71), np.float64(75.74), np.float64(76.21), np.float64(76.85), np.float64(78.25), np.float64(78.28), np.float64(78.36), np.float64(78.57), np.float64(78.76), np.float64(78.84), np.float64(79.34), np.float64(79.66), np.float64(79.75), np.float64(79.78), np.float64(79.96), np.float64(79.98), np.float64(80.13), np.float64(80.16), np.float64(80.24), np.float64(80.64), np.float64(80.88), np.float64(80.98), np.float64(81.15), np.float64(81.92), np.float64(82.55), np.float64(82.98), np.float64(82.99), np.float64(83.54), np.float64(83.64), np.float64(83.68), np.float64(91.47), np.float64(91.63), np.float64(91.97), np.float64(92.72), np.float64(93.26), np.float64(93.39), np.float64(94.68), np.float64(95.42), np.float64(98.84), np.float64(106.41), np.float64(111.38), np.float64(136.83), np.float64(137.74), np.float64(138.91), np.float64(140.08), np.float64(140.12), np.float64(140.22), np.float64(140.39), np.float64(140.49), np.float64(140.95), np.float64(141.09), np.float64(141.71), np.float64(141.84), np.float64(142.61), np.float64(143.14), np.float64(143.48), np.float64(143.51), np.float64(143.53), np.float64(143.66), np.float64(143.85), np.float64(143.91), np.float64(144.07), np.float64(144.19), np.float64(144.2), np.float64(144.22), np.float64(144.51), np.float64(144.85), np.float64(144.91), np.float64(145.06), np.float64(145.07), np.float64(145.29), np.float64(145.31), np.float64(145.38), np.float64(145.65), np.float64(145.77), np.float64(145.78), np.float64(145.92), np.float64(145.95), np.float64(146.02), np.float64(146.16), np.float64(146.2), np.float64(146.29), np.float64(146.3), np.float64(146.54), np.float64(146.56), np.float64(146.8), np.float64(146.96), np.float64(146.99), np.float64(147.13), np.float64(147.21), np.float64(147.65), np.float64(147.84), np.float64(147.94), np.float64(148.69), np.float64(148.79), np.float64(148.85), np.float64(148.87), np.float64(148.9), np.float64(149.18), np.float64(149.2), np.float64(149.21), np.float64(149.28), np.float64(149.33), np.float64(149.72), np.float64(149.75), np.float64(149.87), np.float64(149.93), np.float64(149.99), np.float64(150.22), np.float64(150.41), np.float64(150.46), np.float64(150.8), np.float64(150.87), np.float64(151.52), np.float64(151.93), np.float64(152.12), np.float64(152.47), np.float64(152.89), np.float64(153.27), np.float64(154.53), np.float64(154.76), np.float64(154.89), np.float64(155.27), np.float64(155.59), np.float64(156.21), np.float64(162.51), np.float64(164.93), np.float64(166.33), np.float64(166.87), np.float64(168.33), np.float64(168.86), np.float64(169.55), np.float64(170.25), np.float64(170.65), np.float64(187.43), np.float64(194.42), np.float64(244.53), np.float64(246.24)]
Running validate_plot_data_completeness...
Age tertiles mismatch: expected ['Young', 'Middle', 'Older'], got ['Middle', 'Older', 'Young']
Timepoints mismatch: expected [0, 24, 72, 144], got [np.float64(1.0), np.float64(16.9), np.float64(17.16), np.float64(20.61), np.float64(21.63), np.float64(21.9), np.float64(21.98), np.float64(22.09), np.float64(22.2), np.float64(22.6), np.float64(22.64), np.float64(22.77), np.float64(22.82), np.float64(22.83), np.float64(22.96), np.float64(22.98), np.float64(23.24), np.float64(23.33), np.float64(23.35), np.float64(23.46), np.float64(23.47), np.float64(23.54), np.float64(23.69), np.float64(23.7), np.float64(23.91), np.float64(24.15), np.float64(24.25), np.float64(24.32), np.float64(24.37), np.float64(24.49), np.float64(24.51), np.float64(24.57), np.float64(24.65), np.float64(24.66), np.float64(24.73), np.float64(24.77), np.float64(24.78), np.float64(24.87), np.float64(24.96), np.float64(25.15), np.float64(25.6), np.float64(25.62), np.float64(25.63), np.float64(25.66), np.float64(25.77), np.float64(26.08), np.float64(26.11), np.float64(26.17), np.float64(26.22), np.float64(26.26), np.float64(26.48), np.float64(26.85), np.float64(27.12), np.float64(27.25), np.float64(27.26), np.float64(27.3), np.float64(27.61), np.float64(27.97), np.float64(28.26), np.float64(28.43), np.float64(28.65), np.float64(28.68), np.float64(28.69), np.float64(28.75), np.float64(28.93), np.float64(29.03), np.float64(29.12), np.float64(29.13), np.float64(29.16), np.float64(29.33), np.float64(29.57), np.float64(29.71), np.float64(29.91), np.float64(30.21), np.float64(30.4), np.float64(30.49), np.float64(30.92), np.float64(31.07), np.float64(31.14), np.float64(31.39), np.float64(31.76), np.float64(31.78), np.float64(32.14), np.float64(32.31), np.float64(32.41), np.float64(32.71), np.float64(32.85), np.float64(32.95), np.float64(33.61), np.float64(33.76), np.float64(34.03), np.float64(35.16), np.float64(37.65), np.float64(44.69), np.float64(44.76), np.float64(47.66), np.float64(53.88), np.float64(57.18), np.float64(61.28), np.float64(64.94), np.float64(65.63), np.float64(66.08), np.float64(66.28), np.float64(66.66), np.float64(66.9), np.float64(68.96), np.float64(69.46), np.float64(69.99), np.float64(70.22), np.float64(70.56), np.float64(70.59), np.float64(70.83), np.float64(71.17), np.float64(71.19), np.float64(71.28), np.float64(71.31), np.float64(71.37), np.float64(71.4), np.float64(71.45), np.float64(71.46), np.float64(71.47), np.float64(71.56), np.float64(71.85), np.float64(71.93), np.float64(72.08), np.float64(72.17), np.float64(72.2), np.float64(72.23), np.float64(72.26), np.float64(72.3), np.float64(72.55), np.float64(72.6), np.float64(72.62), np.float64(72.8), np.float64(72.83), np.float64(72.86), np.float64(72.87), np.float64(72.94), np.float64(73.02), np.float64(73.05), np.float64(73.19), np.float64(73.64), np.float64(73.79), np.float64(73.83), np.float64(74.0), np.float64(74.19), np.float64(74.28), np.float64(74.3), np.float64(74.46), np.float64(74.48), np.float64(74.58), np.float64(74.88), np.float64(74.91), np.float64(75.21), np.float64(75.27), np.float64(75.34), np.float64(75.46), np.float64(75.71), np.float64(75.74), np.float64(76.21), np.float64(76.85), np.float64(78.25), np.float64(78.28), np.float64(78.36), np.float64(78.57), np.float64(78.76), np.float64(78.84), np.float64(79.34), np.float64(79.66), np.float64(79.75), np.float64(79.78), np.float64(79.96), np.float64(79.98), np.float64(80.13), np.float64(80.16), np.float64(80.24), np.float64(80.64), np.float64(80.88), np.float64(80.98), np.float64(81.15), np.float64(81.92), np.float64(82.55), np.float64(82.98), np.float64(82.99), np.float64(83.54), np.float64(83.64), np.float64(83.68), np.float64(91.47), np.float64(91.63), np.float64(91.97), np.float64(92.72), np.float64(93.26), np.float64(93.39), np.float64(94.68), np.float64(95.42), np.float64(98.84), np.float64(106.41), np.float64(111.38), np.float64(136.83), np.float64(137.74), np.float64(138.91), np.float64(140.08), np.float64(140.12), np.float64(140.22), np.float64(140.39), np.float64(140.49), np.float64(140.95), np.float64(141.09), np.float64(141.71), np.float64(141.84), np.float64(142.61), np.float64(143.14), np.float64(143.48), np.float64(143.51), np.float64(143.53), np.float64(143.66), np.float64(143.85), np.float64(143.91), np.float64(144.07), np.float64(144.19), np.float64(144.2), np.float64(144.22), np.float64(144.51), np.float64(144.85), np.float64(144.91), np.float64(145.06), np.float64(145.07), np.float64(145.29), np.float64(145.31), np.float64(145.38), np.float64(145.65), np.float64(145.77), np.float64(145.78), np.float64(145.92), np.float64(145.95), np.float64(146.02), np.float64(146.16), np.float64(146.2), np.float64(146.29), np.float64(146.3), np.float64(146.54), np.float64(146.56), np.float64(146.8), np.float64(146.96), np.float64(146.99), np.float64(147.13), np.float64(147.21), np.float64(147.65), np.float64(147.84), np.float64(147.94), np.float64(148.69), np.float64(148.79), np.float64(148.85), np.float64(148.87), np.float64(148.9), np.float64(149.18), np.float64(149.2), np.float64(149.21), np.float64(149.28), np.float64(149.33), np.float64(149.72), np.float64(149.75), np.float64(149.87), np.float64(149.93), np.float64(149.99), np.float64(150.22), np.float64(150.41), np.float64(150.46), np.float64(150.8), np.float64(150.87), np.float64(151.52), np.float64(151.93), np.float64(152.12), np.float64(152.47), np.float64(152.89), np.float64(153.27), np.float64(154.53), np.float64(154.76), np.float64(154.89), np.float64(155.27), np.float64(155.59), np.float64(156.21), np.float64(162.51), np.float64(164.93), np.float64(166.33), np.float64(166.87), np.float64(168.33), np.float64(168.86), np.float64(169.55), np.float64(170.25), np.float64(170.65), np.float64(187.43), np.float64(194.42), np.float64(244.53), np.float64(246.24)]
Row count mismatch: expected 12, got 885
Missing data detected: 3808 NaN values in ['theta_observed', 'se_observed', 'ci_lower', 'ci_upper', 'theta_predicted']
Validation failed - plot data incomplete or has missing values
Full error details:
Traceback (most recent call last):
  File "/home/etai/projects/REMEMVR/results/ch5/rq9/code/step05_prepare_plot_data.py", line 267, in <module>
    raise ValueError("Validation failed - plot data incomplete or has missing values")
ValueError: Validation failed - plot data incomplete or has missing values
Step 05: Prepare Age Tertile Plot Data
Loading prepared LMM input data...
step01_lmm_input_prepared.csv (400 rows, 10 cols)
All required columns present: ['UID', 'age', 'TSVR_hours', 'theta']
Loading fitted LMM model...
step02_lmm_model.pkl (fitted LMM model)
Running prepare_age_effects_plot_data...
Analysis complete
step05_age_tertile_plot_data.csv (885 rows, 7 cols)
Age tertiles: ['Middle', 'Older', 'Young']
Timepoints: [np.float64(1.0), np.float64(16.9), np.float64(17.16), np.float64(20.61), np.float64(21.63), np.float64(21.9), np.float64(21.98), np.float64(22.09), np.float64(22.2), np.float64(22.6), np.float64(22.64), np.float64(22.77), np.float64(22.82), np.float64(22.83), np.float64(22.96), np.float64(22.98), np.float64(23.24), np.float64(23.33), np.float64(23.35), np.float64(23.46), np.float64(23.47), np.float64(23.54), np.float64(23.69), np.float64(23.7), np.float64(23.91), np.float64(24.15), np.float64(24.25), np.float64(24.32), np.float64(24.37), np.float64(24.49), np.float64(24.51), np.float64(24.57), np.float64(24.65), np.float64(24.66), np.float64(24.73), np.float64(24.77), np.float64(24.78), np.float64(24.87), np.float64(24.96), np.float64(25.15), np.float64(25.6), np.float64(25.62), np.float64(25.63), np.float64(25.66), np.float64(25.77), np.float64(26.08), np.float64(26.11), np.float64(26.17), np.float64(26.22), np.float64(26.26), np.float64(26.48), np.float64(26.85), np.float64(27.12), np.float64(27.25), np.float64(27.26), np.float64(27.3), np.float64(27.61), np.float64(27.97), np.float64(28.26), np.float64(28.43), np.float64(28.65), np.float64(28.68), np.float64(28.69), np.float64(28.75), np.float64(28.93), np.float64(29.03), np.float64(29.12), np.float64(29.13), np.float64(29.16), np.float64(29.33), np.float64(29.57), np.float64(29.71), np.float64(29.91), np.float64(30.21), np.float64(30.4), np.float64(30.49), np.float64(30.92), np.float64(31.07), np.float64(31.14), np.float64(31.39), np.float64(31.76), np.float64(31.78), np.float64(32.14), np.float64(32.31), np.float64(32.41), np.float64(32.71), np.float64(32.85), np.float64(32.95), np.float64(33.61), np.float64(33.76), np.float64(34.03), np.float64(35.16), np.float64(37.65), np.float64(44.69), np.float64(44.76), np.float64(47.66), np.float64(53.88), np.float64(57.18), np.float64(61.28), np.float64(64.94), np.float64(65.63), np.float64(66.08), np.float64(66.28), np.float64(66.66), np.float64(66.9), np.float64(68.96), np.float64(69.46), np.float64(69.99), np.float64(70.22), np.float64(70.56), np.float64(70.59), np.float64(70.83), np.float64(71.17), np.float64(71.19), np.float64(71.28), np.float64(71.31), np.float64(71.37), np.float64(71.4), np.float64(71.45), np.float64(71.46), np.float64(71.47), np.float64(71.56), np.float64(71.85), np.float64(71.93), np.float64(72.08), np.float64(72.17), np.float64(72.2), np.float64(72.23), np.float64(72.26), np.float64(72.3), np.float64(72.55), np.float64(72.6), np.float64(72.62), np.float64(72.8), np.float64(72.83), np.float64(72.86), np.float64(72.87), np.float64(72.94), np.float64(73.02), np.float64(73.05), np.float64(73.19), np.float64(73.64), np.float64(73.79), np.float64(73.83), np.float64(74.0), np.float64(74.19), np.float64(74.28), np.float64(74.3), np.float64(74.46), np.float64(74.48), np.float64(74.58), np.float64(74.88), np.float64(74.91), np.float64(75.21), np.float64(75.27), np.float64(75.34), np.float64(75.46), np.float64(75.71), np.float64(75.74), np.float64(76.21), np.float64(76.85), np.float64(78.25), np.float64(78.28), np.float64(78.36), np.float64(78.57), np.float64(78.76), np.float64(78.84), np.float64(79.34), np.float64(79.66), np.float64(79.75), np.float64(79.78), np.float64(79.96), np.float64(79.98), np.float64(80.13), np.float64(80.16), np.float64(80.24), np.float64(80.64), np.float64(80.88), np.float64(80.98), np.float64(81.15), np.float64(81.92), np.float64(82.55), np.float64(82.98), np.float64(82.99), np.float64(83.54), np.float64(83.64), np.float64(83.68), np.float64(91.47), np.float64(91.63), np.float64(91.97), np.float64(92.72), np.float64(93.26), np.float64(93.39), np.float64(94.68), np.float64(95.42), np.float64(98.84), np.float64(106.41), np.float64(111.38), np.float64(136.83), np.float64(137.74), np.float64(138.91), np.float64(140.08), np.float64(140.12), np.float64(140.22), np.float64(140.39), np.float64(140.49), np.float64(140.95), np.float64(141.09), np.float64(141.71), np.float64(141.84), np.float64(142.61), np.float64(143.14), np.float64(143.48), np.float64(143.51), np.float64(143.53), np.float64(143.66), np.float64(143.85), np.float64(143.91), np.float64(144.07), np.float64(144.19), np.float64(144.2), np.float64(144.22), np.float64(144.51), np.float64(144.85), np.float64(144.91), np.float64(145.06), np.float64(145.07), np.float64(145.29), np.float64(145.31), np.float64(145.38), np.float64(145.65), np.float64(145.77), np.float64(145.78), np.float64(145.92), np.float64(145.95), np.float64(146.02), np.float64(146.16), np.float64(146.2), np.float64(146.29), np.float64(146.3), np.float64(146.54), np.float64(146.56), np.float64(146.8), np.float64(146.96), np.float64(146.99), np.float64(147.13), np.float64(147.21), np.float64(147.65), np.float64(147.84), np.float64(147.94), np.float64(148.69), np.float64(148.79), np.float64(148.85), np.float64(148.87), np.float64(148.9), np.float64(149.18), np.float64(149.2), np.float64(149.21), np.float64(149.28), np.float64(149.33), np.float64(149.72), np.float64(149.75), np.float64(149.87), np.float64(149.93), np.float64(149.99), np.float64(150.22), np.float64(150.41), np.float64(150.46), np.float64(150.8), np.float64(150.87), np.float64(151.52), np.float64(151.93), np.float64(152.12), np.float64(152.47), np.float64(152.89), np.float64(153.27), np.float64(154.53), np.float64(154.76), np.float64(154.89), np.float64(155.27), np.float64(155.59), np.float64(156.21), np.float64(162.51), np.float64(164.93), np.float64(166.33), np.float64(166.87), np.float64(168.33), np.float64(168.86), np.float64(169.55), np.float64(170.25), np.float64(170.65), np.float64(187.43), np.float64(194.42), np.float64(244.53), np.float64(246.24)]
Running validate_plot_data_completeness...
Age tertiles mismatch: expected ['Young', 'Middle', 'Older'], got ['Middle', 'Older', 'Young']
Timepoints mismatch: expected [0, 24, 72, 144], got [np.float64(1.0), np.float64(16.9), np.float64(17.16), np.float64(20.61), np.float64(21.63), np.float64(21.9), np.float64(21.98), np.float64(22.09), np.float64(22.2), np.float64(22.6), np.float64(22.64), np.float64(22.77), np.float64(22.82), np.float64(22.83), np.float64(22.96), np.float64(22.98), np.float64(23.24), np.float64(23.33), np.float64(23.35), np.float64(23.46), np.float64(23.47), np.float64(23.54), np.float64(23.69), np.float64(23.7), np.float64(23.91), np.float64(24.15), np.float64(24.25), np.float64(24.32), np.float64(24.37), np.float64(24.49), np.float64(24.51), np.float64(24.57), np.float64(24.65), np.float64(24.66), np.float64(24.73), np.float64(24.77), np.float64(24.78), np.float64(24.87), np.float64(24.96), np.float64(25.15), np.float64(25.6), np.float64(25.62), np.float64(25.63), np.float64(25.66), np.float64(25.77), np.float64(26.08), np.float64(26.11), np.float64(26.17), np.float64(26.22), np.float64(26.26), np.float64(26.48), np.float64(26.85), np.float64(27.12), np.float64(27.25), np.float64(27.26), np.float64(27.3), np.float64(27.61), np.float64(27.97), np.float64(28.26), np.float64(28.43), np.float64(28.65), np.float64(28.68), np.float64(28.69), np.float64(28.75), np.float64(28.93), np.float64(29.03), np.float64(29.12), np.float64(29.13), np.float64(29.16), np.float64(29.33), np.float64(29.57), np.float64(29.71), np.float64(29.91), np.float64(30.21), np.float64(30.4), np.float64(30.49), np.float64(30.92), np.float64(31.07), np.float64(31.14), np.float64(31.39), np.float64(31.76), np.float64(31.78), np.float64(32.14), np.float64(32.31), np.float64(32.41), np.float64(32.71), np.float64(32.85), np.float64(32.95), np.float64(33.61), np.float64(33.76), np.float64(34.03), np.float64(35.16), np.float64(37.65), np.float64(44.69), np.float64(44.76), np.float64(47.66), np.float64(53.88), np.float64(57.18), np.float64(61.28), np.float64(64.94), np.float64(65.63), np.float64(66.08), np.float64(66.28), np.float64(66.66), np.float64(66.9), np.float64(68.96), np.float64(69.46), np.float64(69.99), np.float64(70.22), np.float64(70.56), np.float64(70.59), np.float64(70.83), np.float64(71.17), np.float64(71.19), np.float64(71.28), np.float64(71.31), np.float64(71.37), np.float64(71.4), np.float64(71.45), np.float64(71.46), np.float64(71.47), np.float64(71.56), np.float64(71.85), np.float64(71.93), np.float64(72.08), np.float64(72.17), np.float64(72.2), np.float64(72.23), np.float64(72.26), np.float64(72.3), np.float64(72.55), np.float64(72.6), np.float64(72.62), np.float64(72.8), np.float64(72.83), np.float64(72.86), np.float64(72.87), np.float64(72.94), np.float64(73.02), np.float64(73.05), np.float64(73.19), np.float64(73.64), np.float64(73.79), np.float64(73.83), np.float64(74.0), np.float64(74.19), np.float64(74.28), np.float64(74.3), np.float64(74.46), np.float64(74.48), np.float64(74.58), np.float64(74.88), np.float64(74.91), np.float64(75.21), np.float64(75.27), np.float64(75.34), np.float64(75.46), np.float64(75.71), np.float64(75.74), np.float64(76.21), np.float64(76.85), np.float64(78.25), np.float64(78.28), np.float64(78.36), np.float64(78.57), np.float64(78.76), np.float64(78.84), np.float64(79.34), np.float64(79.66), np.float64(79.75), np.float64(79.78), np.float64(79.96), np.float64(79.98), np.float64(80.13), np.float64(80.16), np.float64(80.24), np.float64(80.64), np.float64(80.88), np.float64(80.98), np.float64(81.15), np.float64(81.92), np.float64(82.55), np.float64(82.98), np.float64(82.99), np.float64(83.54), np.float64(83.64), np.float64(83.68), np.float64(91.47), np.float64(91.63), np.float64(91.97), np.float64(92.72), np.float64(93.26), np.float64(93.39), np.float64(94.68), np.float64(95.42), np.float64(98.84), np.float64(106.41), np.float64(111.38), np.float64(136.83), np.float64(137.74), np.float64(138.91), np.float64(140.08), np.float64(140.12), np.float64(140.22), np.float64(140.39), np.float64(140.49), np.float64(140.95), np.float64(141.09), np.float64(141.71), np.float64(141.84), np.float64(142.61), np.float64(143.14), np.float64(143.48), np.float64(143.51), np.float64(143.53), np.float64(143.66), np.float64(143.85), np.float64(143.91), np.float64(144.07), np.float64(144.19), np.float64(144.2), np.float64(144.22), np.float64(144.51), np.float64(144.85), np.float64(144.91), np.float64(145.06), np.float64(145.07), np.float64(145.29), np.float64(145.31), np.float64(145.38), np.float64(145.65), np.float64(145.77), np.float64(145.78), np.float64(145.92), np.float64(145.95), np.float64(146.02), np.float64(146.16), np.float64(146.2), np.float64(146.29), np.float64(146.3), np.float64(146.54), np.float64(146.56), np.float64(146.8), np.float64(146.96), np.float64(146.99), np.float64(147.13), np.float64(147.21), np.float64(147.65), np.float64(147.84), np.float64(147.94), np.float64(148.69), np.float64(148.79), np.float64(148.85), np.float64(148.87), np.float64(148.9), np.float64(149.18), np.float64(149.2), np.float64(149.21), np.float64(149.28), np.float64(149.33), np.float64(149.72), np.float64(149.75), np.float64(149.87), np.float64(149.93), np.float64(149.99), np.float64(150.22), np.float64(150.41), np.float64(150.46), np.float64(150.8), np.float64(150.87), np.float64(151.52), np.float64(151.93), np.float64(152.12), np.float64(152.47), np.float64(152.89), np.float64(153.27), np.float64(154.53), np.float64(154.76), np.float64(154.89), np.float64(155.27), np.float64(155.59), np.float64(156.21), np.float64(162.51), np.float64(164.93), np.float64(166.33), np.float64(166.87), np.float64(168.33), np.float64(168.86), np.float64(169.55), np.float64(170.25), np.float64(170.65), np.float64(187.43), np.float64(194.42), np.float64(244.53), np.float64(246.24)]
Row count mismatch: expected 12, got 885
Missing data detected: 3808 NaN values in ['theta_observed', 'se_observed', 'ci_lower', 'ci_upper', 'theta_predicted']
Validation failed - plot data incomplete or has missing values
Full error details:
Traceback (most recent call last):
  File "/home/etai/projects/REMEMVR/results/ch5/rq9/code/step05_prepare_plot_data.py", line 267, in <module>
    raise ValueError("Validation failed - plot data incomplete or has missing values")
ValueError: Validation failed - plot data incomplete or has missing values
Step 05: Prepare Age Tertile Plot Data
Loading prepared LMM input data...
step01_lmm_input_prepared.csv (400 rows, 10 cols)
All required columns present: ['UID', 'age', 'TSVR_hours', 'theta']
Loading fitted LMM model...
step02_lmm_model.pkl (fitted LMM model)
Running prepare_age_effects_plot_data...
Analysis complete
step05_age_tertile_plot_data.csv (885 rows, 7 cols)
Age tertiles: ['Middle', 'Older', 'Young']
Timepoints: [np.float64(1.0), np.float64(16.9), np.float64(17.16), np.float64(20.61), np.float64(21.63), np.float64(21.9), np.float64(21.98), np.float64(22.09), np.float64(22.2), np.float64(22.6), np.float64(22.64), np.float64(22.77), np.float64(22.82), np.float64(22.83), np.float64(22.96), np.float64(22.98), np.float64(23.24), np.float64(23.33), np.float64(23.35), np.float64(23.46), np.float64(23.47), np.float64(23.54), np.float64(23.69), np.float64(23.7), np.float64(23.91), np.float64(24.15), np.float64(24.25), np.float64(24.32), np.float64(24.37), np.float64(24.49), np.float64(24.51), np.float64(24.57), np.float64(24.65), np.float64(24.66), np.float64(24.73), np.float64(24.77), np.float64(24.78), np.float64(24.87), np.float64(24.96), np.float64(25.15), np.float64(25.6), np.float64(25.62), np.float64(25.63), np.float64(25.66), np.float64(25.77), np.float64(26.08), np.float64(26.11), np.float64(26.17), np.float64(26.22), np.float64(26.26), np.float64(26.48), np.float64(26.85), np.float64(27.12), np.float64(27.25), np.float64(27.26), np.float64(27.3), np.float64(27.61), np.float64(27.97), np.float64(28.26), np.float64(28.43), np.float64(28.65), np.float64(28.68), np.float64(28.69), np.float64(28.75), np.float64(28.93), np.float64(29.03), np.float64(29.12), np.float64(29.13), np.float64(29.16), np.float64(29.33), np.float64(29.57), np.float64(29.71), np.float64(29.91), np.float64(30.21), np.float64(30.4), np.float64(30.49), np.float64(30.92), np.float64(31.07), np.float64(31.14), np.float64(31.39), np.float64(31.76), np.float64(31.78), np.float64(32.14), np.float64(32.31), np.float64(32.41), np.float64(32.71), np.float64(32.85), np.float64(32.95), np.float64(33.61), np.float64(33.76), np.float64(34.03), np.float64(35.16), np.float64(37.65), np.float64(44.69), np.float64(44.76), np.float64(47.66), np.float64(53.88), np.float64(57.18), np.float64(61.28), np.float64(64.94), np.float64(65.63), np.float64(66.08), np.float64(66.28), np.float64(66.66), np.float64(66.9), np.float64(68.96), np.float64(69.46), np.float64(69.99), np.float64(70.22), np.float64(70.56), np.float64(70.59), np.float64(70.83), np.float64(71.17), np.float64(71.19), np.float64(71.28), np.float64(71.31), np.float64(71.37), np.float64(71.4), np.float64(71.45), np.float64(71.46), np.float64(71.47), np.float64(71.56), np.float64(71.85), np.float64(71.93), np.float64(72.08), np.float64(72.17), np.float64(72.2), np.float64(72.23), np.float64(72.26), np.float64(72.3), np.float64(72.55), np.float64(72.6), np.float64(72.62), np.float64(72.8), np.float64(72.83), np.float64(72.86), np.float64(72.87), np.float64(72.94), np.float64(73.02), np.float64(73.05), np.float64(73.19), np.float64(73.64), np.float64(73.79), np.float64(73.83), np.float64(74.0), np.float64(74.19), np.float64(74.28), np.float64(74.3), np.float64(74.46), np.float64(74.48), np.float64(74.58), np.float64(74.88), np.float64(74.91), np.float64(75.21), np.float64(75.27), np.float64(75.34), np.float64(75.46), np.float64(75.71), np.float64(75.74), np.float64(76.21), np.float64(76.85), np.float64(78.25), np.float64(78.28), np.float64(78.36), np.float64(78.57), np.float64(78.76), np.float64(78.84), np.float64(79.34), np.float64(79.66), np.float64(79.75), np.float64(79.78), np.float64(79.96), np.float64(79.98), np.float64(80.13), np.float64(80.16), np.float64(80.24), np.float64(80.64), np.float64(80.88), np.float64(80.98), np.float64(81.15), np.float64(81.92), np.float64(82.55), np.float64(82.98), np.float64(82.99), np.float64(83.54), np.float64(83.64), np.float64(83.68), np.float64(91.47), np.float64(91.63), np.float64(91.97), np.float64(92.72), np.float64(93.26), np.float64(93.39), np.float64(94.68), np.float64(95.42), np.float64(98.84), np.float64(106.41), np.float64(111.38), np.float64(136.83), np.float64(137.74), np.float64(138.91), np.float64(140.08), np.float64(140.12), np.float64(140.22), np.float64(140.39), np.float64(140.49), np.float64(140.95), np.float64(141.09), np.float64(141.71), np.float64(141.84), np.float64(142.61), np.float64(143.14), np.float64(143.48), np.float64(143.51), np.float64(143.53), np.float64(143.66), np.float64(143.85), np.float64(143.91), np.float64(144.07), np.float64(144.19), np.float64(144.2), np.float64(144.22), np.float64(144.51), np.float64(144.85), np.float64(144.91), np.float64(145.06), np.float64(145.07), np.float64(145.29), np.float64(145.31), np.float64(145.38), np.float64(145.65), np.float64(145.77), np.float64(145.78), np.float64(145.92), np.float64(145.95), np.float64(146.02), np.float64(146.16), np.float64(146.2), np.float64(146.29), np.float64(146.3), np.float64(146.54), np.float64(146.56), np.float64(146.8), np.float64(146.96), np.float64(146.99), np.float64(147.13), np.float64(147.21), np.float64(147.65), np.float64(147.84), np.float64(147.94), np.float64(148.69), np.float64(148.79), np.float64(148.85), np.float64(148.87), np.float64(148.9), np.float64(149.18), np.float64(149.2), np.float64(149.21), np.float64(149.28), np.float64(149.33), np.float64(149.72), np.float64(149.75), np.float64(149.87), np.float64(149.93), np.float64(149.99), np.float64(150.22), np.float64(150.41), np.float64(150.46), np.float64(150.8), np.float64(150.87), np.float64(151.52), np.float64(151.93), np.float64(152.12), np.float64(152.47), np.float64(152.89), np.float64(153.27), np.float64(154.53), np.float64(154.76), np.float64(154.89), np.float64(155.27), np.float64(155.59), np.float64(156.21), np.float64(162.51), np.float64(164.93), np.float64(166.33), np.float64(166.87), np.float64(168.33), np.float64(168.86), np.float64(169.55), np.float64(170.25), np.float64(170.65), np.float64(187.43), np.float64(194.42), np.float64(244.53), np.float64(246.24)]
Running validate_plot_data_completeness...
Age tertiles mismatch: expected ['Young', 'Middle', 'Older'], got ['Middle', 'Older', 'Young']
Timepoints mismatch: expected [0, 24, 72, 144], got [np.float64(1.0), np.float64(16.9), np.float64(17.16), np.float64(20.61), np.float64(21.63), np.float64(21.9), np.float64(21.98), np.float64(22.09), np.float64(22.2), np.float64(22.6), np.float64(22.64), np.float64(22.77), np.float64(22.82), np.float64(22.83), np.float64(22.96), np.float64(22.98), np.float64(23.24), np.float64(23.33), np.float64(23.35), np.float64(23.46), np.float64(23.47), np.float64(23.54), np.float64(23.69), np.float64(23.7), np.float64(23.91), np.float64(24.15), np.float64(24.25), np.float64(24.32), np.float64(24.37), np.float64(24.49), np.float64(24.51), np.float64(24.57), np.float64(24.65), np.float64(24.66), np.float64(24.73), np.float64(24.77), np.float64(24.78), np.float64(24.87), np.float64(24.96), np.float64(25.15), np.float64(25.6), np.float64(25.62), np.float64(25.63), np.float64(25.66), np.float64(25.77), np.float64(26.08), np.float64(26.11), np.float64(26.17), np.float64(26.22), np.float64(26.26), np.float64(26.48), np.float64(26.85), np.float64(27.12), np.float64(27.25), np.float64(27.26), np.float64(27.3), np.float64(27.61), np.float64(27.97), np.float64(28.26), np.float64(28.43), np.float64(28.65), np.float64(28.68), np.float64(28.69), np.float64(28.75), np.float64(28.93), np.float64(29.03), np.float64(29.12), np.float64(29.13), np.float64(29.16), np.float64(29.33), np.float64(29.57), np.float64(29.71), np.float64(29.91), np.float64(30.21), np.float64(30.4), np.float64(30.49), np.float64(30.92), np.float64(31.07), np.float64(31.14), np.float64(31.39), np.float64(31.76), np.float64(31.78), np.float64(32.14), np.float64(32.31), np.float64(32.41), np.float64(32.71), np.float64(32.85), np.float64(32.95), np.float64(33.61), np.float64(33.76), np.float64(34.03), np.float64(35.16), np.float64(37.65), np.float64(44.69), np.float64(44.76), np.float64(47.66), np.float64(53.88), np.float64(57.18), np.float64(61.28), np.float64(64.94), np.float64(65.63), np.float64(66.08), np.float64(66.28), np.float64(66.66), np.float64(66.9), np.float64(68.96), np.float64(69.46), np.float64(69.99), np.float64(70.22), np.float64(70.56), np.float64(70.59), np.float64(70.83), np.float64(71.17), np.float64(71.19), np.float64(71.28), np.float64(71.31), np.float64(71.37), np.float64(71.4), np.float64(71.45), np.float64(71.46), np.float64(71.47), np.float64(71.56), np.float64(71.85), np.float64(71.93), np.float64(72.08), np.float64(72.17), np.float64(72.2), np.float64(72.23), np.float64(72.26), np.float64(72.3), np.float64(72.55), np.float64(72.6), np.float64(72.62), np.float64(72.8), np.float64(72.83), np.float64(72.86), np.float64(72.87), np.float64(72.94), np.float64(73.02), np.float64(73.05), np.float64(73.19), np.float64(73.64), np.float64(73.79), np.float64(73.83), np.float64(74.0), np.float64(74.19), np.float64(74.28), np.float64(74.3), np.float64(74.46), np.float64(74.48), np.float64(74.58), np.float64(74.88), np.float64(74.91), np.float64(75.21), np.float64(75.27), np.float64(75.34), np.float64(75.46), np.float64(75.71), np.float64(75.74), np.float64(76.21), np.float64(76.85), np.float64(78.25), np.float64(78.28), np.float64(78.36), np.float64(78.57), np.float64(78.76), np.float64(78.84), np.float64(79.34), np.float64(79.66), np.float64(79.75), np.float64(79.78), np.float64(79.96), np.float64(79.98), np.float64(80.13), np.float64(80.16), np.float64(80.24), np.float64(80.64), np.float64(80.88), np.float64(80.98), np.float64(81.15), np.float64(81.92), np.float64(82.55), np.float64(82.98), np.float64(82.99), np.float64(83.54), np.float64(83.64), np.float64(83.68), np.float64(91.47), np.float64(91.63), np.float64(91.97), np.float64(92.72), np.float64(93.26), np.float64(93.39), np.float64(94.68), np.float64(95.42), np.float64(98.84), np.float64(106.41), np.float64(111.38), np.float64(136.83), np.float64(137.74), np.float64(138.91), np.float64(140.08), np.float64(140.12), np.float64(140.22), np.float64(140.39), np.float64(140.49), np.float64(140.95), np.float64(141.09), np.float64(141.71), np.float64(141.84), np.float64(142.61), np.float64(143.14), np.float64(143.48), np.float64(143.51), np.float64(143.53), np.float64(143.66), np.float64(143.85), np.float64(143.91), np.float64(144.07), np.float64(144.19), np.float64(144.2), np.float64(144.22), np.float64(144.51), np.float64(144.85), np.float64(144.91), np.float64(145.06), np.float64(145.07), np.float64(145.29), np.float64(145.31), np.float64(145.38), np.float64(145.65), np.float64(145.77), np.float64(145.78), np.float64(145.92), np.float64(145.95), np.float64(146.02), np.float64(146.16), np.float64(146.2), np.float64(146.29), np.float64(146.3), np.float64(146.54), np.float64(146.56), np.float64(146.8), np.float64(146.96), np.float64(146.99), np.float64(147.13), np.float64(147.21), np.float64(147.65), np.float64(147.84), np.float64(147.94), np.float64(148.69), np.float64(148.79), np.float64(148.85), np.float64(148.87), np.float64(148.9), np.float64(149.18), np.float64(149.2), np.float64(149.21), np.float64(149.28), np.float64(149.33), np.float64(149.72), np.float64(149.75), np.float64(149.87), np.float64(149.93), np.float64(149.99), np.float64(150.22), np.float64(150.41), np.float64(150.46), np.float64(150.8), np.float64(150.87), np.float64(151.52), np.float64(151.93), np.float64(152.12), np.float64(152.47), np.float64(152.89), np.float64(153.27), np.float64(154.53), np.float64(154.76), np.float64(154.89), np.float64(155.27), np.float64(155.59), np.float64(156.21), np.float64(162.51), np.float64(164.93), np.float64(166.33), np.float64(166.87), np.float64(168.33), np.float64(168.86), np.float64(169.55), np.float64(170.25), np.float64(170.65), np.float64(187.43), np.float64(194.42), np.float64(244.53), np.float64(246.24)]
Row count mismatch: expected 12, got 885
Missing data detected: 3808 NaN values in ['theta_observed', 'se_observed', 'ci_lower', 'ci_upper', 'theta_predicted']
WARNING: Validation issues detected but data generated successfully
Plot data uses all unique timepoints (not binned to [0,24,72,144])
This provides more detailed trajectory visualization
Step 05 complete
