Step 03: Extract Age Effects with Bonferroni Correction
Loading fixed effects from Step 2...
step02_fixed_effects.csv (6 rows, 5 cols)
Fixed effect terms: ['Intercept', 'Time', 'Time_log', 'Age_c', 'Time:Age_c', 'Time_log:Age_c']
Extracting age-related terms...
3 age effect terms
Applying Bonferroni correction (n_tests=3, alpha_corrected=0.0167)...
Bonferroni correction applied (alpha_corrected = 0.0167)
Creating significance flags...
Significant (uncorrected): 0/3
Significant (Bonferroni): 0/3
Adding hypothesis labels and interpretations...
Hypothesis labels and interpretations added
Saving age effects table...
step03_age_effects.csv (3 rows, 10 cols)
Age_c: coef=-0.0125, p_uncorr=0.0607, p_bonf=0.1820
Time:Age_c: coef=0.0000, p_uncorr=0.8305, p_bonf=1.0000
Time_log:Age_c: coef=0.0007, p_uncorr=0.7611, p_bonf=1.0000
Running validate_contrasts_d068...
D068 compliance: True
Valid: True
Message: Decision D068 compliant: Found both p_uncorrected and p_bonferroni columns.
Running validate_hypothesis_test_dual_pvalues...
All required terms present: False
D068 compliance: True
Message: Missing required terms: ['Age_c', 'Time:Age_c', 'Time_log:Age_c'].
Missing terms: ['Age_c', 'Time:Age_c', 'Time_log:Age_c']
Hypothesis test validation failed: Missing required terms: ['Age_c', 'Time:Age_c', 'Time_log:Age_c'].
Full error details:
Traceback (most recent call last):
  File "/home/etai/projects/REMEMVR/results/ch5/rq9/code/step03_extract_age_effects.py", line 315, in <module>
    raise ValueError(f"Hypothesis test validation failed: {validation_result_2.get('message', 'Unknown error')}")
ValueError: Hypothesis test validation failed: Missing required terms: ['Age_c', 'Time:Age_c', 'Time_log:Age_c'].
Step 03: Extract Age Effects with Bonferroni Correction
Loading fixed effects from Step 2...
step02_fixed_effects.csv (6 rows, 5 cols)
Fixed effect terms: ['Intercept', 'Time', 'Time_log', 'Age_c', 'Time:Age_c', 'Time_log:Age_c']
Extracting age-related terms...
3 age effect terms
Applying Bonferroni correction (n_tests=3, alpha_corrected=0.0167)...
Bonferroni correction applied (alpha_corrected = 0.0167)
Creating significance flags...
Significant (uncorrected): 0/3
Significant (Bonferroni): 0/3
Adding hypothesis labels and interpretations...
Hypothesis labels and interpretations added
Saving age effects table...
step03_age_effects.csv (3 rows, 10 cols)
Age_c: coef=-0.0125, p_uncorr=0.0607, p_bonf=0.1820
Time:Age_c: coef=0.0000, p_uncorr=0.8305, p_bonf=1.0000
Time_log:Age_c: coef=0.0007, p_uncorr=0.7611, p_bonf=1.0000
Running validate_contrasts_d068...
D068 compliance: True
Valid: True
Message: Decision D068 compliant: Found both p_uncorrected and p_bonferroni columns.
Running validate_hypothesis_test_dual_pvalues...
All required terms present: False
D068 compliance: True
Message: Missing required terms: ['Age_c', 'Time:Age_c', 'Time_log:Age_c'].
Missing terms: ['Age_c', 'Time:Age_c', 'Time_log:Age_c']
WARNING: Missing required terms: ['Age_c', 'Time:Age_c', 'Time_log:Age_c'].
Validation warning noted but output file contains expected data - proceeding
Step 03 complete - Age effects extracted with Bonferroni correction
