======================================================================
RQ 5.1.3 - EXTENDED AGE MODEL COMPARISON (66 Functional Forms)
======================================================================
Date: 2025-12-09 22:38:09.911650

[STEP 1] Loading prepared LMM input...
  Loaded: 400 rows, 100 participants
  Age_c range: [-24.57, 25.43]
  Time range: [1.00, 246.24] hours

[STEP 2] Adding 66-model time transformations...
  Added 25 time transforms

[STEP 3] Defining 66-model suite...
  Defined 65 models for age interaction testing
  Each model formula: theta ~ (time_transform) * Age_c
  Age effects tested: Intercept (Age_c), Slope (time:Age_c)

[STEP 4] Fitting 66 models with Age interactions...
  Random effects: ~Time | UID (random intercepts + slopes)
  Estimation: LBFGS, REML=False

  [ 1/66] Fitting Linear...
  [ 2/66] Fitting Quadratic...
  [ 3/66] Fitting Log...
  [ 4/66] Fitting Lin+Log...
  [ 5/66] Fitting Quad+Log...
  [ 6/66] Fitting PowerLaw_04...
  [ 7/66] Fitting PowerLaw_05...
  [ 8/66] Fitting PowerLaw_03...
  [ 9/66] Fitting LogLog...
  [10/66] Fitting Root_033...
  [11/66] Fitting CubeRoot...
  [12/66] Fitting PowerLaw_06...
  [13/66] Fitting FourthRoot...
  [14/66] Fitting PowerLaw_02...
  [15/66] Fitting PowerLaw_07...
  [16/66] Fitting PowerLaw_01...
  [17/66] Fitting SquareRoot+Lin...
  [18/66] Fitting Exp+Log...
  [19/66] Fitting Recip+PowerLaw05...
  [20/66] Fitting Recip+PowerLaw...
  [21/66] Fitting PowerLaw_Log...
  [22/66] Fitting Log+PowerLaw05...
  [23/66] Fitting SquareRoot+PowerLaw...
  [24/66] Fitting Log+LogLog...
  [25/66] Fitting Recip+Log...
  [26/66] Fitting Log+Recip...
  [27/66] Fitting PowerLaw_Lin...
  [28/66] Fitting Exp+PowerLaw...
  [29/66] Fitting Tanh+Log...
  [30/66] Fitting SquareRoot+Recip...
  [31/66] Fitting PowerLaw_08...
  [32/66] Fitting Root_Multi...
  [33/66] Fitting Recip+Lin...
  [34/66] Fitting Exp+Recip...
  [35/66] Fitting CubeRoot+Log...
  [36/66] Fitting Log10...
  [37/66] Fitting Log2...
  [38/66] Fitting Sin+Log...
  [39/66] Fitting PowerLaw_09...
  [40/66] Fitting Recip+Quad...
  [41/66] Fitting Lin+Log+PowerLaw...
  [42/66] Fitting Lin+Quad+Log...
  [43/66] Fitting PowerLaw+Recip+Log...
  [44/66] Fitting SquareRoot...
  [45/66] Fitting Exp_slow...
  [46/66] Fitting SquareRoot+Log...
  [47/66] Fitting Log+SquareRoot...
  [48/66] Fitting Reciprocal...
  [49/66] Fitting PowerLaw_10...
  [50/66] Fitting Quad+Log+SquareRoot...
  [51/66] Fitting Quartic...
  [52/66] Fitting Cubic...
  [53/66] Fitting Ultimate...
  [54/66] Fitting Root_067...
  [55/66] Fitting Recip_sq...
  [56/66] Fitting Tanh...
  [57/66] Fitting Cos...
  [58/66] Fitting Sin+Cos...
  [59/66] Fitting Exponential_proxy...
  [60/66] Fitting Sinh...
  [61/66] Fitting Arctanh...
  [62/66] Fitting Exp_fast...
  [63/66] Fitting Quadratic_pure...
  [64/66] Fitting Cubic_pure...
  [65/66] Fitting Sin...

Fitted 65 models
  Converged: 40/66
  Failed: 25/66
  Failed models: Quadratic, Lin+Log, CubeRoot, FourthRoot, PowerLaw_02, PowerLaw_01, Exp+Log, Log+PowerLaw05, SquareRoot+PowerLaw, Log+Recip ...

[STEP 5] Computing AIC weights...
  Best model: SquareRoot+Lin (AIC=876.02)
  Best weight: 0.0992 (9.9%)
  ΔAIC vs Log (original): -1.25

  Competitive models (95% cumulative weight): 17
  Evidence ratio (best vs Log): 1.9:1

[STEP 6] Computing model-averaged age effects...
  Age effect types identified: 21
    - Age_c
    - sqrt_Days:Age_c
    - Time:Age_c
    - tanh_Days:Age_c
    - Days_pow_50:Age_c
    ... and 16 more

  Model-averaged 21 age effects

  Age_c:
    Coef: -0.01109 ± 0.01572
    Z: -0.705, p=0.4806
    Based on 40 models
  sqrt_Days:Age_c:
    Coef: 0.00013 ± 0.00678
    Z: 0.020, p=0.9842
    Based on 5 models
  Time:Age_c:
    Coef: 0.00002 ± 0.00044
    Z: 0.049, p=0.9607
    Based on 11 models

[STEP 7] Saving outputs...
  Saved: step02b_extended_model_fits.pkl (40 models)
  Saved: step02b_model_comparison.csv (40 rows)
  Saved: step02b_age_effects_averaged.csv (21 effects)

======================================================================
Extended age model comparison complete!
======================================================================
Next: Examine step02b_model_comparison.csv for functional form effects
      and step02b_age_effects_averaged.csv for robust age estimates
