Step 00: Prepare Paradigm Data - Log
============================================================

[2025-11-24 11:46:41] Step 00: Prepare Paradigm Data
[2025-11-24 11:46:41] RQ Directory: /home/etai/projects/REMEMVR/results/ch5/rq3
[2025-11-24 11:46:41] Source RQ Directory: /home/etai/projects/REMEMVR/results/ch5/rq1
[2025-11-24 11:46:41] Loading RQ 5.1 IRT input data...
[2025-11-24 11:46:41] /home/etai/projects/REMEMVR/results/ch5/rq1/data/step00_irt_input.csv (400 rows, 106 cols)
[2025-11-24 11:46:41] Loading RQ 5.1 TSVR mapping...
[2025-11-24 11:46:41] /home/etai/projects/REMEMVR/results/ch5/rq1/data/step00_tsvr_mapping.csv (400 rows, 4 cols)
[2025-11-24 11:46:41] Filtering columns to IFR, ICR, IRE paradigms...
[2025-11-24 11:46:41] Original item count: 105
[2025-11-24 11:46:41] Retained 72 paradigm columns
[2025-11-24 11:46:41] Free Recall (IFR): 24 items
[2025-11-24 11:46:41] Cued Recall (ICR): 24 items
[2025-11-24 11:46:41] Recognition (IRE): 24 items
[2025-11-24 11:46:41] Creating paradigm-based Q-matrix...
[2025-11-24 11:46:41] Q-matrix with 72 items
[2025-11-24 11:46:41] Q-matrix validation: All items in exactly one factor
[2025-11-24 11:46:41] /home/etai/projects/REMEMVR/results/ch5/rq3/data/step00_irt_input.csv (400 rows, 73 cols)
[2025-11-24 11:46:41] /home/etai/projects/REMEMVR/results/ch5/rq3/data/step00_q_matrix.csv (72 rows)
[2025-11-24 11:46:41] TSVR mapping to /home/etai/projects/REMEMVR/results/ch5/rq3/data/step00_tsvr_mapping.csv
[2025-11-24 11:46:41] Running step 00 validations...
[2025-11-24 11:46:41] Row count preserved: 400 rows
[2025-11-24 11:46:41] Q-matrix structure valid: Each item in exactly one factor
[2025-11-24 11:46:41] No RFR/TCR columns in output
[2025-11-24 11:46:41] Minimum items per paradigm: IFR=24, ICR=24, IRE=24 (>= 10)
[2025-11-24 11:46:41] Q-matrix item names match IRT input columns
[2025-11-24 11:46:41] 
[2025-11-24 11:46:41] ============================================================
[2025-11-24 11:46:41] Step 00 Complete: Paradigm Data Prepared
[2025-11-24 11:46:41] ============================================================
[2025-11-24 11:46:41]   Input rows: 400 (from RQ 5.1)
[2025-11-24 11:46:41]   Output rows: 400
[2025-11-24 11:46:41]   Total paradigm items: 72
[2025-11-24 11:46:41]     - Free Recall (IFR): 24
[2025-11-24 11:46:41]     - Cued Recall (ICR): 24
[2025-11-24 11:46:41]     - Recognition (IRE): 24
[2025-11-24 11:46:41]   Excluded patterns: RFR (Room Free Recall), TCR (Task Cued Recall)
[2025-11-24 11:46:41]   Output files:
[2025-11-24 11:46:41]     - /home/etai/projects/REMEMVR/results/ch5/rq3/data/step00_irt_input.csv
[2025-11-24 11:46:41]     - /home/etai/projects/REMEMVR/results/ch5/rq3/data/step00_q_matrix.csv
[2025-11-24 11:46:41]     - /home/etai/projects/REMEMVR/results/ch5/rq3/data/step00_tsvr_mapping.csv
[2025-11-24 11:46:41] 
[2025-11-24 11:46:41] Step 01: IRT Calibration Pass 1 (All Items)
