Step 04: Merge Theta with TSVR for LMM Input
RQ Directory: /home/etai/projects/REMEMVR/results/ch5/rq3
Loading input data...
step03_theta_scores.csv (1200 rows, 3 cols)
Theta columns: ['composite_ID', 'domain_name', 'theta']
Unique composite_IDs in theta: 400
Unique paradigms (domain_name): ['free_recall', 'cued_recall', 'recognition']
step00_tsvr_mapping.csv (400 rows, 4 cols)
TSVR columns: ['composite_ID', 'UID', 'test', 'TSVR_hours']
TSVR range: 1.00 - 246.24 hours
Merging theta scores with TSVR mapping...
Result: 1200 rows
All rows have valid TSVR_hours
Renaming columns and creating time transformations...
Renamed 'domain_name' -> 'paradigm'
Created TSVR_hours_sq = TSVR_hours ** 2
Created TSVR_hours_log = log(TSVR_hours + 1)
UID column already present from TSVR mapping
Unique UIDs: 100
Final columns: ['composite_ID', 'UID', 'test', 'TSVR_hours', 'TSVR_hours_sq', 'TSVR_hours_log', 'paradigm', 'theta']
/home/etai/projects/REMEMVR/results/ch5/rq3/data/step04_lmm_input.csv (1200 rows, 8 cols)
Running inline validation checks...
Row count == 1200
No missing TSVR values
Three paradigms present: {'free_recall', 'cued_recall', 'recognition'}
100 unique UIDs
TSVR range: 6 values outside 0-200 hours (min=1.00, max=246.24). This is expected with real participant data.
All CRITICAL checks passed

LMM Input Data Summary:
  Total rows: 1200
  Unique participants (UID): 100
  Unique composite_IDs: 400
  Test sessions: [np.int64(1), np.int64(2), np.int64(3), np.int64(4)]
  Paradigms: ['free_recall', 'cued_recall', 'recognition']
  TSVR_hours: min=1.00, max=246.24, mean=64.95
  Theta: min=-2.406, max=2.799, mean=0.045

By Paradigm:
  free_recall: n=400, theta_mean=0.042, theta_std=0.899
  cued_recall: n=400, theta_mean=0.063, theta_std=0.918
  recognition: n=400, theta_mean=0.031, theta_std=0.965

Step 04 complete
