[2025-12-08 12:27:01] ================================================================================
[2025-12-08 12:27:01] LMM Model Selection: Kitchen Sink Suite
[2025-12-08 12:27:01] ================================================================================
[2025-12-08 12:27:01] Checking inputs...
[2025-12-08 12:27:01]   TSVR variable: TSVR_hours
[2025-12-08 12:27:01]   TSVR range: [1.00, 246.24] hours
[2025-12-08 12:27:01]   TSVR unique values: 295
[2025-12-08 12:27:01]   Outcome: theta
[2025-12-08 12:27:01]   Groups: UID (N=100)
[2025-12-08 12:27:01]   N observations: 1200
[2025-12-08 12:27:01]   Factor 1: paradigm (categorical, ref=free_recall)
[2025-12-08 12:27:01]   Interaction: 1-way (time × factor1)
[2025-12-08 12:27:01]   Random effects: ~1
[2025-12-08 12:27:01]   REML: False
[2025-12-08 12:27:01] Creating time transformations...
[2025-12-08 12:27:01]   Polynomial family...
[2025-12-08 12:27:01]   Logarithmic family...
[2025-12-08 12:27:01]   Power law family...
[2025-12-08 12:27:01]   Root family...
[2025-12-08 12:27:01]   Reciprocal family...
[2025-12-08 12:27:01]   Exponential family...
[2025-12-08 12:27:01]   Trigonometric family...
[2025-12-08 12:27:01]   Hyperbolic family...
[2025-12-08 12:27:01]   Total transformations created: 32
[2025-12-08 12:27:01] Defining model suite...
[2025-12-08 12:27:01]   Total models defined: 66
[2025-12-08 12:27:01] Building model formulas...
[2025-12-08 12:27:01]   Example formula (Linear): theta ~ TSVR * C(paradigm, Treatment('free_recall'))
[2025-12-08 12:27:01]   Example formula (Log): theta ~ log_TSVR * C(paradigm, Treatment('free_recall'))
[2025-12-08 12:27:01] Fitting all models...
[2025-12-08 12:27:01]   This may take 5-10 minutes for 66 models...
[2025-12-08 12:27:01]   [1/66] Fitting Linear...
[2025-12-08 12:27:02]     ✓ AIC=2421.52, converged=True
[2025-12-08 12:27:02]   [2/66] Fitting Quadratic...
[2025-12-08 12:27:02]     ✓ AIC=2385.52, converged=True
[2025-12-08 12:27:02]   [3/66] Fitting Cubic...
[2025-12-08 12:27:02]     ✓ AIC=2383.09, converged=True
[2025-12-08 12:27:02]   [4/66] Fitting Quartic...
[2025-12-08 12:27:02]     ✓ AIC=2383.39, converged=True
[2025-12-08 12:27:02]   [5/66] Fitting Quadratic_pure...
[2025-12-08 12:27:02]     ✓ AIC=2531.53, converged=True
[2025-12-08 12:27:02]   [6/66] Fitting Cubic_pure...
[2025-12-08 12:27:02]     ✓ AIC=2612.18, converged=True
[2025-12-08 12:27:02]   [7/66] Fitting Log...
[2025-12-08 12:27:02]     ✓ AIC=2375.80, converged=True
[2025-12-08 12:27:02]   [8/66] Fitting Log2...
[2025-12-08 12:27:03]     ✓ AIC=2375.80, converged=True
[2025-12-08 12:27:03]   [9/66] Fitting Log10...
[2025-12-08 12:27:03]     ✓ AIC=2375.80, converged=True
[2025-12-08 12:27:03]   [10/66] Fitting LogLog...
[2025-12-08 12:27:03]     ✓ AIC=2385.16, converged=True
[2025-12-08 12:27:03]   [11/66] Fitting Lin+Log...
[2025-12-08 12:27:03]     ✓ AIC=2377.64, converged=True
[2025-12-08 12:27:03]   [12/66] Fitting Quad+Log...
[2025-12-08 12:27:03]     ✓ AIC=2379.64, converged=True
[2025-12-08 12:27:03]   [13/66] Fitting Log+LogLog...
[2025-12-08 12:27:04]     ✓ AIC=2377.82, converged=True
[2025-12-08 12:27:04]   [14/66] Fitting Lin+Quad+Log...
[2025-12-08 12:27:04]     ✓ AIC=2379.64, converged=True
[2025-12-08 12:27:04]   [15/66] Fitting PowerLaw_01...
[2025-12-08 12:27:04]     ✓ AIC=2375.72, converged=True
[2025-12-08 12:27:04]   [16/66] Fitting PowerLaw_02...
[2025-12-08 12:27:04]     ✓ AIC=2376.54, converged=True
[2025-12-08 12:27:04]   [17/66] Fitting PowerLaw_03...
[2025-12-08 12:27:04]     ✓ AIC=2378.21, converged=True
[2025-12-08 12:27:04]   [18/66] Fitting PowerLaw_04...
[2025-12-08 12:27:04]     ✓ AIC=2380.68, converged=True
[2025-12-08 12:27:04]   [19/66] Fitting PowerLaw_05...
[2025-12-08 12:27:05]     ✓ AIC=2383.88, converged=True
[2025-12-08 12:27:05]   [20/66] Fitting PowerLaw_06...
[2025-12-08 12:27:05]     ✓ AIC=2387.73, converged=True
[2025-12-08 12:27:05]   [21/66] Fitting PowerLaw_07...
[2025-12-08 12:27:05]     ✓ AIC=2392.14, converged=True
[2025-12-08 12:27:05]   [22/66] Fitting PowerLaw_08...
[2025-12-08 12:27:05]     ✓ AIC=2397.03, converged=True
[2025-12-08 12:27:05]   [23/66] Fitting PowerLaw_09...
[2025-12-08 12:27:05]     ✓ AIC=2402.29, converged=True
[2025-12-08 12:27:05]   [24/66] Fitting PowerLaw_10...
[2025-12-08 12:27:05]     ✓ AIC=2407.85, converged=True
[2025-12-08 12:27:05]   [25/66] Fitting PowerLaw_Log...
[2025-12-08 12:27:06]     ✓ AIC=2377.62, converged=True
[2025-12-08 12:27:06]   [26/66] Fitting PowerLaw_Lin...
[2025-12-08 12:27:06]     ✓ AIC=2377.83, converged=True
[2025-12-08 12:27:06]   [27/66] Fitting SquareRoot...
[2025-12-08 12:27:06]     ✓ AIC=2376.48, converged=True
[2025-12-08 12:27:06]   [28/66] Fitting CubeRoot...
[2025-12-08 12:27:06]     ✓ AIC=2379.29, converged=True
[2025-12-08 12:27:06]   [29/66] Fitting FourthRoot...
[2025-12-08 12:27:06]     ✓ AIC=2385.77, converged=True
[2025-12-08 12:27:06]   [30/66] Fitting Root_033...
[2025-12-08 12:27:06]     ✓ AIC=2379.31, converged=True
[2025-12-08 12:27:06]   [31/66] Fitting Root_067...
[2025-12-08 12:27:06]     ✓ AIC=2385.36, converged=True
[2025-12-08 12:27:06]   [32/66] Fitting SquareRoot+Log...
[2025-12-08 12:27:07]     ✓ AIC=2377.79, converged=True
[2025-12-08 12:27:07]   [33/66] Fitting CubeRoot+Log...
[2025-12-08 12:27:07]     ✓ AIC=2377.53, converged=True
[2025-12-08 12:27:07]   [34/66] Fitting SquareRoot+Lin...
[2025-12-08 12:27:07]     ✓ AIC=2377.77, converged=True
[2025-12-08 12:27:07]   [35/66] Fitting Root_Multi...
[2025-12-08 12:27:07]     ✓ AIC=2378.08, converged=True
[2025-12-08 12:27:07]   [36/66] Fitting Reciprocal...
[2025-12-08 12:27:07]     ✓ AIC=2407.85, converged=True
[2025-12-08 12:27:07]   [37/66] Fitting Recip+Log...
[2025-12-08 12:27:07]     ✓ AIC=2377.61, converged=True
[2025-12-08 12:27:07]   [38/66] Fitting Recip+Lin...
[2025-12-08 12:27:08]     ✓ AIC=2378.46, converged=True
[2025-12-08 12:27:08]   [39/66] Fitting Recip+Quad...
[2025-12-08 12:27:08]     ✓ AIC=2380.19, converged=True
[2025-12-08 12:27:08]   [40/66] Fitting Recip_sq...
[2025-12-08 12:27:08]     ✓ AIC=2464.77, converged=True
[2025-12-08 12:27:08]   [41/66] Fitting Recip+PowerLaw...
[2025-12-08 12:27:08]     ✓ AIC=2378.14, converged=True
[2025-12-08 12:27:08]   [42/66] Fitting Exponential_proxy...
[2025-12-08 12:27:08]     ✓ AIC=2421.52, converged=True
[2025-12-08 12:27:08]   [43/66] Fitting Exp+Log...
[2025-12-08 12:27:09]     ✓ AIC=2377.64, converged=True
[2025-12-08 12:27:09]   [44/66] Fitting Exp+Lin...
[2025-12-08 12:27:09]     ✗ FAILED: Singular matrix
[2025-12-08 12:27:09]   [45/66] Fitting Exp_fast...
[2025-12-08 12:27:09]     ✓ AIC=2531.53, converged=True
[2025-12-08 12:27:09]   [46/66] Fitting Exp_slow...
[2025-12-08 12:27:09]     ✓ AIC=2376.48, converged=True
[2025-12-08 12:27:09]   [47/66] Fitting Exp+PowerLaw...
[2025-12-08 12:27:09]     ✓ AIC=2377.99, converged=True
[2025-12-08 12:27:09]   [48/66] Fitting Exp+Recip...
[2025-12-08 12:27:09]     ✓ AIC=2378.89, converged=True
[2025-12-08 12:27:09]   [49/66] Fitting Sin...
[2025-12-08 12:27:09]     ✓ AIC=2807.38, converged=True
[2025-12-08 12:27:09]   [50/66] Fitting Cos...
[2025-12-08 12:27:09]     ✓ AIC=2442.08, converged=True
[2025-12-08 12:27:09]   [51/66] Fitting Sin+Cos...
[2025-12-08 12:27:09]     ✓ AIC=2444.04, converged=True
[2025-12-08 12:27:09]   [52/66] Fitting Sin+Log...
[2025-12-08 12:27:10]     ✓ AIC=2377.70, converged=True
[2025-12-08 12:27:10]   [53/66] Fitting Tanh...
[2025-12-08 12:27:10]     ✓ AIC=2407.11, converged=True
[2025-12-08 12:27:10]   [54/66] Fitting Tanh+Log...
[2025-12-08 12:27:10]     ✓ AIC=2377.64, converged=True
[2025-12-08 12:27:10]   [55/66] Fitting Arctanh...
[2025-12-08 12:27:10]     ✓ AIC=2497.79, converged=True
[2025-12-08 12:27:10]   [56/66] Fitting Sinh...
[2025-12-08 12:27:10]     ✓ AIC=2430.99, converged=True
[2025-12-08 12:27:10]   [57/66] Fitting Log+PowerLaw05...
[2025-12-08 12:27:10]     ✓ AIC=2377.81, converged=True
[2025-12-08 12:27:10]   [58/66] Fitting Log+SquareRoot...
[2025-12-08 12:27:11]     ✓ AIC=2377.81, converged=True
[2025-12-08 12:27:11]   [59/66] Fitting Log+Recip...
[2025-12-08 12:27:11]     ✓ AIC=2378.07, converged=True
[2025-12-08 12:27:11]   [60/66] Fitting SquareRoot+PowerLaw...
[2025-12-08 12:27:11]     ✓ AIC=2377.93, converged=True
[2025-12-08 12:27:11]   [61/66] Fitting SquareRoot+Recip...
[2025-12-08 12:27:11]     ✓ AIC=2378.33, converged=True
[2025-12-08 12:27:11]   [62/66] Fitting Recip+PowerLaw05...
[2025-12-08 12:27:11]     ✓ AIC=2378.14, converged=True
[2025-12-08 12:27:11]   [63/66] Fitting Lin+Log+PowerLaw...
[2025-12-08 12:27:11]     ✓ AIC=2379.81, converged=True
[2025-12-08 12:27:11]   [64/66] Fitting Quad+Log+SquareRoot...
[2025-12-08 12:27:11]     ✓ AIC=2381.33, converged=True
[2025-12-08 12:27:11]   [65/66] Fitting PowerLaw+Recip+Log...
[2025-12-08 12:27:12]     ✓ AIC=2379.58, converged=True
[2025-12-08 12:27:12]   [66/66] Fitting Ultimate...
[2025-12-08 12:27:12]     ✓ AIC=2382.11, converged=True
[2025-12-08 12:27:12]   Successful fits: 65/66
[2025-12-08 12:27:12]   Failed fits: 1
[2025-12-08 12:27:12] Computing AIC comparison metrics...
[2025-12-08 12:27:12]   Minimum AIC: 2375.72
[2025-12-08 12:27:12]   delta_AIC range: [0.00, 431.66]
[2025-12-08 12:27:12]   Akaike weight sum: 1.000000 (should be 1.0)
[2025-12-08 12:27:12] Identifying best model...
[2025-12-08 12:27:12]   Best model: PowerLaw_01
[2025-12-08 12:27:12]   AIC: 2375.72
[2025-12-08 12:27:12]   Akaike weight: 0.0670 (6.7%)
[2025-12-08 12:27:12]   Uncertainty: High (<30% probability - weak support, consider model averaging)
[2025-12-08 12:27:12]   Log model (benchmark): Rank #4, AIC=2375.80, Δ=0.07, weight=0.0646
[2025-12-08 12:27:12] Validating AIC comparison metrics...
[2025-12-08 12:27:12]   ✓ Akaike weights sum to 1.0 (1.000000)
[2025-12-08 12:27:12]   ✓ All Akaike weights in (0, 1)
[2025-12-08 12:27:12]   ✓ Best model has delta_AIC = 0
[2025-12-08 12:27:12]   ✓ cumulative_weight monotonic increasing
[2025-12-08 12:27:12]   ✓ cumulative_weight ends at 1.0 (1.000000)
[2025-12-08 12:27:12] Preparing output dictionary...
[2025-12-08 12:27:12]   Competitive models (ΔAIC < 2): 14
[2025-12-08 12:27:12] Saving outputs to /home/etai/projects/REMEMVR/results/ch5/5.3.1/data...
[2025-12-08 12:27:12]   ✓ model_comparison.csv
[2025-12-08 12:27:12]   ✓ best_model_summary.txtKitchen sink comparison complete
Model comparison summary:
================================================================================
TOP 10 MODELS (out of 65):
--------------------------------------------------------------------------------
   1. PowerLaw_01               AIC=2375.72  ΔAIC=  0.00  weight= 6.70%
   2. Log2                      AIC=2375.80  ΔAIC=  0.07  weight= 6.46%
   3. Log10                     AIC=2375.80  ΔAIC=  0.07  weight= 6.46%
   4. Log                       AIC=2375.80  ΔAIC=  0.07  weight= 6.46%
   5. SquareRoot                AIC=2376.48  ΔAIC=  0.76  weight= 4.59%
   6. Exp_slow                  AIC=2376.48  ΔAIC=  0.76  weight= 4.59%
   7. PowerLaw_02               AIC=2376.54  ΔAIC=  0.82  weight= 4.45%
   8. CubeRoot+Log              AIC=2377.53  ΔAIC=  1.80  weight= 2.72%
   9. Recip+Log                 AIC=2377.61  ΔAIC=  1.89  weight= 2.61%
  10. PowerLaw_Log              AIC=2377.62  ΔAIC=  1.90  weight= 2.60%
================================================================================
BEST MODEL: PowerLaw_01
  AIC: 2375.72
  Weight: 6.70%
  Uncertainty: High
================================================================================

⚠️  WARNING: Best model weight < 30%
   Model uncertainty present (weight=6.7%)
   RECOMMENDATION: Run step05c_model_averaging.py
   See: Burnham & Anderson (2002) Model Selection section

Summary written to: step05_best_model_summary.txt
================================================================================
Step 05 complete
================================================================================
