Step 4: Merge Theta with TSVR Time Data
Loading Pass 2 theta estimates (wide format)...
step03_pass2_theta.csv (400 rows, 4 cols)
Theta columns: ['composite_ID', 'theta_Common', 'theta_Congruent', 'theta_Incongruent']
Loading TSVR time mapping...
step00_tsvr_mapping.csv (400 rows, 4 cols)
TSVR columns: ['composite_ID', 'UID', 'TSVR_hours', 'test']
Merging theta with TSVR on composite_ID (left join)...
Result: 400 rows, 7 cols
100% merge rate - all 400 theta observations matched with TSVR
Melting wide theta format to long format...
Result: 1200 rows (expected: 1200)
Congruences: ['Common', 'Congruent', 'Incongruent']
Extracting UID from composite_ID...
Extracted 100 unique UIDs
Adding time transformations for LMM...
log_TSVR range: [0.693, 5.510]
Saving LMM-ready input to step04_lmm_input.csv...
step04_lmm_input.csv (1200 rows, 7 cols)
Running inline validation checks...
Row count: 1200 rows = 400 theta rows * 3 domains
TSVR_hours range: [1.0, 246.2] exceeds expected 0-168 but acceptable
log_TSVR range: [0.693, 5.510] (expected max ~5.13)
No missing TSVR_hours (0 NaN values)
UID parsing successful (100 unique UIDs, sample: ['A010', 'A011', 'A012', 'A013', 'A014'])
Congruences correct: ['Common', 'Congruent', 'Incongruent']
Summary statistics by domain:
Common: N=400, theta mean=-0.755, SD=0.590
Congruent: N=400, theta mean=-0.791, SD=0.588
Incongruent: N=400, theta mean=-0.795, SD=0.588
Step 4 complete - LMM input ready with TSVR time variable
Step 4: Merge Theta with TSVR Time Data
Loading Pass 2 theta estimates (wide format)...
step03_pass2_theta.csv (400 rows, 4 cols)
Theta columns: ['composite_ID', 'theta_Common', 'theta_Congruent', 'theta_Incongruent']
Loading TSVR time mapping...
step00_tsvr_mapping.csv (400 rows, 4 cols)
TSVR columns: ['composite_ID', 'UID', 'TSVR_hours', 'test']
Merging theta with TSVR on composite_ID (left join)...
Result: 400 rows, 7 cols
100% merge rate - all 400 theta observations matched with TSVR
Melting wide theta format to long format...
Result: 1200 rows (expected: 1200)
Congruences: ['Common', 'Congruent', 'Incongruent']
Extracting UID from composite_ID...
Extracted 100 unique UIDs
Adding time transformations for LMM...
log_TSVR range: [0.693, 5.510]
Saving LMM-ready input to step04_lmm_input.csv...
step04_lmm_input.csv (1200 rows, 7 cols)
Running inline validation checks...
Row count: 1200 rows = 400 theta rows * 3 domains
TSVR_hours range: [1.0, 246.2] exceeds expected 0-168 but acceptable
log_TSVR range: [0.693, 5.510] (expected max ~5.13)
No missing TSVR_hours (0 NaN values)
UID parsing successful (100 unique UIDs, sample: ['A010', 'A011', 'A012', 'A013', 'A014'])
Congruences correct: ['Common', 'Congruent', 'Incongruent']
Summary statistics by domain:
Common: N=400, theta mean=-0.755, SD=0.590
Congruent: N=400, theta mean=-0.791, SD=0.588
Incongruent: N=400, theta mean=-0.795, SD=0.588
Step 4 complete - LMM input ready with TSVR time variable
Step 4: Merge Theta with TSVR Time Data
Loading Pass 2 theta estimates (wide format)...
step03_pass2_theta.csv (400 rows, 4 cols)
Theta columns: ['composite_ID', 'theta_Common', 'theta_Congruent', 'theta_Incongruent']
Loading TSVR time mapping...
step00_tsvr_mapping.csv (400 rows, 4 cols)
TSVR columns: ['composite_ID', 'UID', 'TSVR_hours', 'test']
Merging theta with TSVR on composite_ID (left join)...
Result: 400 rows, 7 cols
100% merge rate - all 400 theta observations matched with TSVR
Melting wide theta format to long format...
Result: 1200 rows (expected: 1200)
Congruences: ['Common', 'Congruent', 'Incongruent']
Extracting UID from composite_ID...
Extracted 100 unique UIDs
Adding time transformations for LMM...
log_TSVR range: [0.693, 5.510]
Saving LMM-ready input to step04_lmm_input.csv...
step04_lmm_input.csv (1200 rows, 7 cols)
Running inline validation checks...
Row count: 1200 rows = 400 theta rows * 3 domains
TSVR_hours range: [1.0, 246.2] exceeds expected 0-168 but acceptable
log_TSVR range: [0.693, 5.510] (expected max ~5.13)
No missing TSVR_hours (0 NaN values)
UID parsing successful (100 unique UIDs, sample: ['A010', 'A011', 'A012', 'A013', 'A014'])
Congruences correct: ['Common', 'Congruent', 'Incongruent']
Summary statistics by domain:
Common: N=400, theta mean=-0.071, SD=0.967
Congruent: N=400, theta mean=-0.069, SD=0.965
Incongruent: N=400, theta mean=-0.070, SD=0.961
Step 4 complete - LMM input ready with TSVR time variable
