Step 05: Fit LMM with Domain x Time Interaction
Loading LMM input data...
step04_lmm_input.csv (1200 rows, 7 cols)
Domains: ['Common', 'Congruent', 'Incongruent']
Participants: 100
Observations: 1200
Fitting LMM with formula: theta ~ C(congruence) * log_TSVR
Random effects: (1 | UID) - random intercept only
LMM fitting complete
Converged: True
AIC: 598.21
BIC: 638.93
Extracting fixed effects coefficients...
Number of fixed effects: 6
Fixed effect terms: ['Intercept', 'C(congruence)[T.Congruent]', 'C(congruence)[T.Incongruent]', 'log_TSVR', 'C(congruence)[T.Congruent]:log_TSVR', 'C(congruence)[T.Incongruent]:log_TSVR']
Fixed effects table created (6 rows)
Fixed Effects:
  Intercept: coef=-0.3406, p=0.0000 ***
  C(congruence)[T.Congruent]: coef=-0.0186, p=0.6603 
  C(congruence)[T.Incongruent]: coef=-0.0042, p=0.9205 
  log_TSVR: coef=-0.1232, p=0.0000 ***
  C(congruence)[T.Congruent]:log_TSVR: coef=-0.0054, p=0.6336 
  C(congruence)[T.Incongruent]:log_TSVR: coef=-0.0108, p=0.3376 
Domain x Time interaction terms found: ['C(congruence)[T.Congruent]:log_TSVR', 'C(congruence)[T.Incongruent]:log_TSVR']
C(congruence)[T.Congruent]:log_TSVR: p=0.6336 -> NULL (p >= 0.05)
C(congruence)[T.Incongruent]:log_TSVR: p=0.3376 -> NULL (p >= 0.05)
Saving fixed effects table...
step05_lmm_coefficients.csv (6 rows, 5 cols)
Saving full LMM summary...
step05_lmm_summary.txt
Running validate_lmm_convergence...
converged: True
message: LMM converged successfully
Step 05 complete - Domain x Time interaction tested
Step 05: Fit LMM with Domain x Time Interaction
Loading LMM input data...
step04_lmm_input.csv (1200 rows, 7 cols)
Domains: ['Common', 'Congruent', 'Incongruent']
Participants: 100
Observations: 1200
Fitting LMM with formula: theta ~ C(congruence) * log_TSVR
Random effects: (1 | UID) - random intercept only
LMM fitting complete
Converged: True
AIC: 2045.96
BIC: 2086.68
Extracting fixed effects coefficients...
Number of fixed effects: 6
Fixed effect terms: ['Intercept', 'C(congruence)[T.Congruent]', 'C(congruence)[T.Incongruent]', 'log_TSVR', 'C(congruence)[T.Congruent]:log_TSVR', 'C(congruence)[T.Incongruent]:log_TSVR']
Fixed effects table created (6 rows)
Fixed Effects:
  Intercept: coef=0.7246, p=0.0000 ***
  C(congruence)[T.Congruent]: coef=0.0276, p=0.7252 
  C(congruence)[T.Incongruent]: coef=0.0498, p=0.5268 
  log_TSVR: coef=-0.2367, p=0.0000 ***
  C(congruence)[T.Congruent]:log_TSVR: coef=-0.0076, p=0.7173 
  C(congruence)[T.Incongruent]:log_TSVR: coef=-0.0144, p=0.4919 
Domain x Time interaction terms found: ['C(congruence)[T.Congruent]:log_TSVR', 'C(congruence)[T.Incongruent]:log_TSVR']
C(congruence)[T.Congruent]:log_TSVR: p=0.7173 -> NULL (p >= 0.05)
C(congruence)[T.Incongruent]:log_TSVR: p=0.4919 -> NULL (p >= 0.05)
Saving fixed effects table...
step05_lmm_coefficients.csv (6 rows, 5 cols)
Saving full LMM summary...
step05_lmm_summary.txt
Running validate_lmm_convergence...
converged: True
message: LMM converged successfully
Step 05 complete - Domain x Time interaction tested
