Step 01: IRT Calibration Pass 1 (3-factor GRM on all TC_* items)
Model: 3-factor GRM, 5 categories
Fitting: batch_size=2048, mc_samples=1 (FAST mode), iw_samples=1
Scoring: mc_samples=1 (ACCURATE mode), iw_samples=1
Loading input data...
step00_irt_input.csv (400 rows, 73 cols)
step00_q_matrix.csv (72 items)
Q-matrix specifies 72 items across 3 factors
All 72 Q-matrix items found in data
Converting wide format to long format...
Long format created: 28800 observations (400 participants x 72 items)
Creating factor groups from Q-matrix...
'factor1_Common'
Full error details:
Traceback (most recent call last):
  File "/home/etai/projects/REMEMVR/.venv/lib/python3.12/site-packages/pandas/core/indexes/base.py", line 3812, in get_loc
    return self._engine.get_loc(casted_key)
           ^^^^^^^^^^^^^^^^^^^^^^^^^^^^^^^^
  File "pandas/_libs/index.pyx", line 167, in pandas._libs.index.IndexEngine.get_loc
  File "pandas/_libs/index.pyx", line 196, in pandas._libs.index.IndexEngine.get_loc
  File "pandas/_libs/hashtable_class_helper.pxi", line 7088, in pandas._libs.hashtable.PyObjectHashTable.get_item
  File "pandas/_libs/hashtable_class_helper.pxi", line 7096, in pandas._libs.hashtable.PyObjectHashTable.get_item
KeyError: 'factor1_Common'

The above exception was the direct cause of the following exception:

Traceback (most recent call last):
  File "/home/etai/projects/REMEMVR/results/ch6/6.5.1/code/step01_irt_calibration_pass1.py", line 252, in <module>
    items_in_factor = df_q_matrix[df_q_matrix[factor_col] == 1]['item_name'].tolist()
                                  ~~~~~~~~~~~^^^^^^^^^^^^
  File "/home/etai/projects/REMEMVR/.venv/lib/python3.12/site-packages/pandas/core/frame.py", line 4113, in __getitem__
    indexer = self.columns.get_loc(key)
              ^^^^^^^^^^^^^^^^^^^^^^^^^
  File "/home/etai/projects/REMEMVR/.venv/lib/python3.12/site-packages/pandas/core/indexes/base.py", line 3819, in get_loc
    raise KeyError(key) from err
KeyError: 'factor1_Common'
Step 01: IRT Calibration Pass 1 (3-factor GRM on all TC_* items)
Model: 3-factor GRM, 5 categories
Fitting: batch_size=2048, mc_samples=1 (FAST mode), iw_samples=1
Scoring: mc_samples=1 (ACCURATE mode), iw_samples=1
Loading input data...
step00_irt_input.csv (400 rows, 73 cols)
step00_q_matrix.csv (72 items)
Q-matrix specifies 72 items across 3 factors
All 72 Q-matrix items found in data
Converting wide format to long format...
Long format created: 28800 observations (400 participants x 72 items)
Creating factor groups from Q-matrix...
Common: 24 items
Congruent: 24 items
Incongruent: 24 items
Preparing IRT tensors via prepare_irt_input_from_long...
Tensors prepared:
  - response_matrix: torch.Size([400, 72]) (participants x items)
  - missing_mask: torch.Size([400, 72])
  - Q_matrix: torch.Size([72, 3]) (items x factors)
  - composite_ids: 400 IDs
  - item_list: 72 items
Configuring 3-factor GRM model via configure_irt_model...
Model configured: 72 items, 3 factors, 5 categories, correlated=True
Fitting GRM model via fit_irt_grm...
Using mc_samples=1 during fit (avoids timeout per RQ 6.1.1)
Model fitting complete
Extracting theta scores via extract_theta_from_irt...
Using mc_samples=100 during scoring (accurate theta estimates per RQ 6.1.1)
Theta extraction complete: 400 participants x 3 factors
Reconstructing composite_ID from UID and test...
Wide format: 400 rows, 4 columns
Extracting item parameters via extract_parameters_from_irt...
Parameter extraction complete: 72 items
Parameter columns: ['item_name', 'Difficulty', 'Overall_Discrimination', 'Discrim_Common', 'Discrim_Congruent', 'Discrim_Incongruent']
Saving Pass 1 outputs...
step01_pass1_item_params.csv (72 items, 6 cols)
step01_pass1_theta.csv (400 rows, 4 cols)
Running validation checks...
Checking parameter bounds...
Discrimination: min=1.980, max=6.143
Difficulty (b): min=0.052, max=1.183
Parameter bounds valid
Checking for NaN parameters...
No NaN parameters
Checking theta estimates...
Theta: min=-2.477, max=0.472
Theta estimates valid
Checking output row counts...
Output row counts correct (items=72, theta=400)
Step 01 complete - All validations passed
Pass 1 calibrated 72 items for 400 participants
Run Step 02 to purify items using quality thresholds (a >= 0.4, |b| <= 3.0)
Step 01: IRT Calibration Pass 1 (3-factor GRM on all TC_* items)
Model: 3-factor GRM, 5 categories
Fitting: batch_size=2048, mc_samples=1 (FAST mode), iw_samples=100
Scoring: mc_samples=100 (ACCURATE mode), iw_samples=100
Loading input data...
step00_irt_input.csv (400 rows, 73 cols)
step00_q_matrix.csv (72 items)
Q-matrix specifies 72 items across 3 factors
All 72 Q-matrix items found in data
Converting wide format to long format...
Long format created: 28800 observations (400 participants x 72 items)
Creating factor groups from Q-matrix...
Common: 24 items
Congruent: 24 items
Incongruent: 24 items
Preparing IRT tensors via prepare_irt_input_from_long...
Tensors prepared:
  - response_matrix: torch.Size([400, 72]) (participants x items)
  - missing_mask: torch.Size([400, 72])
  - Q_matrix: torch.Size([72, 3]) (items x factors)
  - composite_ids: 400 IDs
  - item_list: 72 items
Configuring 3-factor GRM model via configure_irt_model...
Model configured: 72 items, 3 factors, 5 categories, correlated=True
Fitting GRM model via fit_irt_grm...
Using mc_samples=1 during fit (avoids timeout per RQ 6.1.1)
Model fitting complete
Extracting theta scores via extract_theta_from_irt...
Using mc_samples=100 during scoring (accurate theta estimates per RQ 6.1.1)
Theta extraction complete: 400 participants x 3 factors
Reconstructing composite_ID from UID and test...
Wide format: 400 rows, 4 columns
Extracting item parameters via extract_parameters_from_irt...
Parameter extraction complete: 72 items
Parameter columns: ['item_name', 'Difficulty', 'Overall_Discrimination', 'Discrim_Common', 'Discrim_Congruent', 'Discrim_Incongruent']
Saving Pass 1 outputs...
step01_pass1_item_params.csv (72 items, 6 cols)
step01_pass1_theta.csv (400 rows, 4 cols)
Running validation checks...
Checking parameter bounds...
Discrimination: min=1.964, max=6.352
Difficulty (b): min=0.059, max=1.206
Parameter bounds valid
Checking for NaN parameters...
No NaN parameters
Checking theta estimates...
Theta: min=-2.687, max=0.452
Theta estimates valid
Checking output row counts...
Output row counts correct (items=72, theta=400)
Step 01 complete - All validations passed
Pass 1 calibrated 72 items for 400 participants
Run Step 02 to purify items using quality thresholds (a >= 0.4, |b| <= 3.0)
Step 01: IRT Calibration Pass 1 (3-factor GRM on all TC_* items)
Model: 3-factor GRM, 5 categories
Fitting: batch_size=2048, mc_samples=1 (FAST mode), iw_samples=100
Scoring: mc_samples=100 (ACCURATE mode), iw_samples=100
Loading input data...
step00_irt_input.csv (400 rows, 73 cols)
step00_q_matrix.csv (72 items)
Q-matrix specifies 72 items across 3 factors
All 72 Q-matrix items found in data
Converting wide format to long format...
Long format created: 28800 observations (400 participants x 72 items)
Creating factor groups from Q-matrix...
'factor_common'
Full error details:
Traceback (most recent call last):
  File "/home/etai/projects/REMEMVR/.venv/lib/python3.12/site-packages/pandas/core/indexes/base.py", line 3812, in get_loc
    return self._engine.get_loc(casted_key)
           ^^^^^^^^^^^^^^^^^^^^^^^^^^^^^^^^
  File "pandas/_libs/index.pyx", line 167, in pandas._libs.index.IndexEngine.get_loc
  File "pandas/_libs/index.pyx", line 196, in pandas._libs.index.IndexEngine.get_loc
  File "pandas/_libs/hashtable_class_helper.pxi", line 7088, in pandas._libs.hashtable.PyObjectHashTable.get_item
  File "pandas/_libs/hashtable_class_helper.pxi", line 7096, in pandas._libs.hashtable.PyObjectHashTable.get_item
KeyError: 'factor_common'

The above exception was the direct cause of the following exception:

Traceback (most recent call last):
  File "/home/etai/projects/REMEMVR/results/ch6/6.5.1/code/step01_irt_calibration_pass1.py", line 253, in <module>
    items_in_factor = df_q_matrix[df_q_matrix[factor_col] == 1]['item_name'].tolist()
                                  ~~~~~~~~~~~^^^^^^^^^^^^
  File "/home/etai/projects/REMEMVR/.venv/lib/python3.12/site-packages/pandas/core/frame.py", line 4113, in __getitem__
    indexer = self.columns.get_loc(key)
              ^^^^^^^^^^^^^^^^^^^^^^^^^
  File "/home/etai/projects/REMEMVR/.venv/lib/python3.12/site-packages/pandas/core/indexes/base.py", line 3819, in get_loc
    raise KeyError(key) from err
KeyError: 'factor_common'
Step 01: IRT Calibration Pass 1 (3-factor GRM on all TC_* items)
Model: 3-factor GRM, 5 categories
Fitting: batch_size=2048, mc_samples=1 (FAST mode), iw_samples=100
Scoring: mc_samples=100 (ACCURATE mode), iw_samples=100
Loading input data...
step00_irt_input.csv (400 rows, 73 cols)
step00_q_matrix.csv (72 items)
Q-matrix specifies 72 items across 3 factors
All 72 Q-matrix items found in data
Converting wide format to long format...
Long format created: 28800 observations (400 participants x 72 items)
Creating factor groups from Q-matrix...
Common: 24 items
Congruent: 24 items
Incongruent: 24 items
Preparing IRT tensors via prepare_irt_input_from_long...
Tensors prepared:
  - response_matrix: torch.Size([400, 72]) (participants x items)
  - missing_mask: torch.Size([400, 72])
  - Q_matrix: torch.Size([72, 3]) (items x factors)
  - composite_ids: 400 IDs
  - item_list: 72 items
Configuring 3-factor GRM model via configure_irt_model...
Model configured: 72 items, 3 factors, 5 categories, correlated=True
Fitting GRM model via fit_irt_grm...
Using mc_samples=1 during fit (avoids timeout per RQ 6.1.1)
Model fitting complete
Extracting theta scores via extract_theta_from_irt...
Using mc_samples=100 during scoring (accurate theta estimates per RQ 6.1.1)
Theta extraction complete: 400 participants x 3 factors
Reconstructing composite_ID from UID and test...
Wide format: 400 rows, 4 columns
Extracting item parameters via extract_parameters_from_irt...
Parameter extraction complete: 72 items
Parameter columns: ['item_name', 'Difficulty', 'Overall_Discrimination', 'Discrim_Common', 'Discrim_Congruent', 'Discrim_Incongruent']
Saving Pass 1 outputs...
step01_pass1_item_params.csv (72 items, 6 cols)
step01_pass1_theta.csv (400 rows, 4 cols)
Running validation checks...
Checking parameter bounds...
Discrimination: min=0.769, max=1.996
Difficulty (b): min=-2.744, max=2.017
Parameter bounds valid
Checking for NaN parameters...
No NaN parameters
Checking theta estimates...
Theta: min=-3.019, max=3.010
Theta estimates valid
Checking output row counts...
Output row counts correct (items=72, theta=400)
Step 01 complete - All validations passed
Pass 1 calibrated 72 items for 400 participants
Run Step 02 to purify items using quality thresholds (a >= 0.4, |b| <= 3.0)
