Step 03: Fit Final K-means Model with Optimal K
Loading standardized features...
standardized_features (100 rows, 3 cols)
Feature matrix shape: (100, 2)
Reading optimal K from Step 2...
Optimal K from Step 2 (BIC minimum): K_initial = 2
Starting K-means fitting with K=2...
Min cluster size threshold: 10 (10% of N=100)
Fitting K-means with K=2 (random_state=42, n_init=50)...
Cluster sizes (K=2): {np.int32(0): np.int64(69), np.int32(1): np.int64(31)}
All clusters meet size threshold (min size = 31 >= 10)
Final K-means fit complete with K_final = 2
Extracting cluster assignments...
Cluster assignments shape: (100, 2)
Extracting cluster centers...
Cluster centers shape: (2, 3)
Saving cluster assignments to data/step03_cluster_assignments.csv...
step03_cluster_assignments.csv (100 rows, 2 cols)
Saving cluster centers to data/step03_cluster_centers.csv...
step03_cluster_centers.csv (2 rows, 3 cols)
Running validate_cluster_assignment...
PASS - Valid cluster assignment: 2 clusters, sizes {0: 69, 1: 31}
Cluster sizes: {0: 69, 1: 31}
Step 03 complete - K_final=2, all clusters meet size threshold
Step 03: Fit Final K-means Model with Optimal K
Loading standardized features...
standardized_features (100 rows, 3 cols)
Feature matrix shape: (100, 2)
Reading optimal K from Step 2...
Optimal K from Step 2 (BIC minimum): K_initial = 3
Starting K-means fitting with K=3...
Min cluster size threshold: 10 (10% of N=100)
Fitting K-means with K=3 (random_state=42, n_init=50)...
Cluster sizes (K=3): {np.int32(0): np.int64(25), np.int32(1): np.int64(44), np.int32(2): np.int64(31)}
All clusters meet size threshold (min size = 25 >= 10)
Final K-means fit complete with K_final = 3
Extracting cluster assignments...
Cluster assignments shape: (100, 2)
Extracting cluster centers...
Cluster centers shape: (3, 3)
Saving cluster assignments to data/step03_cluster_assignments.csv...
step03_cluster_assignments.csv (100 rows, 2 cols)
Saving cluster centers to data/step03_cluster_centers.csv...
step03_cluster_centers.csv (3 rows, 3 cols)
Running validate_cluster_assignment...
PASS - Valid cluster assignment: 3 clusters, sizes {1: 44, 2: 31, 0: 25}
Cluster sizes: {1: 44, 2: 31, 0: 25}
Step 03 complete - K_final=3, all clusters meet size threshold
