Step 7: Prepare Scatter Plot Data
Loading standardized features...
standardized_features (100 rows, 3 cols)
Loading cluster assignments...
cluster_assignments (100 rows, 2 cols)
Loading cluster centers...
cluster_centers (2 rows, 3 cols)
Loading silhouette score...
silhouette_score = 0.594
Merging standardized features with cluster assignments...
Merged data: 100 rows (expected 100)
Creating scatter plot data CSV...
data/step07_scatter_plot_data.csv (100 rows, 3 cols)
Creating cluster centers CSV...
data/step07_scatter_plot_centers.csv (2 rows, 3 cols)
Creating plot metadata YAML...
data/step07_scatter_plot_metadata.yaml (silhouette=0.594, K=2)
Running validate_plot_data_completeness...
valid: True
message: Plot data complete: 2 domains, 0 groups.
Additional clustering-specific checks...
Participant rows: 100 (expected 100) Center rows: 2 (expected 2) Cluster IDs match: [np.int64(0), np.int64(1)] No NaN values Step 7 complete
Step 7: Prepare Scatter Plot Data
Loading standardized features...
standardized_features (100 rows, 3 cols)
Loading cluster assignments...
cluster_assignments (100 rows, 2 cols)
Loading cluster centers...
cluster_centers (3 rows, 3 cols)
Loading silhouette score...
silhouette_score = 0.408
Merging standardized features with cluster assignments...
Merged data: 100 rows (expected 100)
Creating scatter plot data CSV...
data/step07_scatter_plot_data.csv (100 rows, 3 cols)
Creating cluster centers CSV...
data/step07_scatter_plot_centers.csv (3 rows, 3 cols)
Creating plot metadata YAML...
data/step07_scatter_plot_metadata.yaml (silhouette=0.408, K=3)
Running validate_plot_data_completeness...
valid: True
message: Plot data complete: 3 domains, 0 groups.
Additional clustering-specific checks...
Participant rows: 100 (expected 100) Center rows: 3 (expected 3) Cluster IDs match: [np.int64(0), np.int64(1), np.int64(2)] No NaN values Step 7 complete
