Step 5: Compare Fixed Effects Between IRT and CTT Models
Loading IRT fixed effects...
IRT fixed effects: 9 rows, 5 columns
IRT columns: ['term', 'estimate', 'SE', 'z', 'p_uncorrected']
Loading CTT fixed effects...
CTT fixed effects: 9 rows, 5 columns
CTT columns: ['term', 'estimate', 'SE', 'z', 'p_uncorrected']
Merging IRT and CTT fixed effects on term...
3 coefficients present in both models
Classifying significance (alpha = 0.05)...
IRT significant: 2/3 coefficients
CTT significant: 2/3 coefficients
Computing agreement classification...
Raw agreement: 3/3 = 100.0%
Computing Cohen's kappa (all coefficients)...
All coefficients: kappa = 1.000
Interpretation: Almost perfect agreement
Computing Cohen's kappa (interaction terms only)...
No interaction terms found
Computing beta ratios (CTT / IRT)...
Mean ratio: 0.486
Median ratio: 0.232
Range: [0.126, 1.098]
Flagging large coefficient discrepancies...
1/3 coefficients flagged (|diff| > 2.0*SE)
Flagged terms: ['log_TSVR']
Preparing output columns...
Saving coefficient comparison table...
/home/etai/projects/REMEMVR/results/ch5/rq11/results/step05_coefficient_comparison.csv (3 rows, 12 columns)
Creating agreement metrics summary...
Agreement metrics:
  raw_agreement_pct: 100.000 (threshold: 80.00)
  kappa_all_coefficients: 1.000 (threshold: 0.60)
  kappa_interactions_only: nan (threshold: 0.60)
Saving agreement metrics...
/home/etai/projects/REMEMVR/results/ch5/rq11/results/step05_agreement_metrics.csv (3 rows, 4 columns)
Validating coefficient comparison structure...
Coefficient comparison validation failed: DataFrame structure validation failed: Expected 8-12 rows, found 3
Full error details:
Traceback (most recent call last):
  File "/home/etai/projects/REMEMVR/results/ch5/rq11/code/step05_compare_coefficients.py", line 518, in <module>
    raise ValueError(f"Coefficient comparison validation failed: {coef_validation['message']}")
ValueError: Coefficient comparison validation failed: DataFrame structure validation failed: Expected 8-12 rows, found 3
Step 5: Compare Fixed Effects Between IRT and CTT Models
Loading IRT fixed effects...
IRT fixed effects: 9 rows, 5 columns
IRT columns: ['term', 'estimate', 'SE', 'z', 'p_uncorrected']
Loading CTT fixed effects...
CTT fixed effects: 9 rows, 5 columns
CTT columns: ['term', 'estimate', 'SE', 'z', 'p_uncorrected']
Merging IRT and CTT fixed effects on term...
3 coefficients present in both models
Classifying significance (alpha = 0.05)...
IRT significant: 2/3 coefficients
CTT significant: 2/3 coefficients
Computing agreement classification...
Raw agreement: 3/3 = 100.0%
Computing Cohen's kappa (all coefficients)...
All coefficients: kappa = 1.000
Interpretation: Almost perfect agreement
Computing Cohen's kappa (interaction terms only)...
No interaction terms found
Computing beta ratios (CTT / IRT)...
Mean ratio: 0.486
Median ratio: 0.232
Range: [0.126, 1.098]
Flagging large coefficient discrepancies...
1/3 coefficients flagged (|diff| > 2.0*SE)
Flagged terms: ['log_TSVR']
Preparing output columns...
Saving coefficient comparison table...
/home/etai/projects/REMEMVR/results/ch5/rq11/results/step05_coefficient_comparison.csv (3 rows, 12 columns)
Creating agreement metrics summary...
Agreement metrics:
  raw_agreement_pct: 100.000 (threshold: 80.00)
  kappa_all_coefficients: 1.000 (threshold: 0.60)
  kappa_interactions_only: nan (threshold: 0.60)
Saving agreement metrics...
/home/etai/projects/REMEMVR/results/ch5/rq11/results/step05_agreement_metrics.csv (3 rows, 4 columns)
Validating coefficient comparison structure...
Coefficient comparison: DataFrame structure valid: 3 rows, 12 columns (required: 12).
Validating agreement metrics structure...
Agreement metrics: DataFrame structure valid: 3 rows, 4 columns (required: 4).
Checking for NaN values...
No NaN values in p-values or estimates
Checking Cohen's kappa range...
Cohen's kappa in valid range [-1, 1]
Step 5 complete
Key findings:
  - Compared 3 coefficients across IRT and CTT models
  - Raw agreement: 100.0%
  - Cohen's kappa: 1.000 (Almost perfect agreement)
  - Flagged 1 large discrepancies
Step 5: Compare Fixed Effects Between IRT and CTT Models
Loading IRT fixed effects...
IRT fixed effects: 9 rows, 5 columns
IRT columns: ['term', 'estimate', 'SE', 'z', 'p_uncorrected']
Loading CTT fixed effects...
CTT fixed effects: 9 rows, 5 columns
CTT columns: ['term', 'estimate', 'SE', 'z', 'p_uncorrected']
Fixing domain case mismatch in term names...
IRT terms: ['Intercept', 'C(domain)[T.When]', 'C(domain)[T.Where]', 'TSVR_hours', 'TSVR_hours:C(domain)[T.When]', 'TSVR_hours:C(domain)[T.Where]', 'log_TSVR', 'log_TSVR:C(domain)[T.When]', 'log_TSVR:C(domain)[T.Where]']
CTT terms: ['Intercept', 'C(domain)[T.When]', 'C(domain)[T.Where]', 'TSVR_hours', 'TSVR_hours:C(domain)[T.When]', 'TSVR_hours:C(domain)[T.Where]', 'log_TSVR', 'log_TSVR:C(domain)[T.When]', 'log_TSVR:C(domain)[T.Where]']
Merging IRT and CTT fixed effects on term...
9 coefficients present in both models
Classifying significance (alpha = 0.05)...
IRT significant: 4/9 coefficients
CTT significant: 5/9 coefficients
Computing agreement classification...
Raw agreement: 8/9 = 88.9%
Computing Cohen's kappa (all coefficients)...
All coefficients: kappa = 0.780
Interpretation: Substantial agreement
Computing Cohen's kappa (interaction terms only)...
Interaction terms: kappa = 1.000 (n=4)
Computing beta ratios (CTT / IRT)...
Mean ratio: -0.286
Median ratio: 0.126
Range: [-5.464, 1.461]
Flagging large coefficient discrepancies...
1/9 coefficients flagged (|diff| > 2.0*SE)
Flagged terms: ['log_TSVR']
Preparing output columns...
Saving coefficient comparison table...
/home/etai/projects/REMEMVR/results/ch5/rq11/results/step05_coefficient_comparison.csv (9 rows, 12 columns)
Creating agreement metrics summary...
Agreement metrics:
  raw_agreement_pct: 88.889 (threshold: 80.00)
  kappa_all_coefficients: 0.780 (threshold: 0.60)
  kappa_interactions_only: 1.000 (threshold: 0.60)
Saving agreement metrics...
/home/etai/projects/REMEMVR/results/ch5/rq11/results/step05_agreement_metrics.csv (3 rows, 4 columns)
Validating coefficient comparison structure...
Coefficient comparison: DataFrame structure valid: 9 rows, 12 columns (required: 12).
Validating agreement metrics structure...
Agreement metrics: DataFrame structure valid: 3 rows, 4 columns (required: 4).
Checking for NaN values...
No NaN values in p-values or estimates
Checking Cohen's kappa range...
Cohen's kappa in valid range [-1, 1]
Step 5 complete
Key findings:
  - Compared 9 coefficients across IRT and CTT models
  - Raw agreement: 88.9%
  - Cohen's kappa: 0.780 (Substantial agreement)
  - Flagged 1 large discrepancies
Step 5: Compare Fixed Effects Between IRT and CTT Models
Loading IRT fixed effects...
IRT fixed effects: 6 rows, 5 columns
IRT columns: ['term', 'estimate', 'SE', 'z', 'p_uncorrected']
Loading CTT fixed effects...
CTT fixed effects: 6 rows, 5 columns
CTT columns: ['term', 'estimate', 'SE', 'z', 'p_uncorrected']
Fixing domain case mismatch in term names...
IRT terms: ['Intercept', 'C(domain)[T.Where]', 'TSVR_hours', 'TSVR_hours:C(domain)[T.Where]', 'log_TSVR', 'log_TSVR:C(domain)[T.Where]']
CTT terms: ['Intercept', 'C(domain)[T.Where]', 'TSVR_hours', 'TSVR_hours:C(domain)[T.Where]', 'log_TSVR', 'log_TSVR:C(domain)[T.Where]']
Merging IRT and CTT fixed effects on term...
6 coefficients present in both models
Classifying significance (alpha = 0.05)...
IRT significant: 2/6 coefficients
CTT significant: 3/6 coefficients
Computing agreement classification...
Raw agreement: 5/6 = 83.3%
Computing Cohen's kappa (all coefficients)...
All coefficients: kappa = 0.667
Interpretation: Substantial agreement
Computing Cohen's kappa (interaction terms only)...
Interaction terms: kappa = 0.000 (n=2)
Computing beta ratios (CTT / IRT)...
Mean ratio: -0.684
Median ratio: 0.120
Range: [-5.464, 1.100]
Flagging large coefficient discrepancies...
2/6 coefficients flagged (|diff| > 2.0*SE)
Flagged terms: ['C(domain)[T.Where]', 'log_TSVR']
Preparing output columns...
Saving coefficient comparison table...
/home/etai/projects/REMEMVR/results/ch5/5.2.4/results/step05_coefficient_comparison.csv (6 rows, 12 columns)
Creating agreement metrics summary...
Agreement metrics:
  raw_agreement_pct: 83.333 (threshold: 80.00)
  kappa_all_coefficients: 0.667 (threshold: 0.60)
  kappa_interactions_only: 0.000 (threshold: 0.60)
Saving agreement metrics...
/home/etai/projects/REMEMVR/results/ch5/5.2.4/results/step05_agreement_metrics.csv (3 rows, 4 columns)
Validating coefficient comparison structure...
Coefficient comparison: DataFrame structure valid: 6 rows, 12 columns (required: 12).
Validating agreement metrics structure...
Agreement metrics: DataFrame structure valid: 3 rows, 4 columns (required: 4).
Checking for NaN values...
No NaN values in p-values or estimates
Checking Cohen's kappa range...
Cohen's kappa in valid range [-1, 1]
Step 5 complete
Key findings:
  - Compared 6 coefficients across IRT and CTT models
  - Raw agreement: 83.3%
  - Cohen's kappa: 0.667 (Substantial agreement)
  - Flagged 2 large discrepancies
Step 5: Compare Fixed Effects Between IRT and CTT Models
Loading IRT fixed effects...
IRT fixed effects: 4 rows, 5 columns
IRT columns: ['term', 'estimate', 'SE', 'z', 'p_uncorrected']
Loading CTT fixed effects...
CTT fixed effects: 4 rows, 5 columns
CTT columns: ['term', 'estimate', 'SE', 'z', 'p_uncorrected']
Fixing domain case mismatch in term names...
IRT terms: ['Intercept', 'C(domain)[T.Where]', 'log_TSVR', 'log_TSVR:C(domain)[T.Where]']
CTT terms: ['Intercept', 'C(domain)[T.Where]', 'log_TSVR', 'log_TSVR:C(domain)[T.Where]']
Merging IRT and CTT fixed effects on term...
4 coefficients present in both models
Classifying significance (alpha = 0.05)...
IRT significant: 2/4 coefficients
CTT significant: 3/4 coefficients
Computing agreement classification...
Raw agreement: 3/4 = 75.0%
Computing Cohen's kappa (all coefficients)...
All coefficients: kappa = 0.500
Interpretation: Moderate agreement
Computing Cohen's kappa (interaction terms only)...
Interaction terms: kappa = 0.000 (n=1)
Computing beta ratios (CTT / IRT)...
Mean ratio: -0.049
Median ratio: 0.595
Range: [-2.469, 1.083]
Flagging large coefficient discrepancies...
2/4 coefficients flagged (|diff| > 2.0*SE)
Flagged terms: ['C(domain)[T.Where]', 'log_TSVR']
Preparing output columns...
Saving coefficient comparison table...
/home/etai/projects/REMEMVR/results/ch5/5.2.4/results/step05_coefficient_comparison.csv (4 rows, 12 columns)
Creating agreement metrics summary...
Agreement metrics:
  raw_agreement_pct: 75.000 (threshold: 80.00)
  kappa_all_coefficients: 0.500 (threshold: 0.60)
  kappa_interactions_only: 0.000 (threshold: 0.60)
Saving agreement metrics...
/home/etai/projects/REMEMVR/results/ch5/5.2.4/results/step05_agreement_metrics.csv (3 rows, 4 columns)
Validating coefficient comparison structure...
Coefficient comparison: DataFrame structure valid: 4 rows, 12 columns (required: 12).
Validating agreement metrics structure...
Agreement metrics: DataFrame structure valid: 3 rows, 4 columns (required: 4).
Checking for NaN values...
No NaN values in p-values or estimates
Checking Cohen's kappa range...
Cohen's kappa in valid range [-1, 1]
Step 5 complete
Key findings:
  - Compared 4 coefficients across IRT and CTT models
  - Raw agreement: 75.0%
  - Cohen's kappa: 0.500 (Moderate agreement)
  - Flagged 2 large discrepancies
