Step 6: Sensitivity Analysis
Loading original merged data...
step01_merged_data.csv (100 rows, 6 cols)
Clean data for sensitivity analysis: 100 participants
Detecting outliers...
Computing Cook's distance...
Cook's distance: 5 outliers detected
Computing Mahalanobis distance...
Mahalanobis distance: 5 outliers detected
Creating tertile-based calibration groups...
Tertile group sizes: {'Well-calibrated': np.int64(34), 'Underconfident': np.int64(33), 'Overconfident': np.int64(33)}
Tertile ANOVA for education...
Tertile education: F = 0.027, p = 0.973
Tertile ANOVA for rpm...
Tertile rpm: F = 2.117, p = 0.126
Tertile ANOVA for age...
Tertile age: F = 0.090, p = 0.914
Running bootstrap stability analysis...
Creating robustness summary...
Saving sensitivity analysis outputs...
step06_outlier_analysis.csv (2 rows, 5 cols)
step06_tertile_reanalysis.csv (3 rows, 6 cols)
step06_robustness_summary.csv (3 rows, 6 cols)
Running validate_bootstrap_stability...
valid: False
message: Unstable clustering: mean Jaccard=0.193 (<0.75)
mean_jaccard: 0.19262004189970144
ci_lower: 0.10700819672131148
ci_upper: 0.28480392156862744
Sensitivity Analysis Summary:
  Total outliers detected: 10 participants
  Average Jaccard similarity: 0.193
  Robustness classifications:
    robust: 0 analyses
    moderate: 0 analyses
    sensitive: 0 analyses
    unknown: 3 analyses
Step 6 complete
