Step 5: Effect Sizes and Power Analysis
Loading ANOVA results...
step03_anova_results.csv (3 rows, 7 cols)
Loading correlation results...
step04_correlations.csv (3 rows, 8 cols)
Loading raw group data...
step02_calibration_groups.csv (100 rows, 9 cols)
Computing pairwise Cohen's d effect sizes...
Computing Cohen's d: Underconfident vs Well-calibrated on education...
Underconfident vs Well-calibrated on education: d = -0.028 (negligible)
Computing Cohen's d: Underconfident vs Overconfident on education...
Underconfident vs Overconfident on education: d = -0.009 (negligible)
Computing Cohen's d: Well-calibrated vs Overconfident on education...
Well-calibrated vs Overconfident on education: d = 0.017 (negligible)
Computing Cohen's d: Underconfident vs Well-calibrated on rpm...
Underconfident vs Well-calibrated on rpm: d = -0.608 (medium)
Computing Cohen's d: Underconfident vs Overconfident on rpm...
Underconfident vs Overconfident on rpm: d = -0.486 (small)
Computing Cohen's d: Well-calibrated vs Overconfident on rpm...
Well-calibrated vs Overconfident on rpm: d = 0.149 (negligible)
Computing Cohen's d: Underconfident vs Well-calibrated on age...
Underconfident vs Well-calibrated on age: d = 0.011 (negligible)
Computing Cohen's d: Underconfident vs Overconfident on age...
Underconfident vs Overconfident on age: d = 0.061 (negligible)
Computing Cohen's d: Well-calibrated vs Overconfident on age...
Well-calibrated vs Overconfident on age: d = 0.048 (negligible)
Computing Cohen's f² and power analysis...
Correlation residual_vs_education: r = -0.006, power = 0.008
Correlation residual_vs_rpm: r = 0.108, power = 0.008
Correlation residual_vs_age: r = -0.018, power = 0.008
Saving effect sizes and power analysis...
step05_effect_sizes.csv (9 rows, 8 cols)
step05_power_analysis.csv (3 rows, 6 cols)
Running validate_effect_sizes...
valid: True
message: All effect sizes valid (n=9, range=[0.000, 0.092]).
warnings: []
Effect Size and Power Summary:
  Cohen's d Effect Sizes:
    negligible: 7 comparisons
    small: 1 comparisons
    medium: 1 comparisons
    large: 0 comparisons
  Achieved Power:
    Well-powered (>80%): 0 tests
    Underpowered (<80%): 3 tests
Step 5 complete
