Step 09: Individual Predictors Analysis
Loading regression results and analysis data...
Analyzing individual cognitive predictors...
Identifying strongest predictor...
Strongest predictor: RPM_T (sr² = 0.0000)
RPM > RAVLT & BVMT: True
RPM sr² = 0.0000, RAVLT sr² = 0.0000, BVMT sr² = 0.0000
Saving individual predictor results...
step09_individual_predictors.csv (3 cognitive predictors)
step09_predictor_summary.csv
Step 09 complete
Step 09: Individual Predictors Analysis
Loading regression results and analysis data...
Analyzing individual cognitive predictors...
Identifying strongest predictor...
Strongest predictor: RPM_T (sr² = 0.0004)
RPM > RAVLT & BVMT: True
RPM sr² = 0.0004, RAVLT sr² = 0.0000, BVMT sr² = 0.0000
Saving individual predictor results...
step09_individual_predictors.csv (3 cognitive predictors)
step09_predictor_summary.csv
Step 09 complete
Step 09: Individual Predictors Analysis
Loading regression results and analysis data...
Analyzing individual cognitive predictors...
Identifying strongest predictor...
Strongest predictor: RPM_T (sr² = 0.0004)
RPM > RAVLT & BVMT (learning): True
RPM sr² = 0.0004, RAVLT sr² = 0.0001, BVMT sr² = 0.0000
RAVLT_Pct_Ret sr² = 0.0000, BVMT_Pct_Ret sr² = 0.0002
Saving individual predictor results...
step09_individual_predictors.csv (5 cognitive predictors)
step09_predictor_summary.csv
Step 09 complete
