Step 10: Accuracy Comparison
Loading calibration prediction results...
Looking for accuracy prediction results...
Creating calibration vs accuracy comparison...
No accuracy prediction results found for comparison
Saving comparison results...
step10_accuracy_comparison.csv
step10_interpretation.csv
Step 10 complete
Step 10: Accuracy Comparison
Loading calibration prediction results...
Looking for accuracy prediction results...
Creating calibration vs accuracy comparison...
No accuracy prediction results found for comparison
Saving comparison results...
step10_accuracy_comparison.csv
step10_interpretation.csv
Step 10 complete
Step 10: Accuracy Comparison
Loading calibration prediction results...
Looking for accuracy prediction results...
Accuracy results from RQ 7.3.1: R² = 0.1875
Creating calibration vs accuracy comparison...
Calibration prediction R² = 0.0238
Accuracy prediction R² = 0.1875
Calibration harder to predict: True
R² difference = 0.1637
Saving comparison results...
step10_accuracy_comparison.csv
step10_interpretation.csv
Step 10 complete
Step 10: Accuracy Comparison
Loading calibration prediction results...
Looking for accuracy prediction results...
Accuracy results from RQ 7.3.1: R² = 0.1875
Creating calibration vs accuracy comparison...
Calibration prediction R² = 0.0589
Accuracy prediction R² = 0.1875
Calibration harder to predict: True
R² difference = 0.1287
Saving comparison results...
step10_accuracy_comparison.csv
step10_interpretation.csv
Step 10 complete
Step 10: Accuracy Comparison
Loading calibration prediction results...
Looking for accuracy prediction results...
Accuracy results from RQ 7.3.1: R² = 0.2488
Creating calibration vs accuracy comparison...
Calibration prediction R² = 0.0715
Accuracy prediction R² = 0.2488
Calibration harder to predict: True
R² difference = 0.1774
Saving comparison results...
step10_accuracy_comparison.csv
step10_interpretation.csv
Step 10 complete
