Step 08: Effect Sizes
Loading regression results...
Computing effect sizes...
Saving effect size results...
step08_effect_sizes.csv (6 predictors)
step08_effect_summary.csv
Overall R² = 0.0238, f² = 0.0244
Predictors with at least small effect: 0/6
Step 08 complete
Step 08: Effect Sizes
Loading regression results...
Computing effect sizes...
Saving effect size results...
step08_effect_sizes.csv (6 predictors)
step08_effect_summary.csv
Overall R² = 0.0589, f² = 0.0625
Predictors with at least small effect: 0/6
Step 08 complete
Step 08: Effect Sizes
Loading regression results...
Computing effect sizes...
Saving effect size results...
step08_effect_sizes.csv (8 predictors)
step08_effect_summary.csv
Overall R² = 0.0715, f² = 0.0770
Predictors with at least small effect: 0/8
Step 08 complete
