Step 05: Regression Diagnostics
Loading regression results and analysis dataset...
step04_regression_results.csv (6 rows)
step03_analysis_dataset.csv (100 rows, 8 cols)
Predictor variables: ['age', 'sex', 'education', 'RAVLT_T', 'BVMT_T', 'RPM_T']
Dependent variable: calibration_quality
Computing regression diagnostics...
Regression diagnostics computed
Model R² = 0.0238
Condition number = 1025.62
High VIF predictors: 0/6
Outlier observations: 17/100
Validating regression assumptions...
Breusch-Pagan test failed: The Breusch-Pagan test requires exog to have at least two columns where one is a constant.
Assumption validation complete
Normality (Shapiro-Wilk): PASS (p = 0.1419)
Independence (Durbin-Watson): PASS (statistic = 2.048)
Multicollinearity (VIF): PASS (statistic = 1.754)
Saving diagnostic results...
step05_diagnostics.csv (3 rows, 6 cols)
step05_outliers.csv (100 rows, 5 cols)
Overall regression model assessment...
Failed assumptions: 0/3
Outlier observations: 17/100 (17.0%)
Overall model quality: MODERATE
Consider minor adjustments: robust standard errors, outlier investigation
Step 05 complete
Step 05: Regression Diagnostics
Loading regression results and analysis dataset...
step04_regression_results.csv (6 rows)
step03_analysis_dataset.csv (100 rows, 8 cols)
Predictor variables: ['age', 'sex', 'education', 'RAVLT_T', 'BVMT_T', 'RPM_T']
Dependent variable: calibration_quality
Computing regression diagnostics...
Regression diagnostics computed
Model R² = 0.0589
Condition number = 1025.62
High VIF predictors: 0/6
Outlier observations: 13/100
Validating regression assumptions...
Breusch-Pagan test failed: The Breusch-Pagan test requires exog to have at least two columns where one is a constant.
Assumption validation complete
Normality (Shapiro-Wilk): FAIL (p = 0.0276)
Independence (Durbin-Watson): PASS (statistic = 2.098)
Multicollinearity (VIF): PASS (statistic = 1.754)
Saving diagnostic results...
step05_diagnostics.csv (3 rows, 6 cols)
step05_outliers.csv (100 rows, 5 cols)
Overall regression model assessment...
Failed assumptions: 1/3
Outlier observations: 13/100 (13.0%)
Overall model quality: MODERATE
Consider minor adjustments: robust standard errors, outlier investigation
Step 05 complete
Step 05: Regression Diagnostics
Loading regression results and analysis dataset...
step04_regression_results.csv (8 rows)
step03_analysis_dataset.csv (100 rows, 10 cols)
Predictor variables: ['age', 'sex', 'education', 'RAVLT_T', 'BVMT_T', 'RPM_T', 'RAVLT_Pct_Ret_T', 'BVMT_Pct_Ret_T']
Dependent variable: calibration_quality
Computing regression diagnostics...
Regression diagnostics computed
Model R² = 0.0715
Condition number = 1386.00
High VIF predictors: 0/8
Outlier observations: 22/100
Validating regression assumptions...
Breusch-Pagan test failed: The Breusch-Pagan test requires exog to have at least two columns where one is a constant.
Assumption validation complete
Normality (Shapiro-Wilk): FAIL (p = 0.0460)
Independence (Durbin-Watson): PASS (statistic = 2.152)
Multicollinearity (VIF): PASS (statistic = 1.885)
Saving diagnostic results...
step05_diagnostics.csv (3 rows, 6 cols)
step05_outliers.csv (100 rows, 5 cols)
Overall regression model assessment...
Failed assumptions: 1/3
Outlier observations: 22/100 (22.0%)
Overall model quality: MODERATE
Consider minor adjustments: robust standard errors, outlier investigation
Step 05 complete
