Step 02: Extract Individual Slope Estimates
Loading Ch5 5.1.4 random effects...
step04_random_effects.csv (100 rows, 5 cols)
UID, random_intercept, random_slope, total_intercept, total_slope
Checking for required columns...
All required columns present: UID, random_slope
Selecting UID and random_slope columns...
Renaming random_slope -> slope...
100 participants with slope estimates
Validating slope range...
Slope: mean=0.0000, SD=0.0045, range=[-0.0103, 0.0128]
All slopes within expected range [-0.5, 0.1]
No missing slope values
Participant count: 100 (expected 100)
/home/etai/projects/REMEMVR/results/ch7/7.6.1/data/step02_slopes_extracted.csv
100 participants with slope estimates
Step 02 complete
Step 02: Extract Individual Slope Estimates
Loading Ch5 5.1.4 random effects...
step04_random_effects.csv (100 rows, 5 cols)
UID, random_intercept, random_slope, total_intercept, total_slope
Checking for required columns...
All required columns present: UID, random_slope
Selecting UID and random_slope columns...
Renaming random_slope -> slope...
100 participants with slope estimates
Validating slope range...
Slope: mean=0.0000, SD=0.0045, range=[-0.0103, 0.0128]
All slopes within expected range [-0.5, 0.1]
No missing slope values
Participant count: 100 (expected 100)
/home/etai/projects/REMEMVR/results/ch7/7.6.1/data/step02_slopes_extracted.csv
100 participants with slope estimates
Step 02 complete
