Step 05: Bootstrap Confidence Intervals
Loading step03 merged and standardized data...
step03_analysis_input.csv (100 rows, 8 cols)
All required columns present
Sample size: 100 participants
Preparing bootstrap regression data...
Response variable (slope): mean=0.000000, std=0.004461
Predictors: ['age_std', 'sex', 'education_std', 'RAVLT_T_std', 'BVMT_T_std', 'RPM_T_std']
Sample size: 100 participants
Starting bootstrap with 1000 iterations (seed=42)...
Completed 100/1000 iterations...
Completed 200/1000 iterations...
Completed 300/1000 iterations...
Completed 400/1000 iterations...
Completed 500/1000 iterations...
Completed 600/1000 iterations...
Completed 700/1000 iterations...
Completed 800/1000 iterations...
Completed 900/1000 iterations...
Completed 1000/1000 iterations...
Completed all 1000 iterations
Computing bootstrap confidence intervals...
Confidence level: 95.0%
Percentiles: 2.500000000000002th and 97.5th
const: mean=-0.000090, std=0.000476, CI=[-0.000999, 0.000868]
age_std: mean=-0.000164, std=0.000419, CI=[-0.001022, 0.000687]
sex: mean=0.000346, std=0.000778, CI=[-0.001226, 0.001877]
education_std: mean=0.000161, std=0.000395, CI=[-0.000610, 0.000924]
RAVLT_T_std: mean=-0.000766, std=0.000492, CI=[-0.001752, 0.000163]
BVMT_T_std: mean=-0.000844, std=0.000490, CI=[-0.001819, 0.000129]
RPM_T_std: mean=-0.001661, std=0.000544, CI=[-0.002755, -0.000682]
Saving bootstrap confidence intervals...
step05_bootstrap_ci.csv (7 rows, 5 cols)
Validating bootstrap confidence intervals...
const: -0.000999 < -0.000090 < 0.000868
age_std: -0.001022 < -0.000164 < 0.000687
sex: -0.001226 < 0.000346 < 0.001877
education_std: -0.000610 < 0.000161 < 0.000924
RAVLT_T_std: -0.001752 < -0.000766 < 0.000163
BVMT_T_std: -0.001819 < -0.000844 < 0.000129
RPM_T_std: -0.002755 < -0.001661 < -0.000682
All 7 coefficients have valid CI ordering
Completed 1000 bootstrap iterations
Confidence level: 95.0%
Step 05 complete - Bootstrap confidence intervals computed
Step 05: Bootstrap Confidence Intervals
Loading step03 merged and standardized data...
step03_analysis_input.csv (100 rows, 10 cols)
All required columns present
Sample size: 100 participants
Preparing bootstrap regression data...
Response variable (slope): mean=0.000000, std=0.004461
Predictors: ['age_std', 'sex', 'education_std', 'RAVLT_T_std', 'BVMT_T_std', 'RPM_T_std', 'RAVLT_Pct_Ret_T_std', 'BVMT_Pct_Ret_T_std']
Sample size: 100 participants
Starting bootstrap with 1000 iterations (seed=42)...
Completed 100/1000 iterations...
Completed 200/1000 iterations...
Completed 300/1000 iterations...
Completed 400/1000 iterations...
Completed 500/1000 iterations...
Completed 600/1000 iterations...
Completed 700/1000 iterations...
Completed 800/1000 iterations...
Completed 900/1000 iterations...
Completed 1000/1000 iterations...
Completed all 1000 iterations
Computing bootstrap confidence intervals...
Confidence level: 95.0%
Percentiles: 2.500000000000002th and 97.5th
const: mean=-0.000194, std=0.000478, CI=[-0.001081, 0.000732]
age_std: mean=-0.000120, std=0.000413, CI=[-0.000899, 0.000719]
sex: mean=0.000639, std=0.000799, CI=[-0.000989, 0.002220]
education_std: mean=0.000246, std=0.000401, CI=[-0.000503, 0.001051]
RAVLT_T_std: mean=-0.000718, std=0.000475, CI=[-0.001618, 0.000238]
BVMT_T_std: mean=-0.000596, std=0.000549, CI=[-0.001712, 0.000499]
RPM_T_std: mean=-0.001556, std=0.000540, CI=[-0.002666, -0.000606]
RAVLT_Pct_Ret_T_std: mean=-0.000763, std=0.000416, CI=[-0.001546, 0.000009]
BVMT_Pct_Ret_T_std: mean=-0.000440, std=0.000511, CI=[-0.001270, 0.000797]
Saving bootstrap confidence intervals...
step05_bootstrap_ci.csv (9 rows, 5 cols)
Validating bootstrap confidence intervals...
const: -0.001081 < -0.000194 < 0.000732
age_std: -0.000899 < -0.000120 < 0.000719
sex: -0.000989 < 0.000639 < 0.002220
education_std: -0.000503 < 0.000246 < 0.001051
RAVLT_T_std: -0.001618 < -0.000718 < 0.000238
BVMT_T_std: -0.001712 < -0.000596 < 0.000499
RPM_T_std: -0.002666 < -0.001556 < -0.000606
RAVLT_Pct_Ret_T_std: -0.001546 < -0.000763 < 0.000009
BVMT_Pct_Ret_T_std: -0.001270 < -0.000440 < 0.000797
All 9 coefficients have valid CI ordering
Completed 1000 bootstrap iterations
Confidence level: 95.0%
Step 05 complete - Bootstrap confidence intervals computed
