Step 5: Correlation Analysis with Steiger's Z-Test
Loading theta scores from RQ 5.5.1...
Theta scores: 400 rows, 5 cols
Theta columns: ['composite_ID', 'theta_source', 'theta_destination', 'se_source', 'se_destination']
Parsing composite_ID into UID and test...
Parsed UID and test from composite_ID
Loading Full CTT scores from Step 2...
Full CTT scores: 800 rows, 4 cols
Loading Purified CTT scores from Step 3...
Purified CTT scores: 800 rows, 4 cols
Merging theta with CTT scores...
Theta reshaped to long format: 800 rows
Theta + Full CTT: 800 rows
All three measurements: 800 rows
Merged columns: ['UID', 'test', 'theta', 'location_type', 'ctt_full_score', 'ctt_purified_score']
Running Steiger's z-test per location type...
Processing source memory...
source: n=400 observations
source r(theta, Full_CTT) = 0.9337
source r(theta, Purified_CTT) = 0.9439
source r(Full_CTT, Purified_CTT) = 0.9930
source z=1.7169, p_uncorrected=0.0860, p_bonferroni=0.1720
source delta_r=0.0102 (Purified - Full)
Processing destination memory...
destination: n=400 observations
destination r(theta, Full_CTT) = 0.8000
destination r(theta, Purified_CTT) = 0.8715
destination r(Full_CTT, Purified_CTT) = 0.9486
destination z=4.6773, p_uncorrected=0.0000, p_bonferroni=0.0000
destination delta_r=0.0715 (Purified - Full)
Steiger's z-test complete for both location types
Saving results to /home/etai/projects/REMEMVR/results/ch5/5.5.5/data/step05_correlation_analysis.csv...
step05_correlation_analysis.csv (2 rows, 9 cols)
Running validate_correlation_test_d068...
PASS - Decision D068 compliant
d068_compliant: True
All required columns present
Running additional checks...
PASS - All correlations in reasonable range [0.50, 1.00]
PASS - p_bonferroni >= p_uncorrected (as expected)
PASS - All correlations positive (CTT and IRT agree)
Step 5 complete
