Step 04: Reliability Assessment (Cronbach's Alpha)
Loading item mapping...
step01_item_mapping.csv (36 rows, 6 cols)
Location types: ['destination', 'source']
Retention counts: {True: 32, False: 4}
Loading raw binary item responses from dfData.csv...
dfData.csv (400 rows, 214 cols)
Building item lists for 4 conditions...
Source Full: 18 items
Source Purified: 17 items (retention 94.4%)
Destination Full: 18 items
Destination Purified: 15 items (retention 83.3%)
Computing Cronbach's alpha with bootstrap CIs (10,000 iterations)...
This will take ~30 seconds for 4 conditions...
Condition 1/4: Source_Full...
Source_Full: alpha=0.775 [0.744, 0.800]
Condition 2/4: Source_Purified...
Source_Purified: alpha=0.778 [0.747, 0.804]
Source alpha improvement: +0.004
Condition 3/4: Destination_Full...
Destination_Full: alpha=0.622 [0.563, 0.671]
Condition 4/4: Destination_Purified...
Destination_Purified: alpha=0.612 [0.551, 0.663]
Destination alpha improvement: -0.010
Saving reliability assessment results...
step04_reliability_assessment.csv (4 rows, 7 cols)
Running validate_numeric_range on alpha values...
Alpha range validation: PASS
All alpha values in [0.0, 1.0]
Checking confidence interval validity...
Confidence intervals: PASS (all CI_upper > CI_lower)
Reliability assessment summary:
  Source Full: alpha=0.775 [0.744, 0.800] (Acceptable, 18 items)
  Source Purified: alpha=0.778 [0.747, 0.804] (Acceptable, 17 items)
  Destination Full: alpha=0.622 [0.563, 0.671] (Questionable, 18 items)
  Destination Purified: alpha=0.612 [0.551, 0.663] (Questionable, 15 items)
Step 04 complete
