Step 03: Confusion Resolution

Loading variance components and ratios...
Unknown format code 'f' for object of type 'str'
Full error details:
Traceback (most recent call last):
  File "/home/etai/projects/REMEMVR/results/ch6/6.9.2/code/step03_confusion_resolution.py", line 94, in <module>
    log(f"  ICC_accuracy: {ICC_acc:.6f}")
                          ^^^^^^^^^^^^^
ValueError: Unknown format code 'f' for object of type 'str'
Step 03: Confusion Resolution

Loading variance components and ratios...
  ICC_accuracy: 0.007463
  ICC_conf_single: 0.264098 (ratio: 35.4x)
  ICC_conf_ma: 0.040109 (ratio: 5.4x)

Quantifying confusion resolution...
  Difference: 30.0x
  Percent reduction: 84.8%

Creating confusion resolution table...
step03_confusion_resolution.csv

Creating summary text...
step03_confusion_summary.txt (1575 chars)

Summary:
  Ratio_single > Ratio_ma: PASS
  Percent reduction in [50%, 90%]: PASS
  Both comparisons have confounds: PASS
  Summary text >= 200 chars: PASS (1575 chars)

Step 03 complete - Confusion resolution documented
