Step 02: Cluster Selection (K=1-6)
Loading standardized features...
100 rows, 7 columns
Feature matrix: N=100 participants, p=6 features
Fitting K-means for K=1 to K=6...
Fitting K=1 (n_init=50, random_state=42)...
K=1: inertia=594.0000, BIC=205.8019
Fitting K=2 (n_init=50, random_state=42)...
K=2: inertia=320.6027, BIC=171.7653
Fitting K=3 (n_init=50, random_state=42)...
K=3: inertia=215.5709, BIC=159.7050
Fitting K=4 (n_init=50, random_state=42)...
K=4: inertia=163.4483, BIC=159.6567
Fitting K=5 (n_init=50, random_state=42)...
K=5: inertia=132.1620, BIC=166.0409
Fitting K=6 (n_init=50, random_state=42)...
K=6: inertia=113.4320, BIC=178.3895
K-means fitting complete for 6 K values
Selecting optimal K via BIC minimum...
Minimum BIC at K=4 (BIC=159.6567)
Parsimony rule: BIC[4] - BIC[3] = -0.0483 < 2
Prefer simpler model K=3
Optimal K=3 (BIC=159.7050)
Saving cluster selection table...
/home/etai/projects/REMEMVR/results/ch5/5.3.8/data/step02_cluster_selection.csv (6 rows)
Saving optimal K report...
/home/etai/projects/REMEMVR/results/ch5/5.3.8/data/step02_optimal_k.txt
Saving elbow plot data...
/home/etai/projects/REMEMVR/results/ch5/5.3.8/data/step02_elbow_plot_data.csv
Running validate_dataframe_structure...
valid: True
message: DataFrame structure valid: 6 rows, 3 columns (required: 3).
checks: {'row_count_valid': True, 'actual_rows': 6, 'columns_valid': True, 'missing_columns': [], 'types_valid': True}
Inertia decreases monotonically (expected)
Optimal K=3 in expected range [2, 6]
Step 02 complete
