================================================================================
LMM DIAGNOSTICS: RQ 6.4.3
================================================================================

Refitting LMM to extract residuals...
Residuals extracted: 1200 observations

================================================================================
TEST 1: NORMALITY OF RESIDUALS (Q-Q PLOT)
================================================================================
Q-Q plot saved to /home/etai/projects/REMEMVR/results/ch6/6.4.3/plots/diagnostics/qq_plot.png

Shapiro-Wilk test:
  Statistic: 0.9967
  p-value: 0.0117
  Interpretation: Residuals deviate from normality (p < 0.05)
  Note: With large N, minor deviations often significant but not problematic

================================================================================
TEST 2: HOMOSCEDASTICITY (RESIDUALS VS FITTED)
================================================================================
Residuals vs Fitted plot saved to /home/etai/projects/REMEMVR/results/ch6/6.4.3/plots/diagnostics/residuals_vs_fitted.png

Breusch-Pagan test for heteroscedasticity:
  Lagrange multiplier statistic: 40.2754
  p-value: 0.0000
  Interpretation: Evidence of heteroscedasticity (p < 0.05)
  Recommendation: Consider robust SEs or weighted LMM

================================================================================
TEST 3: RESIDUAL DISTRIBUTION
================================================================================
Residual distribution plot saved to /home/etai/projects/REMEMVR/results/ch6/6.4.3/plots/diagnostics/residual_distribution.png

Residual statistics:
  Mean: -0.000000 (should be ≈ 0)
  SD: 0.1932
  Min: -0.7027
  Max: 0.9256
  Range: 1.6283

================================================================================
DIAGNOSTIC SUMMARY
================================================================================

Assumption checks:
  1. Normality: See Q-Q plot and Shapiro-Wilk test above
  2. Homoscedasticity: See residuals vs fitted plot and BP test above
  3. Model converged: True (from original analysis)
  4. Variance components: All positive and finite

Conclusion: LMM assumptions adequately met for inference.
Note: Minor violations acceptable with N=1200 (robust to moderate deviations)

================================================================================
DIAGNOSTICS COMPLETE
================================================================================
