Step 06: sensitivity_analysis
Loading input data...
step03_analysis_dataset.csv (100 rows, 4 cols)
step05_steiger_test.csv (1 rows, 9 cols)
Running sensitivity analyses...
1. Outlier analysis using Cook's D and standardized residuals...
Starting outlier analysis...
Found 1 outliers using threshold 3.29
Dataset size after outlier removal: 99 (removed 1)
2. Alternative correlation methods (Spearman, Kendall)...
Computing alternative correlation methods...
Spearman BVMT-Where: r=0.360, p=0.000
Kendall BVMT-Where: tau=0.254, p=0.000
3. Cross-validation stability assessment...
[CV] Starting 5-fold cross-validation...
[CV] Fold 1: r_where=0.320, r_what=0.353
[CV] Fold 2: r_where=0.493, r_what=0.519
[CV] Fold 3: r_where=-0.065, r_what=-0.063
[CV] Fold 4: r_where=0.608, r_what=0.691
[CV] Fold 5: r_where=0.362, r_what=0.393
4. Post-hoc power analysis...
Conducting power analysis with alpha=0.00179
Power for Where correlation: 0.676
Power for What correlation: 0.771
Minimum detectable correlation (80% power): 0.382
All sensitivity analyses complete
Compiling sensitivity analysis results...
6 sensitivity analysis results
Saving step06_sensitivity_analysis.csv...
step06_sensitivity_analysis.csv (6 rows, 6 cols)
Running custom validation...
valid: False
checks: {'row_count': False, 'required_columns': True, 'no_missing_results': np.True_}
actual_rows: 6
Step 06 complete
Step 06: sensitivity_analysis
Loading input data...
step03_analysis_dataset.csv (100 rows, 4 cols)
step05_steiger_test.csv (1 rows, 9 cols)
Running sensitivity analyses...
1. Outlier analysis using Cook's D and standardized residuals...
Starting outlier analysis...
Found 1 outliers using threshold 3.29
Dataset size after outlier removal: 99 (removed 1)
2. Alternative correlation methods (Spearman, Kendall)...
Computing alternative correlation methods...
Spearman BVMT-Where: r=0.360, p=0.000
Kendall BVMT-Where: tau=0.254, p=0.000
3. Cross-validation stability assessment...
[CV] Starting 5-fold cross-validation...
[CV] Fold 1: r_where=0.320, r_what=0.353
[CV] Fold 2: r_where=0.493, r_what=0.519
[CV] Fold 3: r_where=-0.065, r_what=-0.063
[CV] Fold 4: r_where=0.608, r_what=0.691
[CV] Fold 5: r_where=0.362, r_what=0.393
4. Post-hoc power analysis...
Conducting power analysis with alpha=0.00179
Power for Where correlation: 0.676
Power for What correlation: 0.771
Minimum detectable correlation (80% power): 0.382
All sensitivity analyses complete
Compiling sensitivity analysis results...
6 sensitivity analysis results
Saving step06_sensitivity_analysis.csv...
step06_sensitivity_analysis.csv (6 rows, 6 cols)
Running custom validation...
valid: False
checks: {'row_count': False, 'required_columns': True, 'no_missing_results': np.True_}
actual_rows: 6
Step 06 complete
Step 06: sensitivity_analysis
Loading input data...
step03_analysis_dataset.csv (100 rows, 5 cols)
step05_steiger_test.csv (2 rows, 10 cols)
Running sensitivity analyses...
1. Outlier analysis using Cook's D and standardized residuals...
Starting outlier analysis...
total: Found 1 outliers using threshold 3.29
total: Dataset size after outlier removal: 99 (removed 1)
pct_ret: Found 3 outliers using threshold 3.29
pct_ret: Dataset size after outlier removal: 97 (removed 3)
2. Alternative correlation methods (Spearman, Kendall)...
Computing alternative correlation methods...
total Spearman Where: r=0.360, p=0.000
total Kendall Where: tau=0.254, p=0.000
pct_ret Spearman Where: r=0.106, p=0.296
pct_ret Kendall Where: tau=0.085, p=0.281
3. Cross-validation stability assessment...
[CV] Starting 5-fold cross-validation...
[CV] total Fold 1: r_where=0.320, r_what=0.353
[CV] total Fold 2: r_where=0.493, r_what=0.519
[CV] total Fold 3: r_where=-0.065, r_what=-0.063
[CV] total Fold 4: r_where=0.608, r_what=0.691
[CV] total Fold 5: r_where=0.362, r_what=0.393
[CV] pct_ret Fold 1: r_where=0.013, r_what=-0.088
[CV] pct_ret Fold 2: r_where=0.170, r_what=0.219
[CV] pct_ret Fold 3: r_where=-0.101, r_what=-0.091
[CV] pct_ret Fold 4: r_where=0.134, r_what=0.191
[CV] pct_ret Fold 5: r_where=0.588, r_what=0.706
4. Post-hoc power analysis...
Conducting power analysis with alpha=0.00179
total: Power Where=0.676, Power What=0.771
pct_ret: Power Where=0.095, Power What=0.209
All sensitivity analyses complete
Compiling sensitivity analysis results...
12 sensitivity analysis results
Saving step06_sensitivity_analysis.csv...
step06_sensitivity_analysis.csv (12 rows, 6 cols)
Running custom validation...
valid: True
checks: {'row_count': True, 'required_columns': True, 'no_missing_results': np.True_}
actual_rows: 12
Step 06 complete
