Step 02: Merge Datasets
Loading random effects from Step 00...
Loaded random effects: 100 participants
Random effects columns: ['UID', 'intercept', 'slope', 'se_intercept', 'se_slope']
Loading cognitive tests from Step 01...
Loaded cognitive tests: 97 participants
Cognitive test columns: ['UID', 'RAVLT_T', 'RAVLT_DR_T', 'RAVLT_Pct_Ret_T', 'BVMT_T', 'BVMT_Pct_Ret_T', 'NART_T', 'RPM_T']
Selected cognitive tests: RAVLT_T, RAVLT_Pct_Ret_T, BVMT_T, BVMT_Pct_Ret_T, RPM_T (excluding NART)
Merging random effects with cognitive tests...
Merged dataset: 97 participants x 10 columns
Final columns: ['UID', 'intercept', 'slope', 'se_intercept', 'se_slope', 'RAVLT_T', 'RAVLT_Pct_Ret_T', 'BVMT_T', 'BVMT_Pct_Ret_T', 'RPM_T']
Checking merged dataset...
No missing values in merged dataset
All expected columns present
Checking value ranges...
  - Intercepts: [-1.118, 1.265]
  - Slopes: [-0.106, 0.116]
  - RAVLT_T: [21.8, 73.1]
  - RAVLT_Pct_Ret_T: [23.1, 78.0]
  - BVMT_T: [17.6, 65.6]
  - BVMT_Pct_Ret_T: [5.0, 69.4]
  - RPM_T: [19.3, 61.1]
Saving merged dataset to /home/etai/projects/REMEMVR/results/ch7/7.1.2/data/step02_regression_input.csv...
97 participants x 10 columns
Running validate_data_columns...
PASSED - All required columns present
Step 02 complete - Datasets merged successfully
