Step 05: LMM Model Fitting and Selection
RQ Directory: /home/etai/projects/REMEMVR/results/ch5/rq5

Loading LMM input data...
step04_lmm_input.csv (1200 rows, 9 cols)
  Unique UIDs: 100
  Congruence levels: ['common', 'congruent', 'incongruent']

Fitting candidate models...

  Fitting Linear model...
    Loading existing model from step05_lmm_Linear.pkl
    Loaded: AIC = 2698.79

  Fitting Quadratic model...
    Loading existing model from step05_lmm_Quadratic.pkl
    Loaded: AIC = 2691.55

  Fitting Log model...
    Loading existing model from step05_lmm_Log.pkl
    Loaded: AIC = 2652.57

  Fitting Lin+Log model...
    Loading existing model from step05_lmm_Lin+Log.pkl
    Loaded: AIC = 2674.50

  Fitting Quad+Log model...
    Loading existing model from step05_lmm_Quad+Log.pkl
    Loaded: AIC = 2746.19

Creating AIC comparison table...

  AIC Comparison:
    Log: AIC=2652.57, delta=0.00, weight=1.000
    Lin+Log: AIC=2674.50, delta=21.93, weight=0.000
    Quadratic: AIC=2691.55, delta=38.99, weight=0.000
    Linear: AIC=2698.79, delta=46.23, weight=0.000
    Quad+Log: AIC=2746.19, delta=93.63, weight=0.000

Best model: Log
  AIC: 2652.57
  BIC: 2703.47

Saving output files...
step05_model_comparison.csv
step05_lmm_model_summary.txt
step05_lmm_fitted_model.pkl

Validating results...
Best model converged
AIC is finite: 2652.57
All fixed effects are finite
Random effect variance: 0.4704

  Key Fixed Effects:
    Intercept: 0.6541 (p=0.0000)*
    C(congruence, Treatment('common'))[T.congruent]: -0.0596 (p=0.5595)
    C(congruence, Treatment('common'))[T.incongruent]: 0.0792 (p=0.4383)
    TSVR_log: -0.1935 (p=0.0000)*
    TSVR_log:C(congruence, Treatment('common'))[T.congruent]: 0.0186 (p=0.4944)
    TSVR_log:C(congruence, Treatment('common'))[T.incongruent]: -0.0207 (p=0.4476)
    Group Var: 1.1548 (p=0.0000)*
    Group x TSVR_log Cov: -0.1776 (p=0.0002)*
    TSVR_log Var: 0.0529 (p=0.0000)*

Step 05 complete (LMM Model Fitting)
