[2025-12-08 13:16:47] ================================================================================
[2025-12-08 13:16:47] LMM Model Selection: Kitchen Sink Suite
[2025-12-08 13:16:47] ================================================================================
[2025-12-08 13:16:47] Checking inputs...
[2025-12-08 13:16:47]   TSVR variable: TSVR_hours
[2025-12-08 13:16:47]   TSVR range: [1.00, 246.24] hours
[2025-12-08 13:16:47]   TSVR unique values: 295
[2025-12-08 13:16:47]   Outcome: theta
[2025-12-08 13:16:47]   Groups: UID (N=100)
[2025-12-08 13:16:47]   N observations: 1200
[2025-12-08 13:16:47]   Factor 1: congruence (categorical, ref=common)
[2025-12-08 13:16:47]   Interaction: 1-way (time × factor1)
[2025-12-08 13:16:47]   Random effects: ~1
[2025-12-08 13:16:47]   REML: False
[2025-12-08 13:16:47] Creating time transformations...
[2025-12-08 13:16:47]   Polynomial family...
[2025-12-08 13:16:47]   Logarithmic family...
[2025-12-08 13:16:47]   Power law family...
[2025-12-08 13:16:47]   Root family...
[2025-12-08 13:16:47]   Reciprocal family...
[2025-12-08 13:16:47]   Exponential family...
[2025-12-08 13:16:47]   Trigonometric family...
[2025-12-08 13:16:47]   Hyperbolic family...
[2025-12-08 13:16:47]   Total transformations created: 32
[2025-12-08 13:16:47] Defining model suite...
[2025-12-08 13:16:47]   Total models defined: 66
[2025-12-08 13:16:47] Building model formulas...
[2025-12-08 13:16:47]   Example formula (Linear): theta ~ TSVR * C(congruence, Treatment('common'))
[2025-12-08 13:16:47]   Example formula (Log): theta ~ log_TSVR * C(congruence, Treatment('common'))
[2025-12-08 13:16:47] Fitting all models...
[2025-12-08 13:16:47]   This may take 5-10 minutes for 66 models...
[2025-12-08 13:16:47]   [1/66] Fitting Linear...
[2025-12-08 13:16:47]     ✓ AIC=2618.59, converged=True
[2025-12-08 13:16:47]   [2/66] Fitting Quadratic...
[2025-12-08 13:16:47]     ✓ AIC=2598.08, converged=True
[2025-12-08 13:16:47]   [3/66] Fitting Cubic...
[2025-12-08 13:16:48]     ✓ AIC=2598.42, converged=True
[2025-12-08 13:16:48]   [4/66] Fitting Quartic...
[2025-12-08 13:16:48]     ✓ AIC=2599.13, converged=True
[2025-12-08 13:16:48]   [5/66] Fitting Quadratic_pure...
[2025-12-08 13:16:48]     ✓ AIC=2680.01, converged=True
[2025-12-08 13:16:48]   [6/66] Fitting Cubic_pure...
[2025-12-08 13:16:48]     ✓ AIC=2726.89, converged=True
[2025-12-08 13:16:48]   [7/66] Fitting Log...
[2025-12-08 13:16:48]     ✓ AIC=2593.51, converged=True
[2025-12-08 13:16:48]   [8/66] Fitting Log2...
[2025-12-08 13:16:49]     ✓ AIC=2593.51, converged=True
[2025-12-08 13:16:49]   [9/66] Fitting Log10...
[2025-12-08 13:16:49]     ✓ AIC=2593.51, converged=True
[2025-12-08 13:16:49]   [10/66] Fitting LogLog...
[2025-12-08 13:16:49]     ✓ AIC=2598.25, converged=True
[2025-12-08 13:16:49]   [11/66] Fitting Lin+Log...
[2025-12-08 13:16:49]     ✓ AIC=2595.37, converged=True
[2025-12-08 13:16:49]   [12/66] Fitting Quad+Log...
[2025-12-08 13:16:49]     ✓ AIC=2597.20, converged=True
[2025-12-08 13:16:49]   [13/66] Fitting Log+LogLog...
[2025-12-08 13:16:50]     ✓ AIC=2595.22, converged=True
[2025-12-08 13:16:50]   [14/66] Fitting Lin+Quad+Log...
[2025-12-08 13:16:50]     ✓ AIC=2597.20, converged=True
[2025-12-08 13:16:50]   [15/66] Fitting PowerLaw_01...
[2025-12-08 13:16:50]     ✓ AIC=2593.41, converged=True
[2025-12-08 13:16:50]   [16/66] Fitting PowerLaw_02...
[2025-12-08 13:16:50]     ✓ AIC=2593.78, converged=True
[2025-12-08 13:16:50]   [17/66] Fitting PowerLaw_03...
[2025-12-08 13:16:51]     ✓ AIC=2594.60, converged=True
[2025-12-08 13:16:51]   [18/66] Fitting PowerLaw_04...
[2025-12-08 13:16:51]     ✓ AIC=2595.85, converged=True
[2025-12-08 13:16:51]   [19/66] Fitting PowerLaw_05...
[2025-12-08 13:16:51]     ✓ AIC=2597.49, converged=True
[2025-12-08 13:16:51]   [20/66] Fitting PowerLaw_06...
[2025-12-08 13:16:51]     ✓ AIC=2599.48, converged=True
[2025-12-08 13:16:51]   [21/66] Fitting PowerLaw_07...
[2025-12-08 13:16:52]     ✓ AIC=2601.77, converged=True
[2025-12-08 13:16:52]   [22/66] Fitting PowerLaw_08...
[2025-12-08 13:16:52]     ✓ AIC=2604.32, converged=True
[2025-12-08 13:16:52]   [23/66] Fitting PowerLaw_09...
[2025-12-08 13:16:52]     ✓ AIC=2607.08, converged=True
[2025-12-08 13:16:52]   [24/66] Fitting PowerLaw_10...
[2025-12-08 13:16:52]     ✓ AIC=2610.00, converged=True
[2025-12-08 13:16:52]   [25/66] Fitting PowerLaw_Log...
[2025-12-08 13:16:52]     ✓ AIC=2595.43, converged=True
[2025-12-08 13:16:52]   [26/66] Fitting PowerLaw_Lin...
[2025-12-08 13:16:53]     ✓ AIC=2596.10, converged=True
[2025-12-08 13:16:53]   [27/66] Fitting SquareRoot...
[2025-12-08 13:16:53]     ✓ AIC=2594.29, converged=True
[2025-12-08 13:16:53]   [28/66] Fitting CubeRoot...
[2025-12-08 13:16:53]     ✓ AIC=2595.63, converged=True
[2025-12-08 13:16:53]   [29/66] Fitting FourthRoot...
[2025-12-08 13:16:53]     ✓ AIC=2598.96, converged=True
[2025-12-08 13:16:53]   [30/66] Fitting Root_033...
[2025-12-08 13:16:54]     ✓ AIC=2595.64, converged=True
[2025-12-08 13:16:54]   [31/66] Fitting Root_067...
[2025-12-08 13:16:54]     ✓ AIC=2599.09, converged=True
[2025-12-08 13:16:54]   [32/66] Fitting SquareRoot+Log...
[2025-12-08 13:16:54]     ✓ AIC=2595.44, converged=True
[2025-12-08 13:16:54]   [33/66] Fitting CubeRoot+Log...
[2025-12-08 13:16:54]     ✓ AIC=2595.46, converged=True
[2025-12-08 13:16:54]   [34/66] Fitting SquareRoot+Lin...
[2025-12-08 13:16:54]     ✓ AIC=2596.14, converged=True
[2025-12-08 13:16:54]   [35/66] Fitting Root_Multi...
[2025-12-08 13:16:55]     ✓ AIC=2595.89, converged=True
[2025-12-08 13:16:55]   [36/66] Fitting Reciprocal...
[2025-12-08 13:16:55]     ✓ AIC=2610.00, converged=True
[2025-12-08 13:16:55]   [37/66] Fitting Recip+Log...
[2025-12-08 13:16:55]     ✓ AIC=2595.44, converged=True
[2025-12-08 13:16:55]   [38/66] Fitting Recip+Lin...
[2025-12-08 13:16:55]     ✓ AIC=2596.71, converged=True
[2025-12-08 13:16:55]   [39/66] Fitting Recip+Quad...
[2025-12-08 13:16:56]     ✓ AIC=2597.54, converged=True
[2025-12-08 13:16:56]   [40/66] Fitting Recip_sq...
[2025-12-08 13:16:56]     ✓ AIC=2640.52, converged=True
[2025-12-08 13:16:56]   [41/66] Fitting Recip+PowerLaw...
[2025-12-08 13:16:56]     ✓ AIC=2595.19, converged=True
[2025-12-08 13:16:56]   [42/66] Fitting Exponential_proxy...
[2025-12-08 13:16:56]     ✓ AIC=2618.59, converged=True
[2025-12-08 13:16:56]   [43/66] Fitting Exp+Log...
[2025-12-08 13:16:56]     ✓ AIC=2595.37, converged=True
[2025-12-08 13:16:56]   [44/66] Fitting Exp+Lin...
[2025-12-08 13:16:56]     ✗ FAILED: Singular matrix
[2025-12-08 13:16:56]   [45/66] Fitting Exp_fast...
[2025-12-08 13:16:57]     ✓ AIC=2680.01, converged=True
[2025-12-08 13:16:57]   [46/66] Fitting Exp_slow...
[2025-12-08 13:16:57]     ✓ AIC=2594.29, converged=True
[2025-12-08 13:16:57]   [47/66] Fitting Exp+PowerLaw...
[2025-12-08 13:16:56]     ✓ AIC=2595.60, converged=True
[2025-12-08 13:16:56]   [48/66] Fitting Exp+Recip...
[2025-12-08 13:16:56]     ✓ AIC=2596.04, converged=True
[2025-12-08 13:16:56]   [49/66] Fitting Sin...
[2025-12-08 13:16:57]     ✓ AIC=2837.16, converged=True
[2025-12-08 13:16:57]   [50/66] Fitting Cos...
[2025-12-08 13:16:57]     ✓ AIC=2625.20, converged=True
[2025-12-08 13:16:57]   [51/66] Fitting Sin+Cos...
[2025-12-08 13:16:57]     ✓ AIC=2627.17, converged=True
[2025-12-08 13:16:57]   [52/66] Fitting Sin+Log...
[2025-12-08 13:16:58]     ✓ AIC=2595.46, converged=True
[2025-12-08 13:16:58]   [53/66] Fitting Tanh...
[2025-12-08 13:16:58]     ✓ AIC=2610.36, converged=True
[2025-12-08 13:16:58]   [54/66] Fitting Tanh+Log...
[2025-12-08 13:16:58]     ✓ AIC=2595.42, converged=True
[2025-12-08 13:16:58]   [55/66] Fitting Arctanh...
[2025-12-08 13:16:58]     ✓ AIC=2662.98, converged=True
[2025-12-08 13:16:58]   [56/66] Fitting Sinh...
[2025-12-08 13:16:58]     ✓ AIC=2624.02, converged=True
[2025-12-08 13:16:58]   [57/66] Fitting Log+PowerLaw05...
[2025-12-08 13:16:59]     ✓ AIC=2595.23, converged=True
[2025-12-08 13:16:59]   [58/66] Fitting Log+SquareRoot...
[2025-12-08 13:16:59]     ✓ AIC=2595.45, converged=True
[2025-12-08 13:16:59]   [59/66] Fitting Log+Recip...
[2025-12-08 13:16:59]     ✓ AIC=2595.06, converged=True
[2025-12-08 13:16:59]   [60/66] Fitting SquareRoot+PowerLaw...
[2025-12-08 13:16:59]     ✓ AIC=2595.62, converged=True
[2025-12-08 13:16:59]   [61/66] Fitting SquareRoot+Recip...
[2025-12-08 13:16:59]     ✓ AIC=2595.59, converged=True
[2025-12-08 13:16:59]   [62/66] Fitting Recip+PowerLaw05...
[2025-12-08 13:17:00]     ✓ AIC=2595.19, converged=True
[2025-12-08 13:17:00]   [63/66] Fitting Lin+Log+PowerLaw...
[2025-12-08 13:17:00]     ✓ AIC=2597.10, converged=True
[2025-12-08 13:17:00]   [64/66] Fitting Quad+Log+SquareRoot...
[2025-12-08 13:17:00]     ✓ AIC=2599.00, converged=True
[2025-12-08 13:17:00]   [65/66] Fitting PowerLaw+Recip+Log...
[2025-12-08 13:17:00]     ✓ AIC=2597.38, converged=True
[2025-12-08 13:17:00]   [66/66] Fitting Ultimate...
[2025-12-08 13:17:00]     ✓ AIC=2600.67, converged=True
[2025-12-08 13:17:00]   Successful fits: 65/66
[2025-12-08 13:17:00]   Failed fits: 1
[2025-12-08 13:17:00] Computing AIC comparison metrics...
[2025-12-08 13:17:00]   Minimum AIC: 2593.41
[2025-12-08 13:17:00]   delta_AIC range: [0.00, 243.75]
[2025-12-08 13:17:00]   Akaike weight sum: 1.000000 (should be 1.0)
[2025-12-08 13:17:00] Identifying best model...
[2025-12-08 13:17:00]   Best model: PowerLaw_01
[2025-12-08 13:17:00]   AIC: 2593.41
[2025-12-08 13:17:00]   Akaike weight: 0.0604 (6.0%)
[2025-12-08 13:17:00]   Uncertainty: High (<30% probability - weak support, consider model averaging)
[2025-12-08 13:17:00]   Log model (benchmark): Rank #2, AIC=2593.51, Δ=0.10, weight=0.0574
[2025-12-08 13:17:00] Validating AIC comparison metrics...
[2025-12-08 13:17:00]   ✓ Akaike weights sum to 1.0 (1.000000)
[2025-12-08 13:17:00]   ✓ All Akaike weights in (0, 1)
[2025-12-08 13:17:00]   ✓ Best model has delta_AIC = 0
[2025-12-08 13:17:00]   ✓ cumulative_weight monotonic increasing
[2025-12-08 13:17:00]   ✓ cumulative_weight ends at 1.0 (1.000000)
[2025-12-08 13:17:00] Preparing output dictionary...
[2025-12-08 13:17:00]   Competitive models (ΔAIC < 2): 15
[2025-12-08 13:17:00] Saving outputs to /home/etai/projects/REMEMVR/results/ch5/5.4.1/data...
[2025-12-08 13:17:00]   ✓ model_comparison.csv
[2025-12-08 13:17:00]   ✓ best_model_summary.txtKitchen sink comparison complete
Model comparison summary:
================================================================================
TOP 10 MODELS (out of 65):
--------------------------------------------------------------------------------
Step 05 failed
  KeyError: 'rank'
Traceback (most recent call last):
  File "/home/etai/projects/REMEMVR/.venv/lib/python3.12/site-packages/pandas/core/indexes/base.py", line 3812, in get_loc
    return self._engine.get_loc(casted_key)
           ^^^^^^^^^^^^^^^^^^^^^^^^^^^^^^^^
  File "pandas/_libs/index.pyx", line 167, in pandas._libs.index.IndexEngine.get_loc
  File "pandas/_libs/index.pyx", line 196, in pandas._libs.index.IndexEngine.get_loc
  File "pandas/_libs/hashtable_class_helper.pxi", line 7088, in pandas._libs.hashtable.PyObjectHashTable.get_item
  File "pandas/_libs/hashtable_class_helper.pxi", line 7096, in pandas._libs.hashtable.PyObjectHashTable.get_item
KeyError: 'rank'

The above exception was the direct cause of the following exception:

Traceback (most recent call last):
  File "/home/etai/projects/REMEMVR/results/ch5/5.4.1/code/step05_fit_extended_lmm_models.py", line 168, in <module>
    log(f"  {row['rank']:2d}. {row['model_name']:25s} "
             ~~~^^^^^^^^
  File "/home/etai/projects/REMEMVR/.venv/lib/python3.12/site-packages/pandas/core/series.py", line 1133, in __getitem__
    return self._get_value(key)
           ^^^^^^^^^^^^^^^^^^^^
  File "/home/etai/projects/REMEMVR/.venv/lib/python3.12/site-packages/pandas/core/series.py", line 1249, in _get_value
    loc = self.index.get_loc(label)
          ^^^^^^^^^^^^^^^^^^^^^^^^^
  File "/home/etai/projects/REMEMVR/.venv/lib/python3.12/site-packages/pandas/core/indexes/base.py", line 3819, in get_loc
    raise KeyError(key) from err
KeyError: 'rank'

