Step 7: Prepare Scatterplot Data (IRT vs CTT)
Loading IRT theta scores from RQ 5.5.1...
IRT theta scores (800 rows, 7 cols)
Loading CTT mean scores...
CTT scores (800 rows, 7 cols)
Merging IRT theta and CTT scores on composite_ID + location_type...
Combined dataset (800 rows, 6 cols)
Selecting final columns for scatterplot...
Sorting by location_type, UID, test for consistent ordering...
Final dataset (800 rows)
Saving scatterplot data to data/step07_scatterplot_data.csv...
step07_scatterplot_data.csv (800 rows, 5 cols)
Running inline validation checks...
Row count: 800 rows (expected 800) No NaN in irt_theta or ctt_mean_score Location type counts: {'destination': 400, 'source': 400}
Location balance: 400 source, 400 destination IRT theta range: [-1.87, 2.25]
IRT theta in typical [-3, 3] range CTT mean score range: [0.100, 1.000]
CTT mean score in [0, 1] range Unique UIDs: 100
100 unique UIDs present Unique tests: 4 (values: [np.int64(1), np.int64(2), np.int64(3), np.int64(4)])
4 unique tests present Step 7 complete
Generated: /home/etai/projects/REMEMVR/results/ch5/5.5.4/data/step07_scatterplot_data.csv
Rows: 800, Columns: ['UID', 'test', 'location_type', 'irt_theta', 'ctt_mean_score']
