Step 5: Compare Fixed Effects between IRT and CTT Models
Loading IRT-based LMM model...
IRT model: /home/etai/projects/REMEMVR/results/ch5/5.5.4/data/step03_irt_lmm_model.pkl (converged=True)
Loading CTT-based LMM model...
CTT model: /home/etai/projects/REMEMVR/results/ch5/5.5.4/data/step03_ctt_lmm_model.pkl (converged=True)
Extracting fixed effects from IRT model...
Extracting fixed effects from CTT model...
Fixed effects structure validated: 7 terms
Terms: ['Intercept', "C(location_type, Treatment('source'))[T.destination]", 'log_TSVR', "C(location_type, Treatment('source'))[T.destination]:log_TSVR", 'Group Var', 'Group x log_TSVR Cov', 'log_TSVR Var']
Applying Bonferroni correction (factor=7)...
Correction applied to both models
Classifying effect agreements...
Sign matches: 7/7
Significance matches: 4/7
Overall agreements: 4/7 (57.1%)
Creating coefficient comparison table...
step05_coefficient_comparison.csv (7 rows, 12 cols)
Computing Cohen's kappa for agreement classification...
Cohen's kappa = 0.160 (Slight agreement)
Creating agreement metrics summary...
step05_agreement_metrics.csv (1 rows, 6 cols)
Validating Cohen's kappa bounds...
Kappa bounds valid: All 1 ICC values within valid bounds [0,1] (range: 0.160 to 0.160).
Agreement percentage valid: 57.1% in [0, 100]
'numpy.bool' object is not iterable
Full error details:
Traceback (most recent call last):
  File "/home/etai/projects/REMEMVR/results/ch5/5.5.4/code/step05_compare_fixed_effects.py", line 346, in <module>
    bonferroni_valid = all(
                       ^^^^
TypeError: 'numpy.bool' object is not iterable
Step 5: Compare Fixed Effects between IRT and CTT Models
Loading IRT fixed effects from CSV...
IRT coefficients: step03_irt_coefficients.csv (4 rows)
Loading CTT fixed effects from CSV...
CTT coefficients: step03_ctt_coefficients.csv (4 rows)
Extracting fixed effects from IRT model...
Extracting fixed effects from CTT model...
Fixed effects structure validated: 4 terms
Terms: ['Intercept', "C(location_type, Treatment('source'))[T.destination]", 'log_TSVR', "C(location_type, Treatment('source'))[T.destination]:log_TSVR"]
Applying Bonferroni correction (factor=4)...
Correction applied to both models
Classifying effect agreements...
Sign matches: 4/4
Significance matches: 2/4
Overall agreements: 2/4 (50.0%)
Creating coefficient comparison table...
step05_coefficient_comparison.csv (4 rows, 12 cols)
Computing Cohen's kappa for agreement classification...
Cohen's kappa = 0.000 (Slight agreement)
Creating agreement metrics summary...
step05_agreement_metrics.csv (1 rows, 6 cols)
Validating Cohen's kappa bounds...
Kappa bounds valid: All 1 ICC values within valid bounds [0,1] (range: 0.000 to 0.000).
Agreement percentage valid: 50.0% in [0, 100]
Bonferroni correction valid: p_bonferroni >= p_uncorrected for all terms
Fixed effects comparison complete:
  - Coefficient comparison: step05_coefficient_comparison.csv
  - Agreement metrics: step05_agreement_metrics.csv
  - Cohen's kappa: 0.000 (Slight agreement)
  - Overall agreement: 50.0% (2/4 terms)
  - Kappa threshold (>0.60): NOT MET
  - Agreement threshold (>=80%): NOT MET
Step 5 complete
