Step 04: Extract Demographic Predictors
Loading group assignments...
100 participants with group assignments
Loading dfnonvr.csv...
100 participants from dfnonvr.csv
Merging demographics with group assignments...
100 participants with demographics and groups
Analyzing missing data patterns...
Age: 0 missing (0.0%)
Education: 0 missing (0.0%)
VR_Experience: 0 missing (0.0%)
NART: 3 missing (3.0%)
BVMT: 0 missing (0.0%)
Valid variables for analysis: ['Age', 'Education', 'VR_Experience', 'NART', 'BVMT']
Computing by-group descriptives...
Saving demographic data and reports...
step04_demographic_data.csv (100 rows)
step04_demographic_descriptives.csv (15 rows)
step04_missing_data_report.csv (5 rows)
Running validate_data_columns...
Demographic data structure valid
Step 04 complete
Step 04: Extract Demographic Predictors
Loading group assignments...
100 participants with group assignments
Loading dfnonvr.csv...
100 participants from dfnonvr.csv
Merging demographics with group assignments...
100 participants with demographics and groups
Group columns available: ['Group', 'Group_RAVLT_Total', 'Group_RAVLT_Pct_Ret']
Analyzing missing data patterns...
Age: 0 missing (0.0%)
Education: 0 missing (0.0%)
VR_Experience: 0 missing (0.0%)
NART: 3 missing (3.0%)
BVMT: 0 missing (0.0%)
Valid variables for analysis: ['Age', 'Education', 'VR_Experience', 'NART', 'BVMT']
Computing by-group descriptives...
Saving demographic data and reports...
step04_demographic_data.csv (100 rows)
step04_demographic_descriptives.csv (45 rows)
step04_missing_data_report.csv (5 rows)
Running validate_data_columns...
Demographic data structure valid
Step 04 complete
