================================================================================
Step 05c: Model Averaging (Domain × Time)
================================================================================
Loading input data and model comparison...
  Training data: 1200 observations
  Models compared: 65
  Domains: ['what', 'when', 'where']
  Best single model: Recip+Log (weight=0.0890)
  Competitive models (ΔAIC<2): 10
  Cumulative weight: 54.8%

Creating prediction grid...
  Grid points: 300 (100 per domain)

Computing model-averaged predictions...
  NOTE: Domain × Time interaction - averaging across functional forms

Model averaging complete:
  Models used: 10
  Effective N models: 9.45
  Prediction variance: [0.0000, 0.0047]

Model types in competitive set:
  Reciprocal family: 3 models
  Power-law family: 3 models
  Logarithmic family: 5 models

Saving model-averaged predictions...
  ✓ step05c_averaged_predictions.csv (300 rows)
  ✓ step05c_averaging_summary.txt

Averaged predictions per domain:
  What : θ ∈ [-0.340, 0.522], SE ∈ [0.0031, 0.0688]
  Where: θ ∈ [-0.340, 0.522], SE ∈ [0.0031, 0.0688]
  When : θ ∈ [-0.340, 0.522], SE ∈ [0.0031, 0.0688]
================================================================================
Step 05c Complete
  Models averaged: 10
  Effective N: 9.45
  Output: step05c_averaged_predictions.csv
================================================================================
================================================================================
Step 05c: Model Averaging (Domain × Time)
================================================================================
Loading input data and model comparison...
  Training data: 1200 observations
  Models compared: 65
  Domains: ['what', 'when', 'where']
  Best single model: Recip+Log (weight=0.0890)
  Competitive models (ΔAIC<2): 10
  Cumulative weight: 54.8%

Creating prediction grid...
  Grid points: 300 (100 per domain)

Computing model-averaged predictions...
  NOTE: Domain × Time interaction - averaging across functional forms

Model averaging complete:
  Models used: 10
  Effective N models: 9.45
  Prediction variance: [0.0000, 0.0092]

Model types in competitive set:
  Reciprocal family: 3 models
  Power-law family: 3 models
  Logarithmic family: 5 models

Saving model-averaged predictions...
  ✓ step05c_averaged_predictions.csv (300 rows)
  ✓ step05c_averaging_summary.txt

Averaged predictions per domain:
  What : θ ∈ [-0.563, 0.599], SE ∈ [0.0032, 0.0713]
  Where: θ ∈ [-0.630, 0.647], SE ∈ [0.0026, 0.0510]
  When : θ ∈ [-0.001, 0.321], SE ∈ [0.0047, 0.0959]
================================================================================
Step 05c Complete
  Models averaged: 10
  Effective N: 9.45
  Output: step05c_averaged_predictions.csv
================================================================================
================================================================================
Step 05c: Model Averaging (Domain × Time)
================================================================================
Loading input data and model comparison...
  Training data: 1200 observations
  Models compared: 65
  Domains: ['what', 'when', 'where']
  Best single model: Recip+Log (weight=0.0890)
  Competitive models (ΔAIC<2): 10
  Cumulative weight: 54.8%

Creating prediction grid...
  Grid points: 300 (100 per domain)

Computing model-averaged predictions...
  NOTE: Domain × Time interaction - averaging across functional forms

Model averaging complete:
  Models used: 10
  Effective N models: 9.45
  Prediction variance: [0.0000, 0.0092]

Model types in competitive set:
  Reciprocal family: 3 models
  Power-law family: 3 models
  Logarithmic family: 5 models

Saving model-averaged predictions...
  ✓ step05c_averaged_predictions.csv (300 rows)
  ✓ step05c_averaging_summary.txt

Averaged predictions per domain:
  What : θ ∈ [-0.563, 0.599], SE ∈ [0.0032, 0.0713]
  Where: θ ∈ [-0.630, 0.647], SE ∈ [0.0026, 0.0510]
  When : θ ∈ [-0.001, 0.321], SE ∈ [0.0047, 0.0959]
================================================================================
Step 05c Complete
  Models averaged: 10
  Effective N: 9.45
  Output: step05c_averaged_predictions.csv
================================================================================
