[2026-04-04 07:09:42] ================================================================================
[2026-04-04 07:09:42] LMM Model Selection: Kitchen Sink Suite
[2026-04-04 07:09:42] ================================================================================
[2026-04-04 07:09:42] Checking inputs...
[2026-04-04 07:09:42]   TSVR variable: TSVR_hours
[2026-04-04 07:09:42]   TSVR range: [1.00, 246.24] hours
[2026-04-04 07:09:42]   TSVR unique values: 295
[2026-04-04 07:09:42]   Outcome: theta
[2026-04-04 07:09:42]   Groups: UID (N=100)
[2026-04-04 07:09:42]   N observations: 1200
[2026-04-04 07:09:42]   Factor 1: domain (categorical, ref=what)
[2026-04-04 07:09:42]   Interaction: 1-way (time × factor1)
[2026-04-04 07:09:42]   Random effects: ~1
[2026-04-04 07:09:42]   REML: False
[2026-04-04 07:09:42] Creating time transformations...
[2026-04-04 07:09:42]   Polynomial family...
[2026-04-04 07:09:42]   Logarithmic family...
[2026-04-04 07:09:42]   Power law family...
[2026-04-04 07:09:42]   Root family...
[2026-04-04 07:09:42]   Reciprocal family...
[2026-04-04 07:09:42]   Exponential family...
[2026-04-04 07:09:42]   Trigonometric family...
[2026-04-04 07:09:42]   Hyperbolic family...
[2026-04-04 07:09:42]   Total transformations created: 32
[2026-04-04 07:09:42] Defining model suite...
[2026-04-04 07:09:42]   Total models defined: 66
[2026-04-04 07:09:42] Building model formulas...
[2026-04-04 07:09:42]   Example formula (Linear): theta ~ TSVR * C(domain, Treatment('what'))
[2026-04-04 07:09:42]   Example formula (Log): theta ~ log_TSVR * C(domain, Treatment('what'))
[2026-04-04 07:09:42] Fitting all models...
[2026-04-04 07:09:42]   This may take 5-10 minutes for 66 models...
[2026-04-04 07:09:42]   [1/66] Fitting Linear...
[2026-04-04 07:09:42]     ✓ AIC=2587.64, converged=True
[2026-04-04 07:09:42]   [2/66] Fitting Quadratic...
[2026-04-04 07:09:42]     ✓ AIC=2560.16, converged=True
[2026-04-04 07:09:42]   [3/66] Fitting Cubic...
[2026-04-04 07:09:42]     ✓ AIC=2568.37, converged=True
[2026-04-04 07:09:42]   [4/66] Fitting Quartic...
[2026-04-04 07:09:42]     ✓ AIC=2577.87, converged=True
[2026-04-04 07:09:42]   [5/66] Fitting Quadratic_pure...
[2026-04-04 07:09:42]     ✓ AIC=2664.26, converged=True
[2026-04-04 07:09:42]   [6/66] Fitting Cubic_pure...
[2026-04-04 07:09:42]     ✓ AIC=2714.83, converged=True
[2026-04-04 07:09:42]   [7/66] Fitting Log...
[2026-04-04 07:09:43]     ✓ AIC=2541.34, converged=True
[2026-04-04 07:09:43]   [8/66] Fitting Log2...
[2026-04-04 07:09:43]     ✓ AIC=2541.34, converged=True
[2026-04-04 07:09:43]   [9/66] Fitting Log10...
[2026-04-04 07:09:43]     ✓ AIC=2541.34, converged=True
[2026-04-04 07:09:43]   [10/66] Fitting LogLog...
[2026-04-04 07:09:43]     ✓ AIC=2534.72, converged=True
[2026-04-04 07:09:43]   [11/66] Fitting Lin+Log...
[2026-04-04 07:09:43]     ✓ AIC=2533.70, converged=True
[2026-04-04 07:09:43]   [12/66] Fitting Quad+Log...
[2026-04-04 07:09:43]     ✓ AIC=2535.25, converged=True
[2026-04-04 07:09:43]   [13/66] Fitting Log+LogLog...
[2026-04-04 07:09:43]     ✓ AIC=2535.99, converged=True
[2026-04-04 07:09:43]   [14/66] Fitting Lin+Quad+Log...
[2026-04-04 07:09:43]     ✓ AIC=2535.25, converged=True
[2026-04-04 07:09:43]   [15/66] Fitting PowerLaw_01...
[2026-04-04 07:09:43]     ✓ AIC=2538.99, converged=True
[2026-04-04 07:09:43]   [16/66] Fitting PowerLaw_02...
[2026-04-04 07:09:43]     ✓ AIC=2537.18, converged=True
[2026-04-04 07:09:43]   [17/66] Fitting PowerLaw_03...
[2026-04-04 07:09:43]     ✓ AIC=2535.89, converged=True
[2026-04-04 07:09:43]   [18/66] Fitting PowerLaw_04...
[2026-04-04 07:09:43]     ✓ AIC=2535.10, converged=True
[2026-04-04 07:09:43]   [19/66] Fitting PowerLaw_05...
[2026-04-04 07:09:43]     ✓ AIC=2534.81, converged=True
[2026-04-04 07:09:43]   [20/66] Fitting PowerLaw_06...
[2026-04-04 07:09:43]     ✓ AIC=2534.98, converged=True
[2026-04-04 07:09:43]   [21/66] Fitting PowerLaw_07...
[2026-04-04 07:09:43]     ✓ AIC=2535.56, converged=True
[2026-04-04 07:09:43]   [22/66] Fitting PowerLaw_08...
[2026-04-04 07:09:43]     ✓ AIC=2536.53, converged=True
[2026-04-04 07:09:43]   [23/66] Fitting PowerLaw_09...
[2026-04-04 07:09:43]     ✓ AIC=2537.83, converged=True
[2026-04-04 07:09:43]   [24/66] Fitting PowerLaw_10...
[2026-04-04 07:09:43]     ✓ AIC=2539.42, converged=True
[2026-04-04 07:09:43]   [25/66] Fitting PowerLaw_Log...
[2026-04-04 07:09:43]     ✓ AIC=2532.60, converged=True
[2026-04-04 07:09:43]   [26/66] Fitting PowerLaw_Lin...
[2026-04-04 07:09:43]     ✓ AIC=2534.36, converged=True
[2026-04-04 07:09:43]   [27/66] Fitting SquareRoot...
[2026-04-04 07:09:44]     ✓ AIC=2542.72, converged=True
[2026-04-04 07:09:44]   [28/66] Fitting CubeRoot...
[2026-04-04 07:09:44]     ✓ AIC=2535.56, converged=True
[2026-04-04 07:09:44]   [29/66] Fitting FourthRoot...
[2026-04-04 07:09:44]     ✓ AIC=2534.85, converged=True
[2026-04-04 07:09:44]   [30/66] Fitting Root_033...
[2026-04-04 07:09:44]     ✓ AIC=2535.55, converged=True
[2026-04-04 07:09:44]   [31/66] Fitting Root_067...
[2026-04-04 07:09:44]     ✓ AIC=2555.63, converged=True
[2026-04-04 07:09:44]   [32/66] Fitting SquareRoot+Log...
[2026-04-04 07:09:44]     ✓ AIC=2542.90, converged=True
[2026-04-04 07:09:44]   [33/66] Fitting CubeRoot+Log...
[2026-04-04 07:09:44]     ✓ AIC=2532.77, converged=True
[2026-04-04 07:09:44]   [34/66] Fitting SquareRoot+Lin...
[2026-04-04 07:09:44]     ✓ AIC=2533.70, converged=True
[2026-04-04 07:09:44]   [35/66] Fitting Root_Multi...
[2026-04-04 07:09:44]     ✓ AIC=2534.43, converged=True
[2026-04-04 07:09:44]   [36/66] Fitting Reciprocal...
[2026-04-04 07:09:44]     ✓ AIC=2539.42, converged=True
[2026-04-04 07:09:44]   [37/66] Fitting Recip+Log...
[2026-04-04 07:09:44]     ✓ AIC=2532.42, converged=True
[2026-04-04 07:09:44]   [38/66] Fitting Recip+Lin...
[2026-04-04 07:09:44]     ✓ AIC=2534.06, converged=True
[2026-04-04 07:09:44]   [39/66] Fitting Recip+Quad...
[2026-04-04 07:09:44]     ✓ AIC=2549.00, converged=True
[2026-04-04 07:09:44]   [40/66] Fitting Recip_sq...
[2026-04-04 07:09:44]     ✓ AIC=2562.26, converged=True
[2026-04-04 07:09:44]   [41/66] Fitting Recip+PowerLaw...
[2026-04-04 07:09:44]     ✓ AIC=2535.70, converged=True
[2026-04-04 07:09:44]   [42/66] Fitting Exponential_proxy...
[2026-04-04 07:09:44]     ✓ AIC=2587.64, converged=True
[2026-04-04 07:09:44]   [43/66] Fitting Exp+Log...
[2026-04-04 07:09:44]     ✓ AIC=2533.70, converged=True
[2026-04-04 07:09:44]   [44/66] Fitting Exp+Lin...
[2026-04-04 07:09:44]     ✗ FAILED: Singular matrix
[2026-04-04 07:09:44]   [45/66] Fitting Exp_fast...
[2026-04-04 07:09:44]     ✓ AIC=2664.26, converged=True
[2026-04-04 07:09:44]   [46/66] Fitting Exp_slow...
[2026-04-04 07:09:44]     ✓ AIC=2542.72, converged=True
[2026-04-04 07:09:44]   [47/66] Fitting Exp+PowerLaw...
[2026-04-04 07:09:45]     ✓ AIC=2535.95, converged=True
[2026-04-04 07:09:45]   [48/66] Fitting Exp+Recip...
[2026-04-04 07:09:45]     ✓ AIC=2540.38, converged=True
[2026-04-04 07:09:45]   [49/66] Fitting Sin...
[2026-04-04 07:09:45]     ✓ AIC=2818.80, converged=True
[2026-04-04 07:09:45]   [50/66] Fitting Cos...
[2026-04-04 07:09:45]     ✓ AIC=2585.19, converged=True
[2026-04-04 07:09:45]   [51/66] Fitting Sin+Cos...
[2026-04-04 07:09:45]     ✓ AIC=2581.56, converged=True
[2026-04-04 07:09:45]   [52/66] Fitting Sin+Log...
[2026-04-04 07:09:45]     ✓ AIC=2536.76, converged=True
[2026-04-04 07:09:45]   [53/66] Fitting Tanh...
[2026-04-04 07:09:45]     ✓ AIC=2575.82, converged=True
[2026-04-04 07:09:45]   [54/66] Fitting Tanh+Log...
[2026-04-04 07:09:45]     ✓ AIC=2533.36, converged=True
[2026-04-04 07:09:45]   [55/66] Fitting Arctanh...
[2026-04-04 07:09:45]     ✓ AIC=2641.69, converged=True
[2026-04-04 07:09:45]   [56/66] Fitting Sinh...
[2026-04-04 07:09:45]     ✓ AIC=2595.03, converged=True
[2026-04-04 07:09:45]   [57/66] Fitting Log+PowerLaw05...
[2026-04-04 07:09:45]     ✓ AIC=2535.83, converged=True
[2026-04-04 07:09:45]   [58/66] Fitting Log+SquareRoot...
[2026-04-04 07:09:45]     ✓ AIC=2543.09, converged=True
[2026-04-04 07:09:45]   [59/66] Fitting Log+Recip...
[2026-04-04 07:09:45]     ✓ AIC=2540.38, converged=True
[2026-04-04 07:09:45]   [60/66] Fitting SquareRoot+PowerLaw...
[2026-04-04 07:09:45]     ✓ AIC=2536.10, converged=True
[2026-04-04 07:09:45]   [61/66] Fitting SquareRoot+Recip...
[2026-04-04 07:09:45]     ✓ AIC=2540.32, converged=True
[2026-04-04 07:09:45]   [62/66] Fitting Recip+PowerLaw05...
[2026-04-04 07:09:45]     ✓ AIC=2535.70, converged=True
[2026-04-04 07:09:45]   [63/66] Fitting Lin+Log+PowerLaw...
[2026-04-04 07:09:45]     ✓ AIC=2537.76, converged=True
[2026-04-04 07:09:45]   [64/66] Fitting Quad+Log+SquareRoot...
[2026-04-04 07:09:45]     ✓ AIC=2535.55, converged=True
[2026-04-04 07:09:45]   [65/66] Fitting PowerLaw+Recip+Log...
[2026-04-04 07:09:45]     ✓ AIC=2534.34, converged=True
[2026-04-04 07:09:45]   [66/66] Fitting Ultimate...
[2026-04-04 07:09:45]     ✓ AIC=2546.08, converged=True
[2026-04-04 07:09:45]   Successful fits: 65/66
[2026-04-04 07:09:45]   Failed fits: 1
[2026-04-04 07:09:45] Computing AIC comparison metrics...
[2026-04-04 07:09:45]   Minimum AIC: 2532.42
[2026-04-04 07:09:45]   delta_AIC range: [0.00, 286.38]
[2026-04-04 07:09:45]   Akaike weight sum: 1.000000 (should be 1.0)
[2026-04-04 07:09:45] Identifying best model...
[2026-04-04 07:09:45]   Best model: Recip+Log
[2026-04-04 07:09:45]   AIC: 2532.42
[2026-04-04 07:09:45]   Akaike weight: 0.0890 (8.9%)
[2026-04-04 07:09:45]   Uncertainty: High (<30% probability - weak support, consider model averaging)
[2026-04-04 07:09:45]   Log model (benchmark): Rank #43, AIC=2541.34, Δ=8.91, weight=0.0010
[2026-04-04 07:09:45] Validating AIC comparison metrics...
[2026-04-04 07:09:45]   ✓ Akaike weights sum to 1.0 (1.000000)
[2026-04-04 07:09:45]   ✓ All Akaike weights in (0, 1)
[2026-04-04 07:09:45]   ✓ Best model has delta_AIC = 0
[2026-04-04 07:09:45]   ✓ cumulative_weight monotonic increasing
[2026-04-04 07:09:45]   ✓ cumulative_weight ends at 1.0 (1.000000)
[2026-04-04 07:09:45] Preparing output dictionary...
[2026-04-04 07:09:45]   Competitive models (ΔAIC < 2): 10
[2026-04-04 07:09:45] Saving outputs to /home/etai/projects/REMEMVR/results/ch5/5.2.1/data...
[2026-04-04 07:09:45]   ✓ model_comparison.csv
[2026-04-04 07:09:45]   ✓ best_model_summary.txtKitchen sink comparison complete
Model comparison summary:
================================================================================
TOP 10 MODELS (out of 65):
--------------------------------------------------------------------------------
   1. Recip+Log                 AIC=2532.42  ΔAIC=  0.00  weight= 8.90%
   2. PowerLaw_Log              AIC=2532.60  ΔAIC=  0.18  weight= 8.12%
   3. CubeRoot+Log              AIC=2532.77  ΔAIC=  0.35  weight= 7.47%
   4. Tanh+Log                  AIC=2533.36  ΔAIC=  0.94  weight= 5.56%
   5. SquareRoot+Lin            AIC=2533.70  ΔAIC=  1.27  weight= 4.71%
   6. Lin+Log                   AIC=2533.70  ΔAIC=  1.28  weight= 4.69%
   7. Exp+Log                   AIC=2533.70  ΔAIC=  1.28  weight= 4.69%
   8. Recip+Lin                 AIC=2534.06  ΔAIC=  1.64  weight= 3.92%
   9. PowerLaw+Recip+Log        AIC=2534.34  ΔAIC=  1.92  weight= 3.40%
  10. PowerLaw_Lin              AIC=2534.36  ΔAIC=  1.94  weight= 3.37%
================================================================================
BEST MODEL: Recip+Log
  AIC: 2532.42
  Weight: 8.90%
================================================================================

⚠️  WARNING: Best model weight < 30%
   Model uncertainty present (weight=8.9%)
   RECOMMENDATION: Run step05c_model_averaging.py
   See: Burnham & Anderson (2002) Model Selection section

Summary written to: step05_best_model_summary.txt
================================================================================
Step 05 complete
================================================================================
