/home/etai/projects/REMEMVR/.venv/lib/python3.12/site-packages/deepirtools/data.py:1: UserWarning: pkg_resources is deprecated as an API. See https://setuptools.pypa.io/en/latest/pkg_resources.html. The pkg_resources package is slated for removal as early as 2025-11-30. Refrain from using this package or pin to Setuptools<81.
  import pkg_resources
Step 01: IRT Calibration Pass 1 (GRM, All Items)
Loading IRT input data (wide format)...
step00_irt_input.csv (400 rows, 106 cols)
Loading Q-matrix...
step00_q_matrix.csv (105 items, factor: All)
Converting wide to long format...
Long format created: 42000 observations (105 items × 400 participants)
Building factor groups from Q-matrix...
Factor 'All' contains 105 items
Preparing IRT tensors (response matrix, Q-matrix, missing mask)...
Tensors prepared: 400 observations × 105 items
Q-matrix shape: torch.Size([105, 1]) (items × factors)
Missing data: 0 / 42000 cells (0.0%)
Configuring GRM model (5 categories, 1 factor)...

Initializing model parameters
Initialization ended in  0.01  seconds
Model configured: GRM with 105 items, 1 factor(s), 5 categories
Fitting GRM model (max_iter=200, mc_samples=1, iw_samples=100)...
WARNING: Using MINIMAL settings for testing. Re-run with max_iter=200, mc_samples=100, iw_samples=100 for production.
Fitting IRT model on cpu...

Fitting started

Epoch =        0 Iter. =        1 Cur. loss =  153.11   Intervals no change =    0
Epoch =      100 Iter. =      101 Cur. loss =  149.81   Intervals no change =    0
Epoch =      200 Iter. =      201 Cur. loss =  146.43   Intervals no change =    0
Epoch =      300 Iter. =      301 Cur. loss =  143.35   Intervals no change =    0
Epoch =      400 Iter. =      401 Cur. loss =  140.64   Intervals no change =    0
Epoch =      500 Iter. =      501 Cur. loss =  138.33   Intervals no change =    0
Epoch =      600 Iter. =      601 Cur. loss =  136.41   Intervals no change =    0
Epoch =      700 Iter. =      701 Cur. loss =  134.84   Intervals no change =    0
Epoch =      800 Iter. =      801 Cur. loss =  133.57   Intervals no change =    0
Epoch =      900 Iter. =      901 Cur. loss =  132.52   Intervals no change =    0
Epoch =     1000 Iter. =     1001 Cur. loss =  131.65   Intervals no change =    0
Epoch =     1100 Iter. =     1101 Cur. loss =  130.71   Intervals no change =    0
Epoch =     1200 Iter. =     1201 Cur. loss =  130.21   Intervals no change =    0
Epoch =     1300 Iter. =     1301 Cur. loss =  129.66   Intervals no change =    0
Epoch =     1400 Iter. =     1401 Cur. loss =  129.16   Intervals no change =    0
Epoch =     1500 Iter. =     1501 Cur. loss =  128.70   Intervals no change =    0
Epoch =     1600 Iter. =     1601 Cur. loss =  128.30   Intervals no change =    0
Epoch =     1700 Iter. =     1701 Cur. loss =  127.93   Intervals no change =    0
Epoch =     1800 Iter. =     1801 Cur. loss =  127.59   Intervals no change =    0
Epoch =     1900 Iter. =     1901 Cur. loss =  127.29   Intervals no change =    0
Epoch =     2000 Iter. =     2001 Cur. loss =  127.02   Intervals no change =    0
Epoch =     2100 Iter. =     2101 Cur. loss =  126.77   Intervals no change =    0
Epoch =     2200 Iter. =     2201 Cur. loss =  126.54   Intervals no change =    0
Epoch =     2300 Iter. =     2301 Cur. loss =  126.33   Intervals no change =    0
Epoch =     2400 Iter. =     2401 Cur. loss =  126.14   Intervals no change =    0
Epoch =     2500 Iter. =     2501 Cur. loss =  125.97   Intervals no change =    0
Epoch =     2600 Iter. =     2601 Cur. loss =  125.82   Intervals no change =    0
Epoch =     2700 Iter. =     2701 Cur. loss =  125.67   Intervals no change =    0
Epoch =     2800 Iter. =     2801 Cur. loss =  125.54   Intervals no change =    0
Epoch =     2900 Iter. =     2901 Cur. loss =  125.43   Intervals no change =    0
Epoch =     3000 Iter. =     3001 Cur. loss =  125.32   Intervals no change =    0
Epoch =     3100 Iter. =     3101 Cur. loss =  125.22   Intervals no change =    0
Epoch =     3200 Iter. =     3201 Cur. loss =  125.13   Intervals no change =    0
Epoch =     3300 Iter. =     3301 Cur. loss =  125.04   Intervals no change =    0
Epoch =     3400 Iter. =     3401 Cur. loss =  124.97   Intervals no change =    0
Epoch =     3500 Iter. =     3501 Cur. loss =  124.90   Intervals no change =    0
Epoch =     3600 Iter. =     3601 Cur. loss =  124.83   Intervals no change =    0
Epoch =     3700 Iter. =     3701 Cur. loss =  124.77   Intervals no change =    0
Epoch =     3800 Iter. =     3801 Cur. loss =  124.72   Intervals no change =    0
Epoch =     3900 Iter. =     3901 Cur. loss =  124.67   Intervals no change =    0
Epoch =     4000 Iter. =     4001 Cur. loss =  124.62   Intervals no change =    0
Epoch =     4100 Iter. =     4101 Cur. loss =  124.58   Intervals no change =    0
Epoch =     4200 Iter. =     4201 Cur. loss =  124.54   Intervals no change =    0
Epoch =     4300 Iter. =     4301 Cur. loss =  124.50   Intervals no change =    0
Epoch =     4400 Iter. =     4401 Cur. loss =  124.47   Intervals no change =    0
Epoch =     4500 Iter. =     4501 Cur. loss =  124.43   Intervals no change =    0
Epoch =     4600 Iter. =     4601 Cur. loss =  124.40   Intervals no change =    0
Epoch =     4700 Iter. =     4701 Cur. loss =  124.38   Intervals no change =    0
Epoch =     4800 Iter. =     4801 Cur. loss =  124.35   Intervals no change =    0
Epoch =     4900 Iter. =     4901 Cur. loss =  124.33   Intervals no change =    0
Epoch =     5000 Iter. =     5001 Cur. loss =  124.31   Intervals no change =    0
Epoch =     5100 Iter. =     5101 Cur. loss =  124.29   Intervals no change =    0
Epoch =     5200 Iter. =     5201 Cur. loss =  124.27   Intervals no change =    0
Epoch =     5300 Iter. =     5301 Cur. loss =  124.25   Intervals no change =    0
Epoch =     5400 Iter. =     5401 Cur. loss =  124.23   Intervals no change =    0
Epoch =     5500 Iter. =     5501 Cur. loss =  124.22   Intervals no change =    0
Epoch =     5600 Iter. =     5601 Cur. loss =  124.21   Intervals no change =    0
Epoch =     5700 Iter. =     5701 Cur. loss =  124.19   Intervals no change =    0
Epoch =     5800 Iter. =     5801 Cur. loss =  124.18   Intervals no change =    0
Epoch =     5900 Iter. =     5901 Cur. loss =  124.17   Intervals no change =    0
Epoch =     6000 Iter. =     6001 Cur. loss =  124.16   Intervals no change =    0
Epoch =     6100 Iter. =     6101 Cur. loss =  124.15   Intervals no change =    0
Epoch =     6200 Iter. =     6201 Cur. loss =  124.14   Intervals no change =    0
Epoch =     6300 Iter. =     6301 Cur. loss =  124.13   Intervals no change =    0
Epoch =     6400 Iter. =     6401 Cur. loss =  124.12   Intervals no change =    0
Epoch =     6500 Iter. =     6501 Cur. loss =  124.11   Intervals no change =    0
Epoch =     6600 Iter. =     6601 Cur. loss =  124.11   Intervals no change =    0
Epoch =     6700 Iter. =     6701 Cur. loss =  124.10   Intervals no change =    0
Epoch =     6800 Iter. =     6801 Cur. loss =  124.09   Intervals no change =    0
Epoch =     6900 Iter. =     6901 Cur. loss =  124.09   Intervals no change =    0
Epoch =     7000 Iter. =     7001 Cur. loss =  124.08   Intervals no change =    0
Epoch =     7100 Iter. =     7101 Cur. loss =  124.07   Intervals no change =    0
Epoch =     7200 Iter. =     7201 Cur. loss =  124.07   Intervals no change =    0
Epoch =     7300 Iter. =     7301 Cur. loss =  124.06   Intervals no change =    0
Epoch =     7400 Iter. =     7401 Cur. loss =  124.06   Intervals no change =    0
Epoch =     7500 Iter. =     7501 Cur. loss =  124.06   Intervals no change =    0
Epoch =     7600 Iter. =     7601 Cur. loss =  124.05   Intervals no change =    0
Epoch =     7700 Iter. =     7701 Cur. loss =  124.05   Intervals no change =    0
Epoch =     7800 Iter. =     7801 Cur. loss =  124.04   Intervals no change =    0
Epoch =     7900 Iter. =     7901 Cur. loss =  124.04   Intervals no change =    0
Epoch =     8000 Iter. =     8001 Cur. loss =  124.04   Intervals no change =    0
Epoch =     8100 Iter. =     8101 Cur. loss =  124.03   Intervals no change =    0
Epoch =     8200 Iter. =     8201 Cur. loss =  124.03   Intervals no change =    0
Epoch =     8300 Iter. =     8301 Cur. loss =  124.03   Intervals no change =    0
Epoch =     8400 Iter. =     8401 Cur. loss =  124.02   Intervals no change =    0
Epoch =     8500 Iter. =     8501 Cur. loss =  124.02   Intervals no change =    0
Epoch =     8600 Iter. =     8601 Cur. loss =  124.02   Intervals no change =    0
Epoch =     8700 Iter. =     8701 Cur. loss =  124.02   Intervals no change =    0
Epoch =     8800 Iter. =     8801 Cur. loss =  124.02   Intervals no change =    0
Epoch =     8900 Iter. =     8901 Cur. loss =  124.01   Intervals no change =    0
Epoch =     9000 Iter. =     9001 Cur. loss =  124.01   Intervals no change =    0
Epoch =     9100 Iter. =     9101 Cur. loss =  124.01   Intervals no change =    0
Epoch =     9200 Iter. =     9201 Cur. loss =  124.01   Intervals no change =    0
Epoch =     9300 Iter. =     9301 Cur. loss =  124.01   Intervals no change =    0
Epoch =     9400 Iter. =     9401 Cur. loss =  124.00   Intervals no change =    0
Epoch =     9500 Iter. =     9501 Cur. loss =  124.00   Intervals no change =    0
Epoch =     9600 Iter. =     9601 Cur. loss =  124.00   Intervals no change =    0
Epoch =     9700 Iter. =     9701 Cur. loss =  124.00   Intervals no change =    0
Epoch =     9800 Iter. =     9801 Cur. loss =  124.00   Intervals no change =    0
Epoch =     9900 Iter. =     9901 Cur. loss =  124.00   Intervals no change =    0
Epoch =    10000 Iter. =    10001 Cur. loss =  124.00   Intervals no change =    0
Epoch =    10100 Iter. =    10101 Cur. loss =  123.99   Intervals no change =    0
Epoch =    10200 Iter. =    10201 Cur. loss =  123.99   Intervals no change =    0
Epoch =    10300 Iter. =    10301 Cur. loss =  123.99   Intervals no change =    0
Epoch =    10400 Iter. =    10401 Cur. loss =  123.99   Intervals no change =    0
Epoch =    10500 Iter. =    10501 Cur. loss =  123.99   Intervals no change =    0
Epoch =    10600 Iter. =    10601 Cur. loss =  123.99   Intervals no change =    0
Epoch =    10700 Iter. =    10701 Cur. loss =  123.99   Intervals no change =    0
Epoch =    10800 Iter. =    10801 Cur. loss =  123.99   Intervals no change =    0
Epoch =    10900 Iter. =    10901 Cur. loss =  123.99   Intervals no change =    0
Epoch =    11000 Iter. =    11001 Cur. loss =  123.98   Intervals no change =    0
Epoch =    11100 Iter. =    11101 Cur. loss =  123.98   Intervals no change =    0
Epoch =    11200 Iter. =    11201 Cur. loss =  123.98   Intervals no change =    0
Epoch =    11300 Iter. =    11301 Cur. loss =  123.98   Intervals no change =    0
Epoch =    11400 Iter. =    11401 Cur. loss =  123.98   Intervals no change =    0
Epoch =    11500 Iter. =    11501 Cur. loss =  123.98   Intervals no change =    0
Epoch =    11600 Iter. =    11601 Cur. loss =  123.98   Intervals no change =    0
Epoch =    11700 Iter. =    11701 Cur. loss =  123.98   Intervals no change =    0
Epoch =    11800 Iter. =    11801 Cur. loss =  123.98   Intervals no change =    0
Epoch =    11900 Iter. =    11901 Cur. loss =  123.98   Intervals no change =    0
Epoch =    12000 Iter. =    12001 Cur. loss =  123.98   Intervals no change =    0
Epoch =    12100 Iter. =    12101 Cur. loss =  123.98   Intervals no change =    0
Epoch =    12200 Iter. =    12201 Cur. loss =  123.98   Intervals no change =    0
Epoch =    12300 Iter. =    12301 Cur. loss =  123.98   Intervals no change =    0
Epoch =    12400 Iter. =    12401 Cur. loss =  123.98   Intervals no change =    0
Epoch =    12500 Iter. =    12501 Cur. loss =  123.97   Intervals no change =    0
Epoch =    12600 Iter. =    12601 Cur. loss =  123.97   Intervals no change =    0
Epoch =    12700 Iter. =    12701 Cur. loss =  123.97   Intervals no change =    0
Epoch =    12800 Iter. =    12801 Cur. loss =  123.97   Intervals no change =    0
Epoch =    12900 Iter. =    12901 Cur. loss =  123.97   Intervals no change =    0
Epoch =    13000 Iter. =    13001 Cur. loss =  123.97   Intervals no change =    0
Epoch =    13100 Iter. =    13101 Cur. loss =  123.97   Intervals no change =    0
Epoch =    13200 Iter. =    13201 Cur. loss =  123.97   Intervals no change =    0
Epoch =    13300 Iter. =    13301 Cur. loss =  123.97   Intervals no change =    0
Epoch =    13400 Iter. =    13401 Cur. loss =  123.97   Intervals no change =    0
Epoch =    13500 Iter. =    13501 Cur. loss =  123.97   Intervals no change =    0
Epoch =    13600 Iter. =    13601 Cur. loss =  123.97   Intervals no change =    0
Epoch =    13700 Iter. =    13701 Cur. loss =  123.97   Intervals no change =    0
Epoch =    13800 Iter. =    13801 Cur. loss =  123.97   Intervals no change =    0
Epoch =    13900 Iter. =    13901 Cur. loss =  123.97   Intervals no change =    0
Epoch =    14000 Iter. =    14001 Cur. loss =  123.97   Intervals no change =    0
Epoch =    14100 Iter. =    14101 Cur. loss =  123.97   Intervals no change =    0
Epoch =    14200 Iter. =    14201 Cur. loss =  123.97   Intervals no change =    0
Epoch =    14300 Iter. =    14301 Cur. loss =  123.97   Intervals no change =    0
Epoch =    14400 Iter. =    14401 Cur. loss =  123.97   Intervals no change =    0
Epoch =    14500 Iter. =    14501 Cur. loss =  123.97   Intervals no change =    0
Epoch =    14600 Iter. =    14601 Cur. loss =  123.97   Intervals no change =    0
Epoch =    14700 Iter. =    14701 Cur. loss =  123.97   Intervals no change =    0
Epoch =    14800 Iter. =    14801 Cur. loss =  123.97   Intervals no change =    0
Epoch =    14900 Iter. =    14901 Cur. loss =  123.97   Intervals no change =    0
Epoch =    15000 Iter. =    15001 Cur. loss =  123.96   Intervals no change =    0
Epoch =    15100 Iter. =    15101 Cur. loss =  123.96   Intervals no change =    0
Epoch =    15200 Iter. =    15201 Cur. loss =  123.96   Intervals no change =    0
Epoch =    15300 Iter. =    15301 Cur. loss =  123.96   Intervals no change =    0
Epoch =    15400 Iter. =    15401 Cur. loss =  123.96   Intervals no change =    0
Epoch =    15500 Iter. =    15501 Cur. loss =  123.96   Intervals no change =    0
Epoch =    15600 Iter. =    15601 Cur. loss =  123.96   Intervals no change =    0
Epoch =    15700 Iter. =    15701 Cur. loss =  123.96   Intervals no change =    0
Epoch =    15800 Iter. =    15801 Cur. loss =  123.96   Intervals no change =    0
Epoch =    15900 Iter. =    15901 Cur. loss =  123.96   Intervals no change =    0
Epoch =    16000 Iter. =    16001 Cur. loss =  123.96   Intervals no change =    0
Epoch =    16100 Iter. =    16101 Cur. loss =  123.96   Intervals no change =    0
Epoch =    16200 Iter. =    16201 Cur. loss =  123.96   Intervals no change =    0
Epoch =    16300 Iter. =    16301 Cur. loss =  123.96   Intervals no change =    0
Epoch =    16400 Iter. =    16401 Cur. loss =  123.96   Intervals no change =    0
Epoch =    16500 Iter. =    16501 Cur. loss =  123.96   Intervals no change =    0
Epoch =    16600 Iter. =    16601 Cur. loss =  123.96   Intervals no change =    0
Epoch =    16700 Iter. =    16701 Cur. loss =  123.96   Intervals no change =    0
Epoch =    16800 Iter. =    16801 Cur. loss =  123.96   Intervals no change =    0
Epoch =    16900 Iter. =    16901 Cur. loss =  123.96   Intervals no change =    0
Epoch =    17000 Iter. =    17001 Cur. loss =  123.96   Intervals no change =    0
Epoch =    17100 Iter. =    17101 Cur. loss =  123.96   Intervals no change =    0
Epoch =    17200 Iter. =    17201 Cur. loss =  123.96   Intervals no change =    0
Epoch =    17300 Iter. =    17301 Cur. loss =  123.96   Intervals no change =    0
Epoch =    17400 Iter. =    17401 Cur. loss =  123.96   Intervals no change =    0
Epoch =    17500 Iter. =    17501 Cur. loss =  123.96   Intervals no change =    0
Epoch =    17600 Iter. =    17601 Cur. loss =  123.96   Intervals no change =    0
Epoch =    17700 Iter. =    17701 Cur. loss =  123.96   Intervals no change =    0
Epoch =    17800 Iter. =    17801 Cur. loss =  123.96   Intervals no change =    0
Epoch =    17900 Iter. =    17901 Cur. loss =  123.96   Intervals no change =    0
Epoch =    18000 Iter. =    18001 Cur. loss =  123.96   Intervals no change =    0
Epoch =    18100 Iter. =    18101 Cur. loss =  123.96   Intervals no change =    0
Epoch =    18200 Iter. =    18201 Cur. loss =  123.96   Intervals no change =    0
Epoch =    18300 Iter. =    18301 Cur. loss =  123.96   Intervals no change =    0
Epoch =    18400 Iter. =    18401 Cur. loss =  123.96   Intervals no change =    0
Epoch =    18500 Iter. =    18501 Cur. loss =  123.96   Intervals no change =    0
Epoch =    18600 Iter. =    18601 Cur. loss =  123.96   Intervals no change =    0
Epoch =    18700 Iter. =    18701 Cur. loss =  123.96   Intervals no change =    0
Epoch =    18800 Iter. =    18801 Cur. loss =  123.96   Intervals no change =    0
Epoch =    18900 Iter. =    18901 Cur. loss =  123.96   Intervals no change =    0
Epoch =    19000 Iter. =    19001 Cur. loss =  123.96   Intervals no change =    0
Epoch =    19100 Iter. =    19101 Cur. loss =  123.96   Intervals no change =    0
Epoch =    19200 Iter. =    19201 Cur. loss =  123.96   Intervals no change =    0
Epoch =    19300 Iter. =    19301 Cur. loss =  123.96   Intervals no change =    0
Epoch =    19400 Iter. =    19401 Cur. loss =  123.96   Intervals no change =    0
Epoch =    19500 Iter. =    19501 Cur. loss =  123.95   Intervals no change =    0
Epoch =    19600 Iter. =    19601 Cur. loss =  123.96   Intervals no change =    0
Epoch =    19700 Iter. =    19701 Cur. loss =  123.95   Intervals no change =    0
Epoch =    19800 Iter. =    19801 Cur. loss =  123.95   Intervals no change =    0
Epoch =    19900 Iter. =    19901 Cur. loss =  123.95   Intervals no change =    0
Epoch =    20000 Iter. =    20001 Cur. loss =  123.95   Intervals no change =    0
Epoch =    20100 Iter. =    20101 Cur. loss =  123.95   Intervals no change =    0
Epoch =    20200 Iter. =    20201 Cur. loss =  123.95   Intervals no change =    0
Epoch =    20300 Iter. =    20301 Cur. loss =  123.95   Intervals no change =    0
Epoch =    20400 Iter. =    20401 Cur. loss =  123.95   Intervals no change =    0
Epoch =    20500 Iter. =    20501 Cur. loss =  123.95   Intervals no change =    0
Epoch =    20600 Iter. =    20601 Cur. loss =  123.95   Intervals no change =    0
Epoch =    20700 Iter. =    20701 Cur. loss =  123.95   Intervals no change =    0
Epoch =    20800 Iter. =    20801 Cur. loss =  123.95   Intervals no change =    0
Epoch =    20900 Iter. =    20901 Cur. loss =  123.95   Intervals no change =    0
Epoch =    21000 Iter. =    21001 Cur. loss =  123.95   Intervals no change =    0
Epoch =    21100 Iter. =    21101 Cur. loss =  123.95   Intervals no change =    0
Epoch =    21200 Iter. =    21201 Cur. loss =  123.95   Intervals no change =    0
Epoch =    21300 Iter. =    21301 Cur. loss =  123.95   Intervals no change =    0
Epoch =    21400 Iter. =    21401 Cur. loss =  123.95   Intervals no change =    0
Epoch =    21500 Iter. =    21501 Cur. loss =  123.95   Intervals no change =    0
Epoch =    21600 Iter. =    21601 Cur. loss =  123.95   Intervals no change =    0
Epoch =    21700 Iter. =    21701 Cur. loss =  123.95   Intervals no change =    0
Epoch =    21800 Iter. =    21801 Cur. loss =  123.95   Intervals no change =    0
Epoch =    21900 Iter. =    21901 Cur. loss =  123.95   Intervals no change =    0
Epoch =    22000 Iter. =    22001 Cur. loss =  123.95   Intervals no change =    0
Epoch =    22100 Iter. =    22101 Cur. loss =  123.95   Intervals no change =    0
Epoch =    22200 Iter. =    22201 Cur. loss =  123.95   Intervals no change =    0
Epoch =    22300 Iter. =    22301 Cur. loss =  123.95   Intervals no change =    0
Epoch =    22400 Iter. =    22401 Cur. loss =  123.95   Intervals no change =    0
Epoch =    22500 Iter. =    22501 Cur. loss =  123.95   Intervals no change =    0
Epoch =    22600 Iter. =    22601 Cur. loss =  123.95   Intervals no change =    0
Epoch =    22700 Iter. =    22701 Cur. loss =  123.95   Intervals no change =    0
Epoch =    22800 Iter. =    22801 Cur. loss =  123.95   Intervals no change =    0
Epoch =    22900 Iter. =    22901 Cur. loss =  123.95   Intervals no change =    0
Epoch =    23000 Iter. =    23001 Cur. loss =  123.95   Intervals no change =    0
Epoch =    23100 Iter. =    23101 Cur. loss =  123.95   Intervals no change =    0
Epoch =    23200 Iter. =    23201 Cur. loss =  123.95   Intervals no change =    0
Epoch =    23300 Iter. =    23301 Cur. loss =  123.95   Intervals no change =    0
Epoch =    23400 Iter. =    23401 Cur. loss =  123.95   Intervals no change =    0
Epoch =    23500 Iter. =    23501 Cur. loss =  123.95   Intervals no change =    0
Epoch =    23600 Iter. =    23601 Cur. loss =  123.95   Intervals no change =    0
Epoch =    23700 Iter. =    23701 Cur. loss =  123.95   Intervals no change =    0
Epoch =    23800 Iter. =    23801 Cur. loss =  123.95   Intervals no change =    0
Epoch =    23900 Iter. =    23901 Cur. loss =  123.95   Intervals no change =    0
Epoch =    24000 Iter. =    24001 Cur. loss =  123.95   Intervals no change =    0
Epoch =    24100 Iter. =    24101 Cur. loss =  123.95   Intervals no change =    0
Epoch =    24200 Iter. =    24201 Cur. loss =  123.95   Intervals no change =    0
Epoch =    24300 Iter. =    24301 Cur. loss =  123.95   Intervals no change =    0
Epoch =    24400 Iter. =    24401 Cur. loss =  123.95   Intervals no change =    0
Epoch =    24500 Iter. =    24501 Cur. loss =  123.95   Intervals no change =    0
Epoch =    24600 Iter. =    24601 Cur. loss =  123.95   Intervals no change =    0
Epoch =    24700 Iter. =    24701 Cur. loss =  123.95   Intervals no change =    0
Epoch =    24800 Iter. =    24801 Cur. loss =  123.95   Intervals no change =    0
Epoch =    24900 Iter. =    24901 Cur. loss =  123.95   Intervals no change =    0
Epoch =    25000 Iter. =    25001 Cur. loss =  123.95   Intervals no change =    0
Epoch =    25100 Iter. =    25101 Cur. loss =  123.95   Intervals no change =    0
Epoch =    25200 Iter. =    25201 Cur. loss =  123.95   Intervals no change =    0
Epoch =    25300 Iter. =    25301 Cur. loss =  123.95   Intervals no change =    0
Epoch =    25400 Iter. =    25401 Cur. loss =  123.95   Intervals no change =    0
Epoch =    25500 Iter. =    25501 Cur. loss =  123.95   Intervals no change =    0
Epoch =    25600 Iter. =    25601 Cur. loss =  123.95   Intervals no change =    0
Epoch =    25700 Iter. =    25701 Cur. loss =  123.95   Intervals no change =    0
Epoch =    25800 Iter. =    25801 Cur. loss =  123.95   Intervals no change =    0
Epoch =    25900 Iter. =    25901 Cur. loss =  123.95   Intervals no change =    0
Epoch =    26000 Iter. =    26001 Cur. loss =  123.95   Intervals no change =    0
Epoch =    26100 Iter. =    26101 Cur. loss =  123.95   Intervals no change =    0
Epoch =    26200 Iter. =    26201 Cur. loss =  123.95   Intervals no change =    0
Epoch =    26300 Iter. =    26301 Cur. loss =  123.95   Intervals no change =    0
Epoch =    26400 Iter. =    26401 Cur. loss =  123.95   Intervals no change =    0
Epoch =    26500 Iter. =    26501 Cur. loss =  123.95   Intervals no change =    0
Epoch =    26600 Iter. =    26601 Cur. loss =  123.95   Intervals no change =    0
Epoch =    26700 Iter. =    26701 Cur. loss =  123.95   Intervals no change =    0
Epoch =    26800 Iter. =    26801 Cur. loss =  123.94   Intervals no change =    0
Epoch =    26900 Iter. =    26901 Cur. loss =  123.95   Intervals no change =    0
Epoch =    27000 Iter. =    27001 Cur. loss =  123.94   Intervals no change =    0
Epoch =    27100 Iter. =    27101 Cur. loss =  123.94   Intervals no change =    0
Epoch =    27200 Iter. =    27201 Cur. loss =  123.94   Intervals no change =    0
Epoch =    27300 Iter. =    27301 Cur. loss =  123.94   Intervals no change =    0
Epoch =    27400 Iter. =    27401 Cur. loss =  123.94   Intervals no change =    0
Epoch =    27500 Iter. =    27501 Cur. loss =  123.94   Intervals no change =    0
Epoch =    27600 Iter. =    27601 Cur. loss =  123.94   Intervals no change =    0
Epoch =    27700 Iter. =    27701 Cur. loss =  123.94   Intervals no change =    0
Epoch =    27800 Iter. =    27801 Cur. loss =  123.94   Intervals no change =    0
Epoch =    27900 Iter. =    27901 Cur. loss =  123.94   Intervals no change =    0
Epoch =    28000 Iter. =    28001 Cur. loss =  123.94   Intervals no change =    0
Epoch =    28100 Iter. =    28101 Cur. loss =  123.94   Intervals no change =    0
Epoch =    28200 Iter. =    28201 Cur. loss =  123.94   Intervals no change =    0
Epoch =    28300 Iter. =    28301 Cur. loss =  123.94   Intervals no change =    0
Epoch =    28400 Iter. =    28401 Cur. loss =  123.94   Intervals no change =    0
Epoch =    28500 Iter. =    28501 Cur. loss =  123.94   Intervals no change =    0
Epoch =    28600 Iter. =    28601 Cur. loss =  123.94   Intervals no change =    0
Epoch =    28700 Iter. =    28701 Cur. loss =  123.94   Intervals no change =    0
Epoch =    28800 Iter. =    28801 Cur. loss =  123.94   Intervals no change =    0
Epoch =    28900 Iter. =    28901 Cur. loss =  123.94   Intervals no change =    0
Epoch =    29000 Iter. =    29001 Cur. loss =  123.94   Intervals no change =    0
Epoch =    29100 Iter. =    29101 Cur. loss =  123.94   Intervals no change =    0
Epoch =    29200 Iter. =    29201 Cur. loss =  123.94   Intervals no change =    0
Epoch =    29300 Iter. =    29301 Cur. loss =  123.94   Intervals no change =    0
Epoch =    29400 Iter. =    29401 Cur. loss =  123.94   Intervals no change =    0
Epoch =    29500 Iter. =    29501 Cur. loss =  123.94   Intervals no change =    0
Epoch =    29600 Iter. =    29601 Cur. loss =  123.94   Intervals no change =    0
Epoch =    29700 Iter. =    29701 Cur. loss =  123.94   Intervals no change =    0
Epoch =    29800 Iter. =    29801 Cur. loss =  123.94   Intervals no change =    0
Epoch =    29900 Iter. =    29901 Cur. loss =  123.94   Intervals no change =    0
Epoch =    30000 Iter. =    30001 Cur. loss =  123.94   Intervals no change =    0
Epoch =    30100 Iter. =    30101 Cur. loss =  123.94   Intervals no change =    0
Epoch =    30200 Iter. =    30201 Cur. loss =  123.94   Intervals no change =    0
Epoch =    30300 Iter. =    30301 Cur. loss =  123.94   Intervals no change =    0
Epoch =    30400 Iter. =    30401 Cur. loss =  123.94   Intervals no change =    0
Epoch =    30500 Iter. =    30501 Cur. loss =  123.94   Intervals no change =    0
Epoch =    30600 Iter. =    30601 Cur. loss =  123.94   Intervals no change =    0
Epoch =    30700 Iter. =    30701 Cur. loss =  123.94   Intervals no change =    0
Epoch =    30800 Iter. =    30801 Cur. loss =  123.94   Intervals no change =    0
Epoch =    30900 Iter. =    30901 Cur. loss =  123.94   Intervals no change =    0
Epoch =    31000 Iter. =    31001 Cur. loss =  123.94   Intervals no change =    0
Epoch =    31100 Iter. =    31101 Cur. loss =  123.94   Intervals no change =    0
Epoch =    31200 Iter. =    31201 Cur. loss =  123.94   Intervals no change =    0
Epoch =    31300 Iter. =    31301 Cur. loss =  123.94   Intervals no change =    0
Epoch =    31400 Iter. =    31401 Cur. loss =  123.94   Intervals no change =    0
Epoch =    31500 Iter. =    31501 Cur. loss =  123.94   Intervals no change =    0
Epoch =    31600 Iter. =    31601 Cur. loss =  123.94   Intervals no change =    0
Epoch =    31700 Iter. =    31701 Cur. loss =  123.94   Intervals no change =    0
Epoch =    31800 Iter. =    31801 Cur. loss =  123.94   Intervals no change =    0
Epoch =    31900 Iter. =    31901 Cur. loss =  123.94   Intervals no change =    0
Epoch =    32000 Iter. =    32001 Cur. loss =  123.94   Intervals no change =    0
Epoch =    32100 Iter. =    32101 Cur. loss =  123.94   Intervals no change =    0
Epoch =    32200 Iter. =    32201 Cur. loss =  123.94   Intervals no change =    0
Epoch =    32300 Iter. =    32301 Cur. loss =  123.94   Intervals no change =    0
Epoch =    32400 Iter. =    32401 Cur. loss =  123.94   Intervals no change =    0
Epoch =    32500 Iter. =    32501 Cur. loss =  123.94   Intervals no change =    0
Epoch =    32600 Iter. =    32601 Cur. loss =  123.94   Intervals no change =    0
Epoch =    32700 Iter. =    32701 Cur. loss =  123.94   Intervals no change =    0
Epoch =    32800 Iter. =    32801 Cur. loss =  123.94   Intervals no change =    0
Epoch =    32900 Iter. =    32901 Cur. loss =  123.94   Intervals no change =    0
Epoch =    33000 Iter. =    33001 Cur. loss =  123.94   Intervals no change =    0
Epoch =    33100 Iter. =    33101 Cur. loss =  123.94   Intervals no change =    0
Epoch =    33200 Iter. =    33201 Cur. loss =  123.94   Intervals no change =    0
Epoch =    33300 Iter. =    33301 Cur. loss =  123.94   Intervals no change =    0
Epoch =    33400 Iter. =    33401 Cur. loss =  123.94   Intervals no change =    0
Epoch =    33500 Iter. =    33501 Cur. loss =  123.94   Intervals no change =    0
Epoch =    33600 Iter. =    33601 Cur. loss =  123.94   Intervals no change =    0
Epoch =    33700 Iter. =    33701 Cur. loss =  123.94   Intervals no change =    0
Epoch =    33800 Iter. =    33801 Cur. loss =  123.94   Intervals no change =    0
Epoch =    33900 Iter. =    33901 Cur. loss =  123.94   Intervals no change =    0
Epoch =    34000 Iter. =    34001 Cur. loss =  123.94   Intervals no change =    0
Epoch =    34100 Iter. =    34101 Cur. loss =  123.94   Intervals no change =    0
Epoch =    34200 Iter. =    34201 Cur. loss =  123.94   Intervals no change =    0
Epoch =    34300 Iter. =    34301 Cur. loss =  123.94   Intervals no change =    0
Epoch =    34400 Iter. =    34401 Cur. loss =  123.94   Intervals no change =    0
Epoch =    34500 Iter. =    34501 Cur. loss =  123.94   Intervals no change =    0
Epoch =    34600 Iter. =    34601 Cur. loss =  123.94   Intervals no change =    0
Epoch =    34700 Iter. =    34701 Cur. loss =  123.94   Intervals no change =    0
Epoch =    34800 Iter. =    34801 Cur. loss =  123.94   Intervals no change =    0
Epoch =    34900 Iter. =    34901 Cur. loss =  123.94   Intervals no change =    0
Epoch =    35000 Iter. =    35001 Cur. loss =  123.94   Intervals no change =    0
Epoch =    35100 Iter. =    35101 Cur. loss =  123.94   Intervals no change =    0
Epoch =    35200 Iter. =    35201 Cur. loss =  123.94   Intervals no change =    0
Epoch =    35300 Iter. =    35301 Cur. loss =  123.94   Intervals no change =    0
Epoch =    35400 Iter. =    35401 Cur. loss =  123.94   Intervals no change =    0
Epoch =    35500 Iter. =    35501 Cur. loss =  123.94   Intervals no change =    0
Epoch =    35600 Iter. =    35601 Cur. loss =  123.94   Intervals no change =    0
Epoch =    35700 Iter. =    35701 Cur. loss =  123.94   Intervals no change =    0
Epoch =    35800 Iter. =    35801 Cur. loss =  123.94   Intervals no change =    0
Epoch =    35900 Iter. =    35901 Cur. loss =  123.94   Intervals no change =    0
Epoch =    36000 Iter. =    36001 Cur. loss =  123.94   Intervals no change =    0
Epoch =    36100 Iter. =    36101 Cur. loss =  123.94   Intervals no change =    0
Epoch =    36200 Iter. =    36201 Cur. loss =  123.94   Intervals no change =    0
Epoch =    36300 Iter. =    36301 Cur. loss =  123.94   Intervals no change =    0
Epoch =    36400 Iter. =    36401 Cur. loss =  123.94   Intervals no change =    0
Epoch =    36500 Iter. =    36501 Cur. loss =  123.94   Intervals no change =    0
Epoch =    36600 Iter. =    36601 Cur. loss =  123.94   Intervals no change =    0
Epoch =    36700 Iter. =    36701 Cur. loss =  123.94   Intervals no change =    0
Epoch =    36800 Iter. =    36801 Cur. loss =  123.94   Intervals no change =    0
Epoch =    36900 Iter. =    36901 Cur. loss =  123.94   Intervals no change =    0
Epoch =    37000 Iter. =    37001 Cur. loss =  123.94   Intervals no change =    0
Epoch =    37100 Iter. =    37101 Cur. loss =  123.94   Intervals no change =    0
Epoch =    37200 Iter. =    37201 Cur. loss =  123.94   Intervals no change =    0
Epoch =    37300 Iter. =    37301 Cur. loss =  123.94   Intervals no change =    0
Epoch =    37400 Iter. =    37401 Cur. loss =  123.94   Intervals no change =    0
Epoch =    37500 Iter. =    37501 Cur. loss =  123.94   Intervals no change =    0
Epoch =    37600 Iter. =    37601 Cur. loss =  123.94   Intervals no change =    0
Epoch =    37700 Iter. =    37701 Cur. loss =  123.94   Intervals no change =    0
Epoch =    37800 Iter. =    37801 Cur. loss =  123.94   Intervals no change =    0
Epoch =    37900 Iter. =    37901 Cur. loss =  123.94   Intervals no change =    0
Epoch =    38000 Iter. =    38001 Cur. loss =  123.94   Intervals no change =    0
Epoch =    38100 Iter. =    38101 Cur. loss =  123.94   Intervals no change =    0
Epoch =    38200 Iter. =    38201 Cur. loss =  123.94   Intervals no change =    0
Epoch =    38300 Iter. =    38301 Cur. loss =  123.94   Intervals no change =    0
Epoch =    38400 Iter. =    38401 Cur. loss =  123.94   Intervals no change =    0
Epoch =    38500 Iter. =    38501 Cur. loss =  123.94   Intervals no change =    0
Epoch =    38600 Iter. =    38601 Cur. loss =  123.94   Intervals no change =    0
Epoch =    38700 Iter. =    38701 Cur. loss =  123.94   Intervals no change =    0
Epoch =    38800 Iter. =    38801 Cur. loss =  123.94   Intervals no change =    0
Epoch =    38900 Iter. =    38901 Cur. loss =  123.94   Intervals no change =    0
Epoch =    39000 Iter. =    39001 Cur. loss =  123.94   Intervals no change =    0
Epoch =    39100 Iter. =    39101 Cur. loss =  123.93   Intervals no change =    0
Epoch =    39200 Iter. =    39201 Cur. loss =  123.93   Intervals no change =    0
Epoch =    39300 Iter. =    39301 Cur. loss =  123.93   Intervals no change =    0
Epoch =    39400 Iter. =    39401 Cur. loss =  123.93   Intervals no change =    0
Epoch =    39500 Iter. =    39501 Cur. loss =  123.94   Intervals no change =    0
Epoch =    39600 Iter. =    39601 Cur. loss =  123.93   Intervals no change =    0
Epoch =    39700 Iter. =    39701 Cur. loss =  123.93   Intervals no change =    0
Epoch =    39800 Iter. =    39801 Cur. loss =  123.93   Intervals no change =    0
Epoch =    39900 Iter. =    39901 Cur. loss =  123.93   Intervals no change =    0
Epoch =    40000 Iter. =    40001 Cur. loss =  123.93   Intervals no change =    0
Epoch =    40100 Iter. =    40101 Cur. loss =  123.93   Intervals no change =    0
Epoch =    40200 Iter. =    40201 Cur. loss =  123.93   Intervals no change =    0
Epoch =    40300 Iter. =    40301 Cur. loss =  123.93   Intervals no change =    0
Epoch =    40400 Iter. =    40401 Cur. loss =  123.93   Intervals no change =    0
Epoch =    40500 Iter. =    40501 Cur. loss =  123.93   Intervals no change =    0
Epoch =    40600 Iter. =    40601 Cur. loss =  123.93   Intervals no change =    0
Epoch =    40700 Iter. =    40701 Cur. loss =  123.93   Intervals no change =    0
Epoch =    40800 Iter. =    40801 Cur. loss =  123.93   Intervals no change =    0
Epoch =    40900 Iter. =    40901 Cur. loss =  123.93   Intervals no change =    0
Epoch =    41000 Iter. =    41001 Cur. loss =  123.93   Intervals no change =    0
Epoch =    41100 Iter. =    41101 Cur. loss =  123.93   Intervals no change =    0
Epoch =    41200 Iter. =    41201 Cur. loss =  123.93   Intervals no change =    0
Epoch =    41300 Iter. =    41301 Cur. loss =  123.93   Intervals no change =    0
Epoch =    41400 Iter. =    41401 Cur. loss =  123.93   Intervals no change =    0
Epoch =    41500 Iter. =    41501 Cur. loss =  123.93   Intervals no change =    0
Epoch =    41600 Iter. =    41601 Cur. loss =  123.93   Intervals no change =    0
Epoch =    41700 Iter. =    41701 Cur. loss =  123.93   Intervals no change =    0
Epoch =    41800 Iter. =    41801 Cur. loss =  123.93   Intervals no change =    0
Epoch =    41900 Iter. =    41901 Cur. loss =  123.93   Intervals no change =    0
Epoch =    42000 Iter. =    42001 Cur. loss =  123.93   Intervals no change =    0
Epoch =    42100 Iter. =    42101 Cur. loss =  123.93   Intervals no change =    0
Epoch =    42200 Iter. =    42201 Cur. loss =  123.93   Intervals no change =    0
Epoch =    42300 Iter. =    42301 Cur. loss =  123.93   Intervals no change =    0
Epoch =    42400 Iter. =    42401 Cur. loss =  123.93   Intervals no change =    0
Epoch =    42500 Iter. =    42501 Cur. loss =  123.93   Intervals no change =    0
Epoch =    42600 Iter. =    42601 Cur. loss =  123.93   Intervals no change =    0
Epoch =    42700 Iter. =    42701 Cur. loss =  123.93   Intervals no change =    0
Epoch =    42800 Iter. =    42801 Cur. loss =  123.93   Intervals no change =    0
Epoch =    42900 Iter. =    42901 Cur. loss =  123.93   Intervals no change =    0
Epoch =    43000 Iter. =    43001 Cur. loss =  123.93   Intervals no change =    0
Epoch =    43100 Iter. =    43101 Cur. loss =  123.93   Intervals no change =    0
Epoch =    43200 Iter. =    43201 Cur. loss =  123.93   Intervals no change =    0
Epoch =    43300 Iter. =    43301 Cur. loss =  123.93   Intervals no change =    0
Epoch =    43400 Iter. =    43401 Cur. loss =  123.93   Intervals no change =    0
Epoch =    43500 Iter. =    43501 Cur. loss =  123.93   Intervals no change =    0
Epoch =    43600 Iter. =    43601 Cur. loss =  123.93   Intervals no change =    0
Epoch =    43700 Iter. =    43701 Cur. loss =  123.93   Intervals no change =    0
Epoch =    43800 Iter. =    43801 Cur. loss =  123.93   Intervals no change =    0
Epoch =    43900 Iter. =    43901 Cur. loss =  123.93   Intervals no change =    0
Epoch =    44000 Iter. =    44001 Cur. loss =  123.93   Intervals no change =    0
Epoch =    44100 Iter. =    44101 Cur. loss =  123.93   Intervals no change =    0
Epoch =    44200 Iter. =    44201 Cur. loss =  123.93   Intervals no change =    0
Epoch =    44300 Iter. =    44301 Cur. loss =  123.93   Intervals no change =    0
Epoch =    44400 Iter. =    44401 Cur. loss =  123.93   Intervals no change =    0
Epoch =    44500 Iter. =    44501 Cur. loss =  123.93   Intervals no change =    0
Epoch =    44600 Iter. =    44601 Cur. loss =  123.93   Intervals no change =    0
Epoch =    44700 Iter. =    44701 Cur. loss =  123.93   Intervals no change =    0
Epoch =    44800 Iter. =    44801 Cur. loss =  123.93   Intervals no change =    0
Epoch =    44900 Iter. =    44901 Cur. loss =  123.93   Intervals no change =    0
Epoch =    45000 Iter. =    45001 Cur. loss =  123.93   Intervals no change =    0
Epoch =    45100 Iter. =    45101 Cur. loss =  123.93   Intervals no change =    0
Epoch =    45200 Iter. =    45201 Cur. loss =  123.93   Intervals no change =    0
Epoch =    45300 Iter. =    45301 Cur. loss =  123.93   Intervals no change =    0
Epoch =    45400 Iter. =    45401 Cur. loss =  123.93   Intervals no change =    0
Epoch =    45500 Iter. =    45501 Cur. loss =  123.93   Intervals no change =    0
Epoch =    45600 Iter. =    45601 Cur. loss =  123.93   Intervals no change =    0
Epoch =    45700 Iter. =    45701 Cur. loss =  123.93   Intervals no change =    1
Epoch =    45800 Iter. =    45801 Cur. loss =  123.93   Intervals no change =    0
Epoch =    45900 Iter. =    45901 Cur. loss =  123.93   Intervals no change =    0
Epoch =    46000 Iter. =    46001 Cur. loss =  123.93   Intervals no change =    0
Epoch =    46100 Iter. =    46101 Cur. loss =  123.93   Intervals no change =    0
Epoch =    46200 Iter. =    46201 Cur. loss =  123.93   Intervals no change =    0
Epoch =    46300 Iter. =    46301 Cur. loss =  123.93   Intervals no change =    0
Epoch =    46400 Iter. =    46401 Cur. loss =  123.93   Intervals no change =    0
Epoch =    46500 Iter. =    46501 Cur. loss =  123.93   Intervals no change =    0
Epoch =    46600 Iter. =    46601 Cur. loss =  123.93   Intervals no change =    0
Epoch =    46700 Iter. =    46701 Cur. loss =  123.93   Intervals no change =    0
Epoch =    46800 Iter. =    46801 Cur. loss =  123.93   Intervals no change =    0
Epoch =    46900 Iter. =    46901 Cur. loss =  123.93   Intervals no change =    0
Epoch =    47000 Iter. =    47001 Cur. loss =  123.93   Intervals no change =    0
Epoch =    47100 Iter. =    47101 Cur. loss =  123.93   Intervals no change =    0
Epoch =    47200 Iter. =    47201 Cur. loss =  123.93   Intervals no change =    0
Epoch =    47300 Iter. =    47301 Cur. loss =  123.93   Intervals no change =    0
Epoch =    47400 Iter. =    47401 Cur. loss =  123.93   Intervals no change =    0
Epoch =    47500 Iter. =    47501 Cur. loss =  123.93   Intervals no change =    0
Epoch =    47600 Iter. =    47601 Cur. loss =  123.93   Intervals no change =    0
Epoch =    47700 Iter. =    47701 Cur. loss =  123.93   Intervals no change =    0
Epoch =    47800 Iter. =    47801 Cur. loss =  123.93   Intervals no change =    0
Epoch =    47900 Iter. =    47901 Cur. loss =  123.93   Intervals no change =    0
Epoch =    48000 Iter. =    48001 Cur. loss =  123.93   Intervals no change =    0
Epoch =    48100 Iter. =    48101 Cur. loss =  123.93   Intervals no change =    0
Epoch =    48200 Iter. =    48201 Cur. loss =  123.93   Intervals no change =    0
Epoch =    48300 Iter. =    48301 Cur. loss =  123.93   Intervals no change =    0
Epoch =    48400 Iter. =    48401 Cur. loss =  123.93   Intervals no change =    0
Epoch =    48500 Iter. =    48501 Cur. loss =  123.93   Intervals no change =    0
Epoch =    48600 Iter. =    48601 Cur. loss =  123.93   Intervals no change =    0
Epoch =    48700 Iter. =    48701 Cur. loss =  123.93   Intervals no change =    0
Epoch =    48800 Iter. =    48801 Cur. loss =  123.93   Intervals no change =    0
Epoch =    48900 Iter. =    48901 Cur. loss =  123.93   Intervals no change =    0
Epoch =    49000 Iter. =    49001 Cur. loss =  123.93   Intervals no change =    0
Epoch =    49100 Iter. =    49101 Cur. loss =  123.93   Intervals no change =    0
Epoch =    49200 Iter. =    49201 Cur. loss =  123.93   Intervals no change =    0
Epoch =    49300 Iter. =    49301 Cur. loss =  123.93   Intervals no change =    0
Epoch =    49400 Iter. =    49401 Cur. loss =  123.93   Intervals no change =    0
Epoch =    49500 Iter. =    49501 Cur. loss =  123.93   Intervals no change =    0
Epoch =    49600 Iter. =    49601 Cur. loss =  123.93   Intervals no change =    0
Epoch =    49700 Iter. =    49701 Cur. loss =  123.93   Intervals no change =    0
Epoch =    49800 Iter. =    49801 Cur. loss =  123.93   Intervals no change =    0
Epoch =    49900 Iter. =    49901 Cur. loss =  123.93   Intervals no change =    0
Epoch =    50000 Iter. =    50001 Cur. loss =  123.93   Intervals no change =    0
Epoch =    50100 Iter. =    50101 Cur. loss =  123.93   Intervals no change =    0
Epoch =    50200 Iter. =    50201 Cur. loss =  123.93   Intervals no change =    0
Epoch =    50300 Iter. =    50301 Cur. loss =  123.93   Intervals no change =    0
Epoch =    50400 Iter. =    50401 Cur. loss =  123.93   Intervals no change =    0
Epoch =    50500 Iter. =    50501 Cur. loss =  123.93   Intervals no change =    0
Epoch =    50600 Iter. =    50601 Cur. loss =  123.93   Intervals no change =    0
Epoch =    50700 Iter. =    50701 Cur. loss =  123.93   Intervals no change =    0
Epoch =    50800 Iter. =    50801 Cur. loss =  123.93   Intervals no change =    0
Epoch =    50900 Iter. =    50901 Cur. loss =  123.93   Intervals no change =    0
Epoch =    51000 Iter. =    51001 Cur. loss =  123.93   Intervals no change =    0
Epoch =    51100 Iter. =    51101 Cur. loss =  123.93   Intervals no change =    0
Epoch =    51200 Iter. =    51201 Cur. loss =  123.93   Intervals no change =    0
Epoch =    51300 Iter. =    51301 Cur. loss =  123.93   Intervals no change =    0
Epoch =    51400 Iter. =    51401 Cur. loss =  123.93   Intervals no change =    0
Epoch =    51500 Iter. =    51501 Cur. loss =  123.93   Intervals no change =    0
Epoch =    51600 Iter. =    51601 Cur. loss =  123.93   Intervals no change =    0
Epoch =    51700 Iter. =    51701 Cur. loss =  123.93   Intervals no change =    0
Epoch =    51800 Iter. =    51801 Cur. loss =  123.93   Intervals no change =    0
Epoch =    51900 Iter. =    51901 Cur. loss =  123.93   Intervals no change =    0
Epoch =    52000 Iter. =    52001 Cur. loss =  123.93   Intervals no change =    0
Epoch =    52100 Iter. =    52101 Cur. loss =  123.93   Intervals no change =    0
Epoch =    52200 Iter. =    52201 Cur. loss =  123.93   Intervals no change =    0
Epoch =    52300 Iter. =    52301 Cur. loss =  123.93   Intervals no change =    0
Epoch =    52400 Iter. =    52401 Cur. loss =  123.93   Intervals no change =    0
Epoch =    52500 Iter. =    52501 Cur. loss =  123.93   Intervals no change =    0
Epoch =    52600 Iter. =    52601 Cur. loss =  123.93   Intervals no change =    0
Epoch =    52700 Iter. =    52701 Cur. loss =  123.93   Intervals no change =    0
Epoch =    52800 Iter. =    52801 Cur. loss =  123.93   Intervals no change =    0
Epoch =    52900 Iter. =    52901 Cur. loss =  123.93   Intervals no change =    0
Epoch =    53000 Iter. =    53001 Cur. loss =  123.93   Intervals no change =    0
Epoch =    53100 Iter. =    53101 Cur. loss =  123.93   Intervals no change =    0
Epoch =    53200 Iter. =    53201 Cur. loss =  123.93   Intervals no change =    0
Epoch =    53300 Iter. =    53301 Cur. loss =  123.93   Intervals no change =    0
Epoch =    53400 Iter. =    53401 Cur. loss =  123.93   Intervals no change =    0
Epoch =    53500 Iter. =    53501 Cur. loss =  123.93   Intervals no change =    0
Epoch =    53600 Iter. =    53601 Cur. loss =  123.93   Intervals no change =    0
Epoch =    53700 Iter. =    53701 Cur. loss =  123.93   Intervals no change =    0
Epoch =    53800 Iter. =    53801 Cur. loss =  123.93   Intervals no change =    0
Epoch =    53900 Iter. =    53901 Cur. loss =  123.93   Intervals no change =    0
Epoch =    54000 Iter. =    54001 Cur. loss =  123.93   Intervals no change =    0
Epoch =    54100 Iter. =    54101 Cur. loss =  123.93   Intervals no change =    0
Epoch =    54200 Iter. =    54201 Cur. loss =  123.93   Intervals no change =    0
Epoch =    54300 Iter. =    54301 Cur. loss =  123.93   Intervals no change =    0
Epoch =    54400 Iter. =    54401 Cur. loss =  123.93   Intervals no change =    0
Epoch =    54500 Iter. =    54501 Cur. loss =  123.93   Intervals no change =    0
Epoch =    54600 Iter. =    54601 Cur. loss =  123.93   Intervals no change =    0
Epoch =    54700 Iter. =    54701 Cur. loss =  123.93   Intervals no change =    1
Epoch =    54800 Iter. =    54801 Cur. loss =  123.93   Intervals no change =    0
Epoch =    54900 Iter. =    54901 Cur. loss =  123.93   Intervals no change =    0
Epoch =    55000 Iter. =    55001 Cur. loss =  123.93   Intervals no change =    0
Epoch =    55100 Iter. =    55101 Cur. loss =  123.93   Intervals no change =    0
Epoch =    55200 Iter. =    55201 Cur. loss =  123.93   Intervals no change =    0
Epoch =    55300 Iter. =    55301 Cur. loss =  123.93   Intervals no change =    0
Epoch =    55400 Iter. =    55401 Cur. loss =  123.93   Intervals no change =    0
Epoch =    55500 Iter. =    55501 Cur. loss =  123.93   Intervals no change =    0
Epoch =    55600 Iter. =    55601 Cur. loss =  123.93   Intervals no change =    0
Epoch =    55700 Iter. =    55701 Cur. loss =  123.93   Intervals no change =    0
Epoch =    55800 Iter. =    55801 Cur. loss =  123.93   Intervals no change =    0
Epoch =    55900 Iter. =    55901 Cur. loss =  123.93   Intervals no change =    0
Epoch =    56000 Iter. =    56001 Cur. loss =  123.93   Intervals no change =    0
Epoch =    56100 Iter. =    56101 Cur. loss =  123.93   Intervals no change =    0
Epoch =    56200 Iter. =    56201 Cur. loss =  123.93   Intervals no change =    0
Epoch =    56300 Iter. =    56301 Cur. loss =  123.93   Intervals no change =    0
Epoch =    56400 Iter. =    56401 Cur. loss =  123.93   Intervals no change =    0
Epoch =    56500 Iter. =    56501 Cur. loss =  123.93   Intervals no change =    0
Epoch =    56600 Iter. =    56601 Cur. loss =  123.93   Intervals no change =    0
Epoch =    56700 Iter. =    56701 Cur. loss =  123.93   Intervals no change =    0
Epoch =    56800 Iter. =    56801 Cur. loss =  123.93   Intervals no change =    0
Epoch =    56900 Iter. =    56901 Cur. loss =  123.93   Intervals no change =    0
Epoch =    57000 Iter. =    57001 Cur. loss =  123.93   Intervals no change =    1
Epoch =    57100 Iter. =    57101 Cur. loss =  123.93   Intervals no change =    0
Epoch =    57200 Iter. =    57201 Cur. loss =  123.93   Intervals no change =    0
Epoch =    57300 Iter. =    57301 Cur. loss =  123.93   Intervals no change =    1
Epoch =    57400 Iter. =    57401 Cur. loss =  123.93   Intervals no change =    0
Epoch =    57500 Iter. =    57501 Cur. loss =  123.93   Intervals no change =    0
Epoch =    57600 Iter. =    57601 Cur. loss =  123.93   Intervals no change =    0
Epoch =    57700 Iter. =    57701 Cur. loss =  123.93   Intervals no change =    0
Epoch =    57800 Iter. =    57801 Cur. loss =  123.93   Intervals no change =    0
Epoch =    57900 Iter. =    57901 Cur. loss =  123.93   Intervals no change =    0
Epoch =    58000 Iter. =    58001 Cur. loss =  123.93   Intervals no change =    0
Epoch =    58100 Iter. =    58101 Cur. loss =  123.93   Intervals no change =    0
Epoch =    58200 Iter. =    58201 Cur. loss =  123.93   Intervals no change =    0
Epoch =    58300 Iter. =    58301 Cur. loss =  123.93   Intervals no change =    0
Epoch =    58400 Iter. =    58401 Cur. loss =  123.93   Intervals no change =    0
Epoch =    58500 Iter. =    58501 Cur. loss =  123.93   Intervals no change =    0
Epoch =    58600 Iter. =    58601 Cur. loss =  123.93   Intervals no change =    0
Epoch =    58700 Iter. =    58701 Cur. loss =  123.93   Intervals no change =    0
Epoch =    58800 Iter. =    58801 Cur. loss =  123.93   Intervals no change =    0
Epoch =    58900 Iter. =    58901 Cur. loss =  123.93   Intervals no change =    0
Epoch =    59000 Iter. =    59001 Cur. loss =  123.93   Intervals no change =    1
Epoch =    59100 Iter. =    59101 Cur. loss =  123.93   Intervals no change =    0
Epoch =    59200 Iter. =    59201 Cur. loss =  123.93   Intervals no change =    0
Epoch =    59300 Iter. =    59301 Cur. loss =  123.93   Intervals no change =    0
Epoch =    59400 Iter. =    59401 Cur. loss =  123.93   Intervals no change =    0
Epoch =    59500 Iter. =    59501 Cur. loss =  123.93   Intervals no change =    0
Epoch =    59600 Iter. =    59601 Cur. loss =  123.93   Intervals no change =    1
Epoch =    59700 Iter. =    59701 Cur. loss =  123.93   Intervals no change =    0
Epoch =    59800 Iter. =    59801 Cur. loss =  123.93   Intervals no change =    0
Epoch =    59900 Iter. =    59901 Cur. loss =  123.93   Intervals no change =    0
Epoch =    60000 Iter. =    60001 Cur. loss =  123.93   Intervals no change =    0
Epoch =    60100 Iter. =    60101 Cur. loss =  123.93   Intervals no change =    0
Epoch =    60200 Iter. =    60201 Cur. loss =  123.93   Intervals no change =    0
Epoch =    60300 Iter. =    60301 Cur. loss =  123.93   Intervals no change =    0
Epoch =    60400 Iter. =    60401 Cur. loss =  123.93   Intervals no change =    0
Epoch =    60500 Iter. =    60501 Cur. loss =  123.93   Intervals no change =    0
Epoch =    60600 Iter. =    60601 Cur. loss =  123.93   Intervals no change =    0
Epoch =    60700 Iter. =    60701 Cur. loss =  123.93   Intervals no change =    0
Epoch =    60800 Iter. =    60801 Cur. loss =  123.93   Intervals no change =    0
Epoch =    60900 Iter. =    60901 Cur. loss =  123.93   Intervals no change =    0
Epoch =    61000 Iter. =    61001 Cur. loss =  123.93   Intervals no change =    0
Epoch =    61100 Iter. =    61101 Cur. loss =  123.93   Intervals no change =    0
Epoch =    61200 Iter. =    61201 Cur. loss =  123.93   Intervals no change =    0
Epoch =    61300 Iter. =    61301 Cur. loss =  123.93   Intervals no change =    0
Epoch =    61400 Iter. =    61401 Cur. loss =  123.93   Intervals no change =    0
Epoch =    61500 Iter. =    61501 Cur. loss =  123.93   Intervals no change =    0
Epoch =    61600 Iter. =    61601 Cur. loss =  123.93   Intervals no change =    0
Epoch =    61700 Iter. =    61701 Cur. loss =  123.93   Intervals no change =    0
Epoch =    61800 Iter. =    61801 Cur. loss =  123.93   Intervals no change =    0
Epoch =    61900 Iter. =    61901 Cur. loss =  123.93   Intervals no change =    0
Epoch =    62000 Iter. =    62001 Cur. loss =  123.93   Intervals no change =    0
Epoch =    62100 Iter. =    62101 Cur. loss =  123.93   Intervals no change =    0
Epoch =    62200 Iter. =    62201 Cur. loss =  123.93   Intervals no change =    0
Epoch =    62300 Iter. =    62301 Cur. loss =  123.93   Intervals no change =    0
Epoch =    62400 Iter. =    62401 Cur. loss =  123.93   Intervals no change =    0
Epoch =    62500 Iter. =    62501 Cur. loss =  123.93   Intervals no change =    0
Epoch =    62600 Iter. =    62601 Cur. loss =  123.93   Intervals no change =    0
Epoch =    62700 Iter. =    62701 Cur. loss =  123.93   Intervals no change =    1
Epoch =    62800 Iter. =    62801 Cur. loss =  123.93   Intervals no change =    0
Epoch =    62900 Iter. =    62901 Cur. loss =  123.93   Intervals no change =    0
Epoch =    63000 Iter. =    63001 Cur. loss =  123.93   Intervals no change =    0
Epoch =    63100 Iter. =    63101 Cur. loss =  123.93   Intervals no change =    0
Epoch =    63200 Iter. =    63201 Cur. loss =  123.93   Intervals no change =    0
Epoch =    63300 Iter. =    63301 Cur. loss =  123.93   Intervals no change =    0
Epoch =    63400 Iter. =    63401 Cur. loss =  123.93   Intervals no change =    0
Epoch =    63500 Iter. =    63501 Cur. loss =  123.93   Intervals no change =    0
Epoch =    63600 Iter. =    63601 Cur. loss =  123.93   Intervals no change =    0
Epoch =    63700 Iter. =    63701 Cur. loss =  123.93   Intervals no change =    0
Epoch =    63800 Iter. =    63801 Cur. loss =  123.93   Intervals no change =    0
Epoch =    63900 Iter. =    63901 Cur. loss =  123.93   Intervals no change =    0
Epoch =    64000 Iter. =    64001 Cur. loss =  123.93   Intervals no change =    0
Epoch =    64100 Iter. =    64101 Cur. loss =  123.93   Intervals no change =    0
Epoch =    64200 Iter. =    64201 Cur. loss =  123.93   Intervals no change =    0
Epoch =    64300 Iter. =    64301 Cur. loss =  123.93   Intervals no change =    0
Epoch =    64400 Iter. =    64401 Cur. loss =  123.93   Intervals no change =    0
Epoch =    64500 Iter. =    64501 Cur. loss =  123.93   Intervals no change =    1
Epoch =    64600 Iter. =    64601 Cur. loss =  123.93   Intervals no change =    0
Epoch =    64700 Iter. =    64701 Cur. loss =  123.93   Intervals no change =    0
Epoch =    64800 Iter. =    64801 Cur. loss =  123.93   Intervals no change =    0
Epoch =    64900 Iter. =    64901 Cur. loss =  123.93   Intervals no change =    0
Epoch =    65000 Iter. =    65001 Cur. loss =  123.93   Intervals no change =    0
Epoch =    65100 Iter. =    65101 Cur. loss =  123.93   Intervals no change =    1
Epoch =    65200 Iter. =    65201 Cur. loss =  123.93   Intervals no change =    0
Epoch =    65300 Iter. =    65301 Cur. loss =  123.93   Intervals no change =    0
Epoch =    65400 Iter. =    65401 Cur. loss =  123.93   Intervals no change =    0
Epoch =    65500 Iter. =    65501 Cur. loss =  123.93   Intervals no change =    1
Epoch =    65600 Iter. =    65601 Cur. loss =  123.93   Intervals no change =    0
Epoch =    65700 Iter. =    65701 Cur. loss =  123.93   Intervals no change =    0
Epoch =    65800 Iter. =    65801 Cur. loss =  123.93   Intervals no change =    0
Epoch =    65900 Iter. =    65901 Cur. loss =  123.93   Intervals no change =    1
Epoch =    66000 Iter. =    66001 Cur. loss =  123.93   Intervals no change =    0
Epoch =    66100 Iter. =    66101 Cur. loss =  123.93   Intervals no change =    0
Epoch =    66200 Iter. =    66201 Cur. loss =  123.93   Intervals no change =    0
Epoch =    66300 Iter. =    66301 Cur. loss =  123.93   Intervals no change =    0
Epoch =    66400 Iter. =    66401 Cur. loss =  123.93   Intervals no change =    0
Epoch =    66500 Iter. =    66501 Cur. loss =  123.93   Intervals no change =    0
Epoch =    66600 Iter. =    66601 Cur. loss =  123.93   Intervals no change =    0
Epoch =    66700 Iter. =    66701 Cur. loss =  123.93   Intervals no change =    0
Epoch =    66800 Iter. =    66801 Cur. loss =  123.93   Intervals no change =    0
Epoch =    66900 Iter. =    66901 Cur. loss =  123.93   Intervals no change =    0
Epoch =    67000 Iter. =    67001 Cur. loss =  123.93   Intervals no change =    1
Epoch =    67100 Iter. =    67101 Cur. loss =  123.93   Intervals no change =    0
Epoch =    67200 Iter. =    67201 Cur. loss =  123.93   Intervals no change =    0
Epoch =    67300 Iter. =    67301 Cur. loss =  123.93   Intervals no change =    0
Epoch =    67400 Iter. =    67401 Cur. loss =  123.93   Intervals no change =    0
Epoch =    67500 Iter. =    67501 Cur. loss =  123.93   Intervals no change =    0
Epoch =    67600 Iter. =    67601 Cur. loss =  123.93   Intervals no change =    0
Epoch =    67700 Iter. =    67701 Cur. loss =  123.93   Intervals no change =    0
Epoch =    67800 Iter. =    67801 Cur. loss =  123.93   Intervals no change =    1
Epoch =    67900 Iter. =    67901 Cur. loss =  123.93   Intervals no change =    0
Epoch =    68000 Iter. =    68001 Cur. loss =  123.93   Intervals no change =    1
Epoch =    68100 Iter. =    68101 Cur. loss =  123.93   Intervals no change =    2
Epoch =    68200 Iter. =    68201 Cur. loss =  123.93   Intervals no change =    0
Epoch =    68300 Iter. =    68301 Cur. loss =  123.93   Intervals no change =    0
Epoch =    68400 Iter. =    68401 Cur. loss =  123.93   Intervals no change =    1
Epoch =    68500 Iter. =    68501 Cur. loss =  123.93   Intervals no change =    0
Epoch =    68600 Iter. =    68601 Cur. loss =  123.93   Intervals no change =    0
Epoch =    68700 Iter. =    68701 Cur. loss =  123.93   Intervals no change =    0
Epoch =    68800 Iter. =    68801 Cur. loss =  123.93   Intervals no change =    0
Epoch =    68900 Iter. =    68901 Cur. loss =  123.93   Intervals no change =    0
Epoch =    69000 Iter. =    69001 Cur. loss =  123.93   Intervals no change =    1
Epoch =    69100 Iter. =    69101 Cur. loss =  123.93   Intervals no change =    0
Epoch =    69200 Iter. =    69201 Cur. loss =  123.93   Intervals no change =    0
Epoch =    69300 Iter. =    69301 Cur. loss =  123.93   Intervals no change =    0
Epoch =    69400 Iter. =    69401 Cur. loss =  123.93   Intervals no change =    0
Epoch =    69500 Iter. =    69501 Cur. loss =  123.93   Intervals no change =    0
Epoch =    69600 Iter. =    69601 Cur. loss =  123.93   Intervals no change =    0
Epoch =    69700 Iter. =    69701 Cur. loss =  123.93   Intervals no change =    0
Epoch =    69800 Iter. =    69801 Cur. loss =  123.93   Intervals no change =    0
Epoch =    69900 Iter. =    69901 Cur. loss =  123.93   Intervals no change =    1
Epoch =    70000 Iter. =    70001 Cur. loss =  123.93   Intervals no change =    0
Epoch =    70100 Iter. =    70101 Cur. loss =  123.93   Intervals no change =    0
Epoch =    70200 Iter. =    70201 Cur. loss =  123.93   Intervals no change =    0
Epoch =    70300 Iter. =    70301 Cur. loss =  123.93   Intervals no change =    0
Epoch =    70400 Iter. =    70401 Cur. loss =  123.93   Intervals no change =    0
Epoch =    70500 Iter. =    70501 Cur. loss =  123.93   Intervals no change =    0
Epoch =    70600 Iter. =    70601 Cur. loss =  123.93   Intervals no change =    1
Epoch =    70700 Iter. =    70701 Cur. loss =  123.93   Intervals no change =    2
Epoch =    70800 Iter. =    70801 Cur. loss =  123.93   Intervals no change =    3
Epoch =    70900 Iter. =    70901 Cur. loss =  123.93   Intervals no change =    0
Epoch =    71000 Iter. =    71001 Cur. loss =  123.93   Intervals no change =    0
Epoch =    71100 Iter. =    71101 Cur. loss =  123.93   Intervals no change =    0
Epoch =    71200 Iter. =    71201 Cur. loss =  123.93   Intervals no change =    0
Epoch =    71300 Iter. =    71301 Cur. loss =  123.93   Intervals no change =    1
Epoch =    71400 Iter. =    71401 Cur. loss =  123.93   Intervals no change =    2
Epoch =    71500 Iter. =    71501 Cur. loss =  123.93   Intervals no change =    3
Epoch =    71600 Iter. =    71601 Cur. loss =  123.93   Intervals no change =    0
Epoch =    71700 Iter. =    71701 Cur. loss =  123.93   Intervals no change =    1
Epoch =    71800 Iter. =    71801 Cur. loss =  123.93   Intervals no change =    2
Epoch =    71900 Iter. =    71901 Cur. loss =  123.93   Intervals no change =    0
Epoch =    72000 Iter. =    72001 Cur. loss =  123.93   Intervals no change =    0
Epoch =    72100 Iter. =    72101 Cur. loss =  123.93   Intervals no change =    1
Epoch =    72200 Iter. =    72201 Cur. loss =  123.93   Intervals no change =    0
Epoch =    72300 Iter. =    72301 Cur. loss =  123.93   Intervals no change =    0
Epoch =    72400 Iter. =    72401 Cur. loss =  123.93   Intervals no change =    0
Epoch =    72500 Iter. =    72501 Cur. loss =  123.93   Intervals no change =    0
Epoch =    72600 Iter. =    72601 Cur. loss =  123.93   Intervals no change =    0
Epoch =    72700 Iter. =    72701 Cur. loss =  123.93   Intervals no change =    0
Epoch =    72800 Iter. =    72801 Cur. loss =  123.93   Intervals no change =    0
Epoch =    72900 Iter. =    72901 Cur. loss =  123.93   Intervals no change =    0
Epoch =    73000 Iter. =    73001 Cur. loss =  123.93   Intervals no change =    0
Epoch =    73100 Iter. =    73101 Cur. loss =  123.93   Intervals no change =    0
Epoch =    73200 Iter. =    73201 Cur. loss =  123.93   Intervals no change =    0
Epoch =    73300 Iter. =    73301 Cur. loss =  123.93   Intervals no change =    1
Epoch =    73400 Iter. =    73401 Cur. loss =  123.93   Intervals no change =    0
Epoch =    73500 Iter. =    73501 Cur. loss =  123.93   Intervals no change =    1
Epoch =    73600 Iter. =    73601 Cur. loss =  123.93   Intervals no change =    2
Epoch =    73700 Iter. =    73701 Cur. loss =  123.93   Intervals no change =    3
Epoch =    73800 Iter. =    73801 Cur. loss =  123.93   Intervals no change =    0
Epoch =    73900 Iter. =    73901 Cur. loss =  123.93   Intervals no change =    1
Epoch =    74000 Iter. =    74001 Cur. loss =  123.93   Intervals no change =    0
Epoch =    74100 Iter. =    74101 Cur. loss =  123.93   Intervals no change =    1
Epoch =    74200 Iter. =    74201 Cur. loss =  123.93   Intervals no change =    0
Epoch =    74300 Iter. =    74301 Cur. loss =  123.93   Intervals no change =    1
Epoch =    74400 Iter. =    74401 Cur. loss =  123.93   Intervals no change =    0
Epoch =    74500 Iter. =    74501 Cur. loss =  123.93   Intervals no change =    0
Epoch =    74600 Iter. =    74601 Cur. loss =  123.93   Intervals no change =    0
Epoch =    74700 Iter. =    74701 Cur. loss =  123.93   Intervals no change =    1
Epoch =    74800 Iter. =    74801 Cur. loss =  123.93   Intervals no change =    0
Epoch =    74900 Iter. =    74901 Cur. loss =  123.93   Intervals no change =    0
Epoch =    75000 Iter. =    75001 Cur. loss =  123.93   Intervals no change =    1
Epoch =    75100 Iter. =    75101 Cur. loss =  123.93   Intervals no change =    0
Epoch =    75200 Iter. =    75201 Cur. loss =  123.93   Intervals no change =    0
Epoch =    75300 Iter. =    75301 Cur. loss =  123.93   Intervals no change =    0
Epoch =    75400 Iter. =    75401 Cur. loss =  123.93   Intervals no change =    0
Epoch =    75500 Iter. =    75501 Cur. loss =  123.93   Intervals no change =    0
Epoch =    75600 Iter. =    75601 Cur. loss =  123.93   Intervals no change =    0
Epoch =    75700 Iter. =    75701 Cur. loss =  123.93   Intervals no change =    0
Epoch =    75800 Iter. =    75801 Cur. loss =  123.93   Intervals no change =    1
Epoch =    75900 Iter. =    75901 Cur. loss =  123.93   Intervals no change =    2
Epoch =    76000 Iter. =    76001 Cur. loss =  123.93   Intervals no change =    0
Epoch =    76100 Iter. =    76101 Cur. loss =  123.93   Intervals no change =    0
Epoch =    76200 Iter. =    76201 Cur. loss =  123.93   Intervals no change =    0
Epoch =    76300 Iter. =    76301 Cur. loss =  123.92   Intervals no change =    0
Epoch =    76400 Iter. =    76401 Cur. loss =  123.93   Intervals no change =    0
Epoch =    76500 Iter. =    76501 Cur. loss =  123.93   Intervals no change =    1
Epoch =    76600 Iter. =    76601 Cur. loss =  123.93   Intervals no change =    0
Epoch =    76700 Iter. =    76701 Cur. loss =  123.93   Intervals no change =    1
Epoch =    76800 Iter. =    76801 Cur. loss =  123.93   Intervals no change =    0
Epoch =    76900 Iter. =    76901 Cur. loss =  123.93   Intervals no change =    0
Epoch =    77000 Iter. =    77001 Cur. loss =  123.92   Intervals no change =    1
Epoch =    77100 Iter. =    77101 Cur. loss =  123.93   Intervals no change =    0
Epoch =    77200 Iter. =    77201 Cur. loss =  123.92   Intervals no change =    0
Epoch =    77300 Iter. =    77301 Cur. loss =  123.93   Intervals no change =    1
Epoch =    77400 Iter. =    77401 Cur. loss =  123.93   Intervals no change =    0
Epoch =    77500 Iter. =    77501 Cur. loss =  123.92   Intervals no change =    0
Epoch =    77600 Iter. =    77601 Cur. loss =  123.93   Intervals no change =    1
Epoch =    77700 Iter. =    77701 Cur. loss =  123.92   Intervals no change =    0
Epoch =    77800 Iter. =    77801 Cur. loss =  123.92   Intervals no change =    1
Epoch =    77900 Iter. =    77901 Cur. loss =  123.93   Intervals no change =    0
Epoch =    78000 Iter. =    78001 Cur. loss =  123.92   Intervals no change =    0
Epoch =    78100 Iter. =    78101 Cur. loss =  123.93   Intervals no change =    1
Epoch =    78200 Iter. =    78201 Cur. loss =  123.92   Intervals no change =    0
Epoch =    78300 Iter. =    78301 Cur. loss =  123.93   Intervals no change =    0
Epoch =    78400 Iter. =    78401 Cur. loss =  123.92   Intervals no change =    0
Epoch =    78500 Iter. =    78501 Cur. loss =  123.92   Intervals no change =    0
Epoch =    78600 Iter. =    78601 Cur. loss =  123.92   Intervals no change =    1
Epoch =    78700 Iter. =    78701 Cur. loss =  123.93   Intervals no change =    2
Epoch =    78800 Iter. =    78801 Cur. loss =  123.92   Intervals no change =    3
Epoch =    78900 Iter. =    78901 Cur. loss =  123.92   Intervals no change =    4
Epoch =    79000 Iter. =    79001 Cur. loss =  123.92   Intervals no change =    5
Epoch =    79100 Iter. =    79101 Cur. loss =  123.92   Intervals no change =    6
Epoch =    79200 Iter. =    79201 Cur. loss =  123.92   Intervals no change =    7
Epoch =    79300 Iter. =    79301 Cur. loss =  123.92   Intervals no change =    8
Epoch =    79400 Iter. =    79401 Cur. loss =  123.92   Intervals no change =    9
Epoch =    79500 Iter. =    79501 Cur. loss =  123.93   Intervals no change =   10
Epoch =    79600 Iter. =    79601 Cur. loss =  123.92   Intervals no change =   11
Epoch =    79700 Iter. =    79701 Cur. loss =  123.92   Intervals no change =   12
Epoch =    79800 Iter. =    79801 Cur. loss =  123.92   Intervals no change =   13
Epoch =    79900 Iter. =    79901 Cur. loss =  123.92   Intervals no change =   14
Epoch =    80000 Iter. =    80001 Cur. loss =  123.92   Intervals no change =   15
Epoch =    80100 Iter. =    80101 Cur. loss =  123.92   Intervals no change =   16
Epoch =    80200 Iter. =    80201 Cur. loss =  123.92   Intervals no change =   17
Epoch =    80300 Iter. =    80301 Cur. loss =  123.92   Intervals no change =   18
Epoch =    80400 Iter. =    80401 Cur. loss =  123.92   Intervals no change =   19
Epoch =    80500 Iter. =    80501 Cur. loss =  123.92   Intervals no change =   20
Epoch =    80600 Iter. =    80601 Cur. loss =  123.92   Intervals no change =   21
Epoch =    80700 Iter. =    80701 Cur. loss =  123.92   Intervals no change =   22
Epoch =    80800 Iter. =    80801 Cur. loss =  123.92   Intervals no change =   23
Epoch =    80900 Iter. =    80901 Cur. loss =  123.92   Intervals no change =   24
Epoch =    81000 Iter. =    81001 Cur. loss =  123.92   Intervals no change =   25
Epoch =    81100 Iter. =    81101 Cur. loss =  123.92   Intervals no change =   26
Epoch =    81200 Iter. =    81201 Cur. loss =  123.92   Intervals no change =   27
Epoch =    81300 Iter. =    81301 Cur. loss =  123.92   Intervals no change =   28
Epoch =    81400 Iter. =    81401 Cur. loss =  123.92   Intervals no change =   29
Epoch =    81500 Iter. =    81501 Cur. loss =  123.92   Intervals no change =   30
Epoch =    81600 Iter. =    81601 Cur. loss =  123.92   Intervals no change =   31
Epoch =    81700 Iter. =    81701 Cur. loss =  123.92   Intervals no change =   32
Epoch =    81800 Iter. =    81801 Cur. loss =  123.92   Intervals no change =   33
Epoch =    81900 Iter. =    81901 Cur. loss =  123.92   Intervals no change =   34
Epoch =    82000 Iter. =    82001 Cur. loss =  123.92   Intervals no change =   35
Epoch =    82100 Iter. =    82101 Cur. loss =  123.92   Intervals no change =   36
Epoch =    82200 Iter. =    82201 Cur. loss =  123.92   Intervals no change =   37
Epoch =    82300 Iter. =    82301 Cur. loss =  123.92   Intervals no change =   38
Epoch =    82400 Iter. =    82401 Cur. loss =  123.92   Intervals no change =   39
Epoch =    82500 Iter. =    82501 Cur. loss =  123.92   Intervals no change =   40
Epoch =    82600 Iter. =    82601 Cur. loss =  123.92   Intervals no change =   41
Epoch =    82700 Iter. =    82701 Cur. loss =  123.92   Intervals no change =   42
Epoch =    82800 Iter. =    82801 Cur. loss =  123.92   Intervals no change =   43
Epoch =    82900 Iter. =    82901 Cur. loss =  123.92   Intervals no change =   44
Epoch =    83000 Iter. =    83001 Cur. loss =  123.92   Intervals no change =   45
Epoch =    83100 Iter. =    83101 Cur. loss =  123.92   Intervals no change =   46
Epoch =    83200 Iter. =    83201 Cur. loss =  123.92   Intervals no change =   47
Epoch =    83300 Iter. =    83301 Cur. loss =  123.92   Intervals no change =   48
Epoch =    83400 Iter. =    83401 Cur. loss =  123.92   Intervals no change =   49
Epoch =    83500 Iter. =    83501 Cur. loss =  123.92   Intervals no change =   50
Epoch =    83600 Iter. =    83601 Cur. loss =  123.92   Intervals no change =   51
Epoch =    83700 Iter. =    83701 Cur. loss =  123.92   Intervals no change =   52
Epoch =    83800 Iter. =    83801 Cur. loss =  123.92   Intervals no change =   53
Epoch =    83900 Iter. =    83901 Cur. loss =  123.92   Intervals no change =   54
Epoch =    84000 Iter. =    84001 Cur. loss =  123.92   Intervals no change =   55
Epoch =    84100 Iter. =    84101 Cur. loss =  123.92   Intervals no change =   56
Epoch =    84200 Iter. =    84201 Cur. loss =  123.92   Intervals no change =   57
Epoch =    84300 Iter. =    84301 Cur. loss =  123.92   Intervals no change =    0
Epoch =    84400 Iter. =    84401 Cur. loss =  123.92   Intervals no change =    0
Epoch =    84500 Iter. =    84501 Cur. loss =  123.92   Intervals no change =    0
Epoch =    84600 Iter. =    84601 Cur. loss =  123.92   Intervals no change =    0
Epoch =    84700 Iter. =    84701 Cur. loss =  123.92   Intervals no change =    0
Epoch =    84800 Iter. =    84801 Cur. loss =  123.92   Intervals no change =    1
Epoch =    84900 Iter. =    84901 Cur. loss =  123.92   Intervals no change =    2
Epoch =    85000 Iter. =    85001 Cur. loss =  123.92   Intervals no change =    0
Epoch =    85100 Iter. =    85101 Cur. loss =  123.92   Intervals no change =    0
Epoch =    85200 Iter. =    85201 Cur. loss =  123.92   Intervals no change =    1
Epoch =    85300 Iter. =    85301 Cur. loss =  123.92   Intervals no change =    2
Epoch =    85400 Iter. =    85401 Cur. loss =  123.92   Intervals no change =    3
Epoch =    85500 Iter. =    85501 Cur. loss =  123.92   Intervals no change =    4
Epoch =    85600 Iter. =    85601 Cur. loss =  123.92   Intervals no change =    0
Epoch =    85700 Iter. =    85701 Cur. loss =  123.92   Intervals no change =    1
Epoch =    85800 Iter. =    85801 Cur. loss =  123.92   Intervals no change =    2
Epoch =    85900 Iter. =    85901 Cur. loss =  123.92   Intervals no change =    3
Epoch =    86000 Iter. =    86001 Cur. loss =  123.92   Intervals no change =    0
Epoch =    86100 Iter. =    86101 Cur. loss =  123.92   Intervals no change =    0
Epoch =    86200 Iter. =    86201 Cur. loss =  123.92   Intervals no change =    1
Epoch =    86300 Iter. =    86301 Cur. loss =  123.92   Intervals no change =    0
Epoch =    86400 Iter. =    86401 Cur. loss =  123.92   Intervals no change =    1
Epoch =    86500 Iter. =    86501 Cur. loss =  123.92   Intervals no change =    2
Epoch =    86600 Iter. =    86601 Cur. loss =  123.92   Intervals no change =    3
Epoch =    86700 Iter. =    86701 Cur. loss =  123.92   Intervals no change =    4
Epoch =    86800 Iter. =    86801 Cur. loss =  123.92   Intervals no change =    0
Epoch =    86900 Iter. =    86901 Cur. loss =  123.92   Intervals no change =    0
Epoch =    87000 Iter. =    87001 Cur. loss =  123.92   Intervals no change =    1
Epoch =    87100 Iter. =    87101 Cur. loss =  123.92   Intervals no change =    2
Epoch =    87200 Iter. =    87201 Cur. loss =  123.92   Intervals no change =    3
Epoch =    87300 Iter. =    87301 Cur. loss =  123.92   Intervals no change =    0
Epoch =    87400 Iter. =    87401 Cur. loss =  123.92   Intervals no change =    1
Epoch =    87500 Iter. =    87501 Cur. loss =  123.92   Intervals no change =    0
Epoch =    87600 Iter. =    87601 Cur. loss =  123.92   Intervals no change =    1
Epoch =    87700 Iter. =    87701 Cur. loss =  123.92   Intervals no change =    0
Epoch =    87800 Iter. =    87801 Cur. loss =  123.92   Intervals no change =    1
Epoch =    87900 Iter. =    87901 Cur. loss =  123.92   Intervals no change =    0
Epoch =    88000 Iter. =    88001 Cur. loss =  123.92   Intervals no change =    1
Epoch =    88100 Iter. =    88101 Cur. loss =  123.92   Intervals no change =    0
Epoch =    88200 Iter. =    88201 Cur. loss =  123.92   Intervals no change =    1
Epoch =    88300 Iter. =    88301 Cur. loss =  123.92   Intervals no change =    0
Epoch =    88400 Iter. =    88401 Cur. loss =  123.92   Intervals no change =    1
Epoch =    88500 Iter. =    88501 Cur. loss =  123.92   Intervals no change =    2
Epoch =    88600 Iter. =    88601 Cur. loss =  123.92   Intervals no change =    0
Epoch =    88700 Iter. =    88701 Cur. loss =  123.92   Intervals no change =    1
Epoch =    88800 Iter. =    88801 Cur. loss =  123.92   Intervals no change =    2
Epoch =    88900 Iter. =    88901 Cur. loss =  123.92   Intervals no change =    3
Epoch =    89000 Iter. =    89001 Cur. loss =  123.92   Intervals no change =    0
Epoch =    89100 Iter. =    89101 Cur. loss =  123.92   Intervals no change =    0
Epoch =    89200 Iter. =    89201 Cur. loss =  123.92   Intervals no change =    1
Epoch =    89300 Iter. =    89301 Cur. loss =  123.92   Intervals no change =    2
Epoch =    89400 Iter. =    89401 Cur. loss =  123.92   Intervals no change =    0
Epoch =    89500 Iter. =    89501 Cur. loss =  123.92   Intervals no change =    1
Epoch =    89600 Iter. =    89601 Cur. loss =  123.92   Intervals no change =    2
Epoch =    89700 Iter. =    89701 Cur. loss =  123.92   Intervals no change =    0
Epoch =    89800 Iter. =    89801 Cur. loss =  123.92   Intervals no change =    0
Epoch =    89900 Iter. =    89901 Cur. loss =  123.92   Intervals no change =    0
Epoch =    90000 Iter. =    90001 Cur. loss =  123.92   Intervals no change =    1
Epoch =    90100 Iter. =    90101 Cur. loss =  123.92   Intervals no change =    0
Epoch =    90200 Iter. =    90201 Cur. loss =  123.92   Intervals no change =    1
Epoch =    90300 Iter. =    90301 Cur. loss =  123.92   Intervals no change =    0
Epoch =    90400 Iter. =    90401 Cur. loss =  123.92   Intervals no change =    1
Epoch =    90500 Iter. =    90501 Cur. loss =  123.92   Intervals no change =    2
Epoch =    90600 Iter. =    90601 Cur. loss =  123.92   Intervals no change =    0
Epoch =    90700 Iter. =    90701 Cur. loss =  123.92   Intervals no change =    0
Epoch =    90800 Iter. =    90801 Cur. loss =  123.92   Intervals no change =    1
Epoch =    90900 Iter. =    90901 Cur. loss =  123.92   Intervals no change =    0
Epoch =    91000 Iter. =    91001 Cur. loss =  123.92   Intervals no change =    1
Epoch =    91100 Iter. =    91101 Cur. loss =  123.92   Intervals no change =    2
Epoch =    91200 Iter. =    91201 Cur. loss =  123.92   Intervals no change =    3
Epoch =    91300 Iter. =    91301 Cur. loss =  123.92   Intervals no change =    0
Epoch =    91400 Iter. =    91401 Cur. loss =  123.92   Intervals no change =    0
Epoch =    91500 Iter. =    91501 Cur. loss =  123.92   Intervals no change =    1
Epoch =    91600 Iter. =    91601 Cur. loss =  123.92   Intervals no change =    2
Epoch =    91700 Iter. =    91701 Cur. loss =  123.92   Intervals no change =    3
Epoch =    91800 Iter. =    91801 Cur. loss =  123.92   Intervals no change =    0
Epoch =    91900 Iter. =    91901 Cur. loss =  123.92   Intervals no change =    0
Epoch =    92000 Iter. =    92001 Cur. loss =  123.92   Intervals no change =    0
Epoch =    92100 Iter. =    92101 Cur. loss =  123.92   Intervals no change =    1
Epoch =    92200 Iter. =    92201 Cur. loss =  123.92   Intervals no change =    0
Epoch =    92300 Iter. =    92301 Cur. loss =  123.92   Intervals no change =    1
Epoch =    92400 Iter. =    92401 Cur. loss =  123.92   Intervals no change =    0
Epoch =    92500 Iter. =    92501 Cur. loss =  123.92   Intervals no change =    1
Epoch =    92600 Iter. =    92601 Cur. loss =  123.92   Intervals no change =    0
Epoch =    92700 Iter. =    92701 Cur. loss =  123.92   Intervals no change =    1
Epoch =    92800 Iter. =    92801 Cur. loss =  123.92   Intervals no change =    0
Epoch =    92900 Iter. =    92901 Cur. loss =  123.92   Intervals no change =    1
Epoch =    93000 Iter. =    93001 Cur. loss =  123.92   Intervals no change =    0
Epoch =    93100 Iter. =    93101 Cur. loss =  123.92   Intervals no change =    1
Epoch =    93200 Iter. =    93201 Cur. loss =  123.92   Intervals no change =    2
Epoch =    93300 Iter. =    93301 Cur. loss =  123.92   Intervals no change =    3
Epoch =    93400 Iter. =    93401 Cur. loss =  123.92   Intervals no change =    4
Epoch =    93500 Iter. =    93501 Cur. loss =  123.92   Intervals no change =    5
Epoch =    93600 Iter. =    93601 Cur. loss =  123.92   Intervals no change =    6
Epoch =    93700 Iter. =    93701 Cur. loss =  123.92   Intervals no change =    7
Epoch =    93800 Iter. =    93801 Cur. loss =  123.92   Intervals no change =    0
Epoch =    93900 Iter. =    93901 Cur. loss =  123.92   Intervals no change =    0
Epoch =    94000 Iter. =    94001 Cur. loss =  123.92   Intervals no change =    0
Epoch =    94100 Iter. =    94101 Cur. loss =  123.92   Intervals no change =    0
Epoch =    94200 Iter. =    94201 Cur. loss =  123.92   Intervals no change =    1
Epoch =    94300 Iter. =    94301 Cur. loss =  123.92   Intervals no change =    2
Epoch =    94400 Iter. =    94401 Cur. loss =  123.92   Intervals no change =    3
Epoch =    94500 Iter. =    94501 Cur. loss =  123.92   Intervals no change =    0
Epoch =    94600 Iter. =    94601 Cur. loss =  123.92   Intervals no change =    1
Epoch =    94700 Iter. =    94701 Cur. loss =  123.92   Intervals no change =    2
Epoch =    94800 Iter. =    94801 Cur. loss =  123.92   Intervals no change =    3
Epoch =    94900 Iter. =    94901 Cur. loss =  123.92   Intervals no change =    4
Epoch =    95000 Iter. =    95001 Cur. loss =  123.92   Intervals no change =    5
Epoch =    95100 Iter. =    95101 Cur. loss =  123.92   Intervals no change =    6
Epoch =    95200 Iter. =    95201 Cur. loss =  123.92   Intervals no change =    0
Epoch =    95300 Iter. =    95301 Cur. loss =  123.92   Intervals no change =    1
Epoch =    95400 Iter. =    95401 Cur. loss =  123.92   Intervals no change =    0
Epoch =    95500 Iter. =    95501 Cur. loss =  123.92   Intervals no change =    0
Epoch =    95600 Iter. =    95601 Cur. loss =  123.92   Intervals no change =    1
Epoch =    95700 Iter. =    95701 Cur. loss =  123.92   Intervals no change =    2
Epoch =    95800 Iter. =    95801 Cur. loss =  123.92   Intervals no change =    3
Epoch =    95900 Iter. =    95901 Cur. loss =  123.92   Intervals no change =    4
Epoch =    96000 Iter. =    96001 Cur. loss =  123.92   Intervals no change =    0
Epoch =    96100 Iter. =    96101 Cur. loss =  123.92   Intervals no change =    1
Epoch =    96200 Iter. =    96201 Cur. loss =  123.92   Intervals no change =    2
Epoch =    96300 Iter. =    96301 Cur. loss =  123.92   Intervals no change =    3
Epoch =    96400 Iter. =    96401 Cur. loss =  123.92   Intervals no change =    4
Epoch =    96500 Iter. =    96501 Cur. loss =  123.92   Intervals no change =    0
Epoch =    96600 Iter. =    96601 Cur. loss =  123.92   Intervals no change =    0
Epoch =    96700 Iter. =    96701 Cur. loss =  123.92   Intervals no change =    0
Epoch =    96800 Iter. =    96801 Cur. loss =  123.92   Intervals no change =    1
Epoch =    96900 Iter. =    96901 Cur. loss =  123.92   Intervals no change =    0
Epoch =    97000 Iter. =    97001 Cur. loss =  123.92   Intervals no change =    1
Epoch =    97100 Iter. =    97101 Cur. loss =  123.92   Intervals no change =    0
Epoch =    97200 Iter. =    97201 Cur. loss =  123.92   Intervals no change =    1
Epoch =    97300 Iter. =    97301 Cur. loss =  123.92   Intervals no change =    2
Epoch =    97400 Iter. =    97401 Cur. loss =  123.92   Intervals no change =    3
Epoch =    97500 Iter. =    97501 Cur. loss =  123.92   Intervals no change =    0
Epoch =    97600 Iter. =    97601 Cur. loss =  123.92   Intervals no change =    1
Epoch =    97700 Iter. =    97701 Cur. loss =  123.92   Intervals no change =    2
Epoch =    97800 Iter. =    97801 Cur. loss =  123.92   Intervals no change =    3
Epoch =    97900 Iter. =    97901 Cur. loss =  123.92   Intervals no change =    4
Epoch =    98000 Iter. =    98001 Cur. loss =  123.92   Intervals no change =    5
Epoch =    98100 Iter. =    98101 Cur. loss =  123.92   Intervals no change =    6
Epoch =    98200 Iter. =    98201 Cur. loss =  123.92   Intervals no change =    7
Epoch =    98300 Iter. =    98301 Cur. loss =  123.92   Intervals no change =    8
Epoch =    98400 Iter. =    98401 Cur. loss =  123.92   Intervals no change =    9
Epoch =    98500 Iter. =    98501 Cur. loss =  123.92   Intervals no change =    0
Epoch =    98600 Iter. =    98601 Cur. loss =  123.92   Intervals no change =    1
Epoch =    98700 Iter. =    98701 Cur. loss =  123.92   Intervals no change =    2
Epoch =    98800 Iter. =    98801 Cur. loss =  123.92   Intervals no change =    0
Epoch =    98900 Iter. =    98901 Cur. loss =  123.92   Intervals no change =    1
Epoch =    99000 Iter. =    99001 Cur. loss =  123.92   Intervals no change =    0
Epoch =    99100 Iter. =    99101 Cur. loss =  123.92   Intervals no change =    1
Epoch =    99200 Iter. =    99201 Cur. loss =  123.92   Intervals no change =    0
Epoch =    99300 Iter. =    99301 Cur. loss =  123.92   Intervals no change =    1
Epoch =    99400 Iter. =    99401 Cur. loss =  123.92   Intervals no change =    2
Epoch =    99500 Iter. =    99501 Cur. loss =  123.92   Intervals no change =    3
Epoch =    99600 Iter. =    99601 Cur. loss =  123.92   Intervals no change =    4
Epoch =    99700 Iter. =    99701 Cur. loss =  123.92   Intervals no change =    5
Epoch =    99800 Iter. =    99801 Cur. loss =  123.92   Intervals no change =    0
Epoch =    99900 Iter. =    99901 Cur. loss =  123.92   Intervals no change =    1/home/etai/projects/REMEMVR/.venv/lib/python3.12/site-packages/deepirtools/base.py:183: OptimizationWarning: Failed to converge within 100000 epochs.
  warnings.warn(("Failed to converge within " + str(max_epochs) + " epochs."), OptimizationWarning)

Fitting ended in  12364.69  seconds
IRT model fitting complete.
Model fitting complete
Extracting item parameters (discrimination + thresholds)...
Transforming item parameters to GRM format (a, b1-b4)...
Item parameters extracted: 105 items
Discrimination (a) range: [0.689, 1.733]
Threshold b1 range: [-4.307, 1.385]
Threshold b4 range: [-1.751, 3.931]
Extracting theta scores (ability estimates)...
Computing standard errors from posterior variance...
Theta scores extracted: 400 observations
Theta range: [-2.993, 3.035]
SE range: [0.073, 0.073]
Saving item parameters...
/home/etai/projects/REMEMVR/results/ch6/6.1.1/data/step01_pass1_item_params.csv (105 rows, 7 cols)
Saving theta scores...
/home/etai/projects/REMEMVR/results/ch6/6.1.1/data/step01_pass1_theta.csv (400 rows, 3 cols)
Running convergence validation...
WARNING - Model did not converge
Checking parameter bounds...
PASS - All discriminations in [0.01, 10.0]
PASS - All thresholds properly ordered (b1 < b2 < b3 < b4)
PASS - All theta scores in [-4, 4]
WARNING - 400 SE values outside [0.1, 1.5]
PASS - No NaN in item parameters
PASS - No NaN in theta scores
Step 01 complete
