[2026-02-05 09:58:07] ================================================================================
[2026-02-05 09:58:07] LMM Model Selection: Kitchen Sink Suite
[2026-02-05 09:58:07] ================================================================================
[2026-02-05 09:58:07] Checking inputs...
[2026-02-05 09:58:07]   TSVR variable: TSVR_hours
[2026-02-05 09:58:07]   TSVR range: [1.00, 246.24] hours
[2026-02-05 09:58:07]   TSVR unique values: 295
[2026-02-05 09:58:07]   Outcome: theta_All
[2026-02-05 09:58:07]   Groups: UID (N=100)
[2026-02-05 09:58:07]   N observations: 400
[2026-02-05 09:58:07]   Interaction: None (simple trajectory)
[2026-02-05 09:58:07]   Random effects: ~1
[2026-02-05 09:58:07]   REML: False
[2026-02-05 09:58:07] Creating time transformations...
[2026-02-05 09:58:07]   Polynomial family...
[2026-02-05 09:58:07]   Logarithmic family...
[2026-02-05 09:58:07]   Power law family...
[2026-02-05 09:58:07]   Root family...
[2026-02-05 09:58:07]   Reciprocal family...
[2026-02-05 09:58:07]   Exponential family...
[2026-02-05 09:58:07]   Trigonometric family...
[2026-02-05 09:58:07]   Hyperbolic family...
[2026-02-05 09:58:07]   Total transformations created: 32
[2026-02-05 09:58:07] Defining model suite...
[2026-02-05 09:58:07]   Total models defined: 66
[2026-02-05 09:58:07] Building model formulas...
[2026-02-05 09:58:07]   Example formula (Linear): theta_All ~ TSVR
[2026-02-05 09:58:07]   Example formula (Log): theta_All ~ log_TSVR
[2026-02-05 09:58:07] Fitting all models...
[2026-02-05 09:58:07]   This may take 5-10 minutes for 66 models...
[2026-02-05 09:58:07]   [1/66] Fitting Linear...
[2026-02-05 09:58:07]     ✓ AIC=770.28, converged=True
[2026-02-05 09:58:07]   [2/66] Fitting Quadratic...
[2026-02-05 09:58:07]     ✓ AIC=725.15, converged=True
[2026-02-05 09:58:07]   [3/66] Fitting Cubic...
[2026-02-05 09:58:07]     ✓ AIC=720.12, converged=True
[2026-02-05 09:58:07]   [4/66] Fitting Quartic...
[2026-02-05 09:58:07]     ✓ AIC=716.02, converged=True
[2026-02-05 09:58:07]   [5/66] Fitting Quadratic_pure...
[2026-02-05 09:58:07]     ✓ AIC=850.85, converged=True
[2026-02-05 09:58:07]   [6/66] Fitting Cubic_pure...
[2026-02-05 09:58:07]     ✓ AIC=897.32, converged=True
[2026-02-05 09:58:07]   [7/66] Fitting Log...
[2026-02-05 09:58:07]     ✓ AIC=715.87, converged=True
[2026-02-05 09:58:07]   [8/66] Fitting Log2...
[2026-02-05 09:58:07]     ✓ AIC=715.87, converged=True
[2026-02-05 09:58:07]   [9/66] Fitting Log10...
[2026-02-05 09:58:07]     ✓ AIC=715.87, converged=True
[2026-02-05 09:58:07]   [10/66] Fitting LogLog...
[2026-02-05 09:58:07]     ✓ AIC=710.27, converged=True
[2026-02-05 09:58:07]   [11/66] Fitting Lin+Log...
[2026-02-05 09:58:07]     ✓ AIC=712.65, converged=True
[2026-02-05 09:58:07]   [12/66] Fitting Quad+Log...
[2026-02-05 09:58:07]     ✓ AIC=714.40, converged=True
[2026-02-05 09:58:07]   [13/66] Fitting Log+LogLog...
[2026-02-05 09:58:07]     ✓ AIC=711.72, converged=True
[2026-02-05 09:58:07]   [14/66] Fitting Lin+Quad+Log...
[2026-02-05 09:58:07]     ✓ AIC=714.40, converged=True
[2026-02-05 09:58:07]   [15/66] Fitting PowerLaw_01...
[2026-02-05 09:58:07]     ✓ AIC=713.31, converged=True
[2026-02-05 09:58:07]   [16/66] Fitting PowerLaw_02...
[2026-02-05 09:58:07]     ✓ AIC=711.46, converged=True
[2026-02-05 09:58:07]   [17/66] Fitting PowerLaw_03...
[2026-02-05 09:58:08]     ✓ AIC=710.35, converged=True
[2026-02-05 09:58:08]   [18/66] Fitting PowerLaw_04...
[2026-02-05 09:58:08]     ✓ AIC=709.94, converged=True
[2026-02-05 09:58:08]   [19/66] Fitting PowerLaw_05...
[2026-02-05 09:58:08]     ✓ AIC=710.21, converged=True
[2026-02-05 09:58:08]   [20/66] Fitting PowerLaw_06...
[2026-02-05 09:58:08]     ✓ AIC=711.11, converged=True
[2026-02-05 09:58:08]   [21/66] Fitting PowerLaw_07...
[2026-02-05 09:58:08]     ✓ AIC=712.58, converged=True
[2026-02-05 09:58:08]   [22/66] Fitting PowerLaw_08...
[2026-02-05 09:58:08]     ✓ AIC=714.55, converged=True
[2026-02-05 09:58:08]   [23/66] Fitting PowerLaw_09...
[2026-02-05 09:58:08]     ✓ AIC=716.95, converged=True
[2026-02-05 09:58:08]   [24/66] Fitting PowerLaw_10...
[2026-02-05 09:58:08]     ✓ AIC=719.70, converged=True
[2026-02-05 09:58:08]   [25/66] Fitting PowerLaw_Log...
[2026-02-05 09:58:08]     ✓ AIC=711.90, converged=True
[2026-02-05 09:58:08]   [26/66] Fitting PowerLaw_Lin...
[2026-02-05 09:58:08]     ✓ AIC=711.85, converged=True
[2026-02-05 09:58:08]   [27/66] Fitting SquareRoot...
[2026-02-05 09:58:08]     ✓ AIC=717.16, converged=True
[2026-02-05 09:58:08]   [28/66] Fitting CubeRoot...
[2026-02-05 09:58:08]     ✓ AIC=709.89, converged=True
[2026-02-05 09:58:08]   [29/66] Fitting FourthRoot...
[2026-02-05 09:58:08]     ✓ AIC=710.38, converged=True
[2026-02-05 09:58:08]   [30/66] Fitting Root_033...
[2026-02-05 09:58:08]     ✓ AIC=709.88, converged=True
[2026-02-05 09:58:08]   [31/66] Fitting Root_067...
[2026-02-05 09:58:08]     ✓ AIC=732.49, converged=True
[2026-02-05 09:58:08]   [32/66] Fitting SquareRoot+Log...
[2026-02-05 09:58:08]     ✓ AIC=717.72, converged=True
[2026-02-05 09:58:08]   [33/66] Fitting CubeRoot+Log...
[2026-02-05 09:58:08]     ✓ AIC=711.83, converged=True
[2026-02-05 09:58:08]   [34/66] Fitting SquareRoot+Lin...
[2026-02-05 09:58:08]     ✓ AIC=711.43, converged=True
[2026-02-05 09:58:08]   [35/66] Fitting Root_Multi...
[2026-02-05 09:58:09]     ✓ AIC=711.71, converged=True
[2026-02-05 09:58:09]   [36/66] Fitting Reciprocal...
[2026-02-05 09:58:09]     ✓ AIC=719.70, converged=True
[2026-02-05 09:58:09]   [37/66] Fitting Recip+Log...
[2026-02-05 09:58:09]     ✓ AIC=711.75, converged=True
[2026-02-05 09:58:09]   [38/66] Fitting Recip+Lin...
[2026-02-05 09:58:09]     ✓ AIC=711.83, converged=True
[2026-02-05 09:58:09]   [39/66] Fitting Recip+Quad...
[2026-02-05 09:58:09]     ✓ AIC=713.45, converged=True
[2026-02-05 09:58:09]   [40/66] Fitting Recip_sq...
[2026-02-05 09:58:08]     ✓ AIC=753.54, converged=True
[2026-02-05 09:58:08]   [41/66] Fitting Recip+PowerLaw...
[2026-02-05 09:58:08]     ✓ AIC=711.99, converged=True
[2026-02-05 09:58:08]   [42/66] Fitting Exponential_proxy...
[2026-02-05 09:58:08]     ✓ AIC=770.28, converged=True
[2026-02-05 09:58:08]   [43/66] Fitting Exp+Log...
[2026-02-05 09:58:08]     ✓ AIC=712.65, converged=True
[2026-02-05 09:58:08]   [44/66] Fitting Exp+Lin...
[2026-02-05 09:58:08]     ✗ FAILED: Singular matrix
[2026-02-05 09:58:08]   [45/66] Fitting Exp_fast...
[2026-02-05 09:58:08]     ✓ AIC=850.85, converged=True
[2026-02-05 09:58:08]   [46/66] Fitting Exp_slow...
[2026-02-05 09:58:08]     ✓ AIC=717.16, converged=True
[2026-02-05 09:58:08]   [47/66] Fitting Exp+PowerLaw...
[2026-02-05 09:58:08]     ✓ AIC=711.85, converged=True
[2026-02-05 09:58:08]   [48/66] Fitting Exp+Recip...
[2026-02-05 09:58:08]     ✓ AIC=711.83, converged=True
[2026-02-05 09:58:08]   [49/66] Fitting Sin...
[2026-02-05 09:58:08]     ✓ AIC=988.63, converged=True
[2026-02-05 09:58:08]   [50/66] Fitting Cos...
[2026-02-05 09:58:08]     ✓ AIC=773.78, converged=True
[2026-02-05 09:58:08]   [51/66] Fitting Sin+Cos...
[2026-02-05 09:58:08]     ✓ AIC=773.67, converged=True
[2026-02-05 09:58:08]   [52/66] Fitting Sin+Log...
[2026-02-05 09:58:08]     ✓ AIC=714.84, converged=True
[2026-02-05 09:58:08]   [53/66] Fitting Tanh...
[2026-02-05 09:58:08]     ✓ AIC=757.06, converged=True
[2026-02-05 09:58:08]   [54/66] Fitting Tanh+Log...
[2026-02-05 09:58:08]     ✓ AIC=712.48, converged=True
[2026-02-05 09:58:08]   [55/66] Fitting Arctanh...
[2026-02-05 09:58:08]     ✓ AIC=824.92, converged=True
[2026-02-05 09:58:08]   [56/66] Fitting Sinh...
[2026-02-05 09:58:08]     ✓ AIC=778.37, converged=True
[2026-02-05 09:58:08]   [57/66] Fitting Log+PowerLaw05...
[2026-02-05 09:58:08]     ✓ AIC=711.90, converged=True
[2026-02-05 09:58:08]   [58/66] Fitting Log+SquareRoot...
[2026-02-05 09:58:09]     ✓ AIC=717.72, converged=True
[2026-02-05 09:58:09]   [59/66] Fitting Log+Recip...
[2026-02-05 09:58:09]     ✓ AIC=711.75, converged=True
[2026-02-05 09:58:09]   [60/66] Fitting SquareRoot+PowerLaw...
[2026-02-05 09:58:09]     ✓ AIC=711.78, converged=True
[2026-02-05 09:58:09]   [61/66] Fitting SquareRoot+Recip...
[2026-02-05 09:58:09]     ✓ AIC=711.65, converged=True
[2026-02-05 09:58:09]   [62/66] Fitting Recip+PowerLaw05...
[2026-02-05 09:58:09]     ✓ AIC=711.99, converged=True
[2026-02-05 09:58:09]   [63/66] Fitting Lin+Log+PowerLaw...
[2026-02-05 09:58:09]     ✓ AIC=713.80, converged=True
[2026-02-05 09:58:09]   [64/66] Fitting Quad+Log+SquareRoot...
[2026-02-05 09:58:09]     ✓ AIC=714.95, converged=True
[2026-02-05 09:58:09]   [65/66] Fitting PowerLaw+Recip+Log...
[2026-02-05 09:58:09]     ✓ AIC=713.62, converged=True
[2026-02-05 09:58:09]   [66/66] Fitting Ultimate...
[2026-02-05 09:58:09]     ✓ AIC=718.34, converged=True
[2026-02-05 09:58:09]   Successful fits: 65/66
[2026-02-05 09:58:09]   Failed fits: 1
[2026-02-05 09:58:09] Computing AIC comparison metrics...
[2026-02-05 09:58:09]   Minimum AIC: 709.88
[2026-02-05 09:58:09]   delta_AIC range: [0.00, 278.74]
[2026-02-05 09:58:09]   Akaike weight sum: 1.000000 (should be 1.0)
[2026-02-05 09:58:09] Identifying best model...
[2026-02-05 09:58:09]   Best model: Root_033
[2026-02-05 09:58:09]   AIC: 709.88
[2026-02-05 09:58:09]   Akaike weight: 0.0631 (6.3%)
[2026-02-05 09:58:09]   Uncertainty: High (<30% probability - weak support, consider model averaging)
[2026-02-05 09:58:09]   Log model (benchmark): Rank #40, AIC=715.87, Δ=5.99, weight=0.0032
[2026-02-05 09:58:09] Validating AIC comparison metrics...
[2026-02-05 09:58:09]   ✓ Akaike weights sum to 1.0 (1.000000)
[2026-02-05 09:58:09]   ✓ All Akaike weights in (0, 1)
[2026-02-05 09:58:09]   ✓ Best model has delta_AIC = 0
[2026-02-05 09:58:09]   ✓ cumulative_weight monotonic increasing
[2026-02-05 09:58:09]   ✓ cumulative_weight ends at 1.0 (1.000000)
[2026-02-05 09:58:09] Preparing output dictionary...
[2026-02-05 09:58:09]   Competitive models (ΔAIC < 2): 21
[2026-02-05 09:58:09] Saving outputs to /home/etai/projects/REMEMVR/results/ch6/6.1.1/data...
[2026-02-05 09:58:09]   ✓ model_comparison.csv
[2026-02-05 09:58:09]   ✓ best_model_summary.txtBest model: Root_033 (AIC=709.88, w=0.0631)
  Converged: 65/66
================================================================================
