Step 00: Extract VR Data
Loading dfData.csv...
dfData.csv (400 rows, 478 cols)
Identifying TC_* columns (confidence ratings)...
105 total TC_* columns
All paradigms included:
  ICR: 24 items
  IFR: 24 items
  IRE: 24 items
  RFR: 19 items
  RRE: 8 items
  TCR: 6 items
Creating composite_ID column...
composite_ID with 400 unique values
Pivoting to wide format (composite_ID x items)...
Wide format: 400 rows × 109 cols
Creating IRT input file (composite_ID + TC_* items)...
Converting fractional confidence values to integers for IRT...
Values mapped: 0.2→0, 0.4→1, 0.6→2, 0.8→3, 1.0→4
step00_irt_input.csv (400 rows, 106 cols)
Creating TSVR mapping file...
step00_tsvr_mapping.csv (400 rows, 3 cols)
Creating Q-matrix (omnibus 'All' factor)...
step00_q_matrix.csv (105 rows, 2 cols)
Validating output files...
irt_input.csv: 1 required columns present
tsvr_mapping.csv: 3 required columns present
q_matrix.csv: 2 required columns present
Running additional data quality checks...
TSVR_hours range: [1.00, 246.24] hours
TSVR_hours outside expected range [0, 168]
400 composite_IDs don't match expected format (P###_T#)
Examples: ['A010_1', 'A010_2', 'A010_3', 'A010_4', 'A011_1']
All validation checks complete
Extraction complete:
  - Input: 400 rows from dfData.csv
  - Filtered: 400 rows (interactive paradigms)
  - TC_* items: 105
  - Composite IDs: 400
  - Output files: 3 (irt_input, tsvr_mapping, q_matrix)
Step 00 complete
