Step 05: Model diagnostics
Loading analysis dataset...
Analysis dataset (100 rows, 8 cols)
[COMPLETE CASES] n=100 participants
Refitting final hierarchical regression model...
Model summary - R² = 0.0402, F = 1.34
Observations: 100.0, Parameters: 4
Testing regression assumptions...
Testing normality of residuals...
Shapiro-Wilk Normality: Normal (p = 0.352528)
Testing homoscedasticity...
Homoscedastic (p = 0.652290)
Testing linearity...
Non-linear (r = 0.201)
Testing independence...
Independent (DW = 1.906)
Assumption tests: /home/etai/projects/REMEMVR/results/ch7/7.5.3/data/step05_assumption_tests.csv
Identifying outliers and influential cases...
Cook's D threshold: 0.0400
Leverage threshold: 0.0800
[OUTLIER COUNTS] Outlier summary:
  normal: 97 cases
  high_leverage: 2 cases
  high_cooks_d|high_leverage: 1 cases
Outlier analysis: /home/etai/projects/REMEMVR/results/ch7/7.5.3/data/step05_outlier_analysis.csv
Calculating variance inflation factors...
Multicollinearity analysis:
  age: VIF = 1.01 (No concern)
  education_numeric: VIF = 0.00 (No concern)
  rehearsal_frequency: VIF = 1.01 (No concern)
  mnemonic_use: VIF = 1.01 (No concern)
VIF analysis: /home/etai/projects/REMEMVR/results/ch7/7.5.3/data/step05_vif_analysis.csv
Validating VIF analysis...
VIF validation completed via tools function
Model diagnostic results:
Assumption test summary:
  Assumptions passed: 3 / 4
  Total outliers: 3 / 100 (3.0%)
  High VIF predictors: 0 / 4
Model diagnostics: GOOD (assumptions met, few outliers, low multicollinearity)
Step 05 complete - comprehensive model diagnostics
Step 05: Model diagnostics
Loading analysis dataset...
Analysis dataset (100 rows, 8 cols)
[COMPLETE CASES] n=100 participants
Refitting final hierarchical regression model...
Model summary - R² = 0.0402, F = 1.34
Observations: 100.0, Parameters: 4
Testing regression assumptions...
Testing normality of residuals...
Shapiro-Wilk Normality: Normal (p = 0.352528)
Testing homoscedasticity...
Homoscedastic (p = 0.652290)
Testing linearity...
Non-linear (r = 0.201)
Testing independence...
Independent (DW = 1.906)
Assumption tests: /home/etai/projects/REMEMVR/results/ch7/7.5.3/data/step05_assumption_tests.csv
Identifying outliers and influential cases...
Cook's D threshold: 0.0400
Leverage threshold: 0.0800
[OUTLIER COUNTS] Outlier summary:
  normal: 97 cases
  high_leverage: 2 cases
  high_cooks_d|high_leverage: 1 cases
Outlier analysis: /home/etai/projects/REMEMVR/results/ch7/7.5.3/data/step05_outlier_analysis.csv
Calculating variance inflation factors...
Multicollinearity analysis:
  age: VIF = 1.01 (No concern)
  education_numeric: VIF = 0.00 (No concern)
  rehearsal_frequency: VIF = 1.01 (No concern)
  mnemonic_use: VIF = 1.01 (No concern)
VIF analysis: /home/etai/projects/REMEMVR/results/ch7/7.5.3/data/step05_vif_analysis.csv
Validating VIF analysis...
VIF validation completed via tools function
Model diagnostic results:
Assumption test summary:
  Assumptions passed: 3 / 4
  Total outliers: 3 / 100 (3.0%)
  High VIF predictors: 0 / 4
Model diagnostics: GOOD (assumptions met, few outliers, low multicollinearity)
Step 05 complete - comprehensive model diagnostics
