Step 6: Compare ICC Across Paradigms and Prepare Barplot Data
Loading ICC estimates from Step 3...
ICC estimates (9 rows, 4 cols)
Loading variance components from Step 2...
Variance components (15 rows, 3 cols)
Filtering to ICC_slope_conditional only...
3 rows (should be 3 paradigms)
Computing 95% confidence intervals for each paradigm...
Processing cued_recall (ICC = 0.4099)...
[CI] cued_recall: ICC = 0.4099, 95% CI = [0.3566, 0.4551]
Processing free_recall (ICC = 0.4507)...
[CI] free_recall: ICC = 0.4507, 95% CI = [0.4086, 0.5436]
Processing recognition (ICC = 0.4618)...
[CI] recognition: ICC = 0.4618, 95% CI = [0.4090, 0.5319]
Ranking paradigms by ICC magnitude...
Rank 1: recognition (ICC = 0.4618)
Rank 2: free_recall (ICC = 0.4507)
Rank 3: cued_recall (ICC = 0.4099)
Preparing barplot data CSV for visualization...
Barplot data ready (3 rows, 5 cols)
Creating interpretation report...
Saving comparison table...
/home/etai/projects/REMEMVR/results/ch5/5.3.7/data/step06_paradigm_icc_comparison.csv (3 rows, 6 cols)
Saving barplot data CSV...
/home/etai/projects/REMEMVR/results/ch5/5.3.7/data/step06_paradigm_icc_barplot_data.csv (3 rows, 5 cols)
Saving interpretation report...
/home/etai/projects/REMEMVR/results/ch5/5.3.7/data/step06_comparison_interpretation.txt
Validating outputs...
PASSED - All checks successful
  All 3 paradigms present
  ICC values in [0, 1] range
  CI_lower < icc_value < CI_upper for all paradigms
  Rank values in [1, 2, 3]
  No NaN values
  Correct row counts (3 rows each)
Step 6 complete
