Step 01: Load Model Metadata from RQ 5.3.1
Loading model comparison from RQ 5.3.1...
Model comparison: 5 models
[BEST MODEL] Log (AIC=2346.60, converged=True)
Loading fitted model from .pkl file...
Model .pkl successfully
Formula: Ability ~ log_Days * C(Factor, Treatment('Free_Recall'))
Random effects: Random intercepts + slopes
Determining functional form for paradigm-stratified models...
[FUNCTIONAL FORM] Log
[TIME TRANSFORMATION] log(TSVR_hours + 1)
Extracting paradigm categories...
3 categories extracted
  - free_recall: 400 observations
  - cued_recall: 400 observations
  - recognition: 400 observations
Saving model metadata to YAML...
/home/etai/projects/REMEMVR/results/ch5/5.3.7/data/step01_model_metadata.yaml
Saving paradigm categories to CSV...
/home/etai/projects/REMEMVR/results/ch5/5.3.7/data/step01_paradigm_categories.csv (3 rows)
Validating outputs...
Best model converged: PASS
Paradigm count (3): PASS
Balanced design (400 obs per paradigm): PASS
Functional form extracted (Log): PASS
Output files exist: PASS
Step 01 complete

SUMMARY:
  Best model: Log
  Functional form: Log
  AIC: 2346.60
  Converged: True
  Time transformation: log(TSVR_hours + 1)
  Paradigms: free_recall, cued_recall, recognition
  N per paradigm: 400 observations

OUTPUTS:
  - /home/etai/projects/REMEMVR/results/ch5/5.3.7/data/step01_model_metadata.yaml
  - /home/etai/projects/REMEMVR/results/ch5/5.3.7/data/step01_paradigm_categories.csv
