Step 02: Fit Paradigm-Stratified LMMs with Random Slopes
Loading theta scores and model metadata...
Theta scores: 1200 rows, 8 columns
Paradigm counts: {'free_recall': 400, 'cued_recall': 400, 'recognition': 400}
Best functional form from RQ 5.3.1: Log
Time transformation: log(TSVR_hours + 1)
log_TSVR column: log(TSVR_hours + 1)
log_TSVR range: [0.693, 5.510]
Fitting LMM for each paradigm with random slopes...

======================================================================
free_recall
======================================================================
N = 400 observations for free_recall
UIDs: 100 unique participants
Attempting LMM with random slopes (correlated)...
Optimizer: lbfgs
Model converged with lbfgs
Extracting variance components for free_recall...
(0, 0)
Full error details:
Traceback (most recent call last):
  File "/home/etai/projects/REMEMVR/.venv/lib/python3.12/site-packages/pandas/core/indexes/base.py", line 3812, in get_loc
    return self._engine.get_loc(casted_key)
           ^^^^^^^^^^^^^^^^^^^^^^^^^^^^^^^^
  File "pandas/_libs/index.pyx", line 167, in pandas._libs.index.IndexEngine.get_loc
  File "pandas/_libs/index.pyx", line 196, in pandas._libs.index.IndexEngine.get_loc
  File "pandas/_libs/hashtable_class_helper.pxi", line 7088, in pandas._libs.hashtable.PyObjectHashTable.get_item
  File "pandas/_libs/hashtable_class_helper.pxi", line 7096, in pandas._libs.hashtable.PyObjectHashTable.get_item
KeyError: (0, 0)

The above exception was the direct cause of the following exception:

Traceback (most recent call last):
  File "/home/etai/projects/REMEMVR/results/ch5/5.3.7/code/step02_fit_paradigm_lmms.py", line 208, in <module>
    var_intercept = cov_re[0, 0]
                    ~~~~~~^^^^^^
  File "/home/etai/projects/REMEMVR/.venv/lib/python3.12/site-packages/pandas/core/frame.py", line 4113, in __getitem__
    indexer = self.columns.get_loc(key)
              ^^^^^^^^^^^^^^^^^^^^^^^^^
  File "/home/etai/projects/REMEMVR/.venv/lib/python3.12/site-packages/pandas/core/indexes/base.py", line 3819, in get_loc
    raise KeyError(key) from err
KeyError: (0, 0)
Step 02: Fit Paradigm-Stratified LMMs with Random Slopes
Loading theta scores and model metadata...
Theta scores: 1200 rows, 8 columns
Paradigm counts: {'free_recall': 400, 'cued_recall': 400, 'recognition': 400}
Best functional form from RQ 5.3.1: Log
Time transformation: log(TSVR_hours + 1)
log_TSVR column: log(TSVR_hours + 1)
log_TSVR range: [0.693, 5.510]
Fitting LMM for each paradigm with random slopes...

======================================================================
free_recall
======================================================================
N = 400 observations for free_recall
UIDs: 100 unique participants
Attempting LMM with random slopes (correlated)...
Optimizer: lbfgs
Model converged with lbfgs
Extracting variance components for free_recall...
cov_re shape: (2, 2)
cov_re:
[[ 0.38050528 -0.02826391]
 [-0.02826391  0.00853097]]
var_intercept = 0.380505
var_slope = 0.008531
cov_int_slope = -0.028264
corr_int_slope = -0.496081
var_residual = 0.378340
Saving model for free_recall...
step02_lmm_free_recall_model.pkl
list index out of range
Full error details:
Traceback (most recent call last):
  File "/home/etai/projects/REMEMVR/results/ch5/5.3.7/code/step02_fit_paradigm_lmms.py", line 301, in <module>
    summary_text += str(result.summary().tables[2])
                        ~~~~~~~~~~~~~~~~~~~~~~~^^^
IndexError: list index out of range
Step 02: Fit Paradigm-Stratified LMMs with Random Slopes
Loading theta scores and model metadata...
Theta scores: 1200 rows, 8 columns
Paradigm counts: {'free_recall': 400, 'cued_recall': 400, 'recognition': 400}
Best functional form from RQ 5.3.1: Log
Time transformation: log(TSVR_hours + 1)
log_TSVR column: log(TSVR_hours + 1)
log_TSVR range: [0.693, 5.510]
Fitting LMM for each paradigm with random slopes...

======================================================================
free_recall
======================================================================
N = 400 observations for free_recall
UIDs: 100 unique participants
Attempting LMM with random slopes (correlated)...
Optimizer: lbfgs
Model converged with lbfgs
Extracting variance components for free_recall...
cov_re shape: (2, 2)
cov_re:
[[ 0.38050528 -0.02826391]
 [-0.02826391  0.00853097]]
var_intercept = 0.380505
var_slope = 0.008531
cov_int_slope = -0.028264
corr_int_slope = -0.496081
var_residual = 0.378340
Saving model for free_recall...
step02_lmm_free_recall_model.pkl

======================================================================
cued_recall
======================================================================
N = 400 observations for cued_recall
UIDs: 100 unique participants
Attempting LMM with random slopes (correlated)...
Optimizer: lbfgs
Model converged with lbfgs
Extracting variance components for cued_recall...
cov_re shape: (2, 2)
cov_re:
[[ 3.10049414e-01 -3.32417770e-03]
 [-3.32417770e-03  3.56842262e-05]]
var_intercept = 0.310049
var_slope = 0.000036
cov_int_slope = -0.003324
corr_int_slope = -0.999380
var_residual = 0.400053
Saving model for cued_recall...
step02_lmm_cued_recall_model.pkl

======================================================================
recognition
======================================================================
N = 400 observations for recognition
UIDs: 100 unique participants
Attempting LMM with random slopes (correlated)...
Optimizer: lbfgs
Model converged with lbfgs
Extracting variance components for recognition...
cov_re shape: (2, 2)
cov_re:
[[ 0.42967502 -0.02240741]
 [-0.02240741  0.00567273]]
var_intercept = 0.429675
var_slope = 0.005673
cov_int_slope = -0.022407
corr_int_slope = -0.453864
var_residual = 0.404604
Saving model for recognition...
step02_lmm_recognition_model.pkl

Saving variance components...
step02_variance_components.csv (15 rows)
Components per paradigm: {'cued_recall': 5, 'free_recall': 5, 'recognition': 5}
Saving model summaries...
step02_model_summaries.txt

Checking variance components...
All 3 paradigms present: ['free_recall', 'cued_recall', 'recognition']
free_recall: All variances non-negative
free_recall: Correlation in valid range [-0.496]
cued_recall: All variances non-negative
cued_recall: Correlation in valid range [-0.999]
recognition: All variances non-negative
recognition: Correlation in valid range [-0.454]

Step 02 complete
Variance components saved: /home/etai/projects/REMEMVR/results/ch5/5.3.7/data/step02_variance_components.csv
Model summaries saved: /home/etai/projects/REMEMVR/results/ch5/5.3.7/data/step02_model_summaries.txt
Models saved: 3 .pkl files in data/
