Step 1: Merge Data Sources and Compute Baseline Statistics
Loading accuracy theta from Ch5 5.1.1...
Accuracy theta: 400 rows, columns: ['UID', 'test', 'Theta_All']
Loading confidence theta from Ch6 6.1.1...
Confidence theta: 400 rows, columns: ['composite_ID', 'theta_All', 'se_All']
Loading time mapping from Ch6 6.1.1...
Time mapping: 400 rows, columns: ['composite_ID', 'TSVR_hours', 'test']
Renaming accuracy theta column...
Parsing confidence composite_ID and renaming columns...
Parsing time mapping composite_ID...
Accuracy: 400 rows with columns ['UID', 'test', 'theta_acc']
Confidence: 400 rows with columns ['UID', 'test', 'theta_conf', 'se_conf']
Time: 400 rows with columns ['UID', 'test', 'TSVR_hours']
Performing three-way merge on (UID, test)...
After acc+conf merge: 400 rows
After adding time mapping: 400 rows
Merge successful: 400 observations (100 participants x 4 tests)
Creating day labels...
Day labels created: {'Day0': 100, 'Day1': 100, 'Day3': 100, 'Day6': 100}
[QC] Missing data percentages: {'theta_acc': np.float64(0.0), 'theta_conf': np.float64(0.0), 'TSVR_hours': np.float64(0.0)}
Extracting Day 0 (test=1) subset...
Baseline subset: N=100
Computing accuracy baseline statistics...
Accuracy: mean=0.6607, SD=0.8810, skew=-0.2734
Computing confidence baseline statistics...
Confidence: mean=-0.3832, SD=0.4240, skew=-1.0529
Baseline SDs valid (both > 0)
Assessing IRT scale comparability...
Cohen's d (acc vs conf at baseline): 1.5099
SD ratio (conf/acc): 0.4813
Assessment complete
|Cohen's d| = 1.5099 > 0.5 suggests baseline mean difference (medium effect)
SD ratio = 0.4813 outside [0.8, 1.2] suggests scaling difference
Interpretation: Large differences don't invalidate paired comparison (within-person design controls for individual scale usage) but flag interpretation limits for between-measure comparisons.
Saving merged trajectories...
/home/etai/projects/REMEMVR/results/ch6/6.9.1/data/step01_merged_trajectories.csv (400 rows, 7 columns)
Saving baseline comparison...
/home/etai/projects/REMEMVR/results/ch6/6.9.1/data/step01_baseline_comparison.csv (2 rows: accuracy, confidence)
Saving baseline diagnostics...
/home/etai/projects/REMEMVR/results/ch6/6.9.1/data/step01_baseline_diagnostics.txt
Verifying outputs...
Merged trajectories validated: 400 rows, 7 columns
Baseline comparison validated: 2 rows, SDs > 0
Diagnostics file validated
Step 1 complete
Merged 3 data sources -> 400 observations
Baseline N=100, accuracy SD=0.8810, confidence SD=0.4240
IRT comparability: Cohen's d=1.5099, SD ratio=0.4813
Step 1: Merge Data Sources and Compute Baseline Statistics
Loading accuracy theta from Ch5 5.1.1...
Accuracy theta: 400 rows, columns: ['UID', 'test', 'Theta_All']
Loading confidence theta from Ch6 6.1.1...
Confidence theta: 400 rows, columns: ['composite_ID', 'theta_All', 'se_All']
Loading time mapping from Ch6 6.1.1...
Time mapping: 400 rows, columns: ['composite_ID', 'TSVR_hours', 'test']
Renaming accuracy theta column...
Parsing confidence composite_ID and renaming columns...
Parsing time mapping composite_ID...
Accuracy: 400 rows with columns ['UID', 'test', 'theta_acc']
Confidence: 400 rows with columns ['UID', 'test', 'theta_conf', 'se_conf']
Time: 400 rows with columns ['UID', 'test', 'TSVR_hours']
Performing three-way merge on (UID, test)...
After acc+conf merge: 400 rows
After adding time mapping: 400 rows
Merge successful: 400 observations (100 participants x 4 tests)
Creating day labels...
Day labels created: {'Day0': 100, 'Day1': 100, 'Day3': 100, 'Day6': 100}
[QC] Missing data percentages: {'theta_acc': np.float64(0.0), 'theta_conf': np.float64(0.0), 'TSVR_hours': np.float64(0.0)}
Extracting Day 0 (test=1) subset...
Baseline subset: N=100
Computing accuracy baseline statistics...
Accuracy: mean=0.6607, SD=0.8810, skew=-0.2734
Computing confidence baseline statistics...
Confidence: mean=0.6160, SD=0.8873, skew=-0.6152
Baseline SDs valid (both > 0)
Assessing IRT scale comparability...
Cohen's d (acc vs conf at baseline): 0.0505
SD ratio (conf/acc): 1.0072
Assessment complete
|Cohen's d| = 0.0505 <= 0.5 suggests baseline means similar
SD ratio = 1.0072 within [0.8, 1.2] suggests similar spread
Interpretation: Large differences don't invalidate paired comparison (within-person design controls for individual scale usage) but flag interpretation limits for between-measure comparisons.
Saving merged trajectories...
/home/etai/projects/REMEMVR/results/ch6/6.9.1/data/step01_merged_trajectories.csv (400 rows, 7 columns)
Saving baseline comparison...
/home/etai/projects/REMEMVR/results/ch6/6.9.1/data/step01_baseline_comparison.csv (2 rows: accuracy, confidence)
Saving baseline diagnostics...
/home/etai/projects/REMEMVR/results/ch6/6.9.1/data/step01_baseline_diagnostics.txt
Verifying outputs...
Merged trajectories validated: 400 rows, 7 columns
Baseline comparison validated: 2 rows, SDs > 0
Diagnostics file validated
Step 1 complete
Merged 3 data sources -> 400 observations
Baseline N=100, accuracy SD=0.8810, confidence SD=0.8873
IRT comparability: Cohen's d=0.0505, SD ratio=1.0072
Step 1: Merge Data Sources and Compute Baseline Statistics
Loading accuracy theta from Ch5 5.1.1...
Accuracy theta: 400 rows, columns: ['UID', 'test', 'Theta_All']
Loading confidence theta from Ch6 6.1.1...
Confidence theta: 400 rows, columns: ['composite_ID', 'theta_All', 'se_All']
Loading time mapping from Ch6 6.1.1...
Time mapping: 400 rows, columns: ['composite_ID', 'TSVR_hours', 'test']
Renaming accuracy theta column...
Parsing confidence composite_ID and renaming columns...
Parsing time mapping composite_ID...
Accuracy: 400 rows with columns ['UID', 'test', 'theta_acc']
Confidence: 400 rows with columns ['UID', 'test', 'theta_conf', 'se_conf']
Time: 400 rows with columns ['UID', 'test', 'TSVR_hours']
Performing three-way merge on (UID, test)...
After acc+conf merge: 400 rows
After adding time mapping: 400 rows
Merge successful: 400 observations (100 participants x 4 tests)
Creating day labels...
Day labels created: {'Day0': 100, 'Day1': 100, 'Day3': 100, 'Day6': 100}
[QC] Missing data percentages: {'theta_acc': np.float64(0.0), 'theta_conf': np.float64(0.0), 'TSVR_hours': np.float64(0.0)}
Extracting Day 0 (test=1) subset...
Baseline subset: N=100
Computing accuracy baseline statistics...
Accuracy: mean=0.6607, SD=0.8810, skew=-0.2734
Computing confidence baseline statistics...
Confidence: mean=0.7093, SD=0.8467, skew=-0.2833
Baseline SDs valid (both > 0)
Assessing IRT scale comparability...
Cohen's d (acc vs conf at baseline): -0.0563
SD ratio (conf/acc): 0.9612
Assessment complete
|Cohen's d| = 0.0563 <= 0.5 suggests baseline means similar
SD ratio = 0.9612 within [0.8, 1.2] suggests similar spread
Interpretation: Large differences don't invalidate paired comparison (within-person design controls for individual scale usage) but flag interpretation limits for between-measure comparisons.
Saving merged trajectories...
/home/etai/projects/REMEMVR/results/ch6/6.9.1/data/step01_merged_trajectories.csv (400 rows, 7 columns)
Saving baseline comparison...
/home/etai/projects/REMEMVR/results/ch6/6.9.1/data/step01_baseline_comparison.csv (2 rows: accuracy, confidence)
Saving baseline diagnostics...
/home/etai/projects/REMEMVR/results/ch6/6.9.1/data/step01_baseline_diagnostics.txt
Verifying outputs...
Merged trajectories validated: 400 rows, 7 columns
Baseline comparison validated: 2 rows, SDs > 0
Diagnostics file validated
Step 1 complete
Merged 3 data sources -> 400 observations
Baseline N=100, accuracy SD=0.8810, confidence SD=0.8467
IRT comparability: Cohen's d=-0.0563, SD ratio=0.9612
Step 1: Merge Data Sources and Compute Baseline Statistics
Loading accuracy theta from Ch5 5.1.1...
Accuracy theta: 400 rows, columns: ['UID', 'test', 'Theta_All']
Loading confidence theta from Ch6 6.1.1...
Confidence theta: 400 rows, columns: ['composite_ID', 'theta_All', 'se_All']
Loading time mapping from Ch6 6.1.1...
Time mapping: 400 rows, columns: ['composite_ID', 'TSVR_hours', 'test']
Renaming accuracy theta column...
Parsing confidence composite_ID and renaming columns...
Parsing time mapping composite_ID...
Accuracy: 400 rows with columns ['UID', 'test', 'theta_acc']
Confidence: 400 rows with columns ['UID', 'test', 'theta_conf', 'se_conf']
Time: 400 rows with columns ['UID', 'test', 'TSVR_hours']
Performing three-way merge on (UID, test)...
After acc+conf merge: 400 rows
After adding time mapping: 400 rows
Merge successful: 400 observations (100 participants x 4 tests)
Creating day labels...
Day labels created: {'Day0': 100, 'Day1': 100, 'Day3': 100, 'Day6': 100}
[QC] Missing data percentages: {'theta_acc': np.float64(0.0), 'theta_conf': np.float64(0.0), 'TSVR_hours': np.float64(0.0)}
Extracting Day 0 (test=1) subset...
Baseline subset: N=100
Computing accuracy baseline statistics...
Accuracy: mean=0.6607, SD=0.8810, skew=-0.2734
Computing confidence baseline statistics...
Confidence: mean=0.7093, SD=0.8467, skew=-0.2833
Baseline SDs valid (both > 0)
Assessing IRT scale comparability...
Cohen's d (acc vs conf at baseline): -0.0563
SD ratio (conf/acc): 0.9612
Assessment complete
|Cohen's d| = 0.0563 <= 0.5 suggests baseline means similar
SD ratio = 0.9612 within [0.8, 1.2] suggests similar spread
Interpretation: Large differences don't invalidate paired comparison (within-person design controls for individual scale usage) but flag interpretation limits for between-measure comparisons.
Saving merged trajectories...
/home/etai/projects/REMEMVR/results/ch6/6.9.1/data/step01_merged_trajectories.csv (400 rows, 7 columns)
Saving baseline comparison...
/home/etai/projects/REMEMVR/results/ch6/6.9.1/data/step01_baseline_comparison.csv (2 rows: accuracy, confidence)
Saving baseline diagnostics...
/home/etai/projects/REMEMVR/results/ch6/6.9.1/data/step01_baseline_diagnostics.txt
Verifying outputs...
Merged trajectories validated: 400 rows, 7 columns
Baseline comparison validated: 2 rows, SDs > 0
Diagnostics file validated
Step 1 complete
Merged 3 data sources -> 400 observations
Baseline N=100, accuracy SD=0.8810, confidence SD=0.8467
IRT comparability: Cohen's d=-0.0563, SD ratio=0.9612
Step 1: Merge Data Sources and Compute Baseline Statistics
Loading accuracy theta from Ch5 5.1.1...
Accuracy theta: 400 rows, columns: ['UID', 'test', 'Theta_All']
Loading confidence theta from Ch6 6.1.1...
Confidence theta: 400 rows, columns: ['composite_ID', 'theta_All', 'se_All']
Loading time mapping from Ch6 6.1.1...
Time mapping: 400 rows, columns: ['composite_ID', 'TSVR_hours', 'test']
Renaming accuracy theta column...
Parsing confidence composite_ID and renaming columns...
Parsing time mapping composite_ID...
Accuracy: 400 rows with columns ['UID', 'test', 'theta_acc']
Confidence: 400 rows with columns ['UID', 'test', 'theta_conf', 'se_conf']
Time: 400 rows with columns ['UID', 'test', 'TSVR_hours']
Performing three-way merge on (UID, test)...
After acc+conf merge: 400 rows
After adding time mapping: 400 rows
Merge successful: 400 observations (100 participants x 4 tests)
Creating day labels...
Day labels created: {'Day0': 100, 'Day1': 100, 'Day3': 100, 'Day6': 100}
[QC] Missing data percentages: {'theta_acc': np.float64(0.0), 'theta_conf': np.float64(0.0), 'TSVR_hours': np.float64(0.0)}
Extracting Day 0 (test=1) subset...
Baseline subset: N=100
Computing accuracy baseline statistics...
Accuracy: mean=0.6607, SD=0.8810, skew=-0.2734
Computing confidence baseline statistics...
Confidence: mean=0.7093, SD=0.8467, skew=-0.2833
Baseline SDs valid (both > 0)
Assessing IRT scale comparability...
Cohen's d (acc vs conf at baseline): -0.0563
SD ratio (conf/acc): 0.9612
Assessment complete
|Cohen's d| = 0.0563 <= 0.5 suggests baseline means similar
SD ratio = 0.9612 within [0.8, 1.2] suggests similar spread
Interpretation: Large differences don't invalidate paired comparison (within-person design controls for individual scale usage) but flag interpretation limits for between-measure comparisons.
Saving merged trajectories...
/home/etai/projects/REMEMVR/results/ch6/6.9.1/data/step01_merged_trajectories.csv (400 rows, 7 columns)
Saving baseline comparison...
/home/etai/projects/REMEMVR/results/ch6/6.9.1/data/step01_baseline_comparison.csv (2 rows: accuracy, confidence)
Saving baseline diagnostics...
/home/etai/projects/REMEMVR/results/ch6/6.9.1/data/step01_baseline_diagnostics.txt
Verifying outputs...
Merged trajectories validated: 400 rows, 7 columns
Baseline comparison validated: 2 rows, SDs > 0
Diagnostics file validated
Step 1 complete
Merged 3 data sources -> 400 observations
Baseline N=100, accuracy SD=0.8810, confidence SD=0.8467
IRT comparability: Cohen's d=-0.0563, SD ratio=0.9612
