Step 05: model_diagnostics
Loading input data...
step03_analysis_dataset.csv (100 rows, 6 cols)
step04_regression_models.csv (2 rows, 8 cols)
Re-fitting full regression model...
Model re-fitted successfully
R² = 0.0626, N = 100.0
Running compute_regression_diagnostics...
Comprehensive diagnostics computed
Extracting diagnostic components...
Residuals: 100 observations
Cook's D range: [0.000001, 0.075778]
Running assumption tests...
Shapiro-Wilk: W = 0.9839, p = 0.263745
Breusch-Pagan: LM = 2.1060, p = 0.716274
VIF: max = 1.1565
Cook's D: 8 outliers > 0.0400
Saving diagnostic outputs...
step05_diagnostics_summary.csv (4 rows, 4 cols)
step05_residuals_data.csv (100 rows, 5 cols)
step05_outlier_analysis.csv (8 outliers identified)
Running validate_variance_positivity...
valid: True
message: All 4 components have positive variance (range: 0.9839 to 8.0000).
negative_components: []
Diagnostic statistics validation PASSED
Step 05 complete
