2025-12-03 20:08:44,488 - INFO - ============================================================
2025-12-03 20:08:44,488 - INFO - Step 07: Prepare Scatterplot Data
2025-12-03 20:08:44,488 - INFO - ============================================================
2025-12-03 20:08:44,492 - INFO - Loaded merged data: 400 rows
2025-12-03 20:08:44,501 - INFO - Scatterplot data: 1200 rows
2025-12-03 20:08:44,502 - INFO - IRT_theta range: [-2.15, 2.34]
2025-12-03 20:08:44,502 - INFO - CTT_mean range: [0.15, 1.00]
2025-12-03 20:08:44,505 - INFO - Saved: step07_scatterplot_data.csv (1200 rows)
2025-12-03 20:08:44,505 - INFO - ============================================================
2025-12-03 20:08:44,505 - INFO - Step 07 COMPLETE
2025-12-03 20:08:44,505 - INFO - ============================================================
2025-12-09 20:38:28,012 - INFO - ============================================================
2025-12-09 20:38:28,013 - INFO - Step 07: Prepare Scatterplot Data
2025-12-09 20:38:28,013 - INFO - ============================================================
2025-12-09 20:38:28,016 - INFO - Loaded merged data: 400 rows
2025-12-09 20:38:28,032 - INFO - Scatterplot data: 1200 rows
2025-12-09 20:38:28,033 - INFO - IRT_theta range: [-2.15, 2.34]
2025-12-09 20:38:28,033 - INFO - CTT_mean range: [0.15, 1.00]
2025-12-09 20:38:28,036 - INFO - Saved: step07_scatterplot_data.csv (1200 rows)
2025-12-09 20:38:28,036 - INFO - ============================================================
2025-12-09 20:38:28,036 - INFO - Step 07 COMPLETE
2025-12-09 20:38:28,036 - INFO - ============================================================
