2025-12-03 20:03:54,504 - INFO - ============================================================
2025-12-03 20:03:54,504 - INFO - Step 02: Compute Pearson Correlations (IRT vs CTT)
2025-12-03 20:03:54,504 - INFO - ============================================================
2025-12-03 20:03:54,504 - INFO - Loading IRT theta scores...
2025-12-03 20:03:54,506 - INFO - Loaded theta: 400 rows x 7 columns
2025-12-03 20:03:54,506 - INFO - Loading CTT scores...
2025-12-03 20:03:54,507 - INFO - Loaded CTT: 1200 rows
2025-12-03 20:03:54,509 - INFO - Pivoting CTT to wide format...
2025-12-03 20:03:54,513 - INFO - CTT wide format: 400 rows
2025-12-03 20:03:54,513 - INFO - Merging IRT theta and CTT scores...
2025-12-03 20:03:54,514 - INFO - Merged: 400 rows
2025-12-03 20:03:54,515 - INFO - Creating long format for correlation computation...
2025-12-03 20:03:54,520 - INFO - Merged long format: 1200 rows
2025-12-03 20:03:54,520 - INFO - Computing Pearson correlations with Holm-Bonferroni correction...
2025-12-03 20:03:54,522 - INFO - Correlations computed:
2025-12-03 20:03:54,523 - INFO - Validating D068 dual p-value compliance...
2025-12-03 20:03:54,523 - INFO - D068 VALIDATION PASSED: Dual p-values present and valid
2025-12-03 20:03:54,524 - INFO - Checking convergence thresholds...
2025-12-03 20:04:13,422 - INFO - ============================================================
2025-12-03 20:04:13,422 - INFO - Step 02: Compute Pearson Correlations (IRT vs CTT)
2025-12-03 20:04:13,422 - INFO - ============================================================
2025-12-03 20:04:13,422 - INFO - Loading IRT theta scores...
2025-12-03 20:04:13,423 - INFO - Loaded theta: 400 rows x 7 columns
2025-12-03 20:04:13,423 - INFO - Loading CTT scores...
2025-12-03 20:04:13,424 - INFO - Loaded CTT: 1200 rows
2025-12-03 20:04:13,425 - INFO - Pivoting CTT to wide format...
2025-12-03 20:04:13,426 - INFO - CTT wide format: 400 rows
2025-12-03 20:04:13,426 - INFO - Merging IRT theta and CTT scores...
2025-12-03 20:04:13,427 - INFO - Merged: 400 rows
2025-12-03 20:04:13,428 - INFO - Creating long format for correlation computation...
2025-12-03 20:04:13,431 - INFO - Merged long format: 1200 rows
2025-12-03 20:04:13,431 - INFO - Computing Pearson correlations with Holm-Bonferroni correction...
2025-12-03 20:04:13,434 - INFO - Correlations computed:
2025-12-03 20:04:13,435 - INFO - Validating D068 dual p-value compliance...
2025-12-03 20:04:13,435 - INFO - D068 VALIDATION PASSED: Dual p-values present and valid
2025-12-03 20:04:13,435 - INFO - Checking convergence thresholds...
2025-12-03 20:04:13,436 - INFO - All r > 0.70 (strong threshold): True
2025-12-03 20:04:13,436 - INFO - Any r > 0.90 (exceptional threshold): True
2025-12-03 20:04:13,436 - INFO - Saving outputs...
2025-12-03 20:04:13,437 - INFO - Saved: data/step02_correlations.csv (4 rows)
2025-12-03 20:04:13,439 - INFO - Saved: data/step02_merged_irt_ctt.csv (400 rows)
2025-12-03 20:04:13,439 - INFO - ============================================================
2025-12-03 20:04:13,439 - INFO - Step 02 COMPLETE: Correlations computed successfully
2025-12-03 20:04:13,439 - INFO - ============================================================
2025-12-09 20:37:40,561 - INFO - ============================================================
2025-12-09 20:37:40,562 - INFO - Step 02: Compute Pearson Correlations (IRT vs CTT)
2025-12-09 20:37:40,562 - INFO - ============================================================
2025-12-09 20:37:40,562 - INFO - Loading IRT theta scores...
2025-12-09 20:37:40,564 - INFO - Loaded theta: 400 rows x 7 columns
2025-12-09 20:37:40,572 - INFO - Loading CTT scores...
2025-12-09 20:37:40,574 - INFO - Loaded CTT: 1200 rows
2025-12-09 20:37:40,574 - INFO - Pivoting CTT to wide format...
2025-12-09 20:37:40,576 - INFO - CTT wide format: 400 rows
2025-12-09 20:37:40,577 - INFO - Merging IRT theta and CTT scores...
2025-12-09 20:37:40,578 - INFO - Merged: 400 rows
2025-12-09 20:37:40,590 - INFO - Creating long format for correlation computation...
2025-12-09 20:37:40,600 - INFO - Merged long format: 1200 rows
2025-12-09 20:37:40,607 - INFO - Computing Pearson correlations with Holm-Bonferroni correction...
2025-12-09 20:37:40,612 - INFO - Correlations computed:
2025-12-09 20:37:40,615 - INFO - Validating D068 dual p-value compliance...
2025-12-09 20:37:40,616 - INFO - D068 VALIDATION PASSED: Dual p-values present and valid
2025-12-09 20:37:40,616 - INFO - Checking convergence thresholds...
2025-12-09 20:37:40,617 - INFO - All r > 0.70 (strong threshold): True
2025-12-09 20:37:40,617 - INFO - Any r > 0.90 (exceptional threshold): True
2025-12-09 20:37:40,617 - INFO - Saving outputs...
2025-12-09 20:37:40,619 - INFO - Saved: data/step02_correlations.csv (4 rows)
2025-12-09 20:37:40,622 - INFO - Saved: data/step02_merged_irt_ctt.csv (400 rows)
2025-12-09 20:37:40,622 - INFO - ============================================================
2025-12-09 20:37:40,623 - INFO - Step 02 COMPLETE: Correlations computed successfully
2025-12-09 20:37:40,623 - INFO - ============================================================
