2025-12-03 20:08:44,057 - INFO - ============================================================
2025-12-03 20:08:44,057 - INFO - Step 06: Compare Model Fit (AIC/BIC)
2025-12-03 20:08:44,057 - INFO - ============================================================
2025-12-03 20:08:44,092 - INFO - IRT AIC: 2559.06, BIC: 2609.96
2025-12-03 20:08:44,092 - INFO - CTT AIC: -1069.30, BIC: -1018.40
2025-12-03 20:08:44,094 - INFO - Model fit comparison:
  metric          IRT          CTT        delta           interpretation
0    AIC  2559.062493 -1069.301717 -3628.364211  Strong evidence for CTT
1    BIC  2609.963262 -1018.400949 -3628.364211  Strong evidence for CTT
2025-12-03 20:08:44,095 - INFO - Saved: step06_model_fit_comparison.csv
2025-12-03 20:08:44,095 - INFO - Saved: step06_fit_interpretation.txt
2025-12-03 20:08:44,095 - INFO - ============================================================
2025-12-03 20:08:44,095 - INFO - Step 06 COMPLETE
2025-12-03 20:08:44,095 - INFO - ============================================================
2025-12-09 20:38:13,737 - INFO - ============================================================
2025-12-09 20:38:13,738 - INFO - Step 06: Compare Model Fit (AIC/BIC)
2025-12-09 20:38:13,738 - INFO - ============================================================
2025-12-09 20:38:13,801 - INFO - IRT AIC: 2529.98, BIC: 2596.15
2025-12-09 20:38:13,809 - INFO - CTT AIC: -1077.45, BIC: -1011.28
2025-12-09 20:38:13,811 - INFO - Model fit comparison:
  metric          IRT          CTT        delta           interpretation
0    AIC  2529.979303 -1077.454224 -3607.433527  Strong evidence for CTT
1    BIC  2596.150302 -1011.283225 -3607.433527  Strong evidence for CTT
2025-12-09 20:38:13,813 - INFO - Saved: step06_model_fit_comparison.csv
2025-12-09 20:38:13,814 - INFO - Saved: step06_fit_interpretation.txt
2025-12-09 20:38:13,824 - INFO - ============================================================
2025-12-09 20:38:13,825 - INFO - Step 06 COMPLETE
2025-12-09 20:38:13,825 - INFO - ============================================================
