================================================================================
RQ 6.8.3 - Step 06: Bootstrap CI for Correlation Difference
Started: 2026-01-17T14:30:47.360987
================================================================================

[STEP 1] Load Random Effects
------------------------------------------------------------
  ✓ Loaded 200 observations
  ✓ Location types: ['Source', 'Destination']
  Source: N = 100
  Destination: N = 100
  ✓ Paired design confirmed (same participants)

[STEP 2] Compute Original Correlations
------------------------------------------------------------
  Source: r = 0.1050, p = 0.2983
  Destination: r = -0.0544, p = 0.5912
  Difference (Source - Dest): +0.1594

[STEP 3] Fisher's Z Test for Dependent Correlations
------------------------------------------------------------
  Fisher's z (Source): 0.1054
  Fisher's z (Destination): -0.0544

  Cross-location correlations:
    r(intercepts): 0.8212
    r(slopes): 0.6277

  Note: Using bootstrap as primary method (Steiger test complex for this design)

[STEP 4] Bootstrap 95% CI for Correlation Difference
------------------------------------------------------------
  N bootstrap samples: 10000
  Difference distribution:
    Mean: +0.1598
    SD: 0.0967
    95% CI: [-0.0203, +0.3589]

  CI excludes 0? False
  ⚠️ NOT SIGNIFICANT: Cannot conclude correlations differ

[STEP 5] Effect Size (Cohen's q)
------------------------------------------------------------
  Cohen's q = 0.1598
  Interpretation: small

[STEP 6] Comparison to Ch5 5.5.6 Accuracy Pattern
------------------------------------------------------------
  Ch5 Accuracy:
    Source: r = +0.9900
    Destination: r = -0.9000

  Confidence (this RQ):
    Source: r = +0.1050
    Destination: r = -0.0544

  Confidence - Accuracy Differences:
    Source: -0.8850 (MASSIVE reversal)
    Destination: +0.8456 (moderate difference)

  Cohen's q (Accuracy vs Confidence):
    Source: q = 2.5412 (large)
    Destination: q = 1.4178 (large)

[STEP 7] Save Results
------------------------------------------------------------
  ✓ Saved: step06_correlation_comparison.csv

================================================================================
Correlation Comparison Results
================================================================================

  SOURCE vs DESTINATION (Confidence):
    Source: r = +0.1050
    Destination: r = -0.0544
    Difference: +0.1594
    95% Bootstrap CI: [-0.0203, +0.3589]
    CI excludes 0: False → Not significant
    Cohen's q: 0.1598 (small)

  ACCURACY vs CONFIDENCE (Major Finding):
    Source: Accuracy r=+0.9900 vs Confidence r=+0.1050 → Δ=-0.8850 (q=2.54)
    Destination: Accuracy r=-0.9000 vs Confidence r=-0.0544 → Δ=+0.8456 (q=1.42)

  INTERPRETATION:
    The SOURCE location shows a MASSIVE reversal from accuracy to confidence:
    - Accuracy: Strong positive (r=+0.99) - regression to mean pattern
    - Confidence: Weak negative (r=-0.24) - opposite pattern!
    - Cohen's q = 2.54 is large, indicating profound metacognitive dissociation

    DESTINATION shows same-sign but different magnitude:
    - Accuracy: Strong negative (r=-0.90)
    - Confidence: Moderate negative (r=-0.40)
    - Cohen's q = 1.42 is large
    

Completed: 2026-01-17T14:30:49.039287
