2025-12-05 14:34:45,181 - INFO - ============================================================
2025-12-05 14:34:45,181 - INFO - RQ 5.5.7 Step 04: Fit Final K-Means with Optimal K
2025-12-05 14:34:45,181 - INFO - ============================================================
2025-12-05 14:34:45,183 - INFO - Loaded 100 rows from Step 01
2025-12-05 14:34:45,186 - INFO - Optimal K from Step 02: 4
2025-12-05 14:34:45,186 - INFO - 
Fitting K-means with K=4...
2025-12-05 14:34:45,217 - INFO - K-means fitted successfully
2025-12-05 14:34:45,220 - INFO - 
Cluster sizes:
2025-12-05 14:34:45,220 - INFO -   Cluster 0: 20 participants
2025-12-05 14:34:45,220 - INFO -   Cluster 1: 26 participants
2025-12-05 14:34:45,220 - INFO -   Cluster 2: 35 participants
2025-12-05 14:34:45,221 - INFO -   Cluster 3: 19 participants
2025-12-05 14:34:45,221 - INFO - 
Cluster centers (z-score space):
2025-12-05 14:34:45,221 - INFO -   Cluster 0: S_int=1.033, S_slope=0.992, D_int=1.359, D_slope=-1.215
2025-12-05 14:34:45,221 - INFO -   Cluster 1: S_int=-1.276, S_slope=-1.221, D_int=-1.177, D_slope=1.051
2025-12-05 14:34:45,222 - INFO -   Cluster 2: S_int=0.545, S_slope=0.576, D_int=-0.207, D_slope=0.391
2025-12-05 14:34:45,222 - INFO -   Cluster 3: S_int=-0.346, S_slope=-0.435, D_int=0.561, D_slope=-0.880
2025-12-05 14:34:45,222 - INFO - 
Validating cluster sizes (minimum: 10)...
2025-12-05 14:34:45,222 - INFO -   Cluster 0: 20 >= 10 - PASS
2025-12-05 14:34:45,222 - INFO -   Cluster 1: 26 >= 10 - PASS
2025-12-05 14:34:45,222 - INFO -   Cluster 2: 35 >= 10 - PASS
2025-12-05 14:34:45,222 - INFO -   Cluster 3: 19 >= 10 - PASS
2025-12-05 14:34:45,222 - INFO - All clusters >= 10 participants: True
2025-12-05 14:34:45,222 - INFO - 
Validating cluster assignments...
2025-12-05 14:34:45,222 - INFO - All 100 participants assigned: PASS
2025-12-05 14:34:45,222 - INFO - No duplicate UIDs: PASS
2025-12-05 14:34:45,223 - INFO - Cluster IDs consecutive {0, 1, ..., 3}: PASS
2025-12-05 14:34:45,223 - INFO - Cluster centers in reasonable z-score range [-3, 3]: PASS
2025-12-05 14:34:45,224 - INFO - 
Saved cluster assignments to /home/etai/projects/REMEMVR/results/ch5/5.5.7/data/step04_cluster_assignments.csv
2025-12-05 14:34:45,225 - INFO - Saved cluster centers to /home/etai/projects/REMEMVR/results/ch5/5.5.7/data/step04_cluster_centers.csv
2025-12-05 14:34:45,225 - INFO - 
============================================================
2025-12-05 14:34:45,225 - INFO - Step 04 COMPLETE
2025-12-05 14:34:45,225 - INFO -   Fitted K-means with K=4
2025-12-05 14:34:45,225 - INFO -   Cluster sizes: {0: np.int64(20), 1: np.int64(26), 2: np.int64(35), 3: np.int64(19)}
2025-12-05 14:34:45,225 - INFO -   All clusters >= 10 participants: True
2025-12-05 14:34:45,226 - INFO -   Output: /home/etai/projects/REMEMVR/results/ch5/5.5.7/data/step04_cluster_assignments.csv
2025-12-05 14:34:45,226 - INFO -   Output: /home/etai/projects/REMEMVR/results/ch5/5.5.7/data/step04_cluster_centers.csv
2025-12-05 14:34:45,226 - INFO - ============================================================
