============================================================
STEP 00: Verify Dependencies and Load RQ 5.4.1 Outputs
============================================================

[1] Checking RQ 5.4.1 status...
RQ 5.4.1 status: success
RQ 5.4.1 status: success - VERIFIED

[2] Loading dependency files...
  - step02_purified_items.csv: 50 items retained
  - step03_theta_scores.csv: 400 observations
  - step00_tsvr_mapping.csv: 400 observations
  - dfData.csv: 400 rows x 214 columns

Loaded 4 dependency files

[3] Extracting congruence items from dfData...
Found 72 congruence items in dfData

[4] Mapping retained vs removed items...

Item counts by congruence:
  Common: 19/24 retained (79.2%)
  Congruent: 18/24 retained (75.0%)
  Incongruent: 13/24 retained (54.2%)

Item mapping complete: 72 total items, 50 retained

[5] Saving outputs...
  - Saved data/step00_full_item_list.csv (72 rows)
  - Saved data/step00_dependency_check.txt

[6] Validation...
Validation: PASS

============================================================
STEP 00 COMPLETE
============================================================
