Step 00: Load Theta Confidence Scores
Loading theta confidence scores from RQ 6.1.1...
step03_theta_confidence.csv (400 rows, 3 cols)
Theta columns: ['composite_ID', 'theta_All', 'se_All']
Loading TSVR time mapping from RQ 6.1.1...
step00_tsvr_mapping.csv (400 rows, 3 cols)
TSVR columns: ['composite_ID', 'TSVR_hours', 'test']
Merging theta confidence with TSVR mapping on composite_ID...
Merge complete (400 rows)
400 theta scores missing TSVR match
Missing composite_IDs: ['A010_T1', 'A010_T2', 'A010_T3', 'A010_T4', 'A011_T1', 'A011_T2', 'A011_T3', 'A011_T4', 'A012_T1', 'A012_T2']...
No duplicate composite_IDs
Saving merged data to step00_lmm_input.csv...
step00_lmm_input.csv (400 rows, 5 cols)
Data summary:
'UID'
Full error details:
Traceback (most recent call last):
  File "/home/etai/projects/REMEMVR/.venv/lib/python3.12/site-packages/pandas/core/indexes/base.py", line 3812, in get_loc
    return self._engine.get_loc(casted_key)
           ^^^^^^^^^^^^^^^^^^^^^^^^^^^^^^^^
  File "pandas/_libs/index.pyx", line 167, in pandas._libs.index.IndexEngine.get_loc
  File "pandas/_libs/index.pyx", line 196, in pandas._libs.index.IndexEngine.get_loc
  File "pandas/_libs/hashtable_class_helper.pxi", line 7088, in pandas._libs.hashtable.PyObjectHashTable.get_item
  File "pandas/_libs/hashtable_class_helper.pxi", line 7096, in pandas._libs.hashtable.PyObjectHashTable.get_item
KeyError: 'UID'

The above exception was the direct cause of the following exception:

Traceback (most recent call last):
  File "/home/etai/projects/REMEMVR/results/ch6/6.1.2/code/step00_load_theta_confidence.py", line 187, in <module>
    log(f"  Unique UIDs: {lmm_input['UID'].nunique()}")
                          ~~~~~~~~~^^^^^^^
  File "/home/etai/projects/REMEMVR/.venv/lib/python3.12/site-packages/pandas/core/frame.py", line 4113, in __getitem__
    indexer = self.columns.get_loc(key)
              ^^^^^^^^^^^^^^^^^^^^^^^^^
  File "/home/etai/projects/REMEMVR/.venv/lib/python3.12/site-packages/pandas/core/indexes/base.py", line 3819, in get_loc
    raise KeyError(key) from err
KeyError: 'UID'
Step 00: Load Theta Confidence Scores
Loading theta confidence scores from RQ 6.1.1...
step03_theta_confidence.csv (400 rows, 3 cols)
Theta columns: ['composite_ID', 'theta_All', 'se_All']
Loading TSVR time mapping from RQ 6.1.1...
step00_tsvr_mapping.csv (400 rows, 3 cols)
TSVR columns: ['composite_ID', 'TSVR_hours', 'test']
Merging theta confidence with TSVR mapping on composite_ID...
Merge complete (400 rows)
Parsing UID from composite_ID...
Parsed UID for 400 rows
Renaming theta columns...
Renamed theta_All -> theta_confidence, se_All -> se_confidence
Final columns: ['composite_ID', 'UID', 'test', 'theta_confidence', 'se_confidence', 'TSVR_hours']
400 theta scores missing TSVR match
Missing composite_IDs: ['A010_T1', 'A010_T2', 'A010_T3', 'A010_T4', 'A011_T1', 'A011_T2', 'A011_T3', 'A011_T4', 'A012_T1', 'A012_T2']...
No duplicate composite_IDs
Saving merged data to step00_lmm_input.csv...
step00_lmm_input.csv (400 rows, 6 cols)
Data summary:
  Unique UIDs: 100
  Unique tests: [nan]
  Theta range: [-2.241, 0.491]
  TSVR range: [nan, nan] hours
Running validate_dataframe_structure...
'type' object is not iterable
Full error details:
Traceback (most recent call last):
  File "/home/etai/projects/REMEMVR/results/ch6/6.1.2/code/step00_load_theta_confidence.py", line 216, in <module>
    validation_result = validate_dataframe_structure(
                        ^^^^^^^^^^^^^^^^^^^^^^^^^^^^^
  File "/home/etai/projects/REMEMVR/tools/validation.py", line 2838, in validate_dataframe_structure
    if not any(actual_type == exp_type or np.issubdtype(actual_type, exp_type) for exp_type in expected_types):
              ^^^^^^^^^^^^^^^^^^^^^^^^^^^^^^^^^^^^^^^^^^^^^^^^^^^^^^^^^^^^^^^^^^^^^^^^^^^^^^^^^^^^^^^^^^^^^^^^
TypeError: 'type' object is not iterable
Step 00: Load Theta Confidence Scores
Loading theta confidence scores from RQ 6.1.1...
step03_theta_confidence.csv (400 rows, 3 cols)
Theta columns: ['composite_ID', 'theta_All', 'se_All']
Loading TSVR time mapping from RQ 6.1.1...
step00_tsvr_mapping.csv (400 rows, 3 cols)
TSVR columns: ['composite_ID', 'TSVR_hours', 'test']
Converting TSVR composite_ID format (A010_1 -> A010_T1)...
Converted 400 composite_IDs
Merging theta confidence with TSVR mapping on composite_ID...
Merge complete (400 rows)
Parsing UID from composite_ID...
Parsed UID for 400 rows
Renaming theta columns...
Renamed theta_All -> theta_confidence, se_All -> se_confidence
Final columns: ['composite_ID', 'UID', 'test', 'theta_confidence', 'se_confidence', 'TSVR_hours']
All theta scores have TSVR match (no missing values)
No duplicate composite_IDs
Saving merged data to step00_lmm_input.csv...
step00_lmm_input.csv (400 rows, 6 cols)
Data summary:
  Unique UIDs: 100
  Unique tests: [1, 2, 3, 4]
  Theta range: [-2.241, 0.491]
  TSVR range: [1.0, 246.2] hours
Skipping validate_dataframe_structure (tool bug)...
Running manual validation checks instead...
PASS - Row count: 400 in range [390, 410]
PASS - All expected columns present
PASS - No NaN values
Running custom range checks...
PASS - All theta values in [-3, 3] range
WARNING - 2 TSVR values outside [0, 200] range
PASS - All UIDs have exactly 4 observations
Step 00 complete
Step 00: Load Theta Confidence Scores
Loading theta confidence scores from RQ 6.1.1...
step03_theta_confidence.csv (400 rows, 3 cols)
Theta columns: ['composite_ID', 'theta_All', 'se_All']
Loading TSVR time mapping from RQ 6.1.1...
step00_tsvr_mapping.csv (400 rows, 3 cols)
TSVR columns: ['composite_ID', 'TSVR_hours', 'test']
Converting TSVR composite_ID format (A010_1 -> A010_T1)...
Converted 400 composite_IDs
Merging theta confidence with TSVR mapping on composite_ID...
Merge complete (400 rows)
Parsing UID from composite_ID...
Parsed UID for 400 rows
Renaming theta columns...
Renamed theta_All -> theta_confidence, se_All -> se_confidence
Final columns: ['composite_ID', 'UID', 'test', 'theta_confidence', 'se_confidence', 'TSVR_hours']
All theta scores have TSVR match (no missing values)
No duplicate composite_IDs
Saving merged data to step00_lmm_input.csv...
step00_lmm_input.csv (400 rows, 6 cols)
Data summary:
  Unique UIDs: 100
  Unique tests: [1, 2, 3, 4]
  Theta range: [-2.993, 3.035]
  TSVR range: [1.0, 246.2] hours
Skipping validate_dataframe_structure (tool bug)...
Running manual validation checks instead...
PASS - Row count: 400 in range [390, 410]
PASS - All expected columns present
PASS - No NaN values
Running custom range checks...
WARNING - 1 theta values outside [-3, 3] range
WARNING - 2 TSVR values outside [0, 200] range
PASS - All UIDs have exactly 4 observations
Step 00 complete
Step 00: Load Theta Confidence Scores
Loading theta confidence scores from RQ 6.1.1...
step03_theta_confidence.csv (400 rows, 3 cols)
Theta columns: ['composite_ID', 'theta_All', 'se_All']
Loading TSVR time mapping from RQ 6.1.1...
step00_tsvr_mapping.csv (400 rows, 3 cols)
TSVR columns: ['composite_ID', 'TSVR_hours', 'test']
Converting TSVR composite_ID format (A010_1 -> A010_T1)...
Converted 400 composite_IDs
Merging theta confidence with TSVR mapping on composite_ID...
Merge complete (400 rows)
Parsing UID from composite_ID...
Parsed UID for 400 rows
Renaming theta columns...
Renamed theta_All -> theta_confidence, se_All -> se_confidence
Final columns: ['composite_ID', 'UID', 'test', 'theta_confidence', 'se_confidence', 'TSVR_hours']
All theta scores have TSVR match (no missing values)
No duplicate composite_IDs
Saving merged data to step00_lmm_input.csv...
step00_lmm_input.csv (400 rows, 6 cols)
Data summary:
  Unique UIDs: 100
  Unique tests: [1, 2, 3, 4]
  Theta range: [-2.993, 3.035]
  TSVR range: [1.0, 246.2] hours
Skipping validate_dataframe_structure (tool bug)...
Running manual validation checks instead...
PASS - Row count: 400 in range [390, 410]
PASS - All expected columns present
PASS - No NaN values
Running custom range checks...
WARNING - 1 theta values outside [-3, 3] range
WARNING - 2 TSVR values outside [0, 200] range
PASS - All UIDs have exactly 4 observations
Step 00 complete
