Step 03: hierarchical_regression
Loading analysis dataset...
step01_analysis_dataset.csv (97 rows, 7 cols)
Columns: ['UID', 'theta_all', 'nart_score', 'age', 'dass_anx', 'dass_str', 'dass_dep']
Outcome variable theta_all: mean=0.0172, std=0.6492, range=[-1.3259, 1.5595]
Preparing hierarchical regression blocks...
[BLOCK1] Controls: ['age', 'nart_score'] (shape: (97, 2))
[BLOCK2] DASS predictors: ['dass_dep', 'dass_anx', 'dass_str'] (shape: (97, 3))
Total blocks: 2
Block names: ['controls', 'dass_predictors']
Running fit_hierarchical_regression...
Hierarchical regression analysis complete
Computing bootstrap confidence intervals for delta R²...
Cannot compute bootstrap CI - hierarchical results missing delta_R2
Saving hierarchical regression outputs...
Cannot save hierarchical models - summary not found in results
step03_model_bootstrap.csv (1 rows, 5 cols)
Running validation checks...
converged: True
message: LMM converged successfully
Step 03 complete
Step 03: hierarchical_regression (MANUAL IMPLEMENTATION)
Loading analysis dataset...
step01_analysis_dataset.csv (97 rows, 7 cols)
Columns: ['UID', 'theta_all', 'nart_score', 'age', 'dass_anx', 'dass_str', 'dass_dep']
Sample size 97 adequate for regression analysis
Outcome theta_all: mean=0.0172, std=0.6492, range=[-1.3259, 1.5595]
Preparing hierarchical regression blocks...
[BLOCK1] Controls: ['age', 'nart_score'] (shape: (97, 2))
[BLOCK1] age: mean=44.8, std=14.6
[BLOCK1] nart_score: mean=31.9, std=8.5
[BLOCK2] DASS predictors: ['dass_dep', 'dass_anx', 'dass_str'] (shape: (97, 3))
[BLOCK2] dass_dep: mean=2.39, std=3.28
[BLOCK2] dass_anx: mean=1.47, std=2.39
[BLOCK2] dass_str: mean=3.43, std=3.60
Hierarchical structure: 2 blocks
Block 1 (controls): 2 predictors
Block 2 (dass_predictors): 3 predictors
Fitting hierarchical regression models...
Fitted 2 models:
Model 1: controls:
R² = 0.0594, Adj R² = 0.0394
F(2.0, 94.0) = 2.97, p = 0.0561
ΔR² = 0.0594
Model 2: controls + dass_predictors:
R² = 0.0914, Adj R² = 0.0415
F(5.0, 91.0) = 1.83, p = 0.1147
ΔR² = 0.0319
[F-TEST] Incremental ΔR² = 0.0319
[F-TEST] F(3.0, 91.0) = 1.07
[F-TEST] p-value = 0.3674
[F-TEST] NOT SIGNIFICANT: DASS subscales do not explain additional variance
Computing bootstrap confidence intervals for ΔR²...
Completed 200/1000 iterations (200 successful)
Completed 400/1000 iterations (400 successful)
Completed 600/1000 iterations (600 successful)
Completed 800/1000 iterations (800 successful)
Completed 1000/1000 iterations (1000 successful)
Observed ΔR² = 0.0319
Successful iterations: 1000/1000
Bootstrap ΔR² = 0.0567
95% CI: [0.0043, 0.1679]
95% CI excludes zero -> Significant incremental variance
Saving hierarchical regression outputs...
step03_hierarchical_models.csv (2 rows, 8 cols)
All expected columns present in model summary
step03_model_bootstrap.csv (1 rows, 5 cols)
Running validation checks...
R² values in range [0,1]: True
F-statistics non-negative: True
ΔR² values reasonable (0-0.5): True
Expected 2 models, found 2: True
Bootstrap CI ordering valid: True
PASS: All validation checks successful
Hierarchical Regression Analysis Complete:
Sample size: N = 97
Block 1 (controls): R² = 0.0594
Block 2 (full model): R² = 0.0914
Incremental ΔR² = 0.0319
F-test for ΔR²: F = 1.07, p = 0.3674
Bootstrap 95% CI: [0.0043, 0.1679]
RESULT: DASS subscales do not significantly predict memory performance beyond controls
Step 03 complete - ready for Step 04 individual predictor analysis
Step 03: hierarchical_regression (MANUAL IMPLEMENTATION)
Loading analysis dataset...
step01_analysis_dataset.csv (97 rows, 7 cols)
Columns: ['UID', 'theta_all', 'nart_score', 'age', 'dass_anx', 'dass_str', 'dass_dep']
Sample size 97 adequate for regression analysis
Outcome theta_all: mean=0.0172, std=0.6492, range=[-1.3259, 1.5595]
Preparing hierarchical regression blocks...
[BLOCK1] Controls: ['age', 'nart_score'] (shape: (97, 2))
[BLOCK1] age: mean=44.8, std=14.6
[BLOCK1] nart_score: mean=31.9, std=8.5
[BLOCK2] DASS predictors: ['dass_dep', 'dass_anx', 'dass_str'] (shape: (97, 3))
[BLOCK2] dass_dep: mean=2.39, std=3.28
[BLOCK2] dass_anx: mean=1.47, std=2.39
[BLOCK2] dass_str: mean=3.43, std=3.60
Hierarchical structure: 2 blocks
Block 1 (controls): 2 predictors
Block 2 (dass_predictors): 3 predictors
Fitting hierarchical regression models...
Fitted 2 models:
Model 1: controls:
R² = 0.0594, Adj R² = 0.0394
F(2.0, 94.0) = 2.97, p = 0.0561
ΔR² = 0.0594
Model 2: controls + dass_predictors:
R² = 0.0914, Adj R² = 0.0415
F(5.0, 91.0) = 1.83, p = 0.1147
ΔR² = 0.0319
[F-TEST] Incremental ΔR² = 0.0319
[F-TEST] F(3.0, 91.0) = 1.07
[F-TEST] p-value = 0.3674
[F-TEST] NOT SIGNIFICANT: DASS subscales do not explain additional variance
Computing bootstrap confidence intervals for ΔR²...
Completed 200/1000 iterations (200 successful)
Completed 400/1000 iterations (400 successful)
Completed 600/1000 iterations (600 successful)
Completed 800/1000 iterations (800 successful)
Completed 1000/1000 iterations (1000 successful)
Observed ΔR² = 0.0319
Successful iterations: 1000/1000
Bootstrap ΔR² = 0.0567
95% CI: [0.0043, 0.1679]
95% CI excludes zero -> Significant incremental variance
Saving hierarchical regression outputs...
step03_hierarchical_models.csv (2 rows, 8 cols)
All expected columns present in model summary
step03_model_bootstrap.csv (1 rows, 5 cols)
Running validation checks...
R² values in range [0,1]: True
F-statistics non-negative: True
ΔR² values reasonable (0-0.5): True
Expected 2 models, found 2: True
Bootstrap CI ordering valid: True
PASS: All validation checks successful
Hierarchical Regression Analysis Complete:
Sample size: N = 97
Block 1 (controls): R² = 0.0594
Block 2 (full model): R² = 0.0914
Incremental ΔR² = 0.0319
F-test for ΔR²: F = 1.07, p = 0.3674
Bootstrap 95% CI: [0.0043, 0.1679]
RESULT: DASS subscales do not significantly predict memory performance beyond controls
Step 03 complete - ready for Step 04 individual predictor analysis
