Step 03: IRT Calibration Pass 2 (2-factor GRM on purified items only)
Model: 2-factor GRM, 5 categories
Fitting: batch_size=2048, mc_samples=1 (FAST mode), iw_samples=1
Scoring: mc_samples=1 (MINIMUM mode), iw_samples=1
This is MINIMUM mode - for production, set mc_samples=100 for scoring
Loading input data...
step00_irt_input.csv (400 rows, 37 cols)
step02_purified_items.csv (36 items retained)
Purified items count: 36
step00_q_matrix.csv (36 items)
Q-matrix filtered to 36 purified items
All purified items have Q-matrix entries
Filtering wide data to purified items...
Wide data filtered: 400 rows x 37 cols (36 purified items)
All 36 purified items found in wide data
Converting wide format to long format...
Long format created: 14400 observations (400 participants x 36 items)
Creating factor groups from Q-matrix...
Source: 18 items
Destination: 18 items
All 2 factors active for Pass 2: ['Source', 'Destination']
Preparing IRT tensors via prepare_irt_input_from_long...
Tensors prepared:
  - response_matrix: torch.Size([400, 36]) (participants x items)
  - missing_mask: torch.Size([400, 36])
  - Q_matrix: torch.Size([36, 2]) (items x factors)
  - composite_ids: 400 IDs
  - item_list: 36 items
Configuring 2-factor GRM model via configure_irt_model...
Model configured: 36 items, 2 factors, 5 categories, correlated=True
Fitting GRM model via fit_irt_grm...
Using mc_samples=1 during fit (avoids timeout per RQ 6.1.1)
Step 03: IRT Calibration Pass 2 (2-factor GRM on purified items only)
Model: 2-factor GRM, 5 categories
Fitting: batch_size=2048, mc_samples=1 (FAST mode), iw_samples=1
Scoring: mc_samples=1 (MINIMUM mode), iw_samples=1
This is MINIMUM mode - for production, set mc_samples=100 for scoring
Loading input data...
step00_irt_input.csv (400 rows, 37 cols)
step02_purified_items.csv (36 items retained)
Purified items count: 36
step00_q_matrix.csv (36 items)
Q-matrix filtered to 36 purified items
All purified items have Q-matrix entries
Filtering wide data to purified items...
Wide data filtered: 400 rows x 37 cols (36 purified items)
All 36 purified items found in wide data
Converting wide format to long format...
Long format created: 14400 observations (400 participants x 36 items)
Creating factor groups from Q-matrix...
Source: 18 items
Destination: 18 items
All 2 factors active for Pass 2: ['Source', 'Destination']
Preparing IRT tensors via prepare_irt_input_from_long...
Tensors prepared:
  - response_matrix: torch.Size([400, 36]) (participants x items)
  - missing_mask: torch.Size([400, 36])
  - Q_matrix: torch.Size([36, 2]) (items x factors)
  - composite_ids: 400 IDs
  - item_list: 36 items
Configuring 2-factor GRM model via configure_irt_model...
Model configured: 36 items, 2 factors, 5 categories, correlated=True
Fitting GRM model via fit_irt_grm...
Using mc_samples=1 during fit (avoids timeout per RQ 6.1.1)
Model fitting complete
Extracting theta scores via extract_theta_from_irt...
Using mc_samples=1 for scoring (MINIMUM mode)
Theta extraction complete: 400 participants x 2 factors
Reconstructing composite_ID from UID and test...
Wide format: 400 rows, 3 columns
Extracting item parameters via extract_parameters_from_irt...
Parameter extraction complete: 36 items
Parameter columns: ['item_name', 'Difficulty', 'Overall_Discrimination', 'Discrim_Source', 'Discrim_Destination']
Saving Pass 2 FINAL outputs...
step03_pass2_item_params.csv (36 items, 5 cols)
step03_pass2_theta.csv (400 rows, 3 cols)
Running validation checks...
Checking parameter bounds (purified thresholds)...
Discrimination: min=1.965, max=4.176
Difficulty (b): min=0.445, max=1.113
Parameter bounds reasonable
Checking for NaN parameters...
No NaN parameters
Checking theta estimates...
Theta: min=-2.184, max=0.929
Theta estimates valid
Checking output row counts...
Output row counts correct (items=36, theta=400)
Checking purification retention rate...
Retention rate: 36/36 = 100.0%
Retention rate outside typical range (20-80%) - check purification criteria
Step 03 complete - All validations passed
Pass 2 calibrated 36 purified items for 400 participants
Active factors: ['Source', 'Destination']
These FINAL theta estimates ready for downstream LMM analyses
If mc_samples=1 used, re-run with mc_samples=100 for scoring for production quality
Step 03: IRT Calibration Pass 2 (2-factor GRM on purified items only)
Model: 2-factor GRM, 5 categories
Fitting: batch_size=2048, mc_samples=1 (FAST mode), iw_samples=100
Scoring: mc_samples=100 (MINIMUM mode), iw_samples=100
This is MINIMUM mode - for production, set mc_samples=100 for scoring
Loading input data...
step00_irt_input.csv (400 rows, 37 cols)
step02_purified_items.csv (36 items retained)
Purified items count: 36
step00_q_matrix.csv (36 items)
Q-matrix filtered to 36 purified items
All purified items have Q-matrix entries
Filtering wide data to purified items...
Wide data filtered: 400 rows x 37 cols (36 purified items)
All 36 purified items found in wide data
Converting wide format to long format...
Long format created: 14400 observations (400 participants x 36 items)
Creating factor groups from Q-matrix...
Source: 18 items
Destination: 18 items
All 2 factors active for Pass 2: ['Source', 'Destination']
Preparing IRT tensors via prepare_irt_input_from_long...
Tensors prepared:
  - response_matrix: torch.Size([400, 36]) (participants x items)
  - missing_mask: torch.Size([400, 36])
  - Q_matrix: torch.Size([36, 2]) (items x factors)
  - composite_ids: 400 IDs
  - item_list: 36 items
Configuring 2-factor GRM model via configure_irt_model...
Model configured: 36 items, 2 factors, 5 categories, correlated=True
Fitting GRM model via fit_irt_grm...
Using mc_samples=1 during fit (avoids timeout per RQ 6.1.1)
