Step 6: Post-Hoc Contrasts with Dual P-Values
Loading best LMM model...
step05_lmm_fitted_model.pkl (formula: theta ~ log_Days_plus1 * LocationType)
Best model: Logarithmic (AIC: 1830.15)
step04_lmm_input.csv (800 rows)
Extracting fixed effects coefficients...
'DataFrame' object has no attribute 'data'
Full error details:
Traceback (most recent call last):
  File "/home/etai/projects/REMEMVR/results/ch5/5.5.1/code/step06_compute_post_hoc_contrasts.py", line 192, in <module>
    fe_df = pd.DataFrame(fe_summary.data[1:], columns=fe_summary.data[0])
                         ^^^^^^^^^^^^^^^
  File "/home/etai/projects/REMEMVR/.venv/lib/python3.12/site-packages/pandas/core/generic.py", line 6321, in __getattr__
    return object.__getattribute__(self, name)
           ^^^^^^^^^^^^^^^^^^^^^^^^^^^^^^^^^^^
AttributeError: 'DataFrame' object has no attribute 'data'. Did you mean: '_data'?
Step 6: Post-Hoc Contrasts with Dual P-Values
Checking for Step 5 outputs...
Model file exists: step05_lmm_fitted_model.pkl
Best model: Logarithmic (AIC: 1830.15)
step04_lmm_input.csv (800 rows)
Extracting fixed effects coefficients...
step05_lmm_coefficients.csv (7 parameters)
Main effect: coef=0.1077, z=1.293, p=0.1961
Interaction: coef=-0.1191, z=-1.846, p=0.0648
Applying Bonferroni correction (n_tests=2)...
Bonferroni correction applied
  Main effect: p_uncorr=0.1961, p_bonf=0.3921
  Interaction: p_uncorr=0.0648, p_bonf=0.1297
Computing effect sizes at Days 0, 1, 3, 6...
Day 0: source_mean=0.452, dest_mean=0.378, d=0.087
Day 1: source_mean=0.146, dest_mean=0.100, d=0.057
Day 3: source_mean=-0.148, dest_mean=-0.119, d=-0.038
Day 6: source_mean=-0.471, dest_mean=-0.337, d=-0.160
Effect sizes computed for 4 timepoints
Saving outputs...
step06_post_hoc_contrasts.csv (2 rows, 8 cols)
step06_effect_sizes.csv (4 rows, 7 cols)
Running validate_contrasts_d068...
valid: True
d068_compliant: True
missing_cols: []
message: Decision D068 compliant: Found both p_uncorrected and p_bonferroni columns.
Step 6 complete
Step 6: Post-Hoc Contrasts with Dual P-Values
Checking for Step 5 outputs...
Model file exists: step05_lmm_fitted_model.pkl
Best model: Logarithmic (AIC: 1747.77)
step04_lmm_input.csv (800 rows)
Extracting fixed effects coefficients...
step05_lmm_coefficients.csv (7 parameters)
Main effect: coef=0.1004, z=1.277, p=0.2017
Interaction: coef=-0.1366, z=-2.245, p=0.0248
Applying Bonferroni correction (n_tests=2)...
Bonferroni correction applied
  Main effect: p_uncorr=0.2017, p_bonf=0.4035
  Interaction: p_uncorr=0.0248, p_bonf=0.0495
Computing effect sizes at Days 0, 1, 3, 6...
Day 0: source_mean=0.435, dest_mean=0.395, d=0.050
Day 1: source_mean=0.163, dest_mean=0.106, d=0.072
Day 3: source_mean=-0.151, dest_mean=-0.118, d=-0.044
Day 6: source_mean=-0.497, dest_mean=-0.306, d=-0.239
Effect sizes computed for 4 timepoints
Saving outputs...
step06_post_hoc_contrasts.csv (2 rows, 8 cols)
step06_effect_sizes.csv (4 rows, 7 cols)
Running validate_contrasts_d068...
valid: True
d068_compliant: True
missing_cols: []
message: Decision D068 compliant: Found both p_uncorrected and p_bonferroni columns.
Step 6 complete
