Step 05: Compute Effect Sizes
Loading model results...
step04_model_results.csv (5 models)
Loading raw data for bootstrap...
step03_analysis_dataset.csv (100 participants)
Computing Cohen's f² with bootstrap CIs...
[Model_1_Total] R²=0.0710, f²=0.0764
Model_1_Total f² CI...
f² 95% CI: [0.0094, 0.2649]
[Model_2_Learning] R²=0.0113, f²=0.0115
Model_2_Learning f² CI...
f² 95% CI: [0.0000, 0.0726]
[Model_3_LearningSlope] R²=0.0469, f²=0.0492
Model_3_LearningSlope f² CI...
f² 95% CI: [0.0019, 0.1631]
[Model_4_Recognition] R²=0.0281, f²=0.0289
Model_4_Recognition f² CI...
f² 95% CI: [0.0001, 0.1349]
[Model_5_Combined] R²=0.1075, f²=0.1205
Model_5_Combined f² CI...
f² 95% CI: [0.0360, 0.3333]
Learning_z unique contribution: sr²=0.0366
Computing AIC weights...
AIC weights (sum=1.0000)
Testing incremental validity (Model 5 vs Model 1)...
ΔR²=0.0366, F(1,97)=3.98, p=1.000000
Saving effect sizes...
/home/etai/projects/REMEMVR/results/ch7/7.7.3/data/step05_effect_sizes.csv (5 models)
Saving incremental validity test...
/home/etai/projects/REMEMVR/results/ch7/7.7.3/data/step05_incremental_validity.csv
Effect sizes:
  Model_1_Total: f²=0.0764 [0.0094, 0.2649], AIC_weight=0.240
  Model_2_Learning: f²=0.0115 [0.0000, 0.0726], AIC_weight=0.011
  Model_3_LearningSlope: f²=0.0492 [0.0019, 0.1631], AIC_weight=0.067
  Model_4_Recognition: f²=0.0289 [0.0001, 0.1349], AIC_weight=0.025
  Model_5_Combined: f²=0.1205 [0.0360, 0.3333], AIC_weight=0.658
Incremental validity: ΔR²=0.0366, F(1,97)=3.98, p=1.000000
Step 05 complete
Step 05: Compute Effect Sizes
Loading model results...
step04_model_results.csv (7 models)
Loading raw data for bootstrap...
step03_analysis_dataset.csv (100 participants)
Computing Cohen's f² with bootstrap CIs...
[Model_1_Total] R²=0.0776, f²=0.0842
Model_1_Total f² CI...
f² 95% CI: [0.0109, 0.2486]
[Model_2_Learning] R²=0.0313, f²=0.0323
Model_2_Learning f² CI...
f² 95% CI: [0.0001, 0.1637]
[Model_3_LearningSlope] R²=0.0712, f²=0.0766
Model_3_LearningSlope f² CI...
f² 95% CI: [0.0078, 0.2316]
[Model_4_Forgetting] R²=0.1194, f²=0.1355
Model_4_Forgetting f² CI...
f² 95% CI: [0.0262, 0.3495]
[Model_5_Recognition] R²=0.0281, f²=0.0289
Model_5_Recognition f² CI...
f² 95% CI: [0.0001, 0.1349]
[Model_6_PctRet] R²=0.1077, f²=0.1207
Model_6_PctRet f² CI...
f² 95% CI: [0.0176, 0.3147]
[Model_7_Combined] R²=0.1210, f²=0.1376
Model_7_Combined f² CI...
f² 95% CI: [0.0481, 0.3401]
Learning_z unique contribution: sr²=0.0433
Computing AIC weights...
AIC weights (sum=1.0000)
Testing incremental validity (Model 5 vs Model 1)...
ΔR²=0.0433, F(1,97)=4.78, p=1.000000
Saving effect sizes...
/home/etai/projects/REMEMVR/results/ch7/7.7.3/data/step05_effect_sizes.csv (7 models)
Saving incremental validity test...
/home/etai/projects/REMEMVR/results/ch7/7.7.3/data/step05_incremental_validity.csv
Effect sizes:
  Model_1_Total: f²=0.0842 [0.0109, 0.2486], AIC_weight=0.047
  Model_2_Learning: f²=0.0323 [0.0001, 0.1637], AIC_weight=0.004
  Model_3_LearningSlope: f²=0.0766 [0.0078, 0.2316], AIC_weight=0.033
  Model_4_Forgetting: f²=0.1355 [0.0262, 0.3495], AIC_weight=0.475
  Model_5_Recognition: f²=0.0289 [0.0001, 0.1349], AIC_weight=0.003
  Model_6_PctRet: f²=0.1207 [0.0176, 0.3147], AIC_weight=0.246
  Model_7_Combined: f²=0.1376 [0.0481, 0.3401], AIC_weight=0.191
Incremental validity: ΔR²=0.0433, F(1,97)=4.78, p=1.000000
Step 05 complete
