Step 01: Load Dependency Data from RQ 5.4.1
Verifying RQ 5.4.1 completion status...
RQ 5.4.1 completion verified (status: success)
Verifying dependency files exist...
All 3 dependency files exist
Loading theta scores from RQ 5.4.1...
Theta scores: 400 rows, 7 columns
Theta scores validated: 400 rows, all required columns present
Loading LMM input from RQ 5.4.1...
LMM input: 1200 rows, 9 columns
LMM input missing columns: ['SE']
Full error details:
Traceback (most recent call last):
  File "/home/etai/projects/REMEMVR/results/ch5/5.4.6/code/step01_load_dependency_data.py", line 135, in <module>
    raise ValueError(f"LMM input missing columns: {missing_lmm_cols}")
ValueError: LMM input missing columns: ['SE']
Step 01: Load Dependency Data from RQ 5.4.1
Verifying RQ 5.4.1 completion status...
RQ 5.4.1 completion verified (status: success)
Verifying dependency files exist...
All 3 dependency files exist
Loading theta scores from RQ 5.4.1...
Theta scores: 400 rows, 7 columns
Theta scores validated: 400 rows, all required columns present
Loading LMM input from RQ 5.4.1...
LMM input: 1200 rows, 9 columns
Congruence levels validated: ['common', 'congruent', 'incongruent']
No NaN values in theta or TSVR_hours columns
TSVR_hours range [1.00, 246.24] outside expected [0, 168]
Loading reference LMM model from RQ 5.4.1...
'NoneType' object has no attribute 'f_locals'
Full error details:
Traceback (most recent call last):
  File "/home/etai/projects/REMEMVR/results/ch5/5.4.6/code/step01_load_dependency_data.py", line 180, in <module>
    lmm_model = pickle.load(f)
                ^^^^^^^^^^^^^^
  File "/home/etai/projects/REMEMVR/.venv/lib/python3.12/site-packages/statsmodels/base/data.py", line 112, in __setstate__
    _, design = dmatrices(d['formula'], data, eval_env=depth,
                ^^^^^^^^^^^^^^^^^^^^^^^^^^^^^^^^^^^^^^^^^^^^^
  File "/home/etai/projects/REMEMVR/.venv/lib/python3.12/site-packages/patsy/highlevel.py", line 316, in dmatrices
    eval_env = EvalEnvironment.capture(eval_env, reference=1)
               ^^^^^^^^^^^^^^^^^^^^^^^^^^^^^^^^^^^^^^^^^^^^^^
  File "/home/etai/projects/REMEMVR/.venv/lib/python3.12/site-packages/patsy/eval.py", line 242, in capture
    [frame.f_locals, frame.f_globals],
     ^^^^^^^^^^^^^^
AttributeError: 'NoneType' object has no attribute 'f_locals'
Step 01: Load Dependency Data from RQ 5.4.1
Verifying RQ 5.4.1 completion status...
RQ 5.4.1 completion verified (status: success)
Verifying dependency files exist...
All dependency files exist
Loading theta scores from RQ 5.4.1...
Theta scores: 400 rows, 7 columns
Theta scores validated: 400 rows, all required columns present
Loading LMM input from RQ 5.4.1...
LMM input: 1200 rows, 9 columns
Congruence levels validated: ['common', 'congruent', 'incongruent']
No NaN values in theta or TSVR_hours columns
TSVR_hours range: [1.00, 246.24] hours
Caching LMM input for local workflow...
step01_loaded_lmm_input.csv (1200 rows, 9 columns)
Writing validation report...
step01_dependency_validation_report.txt
Step 01 complete - All dependencies validated
