Step 05: fit_multivariate_model
Loading analysis dataset...
/home/etai/projects/REMEMVR/results/ch7/7.8.4/data/step03_analysis_dataset.csv (100 rows, 8 cols)
Preparing MANOVA formula...
Formula: What_theta + Where_theta + When_theta ~ ravlt_z + bvmt_z + rpm_z + age_z
Fitting multivariate model...
Model fitted successfully
Extracting test statistics...
MANOVA summary:
                 Multivariate linear model
============================================================
                                                            
------------------------------------------------------------
       Intercept        Value  Num DF  Den DF F Value Pr > F
------------------------------------------------------------
          Wilks' lambda 0.7538 3.0000 93.0000 10.1260 0.0000
         Pillai's trace 0.2462 3.0000 93.0000 10.1260 0.0000
 Hotelling-Lawley trace 0.3266 3.0000 93.0000 10.1260 0.0000
    Roy's greatest root 0.3266 3.0000 93.0000 10.1260 0.0000
------------------------------------------------------------
                                                            
------------------------------------------------------------
        ravlt_z         Value  Num DF  Den DF F Value Pr > F
------------------------------------------------------------
          Wilks' lambda 0.9652 3.0000 93.0000  1.1185 0.3457
         Pillai's trace 0.0348 3.0000 93.0000  1.1185 0.3457
 Hotelling-Lawley trace 0.0361 3.0000 93.0000  1.1185 0.3457
    Roy's greatest root 0.0361 3.0000 93.0000  1.1185 0.3457
------------------------------------------------------------
                                                            
------------------------------------------------------------
         bvmt_z         Value  Num DF  Den DF F Value Pr > F
------------------------------------------------------------
          Wilks' lambda 0.9693 3.0000 93.0000  0.9828 0.4044
         Pillai's trace 0.0307 3.0000 93.0000  0.9828 0.4044
 Hotelling-Lawley trace 0.0317 3.0000 93.0000  0.9828 0.4044
    Roy's greatest root 0.0317 3.0000 93.0000  0.9828 0.4044
------------------------------------------------------------
                                                            
------------------------------------------------------------
         rpm_z          Value  Num DF  Den DF F Value Pr > F
------------------------------------------------------------
          Wilks' lambda 0.8785 3.0000 93.0000  4.2869 0.0070
         Pillai's trace 0.1215 3.0000 93.0000  4.2869 0.0070
 Hotelling-Lawley trace 0.1383 3.0000 93.0000  4.2869 0.0070
    Roy's greatest root 0.1383 3.0000 93.0000  4.2869 0.0070
------------------------------------------------------------
                                                            
------------------------------------------------------------
         age_z          Value  Num DF  Den DF F Value Pr > F
------------------------------------------------------------
          Wilks' lambda 0.9652 3.0000 93.0000  1.1171 0.3463
         Pillai's trace 0.0348 3.0000 93.0000  1.1171 0.3463
 Hotelling-Lawley trace 0.0360 3.0000 93.0000  1.1171 0.3463
    Roy's greatest root 0.0360 3.0000 93.0000  1.1171 0.3463
============================================================

Extracting coefficient matrix...
[Errno 32] Broken pipe
Step 05: fit_multivariate_model
Loading analysis dataset...
/home/etai/projects/REMEMVR/results/ch7/7.8.4/data/step03_analysis_dataset.csv (100 rows, 8 cols)
Preparing MANOVA formula...
Formula: What_theta + Where_theta + When_theta ~ ravlt_z + bvmt_z + rpm_z + age_z
Fitting multivariate model...
Model fitted successfully
Extracting test statistics...
MANOVA summary:
                 Multivariate linear model
============================================================
                                                            
------------------------------------------------------------
       Intercept        Value  Num DF  Den DF F Value Pr > F
------------------------------------------------------------
          Wilks' lambda 0.7538 3.0000 93.0000 10.1260 0.0000
         Pillai's trace 0.2462 3.0000 93.0000 10.1260 0.0000
 Hotelling-Lawley trace 0.3266 3.0000 93.0000 10.1260 0.0000
    Roy's greatest root 0.3266 3.0000 93.0000 10.1260 0.0000
------------------------------------------------------------
                                                            
------------------------------------------------------------
        ravlt_z         Value  Num DF  Den DF F Value Pr > F
------------------------------------------------------------
          Wilks' lambda 0.9652 3.0000 93.0000  1.1185 0.3457
         Pillai's trace 0.0348 3.0000 93.0000  1.1185 0.3457
 Hotelling-Lawley trace 0.0361 3.0000 93.0000  1.1185 0.3457
    Roy's greatest root 0.0361 3.0000 93.0000  1.1185 0.3457
------------------------------------------------------------
                                                            
------------------------------------------------------------
         bvmt_z         Value  Num DF  Den DF F Value Pr > F
------------------------------------------------------------
          Wilks' lambda 0.9693 3.0000 93.0000  0.9828 0.4044
         Pillai's trace 0.0307 3.0000 93.0000  0.9828 0.4044
 Hotelling-Lawley trace 0.0317 3.0000 93.0000  0.9828 0.4044
    Roy's greatest root 0.0317 3.0000 93.0000  0.9828 0.4044
------------------------------------------------------------
                                                            
------------------------------------------------------------
         rpm_z          Value  Num DF  Den DF F Value Pr > F
------------------------------------------------------------
          Wilks' lambda 0.8785 3.0000 93.0000  4.2869 0.0070
         Pillai's trace 0.1215 3.0000 93.0000  4.2869 0.0070
 Hotelling-Lawley trace 0.1383 3.0000 93.0000  4.2869 0.0070
    Roy's greatest root 0.1383 3.0000 93.0000  4.2869 0.0070
------------------------------------------------------------
                                                            
------------------------------------------------------------
         age_z          Value  Num DF  Den DF F Value Pr > F
------------------------------------------------------------
          Wilks' lambda 0.9652 3.0000 93.0000  1.1171 0.3463
         Pillai's trace 0.0348 3.0000 93.0000  1.1171 0.3463
 Hotelling-Lawley trace 0.0360 3.0000 93.0000  1.1171 0.3463
    Roy's greatest root 0.0360 3.0000 93.0000  1.1171 0.3463
============================================================

Extracting coefficient matrix...
Extracted 5 rows (intercept + 4 predictors)
[CV] Running cross-validation...
[CV] Fold 1/5...
[CV] Fold 2/5...
[CV] Fold 3/5...
[CV] Fold 4/5...
[CV] Fold 5/5...
[CV] Mean CV R²: What = -0.005, Where = -0.022, When = 0.025
Computing multivariate diagnostics...
Saving multivariate model results...
/home/etai/projects/REMEMVR/results/ch7/7.8.4/data/step05_multivariate_model.csv (4 rows)
/home/etai/projects/REMEMVR/results/ch7/7.8.4/data/step05_multivariate_coefficients.csv (5 rows)
/home/etai/projects/REMEMVR/results/ch7/7.8.4/data/step05_multivariate_cv_results.csv (5 rows)
/home/etai/projects/REMEMVR/results/ch7/7.8.4/data/step05_multivariate_diagnostics.csv (3 rows)
Validating multivariate model results...
r2_what has values outside [0, 1] range
r2_where has values outside [0, 1] range
r2_when has values outside [0, 1] range
CV R² values validated
Step 05 complete
Step 05: fit_multivariate_model
Loading analysis dataset...
/home/etai/projects/REMEMVR/results/ch7/7.8.4/data/step03_analysis_dataset.csv (100 rows, 8 cols)
Preparing MANOVA formula...
Formula: What_theta + Where_theta + When_theta ~ ravlt_z + bvmt_z + rpm_z + age_z
Fitting multivariate model...
Model fitted successfully
Extracting test statistics...
MANOVA summary:
                 Multivariate linear model
============================================================
                                                            
------------------------------------------------------------
       Intercept        Value  Num DF  Den DF F Value Pr > F
------------------------------------------------------------
          Wilks' lambda 0.7538 3.0000 93.0000 10.1260 0.0000
         Pillai's trace 0.2462 3.0000 93.0000 10.1260 0.0000
 Hotelling-Lawley trace 0.3266 3.0000 93.0000 10.1260 0.0000
    Roy's greatest root 0.3266 3.0000 93.0000 10.1260 0.0000
------------------------------------------------------------
                                                            
------------------------------------------------------------
        ravlt_z         Value  Num DF  Den DF F Value Pr > F
------------------------------------------------------------
          Wilks' lambda 0.9652 3.0000 93.0000  1.1185 0.3457
         Pillai's trace 0.0348 3.0000 93.0000  1.1185 0.3457
 Hotelling-Lawley trace 0.0361 3.0000 93.0000  1.1185 0.3457
    Roy's greatest root 0.0361 3.0000 93.0000  1.1185 0.3457
------------------------------------------------------------
                                                            
------------------------------------------------------------
         bvmt_z         Value  Num DF  Den DF F Value Pr > F
------------------------------------------------------------
          Wilks' lambda 0.9693 3.0000 93.0000  0.9828 0.4044
         Pillai's trace 0.0307 3.0000 93.0000  0.9828 0.4044
 Hotelling-Lawley trace 0.0317 3.0000 93.0000  0.9828 0.4044
    Roy's greatest root 0.0317 3.0000 93.0000  0.9828 0.4044
------------------------------------------------------------
                                                            
------------------------------------------------------------
         rpm_z          Value  Num DF  Den DF F Value Pr > F
------------------------------------------------------------
          Wilks' lambda 0.8785 3.0000 93.0000  4.2869 0.0070
         Pillai's trace 0.1215 3.0000 93.0000  4.2869 0.0070
 Hotelling-Lawley trace 0.1383 3.0000 93.0000  4.2869 0.0070
    Roy's greatest root 0.1383 3.0000 93.0000  4.2869 0.0070
------------------------------------------------------------
                                                            
------------------------------------------------------------
         age_z          Value  Num DF  Den DF F Value Pr > F
------------------------------------------------------------
          Wilks' lambda 0.9652 3.0000 93.0000  1.1171 0.3463
         Pillai's trace 0.0348 3.0000 93.0000  1.1171 0.3463
 Hotelling-Lawley trace 0.0360 3.0000 93.0000  1.1171 0.3463
    Roy's greatest root 0.0360 3.0000 93.0000  1.1171 0.3463
============================================================

Extracting coefficient matrix...
Extracted 5 rows (intercept + 4 predictors)
[CV] Running cross-validation...
[CV] Fold 1/5...
[CV] Fold 2/5...
[CV] Fold 3/5...
[CV] Fold 4/5...
[CV] Fold 5/5...
[CV] Mean CV R²: What = -0.005, Where = -0.022, When = 0.025
Computing multivariate diagnostics...
Saving multivariate model results...
/home/etai/projects/REMEMVR/results/ch7/7.8.4/data/step05_multivariate_model.csv (4 rows)
/home/etai/projects/REMEMVR/results/ch7/7.8.4/data/step05_multivariate_coefficients.csv (5 rows)
/home/etai/projects/REMEMVR/results/ch7/7.8.4/data/step05_multivariate_cv_results.csv (5 rows)
/home/etai/projects/REMEMVR/results/ch7/7.8.4/data/step05_multivariate_diagnostics.csv (3 rows)
Validating multivariate model results...
r2_what has values outside [0, 1] range
r2_where has values outside [0, 1] range
r2_when has values outside [0, 1] range
CV R² values validated
Step 05 complete
Step 05: fit_multivariate_model
Loading analysis dataset...
/home/etai/projects/REMEMVR/results/ch7/7.8.4/data/step03_analysis_dataset.csv (100 rows, 9 cols)
Preparing MANOVA formula...
Formula: What_theta + Where_theta + When_theta ~ ravlt_z + bvmt_z + rpm_z + age_z + pctret_z
Fitting multivariate model...
Model fitted successfully
Extracting test statistics...
MANOVA summary:
                 Multivariate linear model
============================================================
                                                            
------------------------------------------------------------
       Intercept        Value  Num DF  Den DF F Value Pr > F
------------------------------------------------------------
          Wilks' lambda 0.7376 3.0000 92.0000 10.9071 0.0000
         Pillai's trace 0.2624 3.0000 92.0000 10.9071 0.0000
 Hotelling-Lawley trace 0.3557 3.0000 92.0000 10.9071 0.0000
    Roy's greatest root 0.3557 3.0000 92.0000 10.9071 0.0000
------------------------------------------------------------
                                                            
------------------------------------------------------------
        ravlt_z         Value  Num DF  Den DF F Value Pr > F
------------------------------------------------------------
          Wilks' lambda 0.9198 3.0000 92.0000  2.6726 0.0520
         Pillai's trace 0.0802 3.0000 92.0000  2.6726 0.0520
 Hotelling-Lawley trace 0.0872 3.0000 92.0000  2.6726 0.0520
    Roy's greatest root 0.0872 3.0000 92.0000  2.6726 0.0520
------------------------------------------------------------
                                                            
------------------------------------------------------------
         bvmt_z         Value  Num DF  Den DF F Value Pr > F
------------------------------------------------------------
          Wilks' lambda 0.9739 3.0000 92.0000  0.8221 0.4849
         Pillai's trace 0.0261 3.0000 92.0000  0.8221 0.4849
 Hotelling-Lawley trace 0.0268 3.0000 92.0000  0.8221 0.4849
    Roy's greatest root 0.0268 3.0000 92.0000  0.8221 0.4849
------------------------------------------------------------
                                                            
------------------------------------------------------------
         rpm_z          Value  Num DF  Den DF F Value Pr > F
------------------------------------------------------------
          Wilks' lambda 0.8931 3.0000 92.0000  3.6717 0.0150
         Pillai's trace 0.1069 3.0000 92.0000  3.6717 0.0150
 Hotelling-Lawley trace 0.1197 3.0000 92.0000  3.6717 0.0150
    Roy's greatest root 0.1197 3.0000 92.0000  3.6717 0.0150
------------------------------------------------------------
                                                            
------------------------------------------------------------
         age_z          Value  Num DF  Den DF F Value Pr > F
------------------------------------------------------------
          Wilks' lambda 0.9702 3.0000 92.0000  0.9405 0.4245
         Pillai's trace 0.0298 3.0000 92.0000  0.9405 0.4245
 Hotelling-Lawley trace 0.0307 3.0000 92.0000  0.9405 0.4245
    Roy's greatest root 0.0307 3.0000 92.0000  0.9405 0.4245
------------------------------------------------------------
                                                            
------------------------------------------------------------
        pctret_z        Value  Num DF  Den DF F Value Pr > F
------------------------------------------------------------
          Wilks' lambda 0.9329 3.0000 92.0000  2.2063 0.0926
         Pillai's trace 0.0671 3.0000 92.0000  2.2063 0.0926
 Hotelling-Lawley trace 0.0719 3.0000 92.0000  2.2063 0.0926
    Roy's greatest root 0.0719 3.0000 92.0000  2.2063 0.0926
============================================================

Extracting coefficient matrix...
Extracted 6 rows (intercept + 4 predictors)
[CV] Running cross-validation...
[CV] Fold 1/5...
[CV] Fold 2/5...
[CV] Fold 3/5...
[CV] Fold 4/5...
[CV] Fold 5/5...
[CV] Mean CV R²: What = 0.071, Where = 0.032, When = 0.027
Computing multivariate diagnostics...
Saving multivariate model results...
/home/etai/projects/REMEMVR/results/ch7/7.8.4/data/step05_multivariate_model.csv (4 rows)
/home/etai/projects/REMEMVR/results/ch7/7.8.4/data/step05_multivariate_coefficients.csv (6 rows)
/home/etai/projects/REMEMVR/results/ch7/7.8.4/data/step05_multivariate_cv_results.csv (5 rows)
/home/etai/projects/REMEMVR/results/ch7/7.8.4/data/step05_multivariate_diagnostics.csv (3 rows)
Validating multivariate model results...
r2_what has values outside [0, 1] range
r2_where has values outside [0, 1] range
r2_when has values outside [0, 1] range
CV R² values validated
Step 05 complete
