Step 04: fit_univariate_models
Loading analysis dataset...
/home/etai/projects/REMEMVR/results/ch7/7.8.4/data/step03_analysis_dataset.csv (100 rows, 8 cols)
Will fit 3 univariate models
Predictors: ['ravlt_z', 'bvmt_z', 'rpm_z', 'age_z']
Fitting univariate models...
Fitting What_theta...
'r2'
Full error details:
Traceback (most recent call last):
  File "/home/etai/projects/REMEMVR/results/ch7/7.8.4/code/step04_fit_univariate_models.py", line 155, in <module>
    'R2': result['r2'],
          ~~~~~~^^^^^^
KeyError: 'r2'
Step 04: fit_univariate_models
Loading analysis dataset...
/home/etai/projects/REMEMVR/results/ch7/7.8.4/data/step03_analysis_dataset.csv (100 rows, 8 cols)
Will fit 3 univariate models
Predictors: ['ravlt_z', 'bvmt_z', 'rpm_z', 'age_z']
Fitting univariate models...
Fitting What_theta...
What_theta: R² = 0.231, adj_R² = 0.198, AIC = 176.63
Fitting Where_theta...
Where_theta: R² = 0.228, adj_R² = 0.196, AIC = 187.05
Fitting When_theta...
When_theta: R² = 0.101, adj_R² = 0.063, AIC = 29.36
[CV] Running cross-validation...
[CV] What_theta...
[CV] What_theta: CV R² = -0.005 ± 0.298, overfitting = True
[CV] Where_theta...
[CV] Where_theta: CV R² = -0.022 ± 0.252, overfitting = True
[CV] When_theta...
[CV] When_theta: CV R² = 0.025 ± 0.089, overfitting = False
Saving univariate model results...
/home/etai/projects/REMEMVR/results/ch7/7.8.4/data/step04_univariate_models.csv (3 rows)
/home/etai/projects/REMEMVR/results/ch7/7.8.4/data/step04_univariate_coefficients.csv (15 rows)
/home/etai/projects/REMEMVR/results/ch7/7.8.4/data/step04_univariate_cv_results.csv (3 rows)
/home/etai/projects/REMEMVR/results/ch7/7.8.4/data/step04_univariate_diagnostics.csv (3 rows)
Validating model results...
What: Potential overfitting detected
Where: Potential overfitting detected
All univariate models fitted successfully
Step 04 complete
Step 04: fit_univariate_models
Loading analysis dataset...
/home/etai/projects/REMEMVR/results/ch7/7.8.4/data/step03_analysis_dataset.csv (100 rows, 8 cols)
Will fit 3 univariate models
Predictors: ['ravlt_z', 'bvmt_z', 'rpm_z', 'age_z']
Fitting univariate models...
Fitting What_theta...
What_theta: R² = 0.231, adj_R² = 0.198, AIC = 176.63
Fitting Where_theta...
Where_theta: R² = 0.228, adj_R² = 0.196, AIC = 187.05
Fitting When_theta...
When_theta: R² = 0.101, adj_R² = 0.063, AIC = 29.36
[CV] Running cross-validation...
[CV] What_theta...
[CV] What_theta: CV R² = -0.005 ± 0.298, overfitting = True
[CV] Where_theta...
[CV] Where_theta: CV R² = -0.022 ± 0.252, overfitting = True
[CV] When_theta...
[CV] When_theta: CV R² = 0.025 ± 0.089, overfitting = False
Saving univariate model results...
/home/etai/projects/REMEMVR/results/ch7/7.8.4/data/step04_univariate_models.csv (3 rows)
/home/etai/projects/REMEMVR/results/ch7/7.8.4/data/step04_univariate_coefficients.csv (15 rows)
/home/etai/projects/REMEMVR/results/ch7/7.8.4/data/step04_univariate_cv_results.csv (3 rows)
/home/etai/projects/REMEMVR/results/ch7/7.8.4/data/step04_univariate_diagnostics.csv (3 rows)
Validating model results...
What: Potential overfitting detected
Where: Potential overfitting detected
All univariate models fitted successfully
Step 04 complete
Step 04: fit_univariate_models
Loading analysis dataset...
/home/etai/projects/REMEMVR/results/ch7/7.8.4/data/step03_analysis_dataset.csv (100 rows, 9 cols)
Will fit 3 univariate models
Predictors: ['ravlt_z', 'bvmt_z', 'rpm_z', 'age_z', 'pctret_z']
Fitting univariate models...
Fitting What_theta...
What_theta: R² = 0.273, adj_R² = 0.234, AIC = 173.05
Fitting Where_theta...
Where_theta: R² = 0.265, adj_R² = 0.226, AIC = 184.13
Fitting When_theta...
When_theta: R² = 0.097, adj_R² = 0.049, AIC = 31.80
[CV] Running cross-validation...
[CV] What_theta...
[CV] What_theta: CV R² = 0.071 ± 0.256, overfitting = True
[CV] Where_theta...
[CV] Where_theta: CV R² = 0.032 ± 0.214, overfitting = True
[CV] When_theta...
[CV] When_theta: CV R² = 0.027 ± 0.105, overfitting = False
Saving univariate model results...
/home/etai/projects/REMEMVR/results/ch7/7.8.4/data/step04_univariate_models.csv (3 rows)
/home/etai/projects/REMEMVR/results/ch7/7.8.4/data/step04_univariate_coefficients.csv (18 rows)
/home/etai/projects/REMEMVR/results/ch7/7.8.4/data/step04_univariate_cv_results.csv (3 rows)
/home/etai/projects/REMEMVR/results/ch7/7.8.4/data/step04_univariate_diagnostics.csv (3 rows)
Validating model results...
What: Potential overfitting detected
Where: Potential overfitting detected
All univariate models fitted successfully
Step 04 complete
