2025-12-03 15:11:59,276 - INFO - ============================================================
2025-12-03 15:11:59,276 - INFO - RQ 5.2.6 Step 07: Prepare Domain ICC Barplot Data
2025-12-03 15:11:59,276 - INFO - ============================================================
2025-12-03 15:11:59,277 - INFO - Loaded domain comparison: 2 rows from results/ch5/5.2.6/data/step06_domain_icc_comparison.csv
2025-12-03 15:11:59,277 - INFO - 
Adding plot-specific columns...
2025-12-03 15:11:59,278 - INFO -   plot_order: {'Where': 2, 'What': 1}
2025-12-03 15:11:59,278 - INFO -   color_category: {'Where': 'Substantial', 'What': 'Substantial'}
2025-12-03 15:11:59,278 - INFO -   threshold_line: 0.40 for all rows
2025-12-03 15:11:59,280 - INFO - 
============================================================
2025-12-03 15:11:59,280 - INFO - VALIDATION: Checking barplot data
2025-12-03 15:11:59,280 - INFO - ============================================================
2025-12-03 15:11:59,280 - INFO -   Row count: 2: PASS
2025-12-03 15:11:59,281 - INFO -   All domains present: PASS
2025-12-03 15:11:59,281 - INFO -   Unique plot_order: PASS
2025-12-03 15:11:59,281 - INFO -   threshold_line constant at 0.40: PASS
2025-12-03 15:11:59,281 - INFO -   No NaN values: PASS
2025-12-03 15:11:59,281 - INFO -   color_category matches interpretation: PASS
2025-12-03 15:11:59,282 - INFO - 
Saved barplot data to: results/ch5/5.2.6/data/step07_domain_icc_barplot_data.csv
2025-12-03 15:11:59,282 - INFO - 
============================================================
2025-12-03 15:11:59,282 - INFO - BARPLOT DATA PREVIEW (for plotting pipeline)
2025-12-03 15:11:59,282 - INFO - ============================================================
2025-12-03 15:11:59,282 - INFO - 
Domain     ICC        Interp          Order  Color          
2025-12-03 15:11:59,282 - INFO - ------------------------------------------------------------
2025-12-03 15:11:59,282 - INFO - What       0.5184     Substantial     1      Substantial    
2025-12-03 15:11:59,283 - INFO - Where      0.5306     Substantial     2      Substantial    
2025-12-03 15:11:59,283 - INFO - 
Threshold line: 0.40 (horizontal reference)
2025-12-03 15:11:59,283 - INFO - 
------------------------------------------------------------
2025-12-03 15:11:59,283 - INFO - PLOT INSTRUCTIONS (for plotting pipeline):
2025-12-03 15:11:59,283 - INFO - ------------------------------------------------------------
2025-12-03 15:11:59,283 - INFO - Type: Grouped barplot
2025-12-03 15:11:59,283 - INFO - X-axis: domain (What, Where)
2025-12-03 15:11:59,283 - INFO - Y-axis: icc_slope_conditional (0-1 scale)
2025-12-03 15:11:59,283 - INFO - Colors: By color_category (Low=red, Moderate=yellow, Substantial=green)
2025-12-03 15:11:59,283 - INFO - Threshold: Horizontal line at 0.40
2025-12-03 15:11:59,283 - INFO - Title: 'Domain-Specific ICC (Slope Conditional at Day 6)'
2025-12-03 15:11:59,283 - INFO - Note: When domain excluded due to floor effect
2025-12-03 15:11:59,283 - INFO - 
============================================================
2025-12-03 15:11:59,283 - INFO - STEP 07 COMPLETE
2025-12-03 15:11:59,283 - INFO - ============================================================
2025-12-03 15:11:59,283 - INFO - Prepared barplot data for 2 domains
2025-12-03 15:11:59,283 - INFO - Plot source CSV ready for plotting pipeline
2025-12-03 15:11:59,283 - INFO - 
All analysis steps complete for RQ 5.2.6
