[2025-12-08 10:41:31] ================================================================================
[2025-12-08 10:41:31] LMM Model Selection: Kitchen Sink Suite
[2025-12-08 10:41:31] ================================================================================
[2025-12-08 10:41:31] Checking inputs...
[2025-12-08 10:41:31]   TSVR variable: TSVR_hours
[2025-12-08 10:41:31]   TSVR range: [1.00, 246.24] hours
[2025-12-08 10:41:31]   TSVR unique values: 295
[2025-12-08 10:41:31]   Outcome: theta
[2025-12-08 10:41:31]   Groups: UID (N=100)
[2025-12-08 10:41:31]   N observations: 400
[2025-12-08 10:41:31]   Interaction: None (simple trajectory)
[2025-12-08 10:41:31]   Random effects: ~1
[2025-12-08 10:41:31]   REML: False
[2025-12-08 10:41:31] Creating time transformations...
[2025-12-08 10:41:31]   Polynomial family...
[2025-12-08 10:41:31]   Logarithmic family...
[2025-12-08 10:41:31]   Power law family...
[2025-12-08 10:41:31]   Root family...
[2025-12-08 10:41:31]   Reciprocal family...
[2025-12-08 10:41:31]   Exponential family...
[2025-12-08 10:41:31]   Trigonometric family...
[2025-12-08 10:41:31]   Hyperbolic family...
[2025-12-08 10:41:31]   Total transformations created: 32
[2025-12-08 10:41:31] Defining model suite...
[2025-12-08 10:41:31]   Total models defined: 66
[2025-12-08 10:41:31] Building model formulas...
[2025-12-08 10:41:31]   Example formula (Linear): theta ~ TSVR
[2025-12-08 10:41:31]   Example formula (Log): theta ~ log_TSVR
[2025-12-08 10:41:31] Fitting all models...
[2025-12-08 10:41:31]   This may take 5-10 minutes for 66 models...
[2025-12-08 10:41:31]   [1/66] Fitting Linear...
[2025-12-08 10:41:31]     ✓ AIC=899.22, converged=True
[2025-12-08 10:41:31]   [2/66] Fitting Quadratic...
[2025-12-08 10:41:31]     ✓ AIC=873.24, converged=True
[2025-12-08 10:41:31]   [3/66] Fitting Cubic...
[2025-12-08 10:41:31]     ✓ AIC=872.74, converged=True
[2025-12-08 10:41:31]   [4/66] Fitting Quartic...
[2025-12-08 10:41:31]     ✓ AIC=871.96, converged=True
[2025-12-08 10:41:31]   [5/66] Fitting Quadratic_pure...
[2025-12-08 10:41:31]     ✓ AIC=947.24, converged=True
[2025-12-08 10:41:31]   [6/66] Fitting Cubic_pure...
[2025-12-08 10:41:31]     ✓ AIC=977.40, converged=True
[2025-12-08 10:41:31]   [7/66] Fitting Log...
[2025-12-08 10:41:31]     ✓ AIC=869.71, converged=True
[2025-12-08 10:41:31]   [8/66] Fitting Log2...
[2025-12-08 10:41:31]     ✓ AIC=869.71, converged=True
[2025-12-08 10:41:31]   [9/66] Fitting Log10...
[2025-12-08 10:41:31]     ✓ AIC=869.71, converged=True
[2025-12-08 10:41:31]   [10/66] Fitting LogLog...
[2025-12-08 10:41:31]     ✓ AIC=866.89, converged=True
[2025-12-08 10:41:31]   [11/66] Fitting Lin+Log...
[2025-12-08 10:41:31]     ✓ AIC=868.58, converged=True
[2025-12-08 10:41:31]   [12/66] Fitting Quad+Log...
[2025-12-08 10:41:31]     ✓ AIC=870.56, converged=True
[2025-12-08 10:41:31]   [13/66] Fitting Log+LogLog...
[2025-12-08 10:41:31]     ✓ AIC=868.63, converged=True
[2025-12-08 10:41:31]   [14/66] Fitting Lin+Quad+Log...
[2025-12-08 10:41:31]     ✓ AIC=870.56, converged=True
[2025-12-08 10:41:31]   [15/66] Fitting PowerLaw_01...
[2025-12-08 10:41:31]     ✓ AIC=868.37, converged=True
[2025-12-08 10:41:31]   [16/66] Fitting PowerLaw_02...
[2025-12-08 10:41:31]     ✓ AIC=867.41, converged=True
[2025-12-08 10:41:31]   [17/66] Fitting PowerLaw_03...
[2025-12-08 10:41:31]     ✓ AIC=866.83, converged=True
[2025-12-08 10:41:31]   [18/66] Fitting PowerLaw_04...
[2025-12-08 10:41:31]     ✓ AIC=866.61, converged=True
[2025-12-08 10:41:31]   [19/66] Fitting PowerLaw_05...
[2025-12-08 10:41:31]     ✓ AIC=866.74, converged=True
[2025-12-08 10:41:31]   [20/66] Fitting PowerLaw_06...
[2025-12-08 10:41:31]     ✓ AIC=867.19, converged=True
[2025-12-08 10:41:31]   [21/66] Fitting PowerLaw_07...
[2025-12-08 10:41:31]     ✓ AIC=867.94, converged=True
[2025-12-08 10:41:31]   [22/66] Fitting PowerLaw_08...
[2025-12-08 10:41:31]     ✓ AIC=868.94, converged=True
[2025-12-08 10:41:31]   [23/66] Fitting PowerLaw_09...
[2025-12-08 10:41:31]     ✓ AIC=870.17, converged=True
[2025-12-08 10:41:31]   [24/66] Fitting PowerLaw_10...
[2025-12-08 10:41:32]     ✓ AIC=871.58, converged=True
[2025-12-08 10:41:32]   [25/66] Fitting PowerLaw_Log...
[2025-12-08 10:41:32]     ✓ AIC=868.62, converged=True
[2025-12-08 10:41:32]   [26/66] Fitting PowerLaw_Lin...
[2025-12-08 10:41:32]     ✓ AIC=868.65, converged=True
[2025-12-08 10:41:32]   [27/66] Fitting SquareRoot...
[2025-12-08 10:41:32]     ✓ AIC=870.80, converged=True
[2025-12-08 10:41:32]   [28/66] Fitting CubeRoot...
[2025-12-08 10:41:32]     ✓ AIC=867.09, converged=True
[2025-12-08 10:41:32]   [29/66] Fitting FourthRoot...
[2025-12-08 10:41:32]     ✓ AIC=867.32, converged=True
[2025-12-08 10:41:32]   [30/66] Fitting Root_033...
[2025-12-08 10:41:32]     ✓ AIC=867.09, converged=True
[2025-12-08 10:41:32]   [31/66] Fitting Root_067...
[2025-12-08 10:41:32]     ✓ AIC=878.75, converged=True
[2025-12-08 10:41:32]   [32/66] Fitting SquareRoot+Log...
[2025-12-08 10:41:32]     ✓ AIC=871.26, converged=True
[2025-12-08 10:41:32]   [33/66] Fitting CubeRoot+Log...
[2025-12-08 10:41:32]     ✓ AIC=869.09, converged=True
[2025-12-08 10:41:32]   [34/66] Fitting SquareRoot+Lin...
[2025-12-08 10:41:32]     ✓ AIC=868.50, converged=True
[2025-12-08 10:41:32]   [35/66] Fitting Root_Multi...
[2025-12-08 10:41:32]     ✓ AIC=868.98, converged=True
[2025-12-08 10:41:32]   [36/66] Fitting Reciprocal...
[2025-12-08 10:41:32]     ✓ AIC=871.58, converged=True
[2025-12-08 10:41:32]   [37/66] Fitting Recip+Log...
[2025-12-08 10:41:32]     ✓ AIC=868.65, converged=True
[2025-12-08 10:41:32]   [38/66] Fitting Recip+Lin...
[2025-12-08 10:41:32]     ✓ AIC=869.05, converged=True
[2025-12-08 10:41:32]   [39/66] Fitting Recip+Quad...
[2025-12-08 10:41:32]     ✓ AIC=870.17, converged=True
[2025-12-08 10:41:32]   [40/66] Fitting Recip_sq...
[2025-12-08 10:41:32]     ✓ AIC=889.51, converged=True
[2025-12-08 10:41:32]   [41/66] Fitting Recip+PowerLaw...
[2025-12-08 10:41:32]     ✓ AIC=868.61, converged=True
[2025-12-08 10:41:32]   [42/66] Fitting Exponential_proxy...
[2025-12-08 10:41:32]     ✓ AIC=899.22, converged=True
[2025-12-08 10:41:32]   [43/66] Fitting Exp+Log...
[2025-12-08 10:41:32]     ✓ AIC=868.58, converged=True
[2025-12-08 10:41:32]   [44/66] Fitting Exp+Lin...
[2025-12-08 10:41:32]     ✗ FAILED: Singular matrix
[2025-12-08 10:41:32]   [45/66] Fitting Exp_fast...
[2025-12-08 10:41:32]     ✓ AIC=947.24, converged=True
[2025-12-08 10:41:32]   [46/66] Fitting Exp_slow...
[2025-12-08 10:41:32]     ✓ AIC=870.80, converged=True
[2025-12-08 10:41:32]   [47/66] Fitting Exp+PowerLaw...
[2025-12-08 10:41:32]     ✓ AIC=868.65, converged=True
[2025-12-08 10:41:32]   [48/66] Fitting Exp+Recip...
[2025-12-08 10:41:32]     ✓ AIC=869.05, converged=True
[2025-12-08 10:41:32]   [49/66] Fitting Sin...
[2025-12-08 10:41:32]     ✓ AIC=1035.86, converged=True
[2025-12-08 10:41:32]   [50/66] Fitting Cos...
[2025-12-08 10:41:32]     ✓ AIC=897.07, converged=True
[2025-12-08 10:41:32]   [51/66] Fitting Sin+Cos...
[2025-12-08 10:41:32]     ✓ AIC=897.60, converged=True
[2025-12-08 10:41:32]   [52/66] Fitting Sin+Log...
[2025-12-08 10:41:32]     ✓ AIC=869.88, converged=True
[2025-12-08 10:41:32]   [53/66] Fitting Tanh...
[2025-12-08 10:41:32]     ✓ AIC=891.48, converged=True
[2025-12-08 10:41:32]   [54/66] Fitting Tanh+Log...
[2025-12-08 10:41:32]     ✓ AIC=868.74, converged=True
[2025-12-08 10:41:32]   [55/66] Fitting Arctanh...
[2025-12-08 10:41:32]     ✓ AIC=933.77, converged=True
[2025-12-08 10:41:32]   [56/66] Fitting Sinh...
[2025-12-08 10:41:32]     ✓ AIC=904.03, converged=True
[2025-12-08 10:41:32]   [57/66] Fitting Log+PowerLaw05...
[2025-12-08 10:41:32]     ✓ AIC=868.62, converged=True
[2025-12-08 10:41:32]   [58/66] Fitting Log+SquareRoot...
[2025-12-08 10:41:33]     ✓ AIC=871.26, converged=True
[2025-12-08 10:41:33]   [59/66] Fitting Log+Recip...
[2025-12-08 10:41:33]     ✓ AIC=868.65, converged=True
[2025-12-08 10:41:33]   [60/66] Fitting SquareRoot+PowerLaw...
[2025-12-08 10:41:33]     ✓ AIC=868.63, converged=True
[2025-12-08 10:41:33]   [61/66] Fitting SquareRoot+Recip...
[2025-12-08 10:41:33]     ✓ AIC=868.84, converged=True
[2025-12-08 10:41:33]   [62/66] Fitting Recip+PowerLaw05...
[2025-12-08 10:41:33]     ✓ AIC=868.61, converged=True
[2025-12-08 10:41:33]   [63/66] Fitting Lin+Log+PowerLaw...
[2025-12-08 10:41:33]     ✓ AIC=870.54, converged=True
[2025-12-08 10:41:33]   [64/66] Fitting Quad+Log+SquareRoot...
[2025-12-08 10:41:33]     ✓ AIC=871.79, converged=True
[2025-12-08 10:41:33]   [65/66] Fitting PowerLaw+Recip+Log...
[2025-12-08 10:41:33]     ✓ AIC=870.61, converged=True
[2025-12-08 10:41:33]   [66/66] Fitting Ultimate...
[2025-12-08 10:41:33]     ✓ AIC=875.07, converged=True
[2025-12-08 10:41:33]   Successful fits: 65/66
[2025-12-08 10:41:33]   Failed fits: 1
[2025-12-08 10:41:33] Computing AIC comparison metrics...
[2025-12-08 10:41:33]   Minimum AIC: 866.61
[2025-12-08 10:41:33]   delta_AIC range: [0.00, 169.24]
[2025-12-08 10:41:33]   Akaike weight sum: 1.000000 (should be 1.0)
[2025-12-08 10:41:33] Identifying best model...
[2025-12-08 10:41:33]   Best model: PowerLaw_04
[2025-12-08 10:41:33]   AIC: 866.61
[2025-12-08 10:41:33]   Akaike weight: 0.0560 (5.6%)
[2025-12-08 10:41:33]   Uncertainty: High (<30% probability - weak support, consider model averaging)
[2025-12-08 10:41:33]   Log model (benchmark): Rank #33, AIC=869.71, Δ=3.10, weight=0.0119
[2025-12-08 10:41:33] Validating AIC comparison metrics...
[2025-12-08 10:41:33]   ✓ Akaike weights sum to 1.0 (1.000000)
[2025-12-08 10:41:33]   ✓ All Akaike weights in (0, 1)
[2025-12-08 10:41:33]   ✓ Best model has delta_AIC = 0
[2025-12-08 10:41:33]   ✓ cumulative_weight monotonic increasing
[2025-12-08 10:41:33]   ✓ cumulative_weight ends at 1.0 (1.000000)
[2025-12-08 10:41:33] Preparing output dictionary...
[2025-12-08 10:41:33]   Competitive models (ΔAIC < 2): 16
[2025-12-08 10:41:33] Saving outputs to /home/etai/projects/REMEMVR/results/ch5/5.1.1/data...
[2025-12-08 10:41:33]   ✓ model_comparison.csv
[2025-12-08 10:41:33]   ✓ best_model_summary.txtKitchen sink comparison complete
Model comparison summary:
================================================================================
  Models tested: 66
  Models converged: 65
  Models failed: 1
  Competitive models (ΔAIC < 2): 16

  BEST MODEL: PowerLaw_04
    AIC: 866.61
    Akaike weight: 0.0560 (5.6%)
    Uncertainty: High
    Interpretation: <30% probability - weak support, consider model averaging

  LOG MODEL (benchmark):
    Rank: #33
    AIC: 869.71
    ΔAIC: 3.10
    Akaike weight: 0.0119 (1.2%)
    → Logarithmic WEAK support (rank #33)

  TOP 10 MODELS:
     1. PowerLaw_04           AIC= 866.61  Δ= 0.00  w=0.0560  cum=0.0560
     2. PowerLaw_05           AIC= 866.74  Δ= 0.13  w=0.0525  cum=0.1084
     3. PowerLaw_03           AIC= 866.83  Δ= 0.22  w=0.0502  cum=0.1586
     4. LogLog                AIC= 866.89  Δ= 0.28  w=0.0487  cum=0.2073
     5. Root_033              AIC= 867.09  Δ= 0.47  w=0.0441  cum=0.2514
     6. CubeRoot              AIC= 867.09  Δ= 0.48  w=0.0441  cum=0.2955
     7. PowerLaw_06           AIC= 867.19  Δ= 0.58  w=0.0419  cum=0.3374
     8. FourthRoot            AIC= 867.32  Δ= 0.71  w=0.0392  cum=0.3766
     9. PowerLaw_02           AIC= 867.41  Δ= 0.80  w=0.0375  cum=0.4141
    10. PowerLaw_07           AIC= 867.94  Δ= 1.32  w=0.0289  cum=0.4430
================================================================================
Checking output files...
  ✓ model_comparison.csv (65 models)
  ✓ best_model_summary.txt
  ✓ Renamed to step05_model_comparison.csv
  ✓ Renamed to step05_best_model_summary.txt
================================================================================
Step 05 Complete
  Best model: PowerLaw_04 (AIC=866.61, w=0.0560)
  Log model: Rank #33
  Models converged: 65/66
  Output: step05_model_comparison.csv (65 models)
  Ready for: Step 06 (model selection interpretation)
================================================================================
