Step 7: Prepare Functional Form Plot Data
Loading observed theta scores...
step04_lmm_input.csv (400 rows)
Loading best model identification...
step05_model_comparison.csv
  Best model: Log
Loading all 5 fitted models for predictions...
'NoneType' object has no attribute 'f_locals'
Full error details:
Traceback (most recent call last):
  File "/home/etai/projects/REMEMVR/results/ch5/rq7/code/step07_prepare_functional_form_plots.py", line 203, in <module>
    model_fits[model_name] = pickle.load(f)
                             ^^^^^^^^^^^^^^
  File "/home/etai/projects/REMEMVR/.venv/lib/python3.12/site-packages/statsmodels/base/data.py", line 112, in __setstate__
    _, design = dmatrices(d['formula'], data, eval_env=depth,
                ^^^^^^^^^^^^^^^^^^^^^^^^^^^^^^^^^^^^^^^^^^^^^
  File "/home/etai/projects/REMEMVR/.venv/lib/python3.12/site-packages/patsy/highlevel.py", line 316, in dmatrices
    eval_env = EvalEnvironment.capture(eval_env, reference=1)
               ^^^^^^^^^^^^^^^^^^^^^^^^^^^^^^^^^^^^^^^^^^^^^^
  File "/home/etai/projects/REMEMVR/.venv/lib/python3.12/site-packages/patsy/eval.py", line 242, in capture
    [frame.f_locals, frame.f_globals],
     ^^^^^^^^^^^^^^
AttributeError: 'NoneType' object has no attribute 'f_locals'
