RQ 6.2.5: Random Slopes Comparison
======================================================================
validation Requirement: Section 4.4 (MANDATORY)

Starting random slopes comparison...
Data file: /home/etai/projects/REMEMVR/results/ch6/6.2.5/data/step01_calibration_age_centered.csv

======================================================================
LOADING DATA
======================================================================

Loaded: 400 rows, 8 columns
Unique participants: 100
Tests per participant: 4

======================================================================
MODEL 1: Random Intercepts Only
======================================================================

Formula: calibration ~ TSVR_hours * Age_c
Random effects: (1 | UID) - intercept only
✓ Model converged

Model Fit:
  Log-likelihood: -431.26
  Parameters: 5
  AIC: 872.53
  BIC: 892.48

Random Effects:
  Var(Intercept): 0.414446
  SD(Intercept): 0.643774

======================================================================
MODEL 2: Random Intercepts + Random Slopes
======================================================================

Formula: calibration ~ TSVR_hours * Age_c
Random effects: (1 + TSVR_hours | UID) - intercept and slope
✓ Model converged

Model Fit:
  Log-likelihood: -431.25
  Parameters: 7
  AIC: 876.50
  BIC: 904.44

Random Effects:
  Var(Intercept): 0.420761
  Var(TSVR_hours): 0.000000
  Cov(Intercept, TSVR_hours): -0.000057
  SD(Intercept): 0.648661
  SD(TSVR_hours): 0.000091

======================================================================
MODEL COMPARISON
======================================================================

AIC Comparison:
  Model 1 (Intercepts Only): AIC = 872.53
  Model 2 (Random Slopes):   AIC = 876.50
  ΔAIC (Model2 - Model1): +3.97

BIC Comparison:
  Model 1 (Intercepts Only): BIC = 892.48
  Model 2 (Random Slopes):   BIC = 904.44
  ΔBIC (Model2 - Model1): +11.95

======================================================================
DECISION (AIC-based)
======================================================================

Result: INTERCEPTS ONLY BETTER
Preferred Model: Intercepts Only
Justification: ΔAIC = 3.97 > +2: Random slopes worsen fit (overfitting)

======================================================================
INTERPRETATION
======================================================================

⚠️  Random slopes NOT justified:
  - Random slopes model does not improve fit (ΔAIC ≥ -2)
  - Simpler intercepts-only model should be preferred (parsimony)
  - Original analysis used random slopes unnecessarily
  - Recommendation: Re-run with intercepts-only model

✓ Comparison saved: /home/etai/projects/REMEMVR/results/ch6/6.2.5/data/step12c_random_slopes_comparison.csv
✓ Decision saved: /home/etai/projects/REMEMVR/results/ch6/6.2.5/data/step12c_model_decision.csv

======================================================================
ANALYSIS COMPLETE
======================================================================

✅ Random slopes comparison complete
Preferred model: Intercepts Only
See step12c_random_slopes_comparison.csv for full comparison
