Step 04: Reliability Assessment
Loading raw item-level data...
Raw data: 400 rows, 214 columns
Loading item mapping...
Item mapping: 45 items
Loading full item list from RQ 5.3.1...
Full item list: 72 items
Organizing items by paradigm...
IFR: 24 full items, 12 purified items
ICR: 24 full items, 19 purified items
IRE: 24 full items, 14 purified items
Computing Cronbach's alpha with bootstrap CIs...

Processing IFR...
Computing alpha_full for IFR (24 items)...
alpha_full = 0.442 [0.345, 0.522]
Computing alpha_purified for IFR (12 items)...
alpha_purified = 0.584 [0.524, 0.634]
[SPEARMAN-BROWN] Adjusting purified alpha to full item count...
[SPEARMAN-BROWN] alpha_purified_SB_adjusted = 0.737
delta_alpha = 0.142 (purified - full)

Processing ICR...
Computing alpha_full for ICR (24 items)...
alpha_full = 0.655 [0.603, 0.700]
Computing alpha_purified for ICR (19 items)...
alpha_purified = 0.651 [0.599, 0.696]
[SPEARMAN-BROWN] Adjusting purified alpha to full item count...
[SPEARMAN-BROWN] alpha_purified_SB_adjusted = 0.702
delta_alpha = -0.004 (purified - full)

Processing IRE...
Computing alpha_full for IRE (24 items)...
alpha_full = 0.608 [0.547, 0.656]
Computing alpha_purified for IRE (14 items)...
alpha_purified = 0.564 [0.498, 0.618]
[SPEARMAN-BROWN] Adjusting purified alpha to full item count...
[SPEARMAN-BROWN] alpha_purified_SB_adjusted = 0.689
delta_alpha = -0.044 (purified - full)

Saving reliability assessment results...
/home/etai/projects/REMEMVR/results/ch5/5.3.6/data/step04_reliability_assessment.csv
3 rows (3 paradigms)

Validating results...
PASS: All 3 paradigms present
PASS: alpha_full in [0, 1]
PASS: alpha_purified in [0, 1]
PASS: alpha_purified_SB_adjusted in [0, 1]
PASS: All CIs contain alpha values
PASS: n_items_purified <= n_items_full
PASS: No NaN values

Step 04 complete - All validations passed
