Step 05: Fit LMM with Domain x Time Interaction
Loading LMM input data...
step04_lmm_input.csv (1200 rows, 7 cols)
Domains: ['What', 'When', 'Where']
Participants: 100
Observations: 1200
Fitting LMM with formula: theta ~ domain * log_TSVR
Random effects: ~log_TSVR | UID (random intercept + slope)
Error evaluating factor: NameError: name 'log_TSVR' is not defined
    ~log_TSVR
     ^^^^^^^^
Full error details:
Step 05: Fit LMM with Domain x Time Interaction
Loading LMM input data...
step04_lmm_input.csv (1200 rows, 7 cols)
Domains: ['What', 'When', 'Where']
Participants: 100
Observations: 1200
Fitting LMM with formula: theta ~ C(domain) * log_TSVR
Random effects: (1 | UID) - random intercept only
LMM fitting complete
Converged: True
AIC: 506.19
BIC: 546.91
Extracting fixed effects coefficients...
Number of fixed effects: 6
Fixed effect terms: ['Intercept', 'C(domain)[T.When]', 'C(domain)[T.Where]', 'log_TSVR', 'C(domain)[T.When]:log_TSVR', 'C(domain)[T.Where]:log_TSVR']
Fixed effects table created (6 rows)
Fixed Effects:
  Intercept: coef=-0.3575, p=0.0000 ***
  C(domain)[T.When]: coef=0.0770, p=0.0596 
  C(domain)[T.Where]: coef=-0.0287, p=0.4831 
  log_TSVR: coef=-0.1177, p=0.0000 ***
  C(domain)[T.When]:log_TSVR: coef=-0.0253, p=0.0202 *
  C(domain)[T.Where]:log_TSVR: coef=-0.0012, p=0.9159 
Domain x Time interaction terms found: ['C(domain)[T.When]:log_TSVR', 'C(domain)[T.Where]:log_TSVR']
C(domain)[T.When]:log_TSVR: p=0.0202 -> SIGNIFICANT (p < 0.05)
C(domain)[T.Where]:log_TSVR: p=0.9159 -> NULL (p >= 0.05)
Saving fixed effects table...
step05_lmm_coefficients.csv (6 rows, 5 cols)
Saving full LMM summary...
name 're_formula' is not defined
Full error details:
Traceback (most recent call last):
  File "/home/etai/projects/REMEMVR/results/ch6/6.3.1/code/step05_fit_lmm.py", line 252, in <module>
    f.write(f"Random effects: {re_formula}\n")
                               ^^^^^^^^^^
NameError: name 're_formula' is not defined. Did you mean: 'formula'?
Step 05: Fit LMM with Domain x Time Interaction
Loading LMM input data...
step04_lmm_input.csv (1200 rows, 7 cols)
Domains: ['What', 'When', 'Where']
Participants: 100
Observations: 1200
Fitting LMM with formula: theta ~ C(domain) * log_TSVR
Random effects: (1 | UID) - random intercept only
LMM fitting complete
Converged: True
AIC: 506.19
BIC: 546.91
Extracting fixed effects coefficients...
Number of fixed effects: 6
Fixed effect terms: ['Intercept', 'C(domain)[T.When]', 'C(domain)[T.Where]', 'log_TSVR', 'C(domain)[T.When]:log_TSVR', 'C(domain)[T.Where]:log_TSVR']
Fixed effects table created (6 rows)
Fixed Effects:
  Intercept: coef=-0.3575, p=0.0000 ***
  C(domain)[T.When]: coef=0.0770, p=0.0596 
  C(domain)[T.Where]: coef=-0.0287, p=0.4831 
  log_TSVR: coef=-0.1177, p=0.0000 ***
  C(domain)[T.When]:log_TSVR: coef=-0.0253, p=0.0202 *
  C(domain)[T.Where]:log_TSVR: coef=-0.0012, p=0.9159 
Domain x Time interaction terms found: ['C(domain)[T.When]:log_TSVR', 'C(domain)[T.Where]:log_TSVR']
C(domain)[T.When]:log_TSVR: p=0.0202 -> SIGNIFICANT (p < 0.05)
C(domain)[T.Where]:log_TSVR: p=0.9159 -> NULL (p >= 0.05)
Saving fixed effects table...
step05_lmm_coefficients.csv (6 rows, 5 cols)
Saving full LMM summary...
step05_lmm_summary.txt
Running validate_lmm_convergence...
converged: True
message: LMM converged successfully
Step 05 complete - Domain x Time interaction tested
Step 05: Fit LMM with Domain x Time Interaction
Loading LMM input data...
step04_lmm_input.csv (1200 rows, 7 cols)
Domains: ['What', 'When', 'Where']
Participants: 100
Observations: 1200
Fitting LMM with formula: theta ~ C(domain) * log_TSVR
Random effects: (1 | UID) - random intercept only
LMM fitting complete
Converged: True
AIC: 2195.25
BIC: 2235.97
Extracting fixed effects coefficients...
Number of fixed effects: 6
Fixed effect terms: ['Intercept', 'C(domain)[T.When]', 'C(domain)[T.Where]', 'log_TSVR', 'C(domain)[T.When]:log_TSVR', 'C(domain)[T.Where]:log_TSVR']
Fixed effects table created (6 rows)
Fixed Effects:
  Intercept: coef=0.8592, p=0.0000 ***
  C(domain)[T.When]: coef=-0.0846, p=0.3164 
  C(domain)[T.Where]: coef=0.0441, p=0.6014 
  log_TSVR: coef=-0.2455, p=0.0000 ***
  C(domain)[T.When]:log_TSVR: coef=0.0138, p=0.5402 
  C(domain)[T.Where]:log_TSVR: coef=-0.0149, p=0.5080 
Domain x Time interaction terms found: ['C(domain)[T.When]:log_TSVR', 'C(domain)[T.Where]:log_TSVR']
C(domain)[T.When]:log_TSVR: p=0.5402 -> NULL (p >= 0.05)
C(domain)[T.Where]:log_TSVR: p=0.5080 -> NULL (p >= 0.05)
Saving fixed effects table...
step05_lmm_coefficients.csv (6 rows, 5 cols)
Saving full LMM summary...
step05_lmm_summary.txt
Running validate_lmm_convergence...
converged: True
message: LMM converged successfully
Step 05 complete - Domain x Time interaction tested
