Step 01: IRT Calibration Pass 1 (3-factor GRM on all TC_* items)
Model: 3-factor GRM, 5 categories
Fitting: batch_size=2048, mc_samples=1 (FAST mode), iw_samples=1
Scoring: mc_samples=1 (ACCURATE mode), iw_samples=1
Loading input data...
step00_irt_input.csv (400 rows, 73 cols)
step00_q_matrix.csv (72 items)
Q-matrix specifies 72 items across 3 factors
All 72 Q-matrix items found in data
Converting wide format to long format...
Long format created: 28800 observations (400 participants x 72 items)
Creating factor groups from Q-matrix...
What: 18 items
Where: 36 items
When: 18 items
Preparing IRT tensors via prepare_irt_input_from_long...
Tensors prepared:
  - response_matrix: torch.Size([400, 72]) (participants x items)
  - missing_mask: torch.Size([400, 72])
  - Q_matrix: torch.Size([72, 3]) (items x factors)
  - composite_ids: 400 IDs
  - item_list: 72 items
Configuring 3-factor GRM model via configure_irt_model...
Model configured: 72 items, 3 factors, 5 categories, correlated=True
Fitting GRM model via fit_irt_grm...
Using mc_samples=1 during fit (avoids timeout per RQ 6.1.1)
Model fitting complete
Extracting theta scores via extract_theta_from_irt...
Using mc_samples=100 during scoring (accurate theta estimates per RQ 6.1.1)
Theta extraction complete: 400 participants x 3 factors
Reconstructing composite_ID from UID and test...
Wide format: 400 rows, 4 columns
Extracting item parameters via extract_parameters_from_irt...
Parameter extraction complete: 72 items
Parameter columns: ['item_name', 'Difficulty', 'Overall_Discrimination', 'Discrim_What', 'Discrim_Where', 'Discrim_When']
Saving Pass 1 outputs...
step01_pass1_item_params.csv (72 items, 6 cols)
step01_pass1_theta.csv (400 rows, 4 cols)
Running validation checks...
Checking parameter bounds...
Discrimination: min=2.066, max=5.816
Difficulty (b): min=-0.007, max=1.117
Parameter bounds valid
Checking for NaN parameters...
No NaN parameters
Checking theta estimates...
Theta: min=-2.338, max=0.633
Theta estimates valid
Checking output row counts...
Output row counts correct (items=72, theta=400)
Step 01 complete - All validations passed
Pass 1 calibrated 72 items for 400 participants
Run Step 02 to purify items using quality thresholds (a >= 0.4, |b| <= 3.0)
Step 01: IRT Calibration Pass 1 (3-factor GRM on all TC_* items)
Model: 3-factor GRM, 5 categories
Fitting: batch_size=2048, mc_samples=1 (FAST mode), iw_samples=100
Scoring: mc_samples=100 (ACCURATE mode), iw_samples=100
Loading input data...
step00_irt_input.csv (400 rows, 73 cols)
step00_q_matrix.csv (72 items)
Q-matrix specifies 72 items across 3 factors
All 72 Q-matrix items found in data
Converting wide format to long format...
Long format created: 28800 observations (400 participants x 72 items)
Creating factor groups from Q-matrix...
What: 18 items
Where: 36 items
When: 18 items
Preparing IRT tensors via prepare_irt_input_from_long...
Tensors prepared:
  - response_matrix: torch.Size([400, 72]) (participants x items)
  - missing_mask: torch.Size([400, 72])
  - Q_matrix: torch.Size([72, 3]) (items x factors)
  - composite_ids: 400 IDs
  - item_list: 72 items
Configuring 3-factor GRM model via configure_irt_model...
Model configured: 72 items, 3 factors, 5 categories, correlated=True
Fitting GRM model via fit_irt_grm...
Using mc_samples=1 during fit (avoids timeout per RQ 6.1.1)
Model fitting complete
Extracting theta scores via extract_theta_from_irt...
Using mc_samples=100 during scoring (accurate theta estimates per RQ 6.1.1)
Theta extraction complete: 400 participants x 3 factors
Reconstructing composite_ID from UID and test...
Wide format: 400 rows, 4 columns
Extracting item parameters via extract_parameters_from_irt...
Parameter extraction complete: 72 items
Parameter columns: ['item_name', 'Difficulty', 'Overall_Discrimination', 'Discrim_What', 'Discrim_Where', 'Discrim_When']
Saving Pass 1 outputs...
step01_pass1_item_params.csv (72 items, 6 cols)
step01_pass1_theta.csv (400 rows, 4 cols)
Running validation checks...
Checking parameter bounds...
Discrimination: min=2.032, max=5.834
Difficulty (b): min=0.007, max=1.167
Parameter bounds valid
Checking for NaN parameters...
No NaN parameters
Checking theta estimates...
Theta: min=-2.701, max=0.552
Theta estimates valid
Checking output row counts...
Output row counts correct (items=72, theta=400)
Step 01 complete - All validations passed
Pass 1 calibrated 72 items for 400 participants
Run Step 02 to purify items using quality thresholds (a >= 0.4, |b| <= 3.0)
Step 01: IRT Calibration Pass 1 (3-factor GRM on all TC_* items)
Model: 3-factor GRM, 5 categories
Fitting: batch_size=2048, mc_samples=1 (FAST mode), iw_samples=100
Scoring: mc_samples=100 (ACCURATE mode), iw_samples=100
Loading input data...
step00_irt_input.csv (400 rows, 106 cols)
step00_q_matrix.csv (105 items)
Q-matrix specifies 105 items across 3 factors
All 105 Q-matrix items found in data
Converting wide format to long format...
Long format created: 42000 observations (400 participants x 105 items)
Creating factor groups from Q-matrix...
What: 29 items
Where: 50 items
When: 26 items
Preparing IRT tensors via prepare_irt_input_from_long...
Tensors prepared:
  - response_matrix: torch.Size([400, 105]) (participants x items)
  - missing_mask: torch.Size([400, 105])
  - Q_matrix: torch.Size([105, 3]) (items x factors)
  - composite_ids: 400 IDs
  - item_list: 105 items
Configuring 3-factor GRM model via configure_irt_model...
Model configured: 105 items, 3 factors, 5 categories, correlated=True
Fitting GRM model via fit_irt_grm...
Using mc_samples=1 during fit (avoids timeout per RQ 6.1.1)
Model fitting complete
Extracting theta scores via extract_theta_from_irt...
Using mc_samples=100 during scoring (accurate theta estimates per RQ 6.1.1)
Theta extraction complete: 400 participants x 3 factors
Reconstructing composite_ID from UID and test...
Wide format: 400 rows, 4 columns
Extracting item parameters via extract_parameters_from_irt...
Parameter extraction complete: 105 items
Parameter columns: ['item_name', 'Difficulty', 'Overall_Discrimination', 'Discrim_What', 'Discrim_Where', 'Discrim_When']
Saving Pass 1 outputs...
step01_pass1_item_params.csv (105 items, 6 cols)
step01_pass1_theta.csv (400 rows, 4 cols)
Running validation checks...
Checking parameter bounds...
Discrimination: min=0.307, max=2.572
Difficulty (b): min=-7.909, max=1.988
Difficulty out of bounds [-6.0, 6.0]
